Log file open, 05/14/19 14:54:05
LogWindows: Failed to load 'aqProf.dll' (GetLastError=126)
LogWindows: File 'aqProf.dll' does not exist
LogWindows: Failed to load 'VSPerf140.dll' (GetLastError=126)
LogWindows: File 'VSPerf140.dll' does not exist
LogWindows: Failed to load 'VtuneApi.dll' (GetLastError=126)
LogWindows: File 'VtuneApi.dll' does not exist
LogWindows: Failed to load 'VtuneApi32e.dll' (GetLastError=126)
LogWindows: File 'VtuneApi32e.dll' does not exist
LogInit: Display: Running engine for game: TheDescent_Collab19
LogPlatformFile: Not using cached read wrapper
LogTaskGraph: Started task graph with 5 named threads and 23 total threads with 3 sets of task threads.
LogStats: Stats thread started at 0.320193
LogD3D11RHI: Loaded GFSDK_Aftermath_Lib.x64.dll
LogICUInternationalization: Display: ICU TimeZone Detection - Raw Offset: +0:00, Platform Override: ''
LogPluginManager: Mounting plugin Paper2D
LogPluginManager: Mounting plugin AISupport
LogPluginManager: Mounting plugin LightPropagationVolume
LogPluginManager: Mounting plugin CLionSourceCodeAccess
LogPluginManager: Mounting plugin CodeLiteSourceCodeAccess
LogPluginManager: Mounting plugin GitSourceControl
LogPluginManager: Mounting plugin KDevelopSourceCodeAccess
LogPluginManager: Mounting plugin NullSourceCodeAccess
LogPluginManager: Mounting plugin PerforceSourceControl
LogPluginManager: Mounting plugin SubversionSourceControl
LogPluginManager: Mounting plugin UObjectPlugin
LogPluginManager: Mounting plugin VisualStudioCodeSourceCodeAccess
LogPluginManager: Mounting plugin VisualStudioSourceCodeAccess
LogPluginManager: Mounting plugin XCodeSourceCodeAccess
LogPluginManager: Mounting plugin AssetManagerEditor
LogPluginManager: Mounting plugin CryptoKeys
LogPluginManager: Mounting plugin DataValidation
LogPluginManager: Mounting plugin FacialAnimation
LogPluginManager: Mounting plugin GameplayTagsEditor
LogPluginManager: Mounting plugin MacGraphicsSwitching
LogPluginManager: Mounting plugin MeshEditor
LogPluginManager: Mounting plugin MobileLauncherProfileWizard
LogPluginManager: Mounting plugin PluginBrowser
LogPluginManager: Mounting plugin SpeedTreeImporter
LogPluginManager: Mounting plugin DatasmithContent
LogPluginManager: Mounting plugin AlembicImporter
LogPluginManager: Mounting plugin AppleImageUtils
LogPluginManager: Mounting plugin AppleVision
LogPluginManager: Mounting plugin BackChannel
LogPluginManager: Mounting plugin CharacterAI
LogPluginManager: Mounting plugin GeometryCache
LogPluginManager: Mounting plugin HTML5Networking
LogPluginManager: Mounting plugin ProxyLODPlugin
LogPluginManager: Mounting plugin MagicLeap
LogPluginManager: Mounting plugin MagicLeapEmulator
LogPluginManager: Mounting plugin MagicLeapMedia
LogPluginManager: Mounting plugin AndroidMedia
LogPluginManager: Mounting plugin AvfMedia
LogPluginManager: Mounting plugin ImgMedia
LogPluginManager: Mounting plugin LinearTimecode
LogPluginManager: Mounting plugin MediaCompositing
LogPluginManager: Mounting plugin MediaPlayerEditor
LogPluginManager: Mounting plugin WmfMedia
LogPluginManager: Mounting plugin TcpMessaging
LogPluginManager: Mounting plugin UdpMessaging
LogPluginManager: Mounting plugin ActorSequence
LogPluginManager: Mounting plugin LevelSequenceEditor
LogPluginManager: Mounting plugin MatineeToLevelSequence
LogPluginManager: Mounting plugin NetcodeUnitTest
LogPluginManager: Mounting plugin NUTUnrealEngine4
LogPluginManager: Mounting plugin OnlineSubsystemGooglePlay
LogPluginManager: Mounting plugin OnlineSubsystemIOS
LogPluginManager: Mounting plugin OnlineSubsystem
LogPluginManager: Mounting plugin OnlineSubsystemNull
LogPluginManager: Mounting plugin OnlineSubsystemUtils
LogPluginManager: Mounting plugin LauncherChunkInstaller
LogPluginManager: Mounting plugin AndroidDeviceProfileSelector
LogPluginManager: Mounting plugin AndroidMoviePlayer
LogPluginManager: Mounting plugin AndroidPermission
LogPluginManager: Mounting plugin AppleMoviePlayer
LogPluginManager: Mounting plugin ArchVisCharacter
LogPluginManager: Mounting plugin AudioCapture
LogPluginManager: Mounting plugin CableComponent
LogPluginManager: Mounting plugin CustomMeshComponent
LogPluginManager: Mounting plugin EditableMesh
LogPluginManager: Mounting plugin ExampleDeviceProfileSelector
LogPluginManager: Mounting plugin GoogleCloudMessaging
LogPluginManager: Mounting plugin ImmediatePhysics
LogPluginManager: Mounting plugin IOSDeviceProfileSelector
LogPluginManager: Mounting plugin LinuxDeviceProfileSelector
LogPluginManager: Mounting plugin LocationServicesBPLibrary
LogPluginManager: Mounting plugin MobilePatchingUtils
LogPluginManager: Mounting plugin OculusVR
LogPluginManager: Plugin shader directory ../../../Engine/Plugins/Runtime/Oculus/OculusVR/Shaders found
LogPluginManager: Mapping shader source directory ../../../Engine/Plugins/Runtime/Oculus/OculusVR/Shaders to virtual directory /Plugin/OculusVR
LogPluginManager: Mounting plugin PhysXVehicles
LogPluginManager: Mounting plugin ProceduralMeshComponent
LogPluginManager: Mounting plugin RuntimePhysXCooking
LogPluginManager: Mounting plugin SteamVR
LogPluginManager: Mounting plugin WindowsMoviePlayer
LogStreaming: Display: Took  0.320s to configure plugins.
LogInit: Using libcurl 7.55.1-DEV
LogInit:  - built for x86_64-pc-win32
LogInit:  - supports SSL with OpenSSL/1.0.2h
LogInit:  - supports HTTP deflate (compression) using libz 1.2.8
LogInit:  - other features:
LogInit:      CURL_VERSION_SSL
LogInit:      CURL_VERSION_LIBZ
LogInit:      CURL_VERSION_IPV6
LogInit:      CURL_VERSION_ASYNCHDNS
LogInit:      CURL_VERSION_LARGEFILE
LogInit:      CURL_VERSION_IDN
LogInit:  CurlRequestOptions (configurable via config and command line):
LogInit:  - bVerifyPeer = false  - Libcurl will NOT verify peer certificate
LogInit:  - bUseHttpProxy = false  - Libcurl will NOT use HTTP proxy
LogInit:  - bDontReuseConnections = false  - Libcurl will reuse connections
LogInit:  - CertBundlePath = nullptr  - Libcurl will use whatever was configured at build time.
LogInit:  - MaxHostConnections = 16  - Libcurl will limit the number of connections to a host
LogInit:  - LocalHostAddr = Default
LogInit:  - BufferSize = 65536
LogInit: WinSock: version 1.1 (2.2), MaxSocks=32767, MaxUdp=65467
LogInit: Build: ++UE4+Release-4.20-CL-4369336
LogInit: Engine Version: 4.20.3-4369336+++UE4+Release-4.20
LogInit: Compatible Engine Version: 4.20.0-4212847+++UE4+Release-4.20
LogInit: Net CL: 4212847
LogInit: OS: Windows 10 (), CPU: Intel(R) Xeon(R) CPU E5-1620 v4 @ 3.50GHz, GPU: NVIDIA GeForce GTX 980
LogInit: Compiled (64-bit): Sep 17 2018 12:26:19
LogInit: Compiled with Visual C++: 19.13.26129.00
LogInit: Build Configuration: Development
LogInit: Branch Name: ++UE4+Release-4.20
LogInit: Command Line:  
LogInit: Base Directory: C:/Epic/UE4/UE_4.20/Engine/Binaries/Win64/
LogInit: Installed Engine Build: 1
LogDevObjectVersion: Number of dev versions registered: 20
LogDevObjectVersion:   Dev-Blueprints (B0D832E4-1F89-4F0D-ACCF-7EB736FD4AA2): 10
LogDevObjectVersion:   Dev-Build (E1C64328-A22C-4D53-A36C-8E866417BD8C): 0
LogDevObjectVersion:   Dev-Core (375EC13C-06E4-48FB-B500-84F0262A717E): 2
LogDevObjectVersion:   Dev-Editor (E4B068ED-F494-42E9-A231-DA0B2E46BB41): 24
LogDevObjectVersion:   Dev-Framework (CFFC743F-43B0-4480-9391-14DF171D2073): 34
LogDevObjectVersion:   Dev-Mobile (B02B49B5-BB20-44E9-A304-32B752E40360): 2
LogDevObjectVersion:   Dev-Networking (A4E4105C-59A1-49B5-A7C5-40C4547EDFEE): 0
LogDevObjectVersion:   Dev-Online (39C831C9-5AE6-47DC-9A44-9C173E1C8E7C): 0
LogDevObjectVersion:   Dev-Physics (78F01B33-EBEA-4F98-B9B4-84EACCB95AA2): 0
LogDevObjectVersion:   Dev-Platform (6631380F-2D4D-43E0-8009-CF276956A95A): 0
LogDevObjectVersion:   Dev-Rendering (12F88B9F-8875-4AFC-A67C-D90C383ABD29): 26
LogDevObjectVersion:   Dev-Sequencer (7B5AE74C-D270-4C10-A958-57980B212A5A): 9
LogDevObjectVersion:   Dev-VR (D7296918-1DD6-4BDD-9DE2-64A83CC13884): 2
LogDevObjectVersion:   Dev-LoadTimes (C2A15278-BFE7-4AFE-6C17-90FF531DF755): 1
LogDevObjectVersion:   Private-Geometry (6EACA3D4-40EC-4CC1-B786-8BED09428FC5): 3
LogDevObjectVersion:   Dev-AnimPhys (29E575DD-E0A3-4627-9D10-D276232CDCEA): 17
LogDevObjectVersion:   Dev-ReflectionCapture (6B266CEC-1EC7-4B8F-A30B-E4D90942FC07): 1
LogDevObjectVersion:   Dev-Automation (0DF73D61-A23F-47EA-B727-89E90C41499A): 1
LogDevObjectVersion:   FortniteMain (601D1886-AC64-4F84-AA16-D3DE0DEAC7D6): 12
LogDevObjectVersion:   Dev-Enterprise (9DFFBCD6-494F-0158-E221-12823C92A888): 1
LogStreaming: Display: Took  0.049s to delete old logs.
LogInit: Presizing for max 8388607 objects, including 0 objects not considered by GC, pre-allocating 0 bytes for permanent pool.
LogInit: Object subsystem initialized
[2019.05.14-13.54.05:602][  0]LogInit: Selected Device Profile: [Windows]
[2019.05.14-13.54.05:603][  0]LogInit: Applying CVar settings loaded from the selected device profile: [Windows]
[2019.05.14-13.54.05:642][  0]LogHAL: Display: Platform has ~ 16 GB [17092296704 / 17179869184 / 16], which maps to Larger [LargestMinGB=32, LargerMinGB=12, DefaultMinGB=8, SmallerMinGB=6, SmallestMinGB=0)
[2019.05.14-13.54.05:642][  0]LogInit: Setting Device Profile CVar: [[r.Vulkan.UseRealUBs:1]]
[2019.05.14-13.54.05:642][  0]LogInit: Going up to parent DeviceProfile []
[2019.05.14-13.54.05:643][  0]LogInit: Computer: A07-14
[2019.05.14-13.54.05:644][  0]LogInit: User: m015425g
[2019.05.14-13.54.05:644][  0]LogInit: CPU Page size=4096, Cores=4
[2019.05.14-13.54.05:644][  0]LogInit: High frequency timer resolution =3.410068 MHz
[2019.05.14-13.54.05:644][  0]LogMemory: Memory total: Physical=15.9GB (16GB approx)
[2019.05.14-13.54.05:644][  0]LogMemory: Platform Memory Stats for Windows
[2019.05.14-13.54.05:644][  0]LogMemory: Process Physical Memory: 102.74 MB used, 102.74 MB peak
[2019.05.14-13.54.05:644][  0]LogMemory: Process Virtual Memory: 97.34 MB used, 97.34 MB peak
[2019.05.14-13.54.05:644][  0]LogMemory: Physical Memory: 8352.89 MB used,  7947.60 MB free, 16300.48 MB total
[2019.05.14-13.54.05:645][  0]LogMemory: Virtual Memory: 4646.85 MB used,  7947.60 MB free, 134217728.00 MB total
[2019.05.14-13.54.05:711][  0]LogInit: Using OS detected language (en-US).
[2019.05.14-13.54.05:711][  0]LogInit: Using OS detected locale (en-GB).
[2019.05.14-13.54.05:713][  0]LogTextLocalizationManager: No specific localization for 'en-US' exists, so the 'en' localization will be used.
[2019.05.14-13.54.06:126][  0]LogStreaming: Display: Took  0.415s to InitEngineTextLocalization.
[2019.05.14-13.54.06:127][  0]LogInit: Setting process to per monitor DPI aware
[2019.05.14-13.54.06:195][  0]LogSlate: New Slate User Created.  User Index 0, Is Virtual User: 0
[2019.05.14-13.54.06:195][  0]LogSlate: Slate User Registered.  User Index 0, Is Virtual User: 0
[2019.05.14-13.54.06:536][  0]LogHMD: Failed to initialize OpenVR with code 110
[2019.05.14-13.54.06:536][  0]LogD3D11RHI: D3D11 adapters:
[2019.05.14-13.54.06:676][  0]LogD3D11RHI:    0. 'NVIDIA GeForce GTX 980' (Feature Level 11_0)
[2019.05.14-13.54.06:676][  0]LogD3D11RHI:       4053/0/8150 MB DedicatedVideo/DedicatedSystem/SharedSystem, Outputs:2, VendorId:0x10de
[2019.05.14-13.54.06:679][  0]LogD3D11RHI:    1. 'Microsoft Basic Render Driver' (Feature Level 11_0)
[2019.05.14-13.54.06:680][  0]LogD3D11RHI:       0/0/8150 MB DedicatedVideo/DedicatedSystem/SharedSystem, Outputs:0, VendorId:0x1414
[2019.05.14-13.54.06:680][  0]LogD3D11RHI: Chosen D3D11 Adapter: 0
[2019.05.14-13.54.06:704][  0]LogD3D11RHI: Creating new Direct3DDevice
[2019.05.14-13.54.06:704][  0]LogD3D11RHI:     GPU DeviceId: 0x13c0 (for the marketing name, search the web for "GPU Device Id")
[2019.05.14-13.54.06:704][  0]LogWindows: EnumDisplayDevices:
[2019.05.14-13.54.06:705][  0]LogWindows:    0. 'NVIDIA GeForce GTX 980' (P:1 D:1)
[2019.05.14-13.54.06:706][  0]LogWindows:    1. 'NVIDIA GeForce GTX 980' (P:0 D:1)
[2019.05.14-13.54.06:707][  0]LogWindows:    2. 'NVIDIA GeForce GTX 980' (P:0 D:0)
[2019.05.14-13.54.06:708][  0]LogWindows:    3. 'NVIDIA GeForce GTX 980' (P:0 D:0)
[2019.05.14-13.54.06:709][  0]LogWindows: DebugString: FoundDriverCount:4 
[2019.05.14-13.54.06:709][  0]LogD3D11RHI:     Adapter Name: NVIDIA GeForce GTX 980
[2019.05.14-13.54.06:709][  0]LogD3D11RHI:   Driver Version: 398.82 (internal:24.21.13.9882, unified:398.82)
[2019.05.14-13.54.06:709][  0]LogD3D11RHI:      Driver Date: 7-30-2018
[2019.05.14-13.54.06:709][  0]LogRHI: Texture pool is 2837 MB (70% of 4053 MB)
[2019.05.14-13.54.06:805][  0]LogD3D11RHI: Async texture creation enabled
[2019.05.14-13.54.06:829][  0]LogD3D11RHI: GPU Timing Frequency: 1000.000000 (Debug: 2 2)
[2019.05.14-13.54.06:919][  0]LogShaderCompilers: Guid format shader working directory is -33 characters bigger than the processId version (../../../../../../Users/m015425g/Desktop/Collab2019.git/trunk/TheDescent_Collab19/Intermediate/Shaders/WorkingDirectory/12016/).
[2019.05.14-13.54.06:920][  0]LogShaderCompilers: Cleaned the shader compiler working directory 'C:/Users/m015425g/AppData/Local/Temp/UnrealShaderWorkingDir/21879A85410B14CFBDCACA8999230670/'.
[2019.05.14-13.54.07:411][  0]LogTemp: Display: Loaded TP AllDesktopTargetPlatform
[2019.05.14-13.54.07:431][  0]LogTemp: Display: Loaded TP MacClientTargetPlatform
[2019.05.14-13.54.07:448][  0]LogTemp: Display: Loaded TP MacNoEditorTargetPlatform
[2019.05.14-13.54.07:467][  0]LogTemp: Display: Loaded TP MacServerTargetPlatform
[2019.05.14-13.54.07:485][  0]LogTemp: Display: Loaded TP MacTargetPlatform
[2019.05.14-13.54.07:503][  0]LogTemp: Display: Loaded TP WindowsClientTargetPlatform
[2019.05.14-13.54.07:525][  0]LogTemp: Display: Loaded TP WindowsNoEditorTargetPlatform
[2019.05.14-13.54.07:546][  0]LogTemp: Display: Loaded TP WindowsServerTargetPlatform
[2019.05.14-13.54.07:556][  0]LogTemp: Display: Loaded TP WindowsTargetPlatform
[2019.05.14-13.54.07:649][  0]LogTemp: Display: Loaded TP AndroidTargetPlatform
[2019.05.14-13.54.07:649][  0]LogTemp: Display: Loaded TP AndroidTargetPlatform
[2019.05.14-13.54.07:649][  0]LogTemp: Display: Loaded TP AndroidTargetPlatform
[2019.05.14-13.54.07:649][  0]LogTemp: Display: Loaded TP AndroidTargetPlatform
[2019.05.14-13.54.07:649][  0]LogTemp: Display: Loaded TP AndroidTargetPlatform
[2019.05.14-13.54.07:649][  0]LogTemp: Display: Loaded TP AndroidTargetPlatform
[2019.05.14-13.54.07:649][  0]LogTemp: Display: Loaded TP AndroidTargetPlatform
[2019.05.14-13.54.07:649][  0]LogTemp: Display: Loaded TP AndroidTargetPlatform
[2019.05.14-13.54.07:649][  0]LogTemp: Display: Loaded TP AndroidTargetPlatform
[2019.05.14-13.54.07:649][  0]LogTemp: Display: Loaded TP AndroidTargetPlatform
[2019.05.14-13.54.07:649][  0]LogTemp: Display: Loaded TP AndroidTargetPlatform
[2019.05.14-13.54.07:649][  0]LogTemp: Display: Loaded TP AndroidTargetPlatform
[2019.05.14-13.54.07:649][  0]LogTemp: Display: Loaded TP AndroidTargetPlatform
[2019.05.14-13.54.07:649][  0]LogTemp: Display: Loaded TP AndroidTargetPlatform
[2019.05.14-13.54.07:649][  0]LogTemp: Display: Loaded TP AndroidTargetPlatform
[2019.05.14-13.54.07:649][  0]LogTemp: Display: Loaded TP AndroidTargetPlatform
[2019.05.14-13.54.07:649][  0]LogTemp: Display: Loaded TP AndroidTargetPlatform
[2019.05.14-13.54.07:649][  0]LogTemp: Display: Loaded TP AndroidTargetPlatform
[2019.05.14-13.54.07:651][  0]LogTemp: Display: Loaded TP HTML5TargetPlatform
[2019.05.14-13.54.07:737][  0]LogTemp: Display: Loaded TP IOSTargetPlatform
[2019.05.14-13.54.07:737][  0]LogTemp: Display: Loaded TP IOSTargetPlatform
[2019.05.14-13.54.07:779][  0]LogTemp: Display: Loaded TP TVOSTargetPlatform
[2019.05.14-13.54.07:779][  0]LogTemp: Display: Loaded TP TVOSTargetPlatform
[2019.05.14-13.54.07:795][  0]LogTemp: Display: Loaded TP LinuxClientTargetPlatform
[2019.05.14-13.54.07:811][  0]LogTemp: Display: Loaded TP LinuxNoEditorTargetPlatform
[2019.05.14-13.54.07:827][  0]LogTemp: Display: Loaded TP LinuxServerTargetPlatform
[2019.05.14-13.54.07:868][  0]LogTemp: Display: Loaded TP LinuxTargetPlatform
[2019.05.14-13.54.07:882][  0]LogTemp: Display: Loaded TP LuminTargetPlatform
[2019.05.14-13.54.07:882][  0]LogTargetPlatformManager: Display: Building Assets For Windows
[2019.05.14-13.54.08:036][  0]LogXGEController: Cleaning working directory: C:/Users/m015425g/AppData/Local/Temp/UnrealXGEWorkingDir/
[2019.05.14-13.54.08:036][  0]LogXGEController: Cannot use XGE Controller as Incredibuild is not installed on this machine.
[2019.05.14-13.54.08:036][  0]LogShaderCompilers: Cannot use XGE Shader Compiler as Incredibuild is not installed on this machine.
[2019.05.14-13.54.08:036][  0]LogShaderCompilers: Display: Using Local Shader Compiler.
[2019.05.14-13.54.09:267][  0]LogDerivedDataCache: Display: Max Cache Size: 512 MB
[2019.05.14-13.54.09:374][  0]LogDerivedDataCache: Loaded boot cache 0.11s 71MB C:/Users/m015425g/AppData/Local/UnrealEngine/4.20/DerivedDataCache/Boot.ddc.
[2019.05.14-13.54.09:375][  0]LogDerivedDataCache: Display: Loaded Boot cache: C:/Users/m015425g/AppData/Local/UnrealEngine/4.20/DerivedDataCache/Boot.ddc
[2019.05.14-13.54.09:375][  0]LogDerivedDataCache: FDerivedDataBackendGraph:  Pak pak cache file ../../../../../../Users/m015425g/Desktop/Collab2019.git/trunk/TheDescent_Collab19/DerivedDataCache/DDC.ddp not found, will not use a pak cache.
[2019.05.14-13.54.09:375][  0]LogDerivedDataCache: Unable to find inner node Pak for hierarchical cache Hierarchy.
[2019.05.14-13.54.09:375][  0]LogDerivedDataCache: FDerivedDataBackendGraph:  CompressedPak pak cache file ../../../../../../Users/m015425g/Desktop/Collab2019.git/trunk/TheDescent_Collab19/DerivedDataCache/Compressed.ddp not found, will not use a pak cache.
[2019.05.14-13.54.09:375][  0]LogDerivedDataCache: Unable to find inner node CompressedPak for hierarchical cache Hierarchy.
[2019.05.14-13.54.09:392][  0]LogDerivedDataCache: Display: Pak cache opened for reading ../../../Engine/DerivedDataCache/Compressed.ddp.
[2019.05.14-13.54.09:404][  0]LogDerivedDataCache: Using Local data cache path C:/Users/m015425g/AppData/Local/UnrealEngine/Common/DerivedDataCache: Writable
[2019.05.14-13.54.09:404][  0]LogDerivedDataCache: Shared data cache path not found in *engine.ini, will not use an Shared cache.
[2019.05.14-13.54.09:404][  0]LogDerivedDataCache: Unable to find inner node Shared for hierarchical cache Hierarchy.
[2019.05.14-13.54.09:440][  0]LogMaterial: Verifying Global Shaders for PCD3D_SM5
[2019.05.14-13.54.09:446][  0]LogSlate: Using FreeType 2.6.0
[2019.05.14-13.54.09:448][  0]LogSlate: SlateFontServices - WITH_FREETYPE: 1, WITH_HARFBUZZ: 1
[2019.05.14-13.54.09:554][  0]LogAssetRegistry: FAssetRegistry took 0.0321 seconds to start up
[2019.05.14-13.54.10:046][  0]LogInit: Selected Device Profile: [Windows]
[2019.05.14-13.54.10:208][  0]LogSimplygon: Simplygon DLL not present - disabling.
[2019.05.14-13.54.10:215][  0]LogMeshReduction: Using SimplygonSwarm for distributed automatic mesh merging
[2019.05.14-13.54.10:215][  0]LogMeshReduction: Using ProxyLODMeshReduction for automatic mesh merging
[2019.05.14-13.54.10:215][  0]LogMeshReduction: Using QuadricMeshReduction for automatic static mesh reduction
[2019.05.14-13.54.10:215][  0]LogMeshReduction: No automatic skeletal mesh reduction module available
[2019.05.14-13.54.10:234][  0]LogNetVersion: TheDescent_Collab19 1.0.0, NetCL: 4212847, EngineNetVer: 5, GameNetVer: 0 (Checksum: 1358678604)
[2019.05.14-13.54.10:852][  0]LogPackageLocalizationCache: Processed 11 localized package path(s) for 2 prioritized culture(s) in 0.134611 seconds
[2019.05.14-13.54.10:859][  0]LogUObjectArray: 38425 objects as part of root set at end of initial load.
[2019.05.14-13.54.10:859][  0]LogUObjectAllocator: 6690864 out of 0 bytes used by permanent object pool.
[2019.05.14-13.54.10:859][  0]LogUObjectArray: CloseDisregardForGC: 0/0 objects in disregard for GC pool
[2019.05.14-13.54.11:949][  0]LogTcpMessaging: Initializing TcpMessaging bridge
[2019.05.14-13.54.11:963][  0]LogUdpMessaging: Initializing bridge on interface 0.0.0.0:0 to multicast group 230.0.0.1:6666.
[2019.05.14-13.54.12:184][  0]SourceControl: Source control is disabled
[2019.05.14-13.54.12:184][  0]SourceControl: Source control is disabled
[2019.05.14-13.54.12:187][  0]SourceControl: Source control is disabled
[2019.05.14-13.54.12:188][  0]SourceControl: Source control is disabled
[2019.05.14-13.54.12:442][  0]LogAndroidPermission: UAndroidPermissionCallbackProxy::GetInstance
[2019.05.14-13.54.12:586][  0]LogOcInput: OculusInput pre-init called
[2019.05.14-13.54.12:670][  0]LogEngine: Initializing Engine...
[2019.05.14-13.54.12:671][  0]LogHMD: Failed to initialize OpenVR with code 110
[2019.05.14-13.54.12:673][  0]LogStats: UGameplayTagsManager::ConstructGameplayTagTree: ImportINI prefixes -  0.000 s
[2019.05.14-13.54.12:673][  0]LogStats: UGameplayTagsManager::ConstructGameplayTagTree: Construct from data asset -  0.000 s
[2019.05.14-13.54.12:674][  0]LogStats: UGameplayTagsManager::ConstructGameplayTagTree: ImportINI -  0.000 s
[2019.05.14-13.54.12:674][  0]LogStats: UGameplayTagsManager::ConstructGameplayTagTree: GameplayTagTreeChangedEvent.Broadcast -  0.000 s
[2019.05.14-13.54.12:969][  0]LogInit: Initializing FReadOnlyCVARCache
[2019.05.14-13.54.12:997][  0]LogAIModule: Creating AISystem for world Untitled
[2019.05.14-13.54.13:021][  0]LogInit: XAudio2 using 'Speakers (Realtek High Definition Audio)' : 2 channels at 48 kHz using 32 bits per sample (channel mask 0x3)
[2019.05.14-13.54.13:080][  0]LogInit: FAudioDevice initialized.
[2019.05.14-13.54.13:081][  0]LogNetVersion: Set ProjectVersion to 1.0.0.0. Version Checksum will be recalculated on next use.
[2019.05.14-13.54.13:197][  0]LogDerivedDataCache: Saved boot cache 0.12s 71MB C:/Users/m015425g/AppData/Local/UnrealEngine/4.20/DerivedDataCache/Boot.ddc.
[2019.05.14-13.54.13:222][  0]LogInit: Texture streaming: Enabled
[2019.05.14-13.54.13:260][  0]LogEngineSessionManager: EngineSessionManager initialized
[2019.05.14-13.54.13:295][  0]LogInit: Transaction tracking system initialized
[2019.05.14-13.54.13:380][  0]BlueprintLog: New page: Editor Load
[2019.05.14-13.54.13:530][  0]LocalizationService: Localization service is disabled
[2019.05.14-13.54.13:925][  0]LogCook: Display: Max memory allowance for cook 16384mb min free memory 0mb
[2019.05.14-13.54.13:925][  0]LogCook: Display: Mobile HDR setting 1
[2019.05.14-13.54.13:925][  0]LogGameplayTags: Display: UGameplayTagsManager::DoneAddingNativeTags. DelegateIsBound: 0
[2019.05.14-13.54.13:925][  0]LogStats: UGameplayTagsManager::ConstructGameplayTagTree: ImportINI prefixes -  0.000 s
[2019.05.14-13.54.13:925][  0]LogStats: UGameplayTagsManager::ConstructGameplayTagTree: Construct from data asset -  0.000 s
[2019.05.14-13.54.13:925][  0]LogStats: UGameplayTagsManager::ConstructGameplayTagTree: ImportINI -  0.000 s
[2019.05.14-13.54.13:925][  0]LogStats: UGameplayTagsManager::ConstructGameplayTagTree: GameplayTagTreeChangedEvent.Broadcast -  0.000 s
[2019.05.14-13.54.14:090][  0]LogFileCache: Scanning file cache for directory 'C:/Users/m015425g/Desktop/Collab2019.git/trunk/TheDescent_Collab19/Content/' took 0.04s
[2019.05.14-13.54.14:090][  0]SourceControl: Source control is disabled
[2019.05.14-13.54.14:090][  0]Cmd: MAP LOAD FILE="../../../../../../Users/m015425g/Desktop/Collab2019.git/trunk/TheDescent_Collab19/Content/FirstPersonBP/Maps/FirstPersonExampleMap.umap" TEMPLATE=0 SHOWPROGRESS=1 FEATURELEVEL=3
[2019.05.14-13.54.14:091][  0]LightingResults: New page: Lighting Build
[2019.05.14-13.54.14:095][  0]MapCheck: New page: Map Check
[2019.05.14-13.54.14:095][  0]LightingResults: New page: Lighting Build
[2019.05.14-13.54.16:912][  0]LogMaterial: Display: Missing cached shader map for material BloodDecal, compiling. 
[2019.05.14-13.54.17:290][  0]LogShaderCompilers: Display: Shaders left to compile 106
[2019.05.14-13.54.17:290][  0]LogShaderCompilers: Display: Shaders left to compile 96
[2019.05.14-13.54.17:290][  0]LogShaderCompilers: Display: Shaders left to compile 86
[2019.05.14-13.54.17:290][  0]LogShaderCompilers: Display: Shaders left to compile 76
[2019.05.14-13.54.17:290][  0]LogShaderCompilers: Display: Shaders left to compile 66
[2019.05.14-13.54.17:290][  0]LogAIModule: Creating AISystem for world FirstPersonExampleMap
[2019.05.14-13.54.17:334][  0]LogEditorServer: Finished looking for orphan Actors (0.000 secs)
[2019.05.14-13.54.17:398][  0]Cmd: MAP CHECKDEP NOCLEARLOG
[2019.05.14-13.54.17:721][  0]MapCheck: Map check complete: 0 Error(s), 0 Warning(s), took 322.24ms to complete.
[2019.05.14-13.54.17:721][  0]LogFileHelpers: Loading map 'FirstPersonExampleMap' took 3.631
[2019.05.14-13.54.17:893][  0]LogSlate: Updating window title bar state: overlay mode, drag disabled, window buttons hidden, title bar hidden
[2019.05.14-13.54.17:920][  0]LogSlate: Updating window title bar state: overlay mode, drag disabled, window buttons hidden, title bar hidden
[2019.05.14-13.54.17:936][  0]LogSlate: Updating window title bar state: overlay mode, drag disabled, window buttons hidden, title bar hidden
[2019.05.14-13.54.17:963][  0]LogSlate: Updating window title bar state: overlay mode, drag disabled, window buttons hidden, title bar hidden
[2019.05.14-13.54.17:981][  0]LogCollectionManager: Loaded 0 collections in 0.004956 seconds
[2019.05.14-13.54.18:037][  0]LogFileCache: Scanning file cache for directory 'C:/Users/m015425g/Desktop/Collab2019.git/trunk/TheDescent_Collab19/Saved/Collections/' took 0.01s
[2019.05.14-13.54.18:037][  0]LogFileCache: Scanning file cache for directory 'C:/Users/m015425g/Desktop/Collab2019.git/trunk/TheDescent_Collab19/Content/Developers/m015425g/Collections/' took 0.01s
[2019.05.14-13.54.18:037][  0]LogFileCache: Scanning file cache for directory 'C:/Users/m015425g/Desktop/Collab2019.git/trunk/TheDescent_Collab19/Content/Collections/' took 0.01s
[2019.05.14-13.54.18:038][  0]LogCollectionManager: Rebuilt the GUID cache for 0 collections in 0.000000 seconds
[2019.05.14-13.54.18:074][  0]LogContentBrowser: Native class hierarchy populated in 0.0364 seconds. Added 2572 classes and 603 folders.
[2019.05.14-13.54.18:092][  0]LogContentBrowser: Native class hierarchy updated for 'WidgetCarousel' in 0.0005 seconds. Added 0 classes and 0 folders.
[2019.05.14-13.54.18:213][  0]LogContentBrowser: Native class hierarchy updated for 'AddContentDialog' in 0.0007 seconds. Added 0 classes and 0 folders.
[2019.05.14-13.54.18:227][  0]LogContentBrowser: Native class hierarchy updated for 'SceneOutliner' in 0.0005 seconds. Added 1 classes and 2 folders.
[2019.05.14-13.54.18:253][  0]LogSlate: Took 0.000307 seconds to synchronously load lazily loaded font '../../../Engine/Content/Slate/Fonts/Roboto-Regular.ttf' (155K)
[2019.05.14-13.54.18:257][  0]LogSlate: Took 0.000341 seconds to synchronously load lazily loaded font '../../../Engine/Content/Slate/Fonts/Roboto-Bold.ttf' (160K)
[2019.05.14-13.54.18:267][  0]LogSlate: Took 0.000330 seconds to synchronously load lazily loaded font '../../../Engine/Content/Editor/Slate/Fonts/FontAwesome.ttf' (139K)
[2019.05.14-13.54.18:414][  0]LogRenderer: Reallocating scene render targets to support 1208x576 Format 10 NumSamples 1 (Frame:1).
[2019.05.14-13.54.18:606][  0]LogSlate: FSceneViewport::OnFocusLost() reason 2
[2019.05.14-13.54.18:638][  0]LogSlate: Window 'Tutorials' being destroyed
[2019.05.14-13.54.18:679][  0]LogContentBrowser: Native class hierarchy updated for 'HierarchicalLODOutliner' in 0.0008 seconds. Added 0 classes and 0 folders.
[2019.05.14-13.54.18:679][  0]LogLoad: (Engine Initialization) Total time: 16.95 seconds
[2019.05.14-13.54.18:679][  0]LogLoad: (Engine Initialization) Total Blueprint compile time: 0.00 seconds
[2019.05.14-13.54.18:691][  0]LogWindowsTextInputMethodSystem: Display: IME system now deactivated.
[2019.05.14-13.54.18:721][  0]LogContentStreaming: Texture pool size now 1000 MB
[2019.05.14-13.54.18:775][  0]LogSlate: Took 0.000260 seconds to synchronously load lazily loaded font '../../../Engine/Content/Slate/Fonts/Roboto-Light.ttf' (167K)
[2019.05.14-13.54.18:924][  3]LogAssetRegistry: Asset discovery search completed in 9.3935 seconds
[2019.05.14-13.54.18:928][  3]LogCollectionManager: Rebuilt the object cache for 0 collections in 0.000001 seconds (found 0 objects)
[2019.05.14-13.54.18:928][  3]LogCollectionManager: Fixed up redirectors for 0 collections in 0.000099 seconds (updated 0 objects)
[2019.05.14-13.54.21:992][232]LogSlate: FSceneViewport::OnFocusLost() reason 0
[2019.05.14-13.54.22:456][271]LogShaderCompilers: Display: Shaders left to compile 56
[2019.05.14-13.54.22:655][289]LogShaderCompilers: Display: Shaders left to compile 46
[2019.05.14-13.54.23:839][380]LogShaderCompilers: Display: Shaders left to compile 36
[2019.05.14-13.54.24:177][406]LogSlate: Took 0.000311 seconds to synchronously load lazily loaded font '../../../Engine/Content/Slate/Fonts/Roboto-Light.ttf' (167K)
[2019.05.14-13.54.24:591][406]LogShaderCompilers: Display: Shaders left to compile 26
[2019.05.14-13.54.24:930][406]LogTexture: Display: Building textures: HQ_Lightmap0_5 (AutoDXT, 1024X1024)
[2019.05.14-13.54.24:930][406]LogTexture: Display: Building textures: HQ_Lightmap0_4 (AutoDXT, 1024X1024)
[2019.05.14-13.54.24:930][406]LogTexture: Display: Building textures: HQ_Lightmap1_3 (AutoDXT, 1024X1024)
[2019.05.14-13.54.24:930][406]LogTexture: Display: Building textures: LQ_Lightmap_0_4 (DXT1, 1024X1024)
[2019.05.14-13.54.24:930][406]LogTexture: Display: Building textures: HQ_Lightmap1_2 (AutoDXT, 2048X2048)
[2019.05.14-13.54.24:930][406]LogTexture: Display: Building textures: HQ_Lightmap1_1 (AutoDXT, 2048X2048)
[2019.05.14-13.54.25:635][406]LogMaterial: Display: Missing cached shader map for material M_Master, compiling. 
[2019.05.14-13.54.26:943][406]LogTexture: Display: Building textures: LQ_Lightmap_0_5 (DXT1, 1024X1024)
[2019.05.14-13.54.26:943][406]LogTexture: Display: Building textures: LQ_Lightmap_1_1 (DXT1, 2048X2048)
[2019.05.14-13.54.26:943][406]LogTexture: Display: Building textures: LQ_Lightmap_1_3 (DXT1, 1024X1024)
[2019.05.14-13.54.26:943][406]LogTexture: Display: Building textures: LQ_Lightmap_1_2 (DXT1, 2048X2048)
[2019.05.14-13.54.26:943][406]LogTexture: Display: Building textures: ShadowMapTexture2D_6 (G8, 1024X1024)
[2019.05.14-13.54.26:943][406]LogTexture: Display: Building textures: ShadowMapTexture2D_7 (G8, 1024X1024)
[2019.05.14-13.54.26:944][406]LogTexture: Display: Building textures: ShadowMapTexture2D_8 (G8, 1024X512)
[2019.05.14-13.54.27:098][406]LogShaderCompilers: Display: Shaders left to compile 71
[2019.05.14-13.54.27:098][406]LogAIModule: Creating AISystem for world LevelOne
[2019.05.14-13.54.27:136][406]LogAssetEditorManager: Opening Asset editor for World /Game/Users/Niall/Levels/LevelOne.LevelOne
[2019.05.14-13.54.27:212][406]Cmd: MAP LOAD FILE="../../../../../../Users/m015425g/Desktop/Collab2019.git/trunk/TheDescent_Collab19/Content/Users/Niall/Levels/LevelOne.umap" TEMPLATE=0 SHOWPROGRESS=1 FEATURELEVEL=3
[2019.05.14-13.54.27:212][406]LightingResults: New page: Lighting Build
[2019.05.14-13.54.27:213][406]LoadErrors: New page: Loading map: LevelOne.umap
[2019.05.14-13.54.27:216][406]MapCheck: New page: Map Check
[2019.05.14-13.54.27:216][406]LightingResults: New page: Lighting Build
[2019.05.14-13.54.27:288][406]LogEditorServer: Finished looking for orphan Actors (0.000 secs)
[2019.05.14-13.54.27:430][406]Cmd: MAP CHECKDEP NOCLEARLOG
[2019.05.14-13.54.27:860][406]MapCheck: Map check complete: 0 Error(s), 0 Warning(s), took 429.246ms to complete.
[2019.05.14-13.54.27:862][406]LogFileHelpers: Loading map 'LevelOne' took 0.651
[2019.05.14-13.54.30:434][625]LogShaderCompilers: Display: Shaders left to compile 61
[2019.05.14-13.54.30:979][677]LogShaderCompilers: Display: Shaders left to compile 51
[2019.05.14-13.54.31:305][708]LogShaderCompilers: Display: Shaders left to compile 41
[2019.05.14-13.54.32:561][825]LogShaderCompilers: Display: Shaders left to compile 31
[2019.05.14-13.54.32:967][861]LogShaderCompilers: Display: Shaders left to compile 21
[2019.05.14-13.54.33:480][908]LogShaderCompilers: Display: Shaders left to compile 11
[2019.05.14-13.54.33:681][926]LogShaderCompilers: Display: Shaders left to compile 1
[2019.05.14-13.54.42:065][860]LogSlate: FSceneViewport::OnFocusLost() reason 0
[2019.05.14-14.01.37:121][950]LogFactory: FactoryCreateFile: StaticMesh with FbxFactory (0 0 C:\Users\m015425g\Downloads\DoorSliding_low.FBX)
[2019.05.14-14.01.37:135][950]LogFbx: Loading FBX Scene from C:\Users\m015425g\Downloads\DoorSliding_low.FBX
[2019.05.14-14.01.37:141][950]LogFbx: FBX Scene Loaded Succesfully
[2019.05.14-14.01.41:867][950]LogSlate: Window 'FBX Import Options' being destroyed
[2019.05.14-14.01.41:931][950]LogFbx: Warning: Triangulating static mesh Object012
[2019.05.14-14.01.41:954][950]LogStaticMesh: Building static mesh DoorSliding_low...
[2019.05.14-14.01.41:967][950]LogStaticMesh: Built static mesh [0.01s] /Game/Users/James/Meshes/DoorSliding_low.DoorSliding_low
[2019.05.14-14.01.41:997][950]LogFactory: FactoryCreateFile: StaticMesh with FbxFactory (0 0 C:\Users\m015425g\Downloads\Door_single.FBX)
[2019.05.14-14.01.42:008][950]LogFbx: Loading FBX Scene from C:\Users\m015425g\Downloads\Door_single.FBX
[2019.05.14-14.01.42:015][950]LogFbx: FBX Scene Loaded Succesfully
[2019.05.14-14.01.42:015][950]LogFbx: Warning: Triangulating static mesh Box029
[2019.05.14-14.01.42:107][950]LogStaticMesh: Building static mesh Door_single...
[2019.05.14-14.01.42:126][950]LogStaticMesh: Built static mesh [0.02s] /Game/Users/James/Meshes/Door_single.Door_single
[2019.05.14-14.04.24:358][191]LogFileHelpers: Editor autosave (incl. sublevels) for '/Game/Users/Niall/Levels/LevelOne' took 0.033
[2019.05.14-14.04.24:361][191]OBJ SavePackage: Generating thumbnails for [1] asset(s) in package [/Game/Users/James/Meshes/Door_single] ([1] browsable assets)...
[2019.05.14-14.04.24:373][191]OBJ SavePackage:     Rendered thumbnail for [StaticMesh /Game/Users/James/Meshes/Door_single.Door_single]
[2019.05.14-14.04.24:373][191]OBJ SavePackage: Finished generating thumbnails for package [/Game/Users/James/Meshes/Door_single]
[2019.05.14-14.04.24:396][191]LogSavePackage: Moving '../../../../../../Users/m015425g/Desktop/Collab2019.git/trunk/TheDescent_Collab19/Saved/Door_single_Auto1B7D1A25442844397447D3D9E20919FB7.tmp' to '../../../../../../Users/m015425g/Desktop/Collab2019.git/trunk/TheDescent_Collab19/Saved/Autosaves/Game/Users/James/Meshes/Door_single_Auto1.uasset'
[2019.05.14-14.04.24:400][191]OBJ SavePackage: Generating thumbnails for [1] asset(s) in package [/Game/Users/James/Meshes/DoorSliding_low] ([1] browsable assets)...
[2019.05.14-14.04.24:416][191]OBJ SavePackage:     Rendered thumbnail for [StaticMesh /Game/Users/James/Meshes/DoorSliding_low.DoorSliding_low]
[2019.05.14-14.04.24:416][191]OBJ SavePackage: Finished generating thumbnails for package [/Game/Users/James/Meshes/DoorSliding_low]
[2019.05.14-14.04.24:441][191]LogSavePackage: Moving '../../../../../../Users/m015425g/Desktop/Collab2019.git/trunk/TheDescent_Collab19/Saved/DoorSliding_low_Auto1040CFE5140693CD7F3C01F945ED71005.tmp' to '../../../../../../Users/m015425g/Desktop/Collab2019.git/trunk/TheDescent_Collab19/Saved/Autosaves/Game/Users/James/Meshes/DoorSliding_low_Auto1.uasset'
[2019.05.14-14.04.24:444][191]LogFileHelpers: Auto-saving content packages took 0.084
[2019.05.14-14.06.25:685][111]LogFactory: FactoryCreateFile: StaticMesh with FbxFactory (0 0 C:\Users\m015425g\Downloads\Waiting_Room_Bench_Backed_01_export.fbx)
[2019.05.14-14.06.25:696][111]LogFbx: Loading FBX Scene from C:\Users\m015425g\Downloads\Waiting_Room_Bench_Backed_01_export.fbx
[2019.05.14-14.06.25:707][111]LogFbx: FBX Scene Loaded Succesfully
[2019.05.14-14.06.25:725][111]LogSlate: FSceneViewport::OnFocusLost() reason 2
[2019.05.14-14.06.27:947][111]LogSlate: Window 'FBX Import Options' being destroyed
[2019.05.14-14.06.27:985][111]LogFbx: Warning: Triangulating static mesh pCube5
[2019.05.14-14.06.28:249][111]LogStaticMesh: Building static mesh Waiting_Room_Bench_Backed_01_export...
[2019.05.14-14.06.28:313][111]LogStaticMesh: Built static mesh [0.06s] /Game/Users/James/Meshes/Waiting_Room_Bench_Backed_01_export.Waiting_Room_Bench_Backed_01_export
[2019.05.14-14.06.28:337][111]FBXImport: Warning: No smoothing group information was found in this FBX scene.  Please make sure to enable the 'Export Smoothing Groups' option in the FBX Exporter plug-in before exporting the file.  Even for tools that don't support smoothing groups, the FBX Exporter will generate appropriate smoothing data at export-time so that correct vertex normals can be inferred while importing. 
[2019.05.14-14.06.28:373][111]LogFactory: FactoryCreateFile: StaticMesh with FbxFactory (0 0 C:\Users\m015425g\Downloads\Shelving_01_Export.fbx)
[2019.05.14-14.06.28:385][111]LogFbx: Loading FBX Scene from C:\Users\m015425g\Downloads\Shelving_01_Export.fbx
[2019.05.14-14.06.28:397][111]LogFbx: FBX Scene Loaded Succesfully
[2019.05.14-14.06.28:398][111]LogFbx: Warning: Triangulating static mesh pCube22
[2019.05.14-14.06.28:517][111]LogStaticMesh: Building static mesh Shelving_01_Export...
[2019.05.14-14.06.28:542][111]LogStaticMesh: Built static mesh [0.03s] /Game/Users/James/Meshes/Shelving_01_Export.Shelving_01_Export
[2019.05.14-14.06.28:567][111]FBXImport: Warning: No smoothing group information was found in this FBX scene.  Please make sure to enable the 'Export Smoothing Groups' option in the FBX Exporter plug-in before exporting the file.  Even for tools that don't support smoothing groups, the FBX Exporter will generate appropriate smoothing data at export-time so that correct vertex normals can be inferred while importing. 
[2019.05.14-14.06.28:582][111]LogFactory: FactoryCreateFile: StaticMesh with FbxFactory (0 0 C:\Users\m015425g\Downloads\Medical_Cabinet_Bottom.fbx)
[2019.05.14-14.06.28:593][111]LogFbx: Loading FBX Scene from C:\Users\m015425g\Downloads\Medical_Cabinet_Bottom.fbx
[2019.05.14-14.06.28:602][111]LogFbx: FBX Scene Loaded Succesfully
[2019.05.14-14.06.28:602][111]LogFbx: Warning: Triangulating static mesh pCylinder8
[2019.05.14-14.06.28:681][111]LogStaticMesh: Building static mesh Medical_Cabinet_Bottom...
[2019.05.14-14.06.28:697][111]LogStaticMesh: Built static mesh [0.02s] /Game/Users/James/Meshes/Medical_Cabinet_Bottom.Medical_Cabinet_Bottom
[2019.05.14-14.06.28:699][111]LogStaticMesh: Warning: Medical_Cabinet_Bottom has some nearly zero tangents which can create some issues. (Tolerance of 1E-4)
[2019.05.14-14.06.28:699][111]LogStaticMesh: Warning: Medical_Cabinet_Bottom has some nearly zero bi-normals which can create some issues. (Tolerance of 1E-4)
[2019.05.14-14.06.28:718][111]FBXImport: Warning: No smoothing group information was found in this FBX scene.  Please make sure to enable the 'Export Smoothing Groups' option in the FBX Exporter plug-in before exporting the file.  Even for tools that don't support smoothing groups, the FBX Exporter will generate appropriate smoothing data at export-time so that correct vertex normals can be inferred while importing. 
[2019.05.14-14.06.28:718][111]FBXImport: Warning: Medical_Cabinet_Bottom has some nearly zero tangents which can create some issues. (Tolerance of 1E-4) 
[2019.05.14-14.06.28:718][111]FBXImport: Warning: Medical_Cabinet_Bottom has some nearly zero bi-normals which can create some issues. (Tolerance of 1E-4) 
[2019.05.14-14.06.28:734][111]LogFactory: FactoryCreateFile: StaticMesh with FbxFactory (0 0 C:\Users\m015425g\Downloads\Valve_Export_01.fbx)
[2019.05.14-14.06.28:745][111]LogFbx: Loading FBX Scene from C:\Users\m015425g\Downloads\Valve_Export_01.fbx
[2019.05.14-14.06.28:752][111]LogFbx: FBX Scene Loaded Succesfully
[2019.05.14-14.06.28:752][111]LogFbx: Warning: Triangulating static mesh pCylinder5
[2019.05.14-14.06.28:849][111]LogStaticMesh: Building static mesh Valve_Export_01...
[2019.05.14-14.06.28:861][111]LogStaticMesh: Built static mesh [0.01s] /Game/Users/James/Meshes/Valve_Export_01.Valve_Export_01
[2019.05.14-14.06.28:888][111]FBXImport: Warning: No smoothing group information was found in this FBX scene.  Please make sure to enable the 'Export Smoothing Groups' option in the FBX Exporter plug-in before exporting the file.  Even for tools that don't support smoothing groups, the FBX Exporter will generate appropriate smoothing data at export-time so that correct vertex normals can be inferred while importing. 
[2019.05.14-14.06.28:899][111]LogFactory: FactoryCreateFile: StaticMesh with FbxFactory (0 0 C:\Users\m015425g\Downloads\Fuse_Box_Export_01.fbx)
[2019.05.14-14.06.28:912][111]LogFbx: Loading FBX Scene from C:\Users\m015425g\Downloads\Fuse_Box_Export_01.fbx
[2019.05.14-14.06.28:926][111]LogFbx: FBX Scene Loaded Succesfully
[2019.05.14-14.06.28:927][111]LogFbx: Warning: Triangulating static mesh pCylinder3
[2019.05.14-14.06.29:004][111]LogStaticMesh: Building static mesh Fuse_Box_Export_01...
[2019.05.14-14.06.29:015][111]LogStaticMesh: Built static mesh [0.01s] /Game/Users/James/Meshes/Fuse_Box_Export_01.Fuse_Box_Export_01
[2019.05.14-14.06.29:033][111]FBXImport: Warning: No smoothing group information was found in this FBX scene.  Please make sure to enable the 'Export Smoothing Groups' option in the FBX Exporter plug-in before exporting the file.  Even for tools that don't support smoothing groups, the FBX Exporter will generate appropriate smoothing data at export-time so that correct vertex normals can be inferred while importing. 
[2019.05.14-14.06.29:045][111]LogFactory: FactoryCreateFile: StaticMesh with FbxFactory (0 0 C:\Users\m015425g\Downloads\LightBulb.FBX)
[2019.05.14-14.06.29:061][111]LogFbx: Loading FBX Scene from C:\Users\m015425g\Downloads\LightBulb.FBX
[2019.05.14-14.06.29:078][111]LogFbx: FBX Scene Loaded Succesfully
[2019.05.14-14.06.29:079][111]LogFbx: Warning: Triangulating static mesh Cylinder009
[2019.05.14-14.06.29:151][111]LogStaticMesh: Building static mesh LightBulb_Cylinder009...
[2019.05.14-14.06.29:158][111]LogStaticMesh: Built static mesh [0.01s] /Game/Users/James/Meshes/LightBulb_Cylinder009.LightBulb_Cylinder009
[2019.05.14-14.06.29:175][111]LogFbx: Warning: Triangulating static mesh Cylinder010
[2019.05.14-14.06.29:227][111]LogStaticMesh: Building static mesh LightBulb_Cylinder010...
[2019.05.14-14.06.29:231][111]LogStaticMesh: Built static mesh [0.00s] /Game/Users/James/Meshes/LightBulb_Cylinder010.LightBulb_Cylinder010
[2019.05.14-14.06.29:248][111]LogStaticMesh: Building static mesh LightBulb_BulbInside...
[2019.05.14-14.06.29:252][111]LogStaticMesh: Built static mesh [0.00s] /Game/Users/James/Meshes/LightBulb_BulbInside.LightBulb_BulbInside
[2019.05.14-14.06.29:265][111]LogFbx: Warning: Triangulating static mesh BulbCables
[2019.05.14-14.06.30:872][111]LogStaticMesh: Building static mesh LightBulb_BulbCables...
[2019.05.14-14.06.31:002][111]LogStaticMesh: Built static mesh [0.13s] /Game/Users/James/Meshes/LightBulb_BulbCables.LightBulb_BulbCables
[2019.05.14-14.06.31:061][111]LogFactory: FactoryCreateFile: StaticMesh with FbxFactory (0 0 C:\Users\m015425g\Downloads\Urinal_Trough_Export_01.fbx)
[2019.05.14-14.06.31:074][111]LogFbx: Loading FBX Scene from C:\Users\m015425g\Downloads\Urinal_Trough_Export_01.fbx
[2019.05.14-14.06.31:080][111]LogFbx: FBX Scene Loaded Succesfully
[2019.05.14-14.06.31:081][111]LogFbx: Warning: Triangulating static mesh pCube2
[2019.05.14-14.06.31:091][111]LogStaticMesh: Building static mesh Urinal_Trough_Export_01_pCube2...
[2019.05.14-14.06.31:094][111]LogStaticMesh: Built static mesh [0.00s] /Game/Users/James/Meshes/Urinal_Trough_Export_01_pCube2.Urinal_Trough_Export_01_pCube2
[2019.05.14-14.06.31:112][111]FBXImport: Warning: No smoothing group information was found in this FBX scene.  Please make sure to enable the 'Export Smoothing Groups' option in the FBX Exporter plug-in before exporting the file.  Even for tools that don't support smoothing groups, the FBX Exporter will generate appropriate smoothing data at export-time so that correct vertex normals can be inferred while importing. 
[2019.05.14-14.06.31:121][111]LogFactory: FactoryCreateFile: StaticMesh with FbxFactory (0 0 C:\Users\m015425g\Downloads\Waiting_Room_Bench_01_export.fbx)
[2019.05.14-14.06.31:136][111]LogFbx: Loading FBX Scene from C:\Users\m015425g\Downloads\Waiting_Room_Bench_01_export.fbx
[2019.05.14-14.06.31:146][111]LogFbx: FBX Scene Loaded Succesfully
[2019.05.14-14.06.31:147][111]LogFbx: Warning: Triangulating static mesh pCube5
[2019.05.14-14.06.31:299][111]LogStaticMesh: Building static mesh Waiting_Room_Bench_01_export_pCube5...
[2019.05.14-14.06.31:334][111]LogStaticMesh: Built static mesh [0.04s] /Game/Users/James/Meshes/Waiting_Room_Bench_01_export_pCube5.Waiting_Room_Bench_01_export_pCube5
[2019.05.14-14.06.31:368][111]FBXImport: Warning: No smoothing group information was found in this FBX scene.  Please make sure to enable the 'Export Smoothing Groups' option in the FBX Exporter plug-in before exporting the file.  Even for tools that don't support smoothing groups, the FBX Exporter will generate appropriate smoothing data at export-time so that correct vertex normals can be inferred while importing. 
[2019.05.14-14.06.34:423][447]LogSlate: FSceneViewport::OnFocusLost() reason 0
[2019.05.14-14.06.34:463][451]LogSlate: Window 'Message Log' being destroyed
[2019.05.14-14.06.34:466][451]LogSlate: Window 'Message Log' being destroyed
[2019.05.14-14.06.36:229][639]LogSlate: FSceneViewport::OnFocusLost() reason 0
[2019.05.14-14.06.47:225][927]LogSlate: FSceneViewport::OnFocusLost() reason 0
[2019.05.14-14.06.47:328][937]LogActorFactory: Actor Factory created Door_single
[2019.05.14-14.06.48:750][ 90]LogActorFactory: Actor Factory created Door_single
[2019.05.14-14.06.53:422][613]Cmd: SELECT NONE
[2019.05.14-14.06.54:644][759]LogEditorViewport: Clicking on Actor (LMB): StaticMeshActor (Door_single)
[2019.05.14-14.06.55:692][841]Cmd: DELETE
[2019.05.14-14.06.55:692][841]Cmd: ACTOR DELETE
[2019.05.14-14.06.55:703][841]LogEditorActor: Deleted Actor: StaticMeshActor
[2019.05.14-14.06.55:739][841]LogEditorActor: Deleted 1 Actors (0.048 secs)
[2019.05.14-14.06.57:035][979]LogSlate: FSceneViewport::OnFocusLost() reason 0
[2019.05.14-14.06.57:183][993]LogActorFactory: Actor Factory created DoorSliding_low
[2019.05.14-14.06.57:809][ 62]LogActorFactory: Actor Factory created DoorSliding_low
[2019.05.14-14.07.17:697][ 54]Cmd: SELECT NONE
[2019.05.14-14.07.24:167][768]LogSlate: FSceneViewport::OnFocusLost() reason 0
[2019.05.14-14.07.28:837][275]LogSlate: FSceneViewport::OnFocusLost() reason 0
[2019.05.14-14.07.30:115][410]LogSlate: FSceneViewport::OnFocusLost() reason 0
[2019.05.14-14.07.31:382][549]LogSlate: FSceneViewport::OnFocusLost() reason 0
[2019.05.14-14.07.34:524][902]LogEditorViewport: Clicking on Actor (LMB): StaticMeshActor (DoorSliding_low2)
[2019.05.14-14.07.35:259][966]Cmd: DELETE
[2019.05.14-14.07.35:259][966]Cmd: ACTOR DELETE
[2019.05.14-14.07.35:268][966]LogEditorActor: Deleted Actor: StaticMeshActor
[2019.05.14-14.07.35:294][966]LogEditorActor: Deleted 1 Actors (0.035 secs)
[2019.05.14-14.07.35:595][  1]LogEditorViewport: Clicking on Actor (LMB): StaticMeshActor (DoorSliding_low)
[2019.05.14-14.07.35:787][ 14]Cmd: DELETE
[2019.05.14-14.07.35:787][ 14]Cmd: ACTOR DELETE
[2019.05.14-14.07.35:804][ 14]LogEditorActor: Deleted Actor: StaticMeshActor
[2019.05.14-14.07.35:835][ 14]LogEditorActor: Deleted 1 Actors (0.048 secs)
[2019.05.14-14.07.39:200][412]LogSlate: FSceneViewport::OnFocusLost() reason 0
[2019.05.14-14.07.42:797][804]LogSlate: FSceneViewport::OnFocusLost() reason 0
[2019.05.14-14.07.42:888][812]LogActorFactory: Actor Factory created Fuse_Box_Export_01
[2019.05.14-14.07.45:332][ 89]LogActorFactory: Actor Factory created Fuse_Box_Export_01
[2019.05.14-14.07.50:175][605]Cmd: SELECT NONE
[2019.05.14-14.07.55:461][206]LogSlate: FSceneViewport::OnFocusLost() reason 0
[2019.05.14-14.07.59:638][601]LogEditorViewport: Clicking on Actor (LMB): StaticMeshActor (Fuse_Box_Export_01)
[2019.05.14-14.08.00:460][666]Cmd: DELETE
[2019.05.14-14.08.00:460][666]Cmd: ACTOR DELETE
[2019.05.14-14.08.00:474][666]LogEditorActor: Deleted Actor: StaticMeshActor
[2019.05.14-14.08.00:506][666]LogEditorActor: Deleted 1 Actors (0.046 secs)
[2019.05.14-14.08.02:113][850]LogSlate: FSceneViewport::OnFocusLost() reason 0
[2019.05.14-14.08.07:929][491]LogSlate: FSceneViewport::OnFocusLost() reason 0
[2019.05.14-14.08.08:040][502]LogActorFactory: Actor Factory created LightBulb_BulbCables
[2019.05.14-14.08.08:883][597]LogActorFactory: Actor Factory created LightBulb_BulbCables
[2019.05.14-14.08.12:717][ 26]Cmd: DELETE
[2019.05.14-14.08.12:717][ 26]Cmd: ACTOR DELETE
[2019.05.14-14.08.12:726][ 26]LogEditorActor: Deleted Actor: StaticMeshActor
[2019.05.14-14.08.12:749][ 26]LogEditorActor: Deleted 1 Actors (0.032 secs)
[2019.05.14-14.08.13:151][ 67]LogSlate: FSceneViewport::OnFocusLost() reason 0
[2019.05.14-14.08.13:248][ 76]LogActorFactory: Actor Factory created LightBulb_BulbInside
[2019.05.14-14.08.13:779][120]LogActorFactory: Actor Factory created LightBulb_BulbInside
[2019.05.14-14.08.16:818][467]Cmd: DELETE
[2019.05.14-14.08.16:818][467]Cmd: ACTOR DELETE
[2019.05.14-14.08.16:827][467]LogEditorActor: Deleted Actor: StaticMeshActor
[2019.05.14-14.08.16:852][467]LogEditorActor: Deleted 1 Actors (0.033 secs)
[2019.05.14-14.08.17:539][541]LogSlate: FSceneViewport::OnFocusLost() reason 0
[2019.05.14-14.08.17:652][551]LogActorFactory: Actor Factory created LightBulb_Cylinder009
[2019.05.14-14.08.18:140][599]LogActorFactory: Actor Factory created LightBulb_Cylinder009
[2019.05.14-14.08.18:789][652]Cmd: DELETE
[2019.05.14-14.08.18:789][652]Cmd: ACTOR DELETE
[2019.05.14-14.08.18:799][652]LogEditorActor: Deleted Actor: StaticMeshActor
[2019.05.14-14.08.18:826][652]LogEditorActor: Deleted 1 Actors (0.037 secs)
[2019.05.14-14.08.19:291][696]LogSlate: FSceneViewport::OnFocusLost() reason 0
[2019.05.14-14.08.19:391][706]LogActorFactory: Actor Factory created LightBulb_Cylinder010
[2019.05.14-14.08.19:788][749]LogActorFactory: Actor Factory created LightBulb_Cylinder010
[2019.05.14-14.08.20:167][786]Cmd: DELETE
[2019.05.14-14.08.20:167][786]Cmd: ACTOR DELETE
[2019.05.14-14.08.20:176][786]LogEditorActor: Deleted Actor: StaticMeshActor
[2019.05.14-14.08.20:200][786]LogEditorActor: Deleted 1 Actors (0.033 secs)
[2019.05.14-14.08.21:385][908]LogSlate: FSceneViewport::OnFocusLost() reason 0
[2019.05.14-14.08.21:462][915]LogActorFactory: Actor Factory created LightBulb_Cylinder010
[2019.05.14-14.08.21:648][933]LogActorFactory: Actor Factory created LightBulb_Cylinder010
[2019.05.14-14.08.26:479][431]LogSlate: FSceneViewport::OnFocusLost() reason 0
[2019.05.14-14.08.26:625][444]LogActorFactory: Actor Factory created LightBulb_Cylinder009
[2019.05.14-14.08.27:764][528]LogActorFactory: Actor Factory created LightBulb_Cylinder009
[2019.05.14-14.08.28:598][599]LogSlate: FSceneViewport::OnFocusLost() reason 0
[2019.05.14-14.08.28:708][606]LogActorFactory: Actor Factory created LightBulb_BulbInside
[2019.05.14-14.08.29:326][656]LogActorFactory: Actor Factory created LightBulb_BulbInside
[2019.05.14-14.08.30:067][718]LogSlate: FSceneViewport::OnFocusLost() reason 0
[2019.05.14-14.08.30:208][729]LogActorFactory: Actor Factory created LightBulb_BulbCables
[2019.05.14-14.08.30:556][755]LogActorFactory: Actor Factory created LightBulb_BulbCables
[2019.05.14-14.08.33:055][  8]LogEditorViewport: Clicking on Actor (CTRL LMB): StaticMeshActor (LightBulb_Cylinder010)
[2019.05.14-14.08.33:969][ 95]LogEditorViewport: Clicking on Actor (CTRL LMB): StaticMeshActor (LightBulb_BulbInside)
[2019.05.14-14.08.34:880][193]LogEditorViewport: Clicking on Actor (CTRL LMB): StaticMeshActor (LightBulb_Cylinder009)
[2019.05.14-14.08.35:848][271]Cmd: DELETE
[2019.05.14-14.08.35:848][271]Cmd: ACTOR DELETE
[2019.05.14-14.08.35:871][271]LogEditorActor: Deleted Actor: StaticMeshActor
[2019.05.14-14.08.35:871][271]LogEditorActor: Deleted Actor: StaticMeshActor
[2019.05.14-14.08.35:872][271]LogEditorActor: Deleted Actor: StaticMeshActor
[2019.05.14-14.08.35:872][271]LogEditorActor: Deleted Actor: StaticMeshActor
[2019.05.14-14.08.35:910][271]LogEditorActor: Deleted 4 Actors (0.061 secs)
[2019.05.14-14.08.38:349][546]LogSlate: FSceneViewport::OnFocusLost() reason 0
[2019.05.14-14.08.38:424][553]LogActorFactory: Actor Factory created Medical_Cabinet_Bottom
[2019.05.14-14.08.39:000][620]LogActorFactory: Actor Factory created Medical_Cabinet_Bottom
[2019.05.14-14.08.44:918][228]LogSlate: FSceneViewport::OnFocusLost() reason 0
[2019.05.14-14.08.45:035][237]LogActorFactory: Actor Factory created Shelving_01_Export
[2019.05.14-14.08.45:551][283]LogActorFactory: Actor Factory created Shelving_01_Export
[2019.05.14-14.08.49:984][755]Cmd: DELETE
[2019.05.14-14.08.49:984][755]Cmd: ACTOR DELETE
[2019.05.14-14.08.49:993][755]LogEditorActor: Deleted Actor: StaticMeshActor
[2019.05.14-14.08.50:016][755]LogEditorActor: Deleted 1 Actors (0.032 secs)
[2019.05.14-14.08.50:699][823]LogSlate: FSceneViewport::OnFocusLost() reason 0
[2019.05.14-14.08.50:962][852]LogActorFactory: Actor Factory created Urinal_Trough_Export_01_pCube2
[2019.05.14-14.08.51:638][924]LogActorFactory: Actor Factory created Urinal_Trough_Export_01_pCube2
[2019.05.14-14.08.54:743][264]Cmd: DELETE
[2019.05.14-14.08.54:743][264]Cmd: ACTOR DELETE
[2019.05.14-14.08.54:752][264]LogEditorActor: Deleted Actor: StaticMeshActor
[2019.05.14-14.08.54:772][264]LogEditorActor: Deleted 1 Actors (0.029 secs)
[2019.05.14-14.08.55:359][326]LogSlate: FSceneViewport::OnFocusLost() reason 0
[2019.05.14-14.08.55:428][332]LogActorFactory: Actor Factory created Valve_Export_01
[2019.05.14-14.08.55:849][381]LogActorFactory: Actor Factory created Valve_Export_01
[2019.05.14-14.08.56:806][486]Cmd: DELETE
[2019.05.14-14.08.56:806][486]Cmd: ACTOR DELETE
[2019.05.14-14.08.56:815][486]LogEditorActor: Deleted Actor: StaticMeshActor
[2019.05.14-14.08.56:839][486]LogEditorActor: Deleted 1 Actors (0.033 secs)
[2019.05.14-14.08.57:830][593]LogSlate: FSceneViewport::OnFocusLost() reason 0
[2019.05.14-14.08.57:952][606]LogActorFactory: Actor Factory created Waiting_Room_Bench_01_export_pCube5
[2019.05.14-14.08.58:628][685]LogActorFactory: Actor Factory created Waiting_Room_Bench_01_export_pCube5
[2019.05.14-14.08.59:066][722]Cmd: DELETE
[2019.05.14-14.08.59:066][722]Cmd: ACTOR DELETE
[2019.05.14-14.08.59:076][722]LogEditorActor: Deleted Actor: StaticMeshActor
[2019.05.14-14.08.59:100][722]LogEditorActor: Deleted 1 Actors (0.033 secs)
[2019.05.14-14.08.59:376][747]LogSlate: FSceneViewport::OnFocusLost() reason 0
[2019.05.14-14.08.59:481][757]LogActorFactory: Actor Factory created Waiting_Room_Bench_Backed_01_export
[2019.05.14-14.08.59:756][785]LogActorFactory: Actor Factory created Waiting_Room_Bench_Backed_01_export
[2019.05.14-14.09.01:643][993]LogEditorViewport: Clicking on Actor (LMB): StaticMeshActor (Medical_Cabinet_Bottom)
[2019.05.14-14.09.01:859][  8]Cmd: DELETE
[2019.05.14-14.09.01:859][  8]Cmd: ACTOR DELETE
[2019.05.14-14.09.01:870][  8]LogEditorActor: Deleted Actor: StaticMeshActor
[2019.05.14-14.09.01:903][  8]LogEditorActor: Deleted 1 Actors (0.044 secs)
[2019.05.14-14.09.06:018][481]LogEditorViewport: Clicking on Actor (LMB): StaticMeshActor (Waiting_Room_Bench_Backed_01_export)
[2019.05.14-14.09.10:937][969]Cmd: DELETE
[2019.05.14-14.09.10:938][969]Cmd: ACTOR DELETE
[2019.05.14-14.09.10:946][969]LogEditorActor: Deleted Actor: StaticMeshActor
[2019.05.14-14.09.10:969][969]LogEditorActor: Deleted 1 Actors (0.032 secs)
[2019.05.14-14.09.15:330][321]LogSlate: FSceneViewport::OnFocusLost() reason 2
[2019.05.14-14.09.18:099][567]LogSlate: FSceneViewport::OnFocusLost() reason 2
[2019.05.14-14.09.19:865][567]LogSavePackage: Moving '../../../../../../Users/m015425g/Desktop/Collab2019.git/trunk/TheDescent_Collab19/Saved/LevelOneD21C90BE40CEB2E8C59741919E0F91BA.tmp' to '../../../../../../Users/m015425g/Desktop/Collab2019.git/trunk/TheDescent_Collab19/Content/Users/Niall/Levels/LevelOne.umap'
[2019.05.14-14.09.19:941][567]LogFileHelpers: Saving map 'LevelOne' took 1.836
[2019.05.14-14.09.19:969][567]LogSavePackage: Moving '../../../../../../Users/m015425g/Desktop/Collab2019.git/trunk/TheDescent_Collab19/Saved/Door_singleB6F2C3FC44600F7BF156AF97DEAFB8F2.tmp' to '../../../../../../Users/m015425g/Desktop/Collab2019.git/trunk/TheDescent_Collab19/Content/Users/James/Meshes/Door_single.uasset'
[2019.05.14-14.09.19:997][567]LogSavePackage: Moving '../../../../../../Users/m015425g/Desktop/Collab2019.git/trunk/TheDescent_Collab19/Saved/DoorSliding_lowDAEE83CC4C55FEC283CEBF8B7A2B21B4.tmp' to '../../../../../../Users/m015425g/Desktop/Collab2019.git/trunk/TheDescent_Collab19/Content/Users/James/Meshes/DoorSliding_low.uasset'
[2019.05.14-14.09.20:068][567]LogSavePackage: Moving '../../../../../../Users/m015425g/Desktop/Collab2019.git/trunk/TheDescent_Collab19/Saved/Waiting_Room_Bench_Backed_01_exp23A08AB84915C65FEC7C888CED9E5A60.tmp' to '../../../../../../Users/m015425g/Desktop/Collab2019.git/trunk/TheDescent_Collab19/Content/Users/James/Meshes/Waiting_Room_Bench_Backed_01_export.uasset'
[2019.05.14-14.09.20:117][567]LogSavePackage: Moving '../../../../../../Users/m015425g/Desktop/Collab2019.git/trunk/TheDescent_Collab19/Saved/Shelving_01_ExportB28957FC49E1B9EAFEFD3680017440FB.tmp' to '../../../../../../Users/m015425g/Desktop/Collab2019.git/trunk/TheDescent_Collab19/Content/Users/James/Meshes/Shelving_01_Export.uasset'
[2019.05.14-14.09.20:163][567]LogSavePackage: Moving '../../../../../../Users/m015425g/Desktop/Collab2019.git/trunk/TheDescent_Collab19/Saved/Medical_Cabinet_Bottom79FE71F84BE9F5A2CF7D25BACEF1F888.tmp' to '../../../../../../Users/m015425g/Desktop/Collab2019.git/trunk/TheDescent_Collab19/Content/Users/James/Meshes/Medical_Cabinet_Bottom.uasset'
[2019.05.14-14.09.20:205][567]LogSavePackage: Moving '../../../../../../Users/m015425g/Desktop/Collab2019.git/trunk/TheDescent_Collab19/Saved/Valve_Export_010CFAB7894D862F406782B7877A3AEE3C.tmp' to '../../../../../../Users/m015425g/Desktop/Collab2019.git/trunk/TheDescent_Collab19/Content/Users/James/Meshes/Valve_Export_01.uasset'
[2019.05.14-14.09.20:248][567]LogSavePackage: Moving '../../../../../../Users/m015425g/Desktop/Collab2019.git/trunk/TheDescent_Collab19/Saved/Fuse_Box_Export_011F3CD43348F0EF243609ACA52B4FC605.tmp' to '../../../../../../Users/m015425g/Desktop/Collab2019.git/trunk/TheDescent_Collab19/Content/Users/James/Meshes/Fuse_Box_Export_01.uasset'
[2019.05.14-14.09.20:297][567]LogSavePackage: Moving '../../../../../../Users/m015425g/Desktop/Collab2019.git/trunk/TheDescent_Collab19/Saved/LightBulb_Cylinder009F96F1F9544E36F06813C3C8B972FC79E.tmp' to '../../../../../../Users/m015425g/Desktop/Collab2019.git/trunk/TheDescent_Collab19/Content/Users/James/Meshes/LightBulb_Cylinder009.uasset'
[2019.05.14-14.09.20:360][567]LogSavePackage: Moving '../../../../../../Users/m015425g/Desktop/Collab2019.git/trunk/TheDescent_Collab19/Saved/LightBulb_Cylinder0106330DD5B450E36970F249AAAE1C1A53F.tmp' to '../../../../../../Users/m015425g/Desktop/Collab2019.git/trunk/TheDescent_Collab19/Content/Users/James/Meshes/LightBulb_Cylinder010.uasset'
[2019.05.14-14.09.20:403][567]LogSavePackage: Moving '../../../../../../Users/m015425g/Desktop/Collab2019.git/trunk/TheDescent_Collab19/Saved/LightBulb_BulbInsideBE0F85ED4A09873FE20FB7BCF5F51D43.tmp' to '../../../../../../Users/m015425g/Desktop/Collab2019.git/trunk/TheDescent_Collab19/Content/Users/James/Meshes/LightBulb_BulbInside.uasset'
[2019.05.14-14.09.20:458][567]LogSavePackage: Moving '../../../../../../Users/m015425g/Desktop/Collab2019.git/trunk/TheDescent_Collab19/Saved/LightBulb_BulbCables5B4FBF8E49C8E6A6508F80A337A26AB3.tmp' to '../../../../../../Users/m015425g/Desktop/Collab2019.git/trunk/TheDescent_Collab19/Content/Users/James/Meshes/LightBulb_BulbCables.uasset'
[2019.05.14-14.09.20:499][567]LogSavePackage: Moving '../../../../../../Users/m015425g/Desktop/Collab2019.git/trunk/TheDescent_Collab19/Saved/Urinal_Trough_Export_01_pCube236ABBB694F0FAB7B5E728FBA7F815DD9.tmp' to '../../../../../../Users/m015425g/Desktop/Collab2019.git/trunk/TheDescent_Collab19/Content/Users/James/Meshes/Urinal_Trough_Export_01_pCube2.uasset'
[2019.05.14-14.09.20:540][567]LogSavePackage: Moving '../../../../../../Users/m015425g/Desktop/Collab2019.git/trunk/TheDescent_Collab19/Saved/Waiting_Room_Bench_01_export_pCu198EA57B471A23941A9BA1B98D60BF5A.tmp' to '../../../../../../Users/m015425g/Desktop/Collab2019.git/trunk/TheDescent_Collab19/Content/Users/James/Meshes/Waiting_Room_Bench_01_export_pCube5.uasset'
[2019.05.14-14.09.21:847][714]LogSlate: FSceneViewport::OnFocusLost() reason 0
[2019.05.14-14.09.23:361][868]LogSlate: Window 'TheDescent_Collab19 - Unreal Editor' being destroyed
[2019.05.14-14.09.23:363][868]LogWindowsTextInputMethodSystem: Display: IME system now deactivated.
[2019.05.14-14.09.23:605][869]Cmd: QUIT_EDITOR
[2019.05.14-14.09.23:691][869]LogExit: Preparing to exit.
[2019.05.14-14.09.24:540][869]LogExit: Editor shut down
[2019.05.14-14.09.24:541][869]LogExit: Transaction tracking system shut down
[2019.05.14-14.09.25:267][869]LogExit: Object subsystem successfully closed.
[2019.05.14-14.09.25:310][869]LogShaderCompilers: Display: Shaders left to compile 0
[2019.05.14-14.09.25:319][869]LogD3D11RHI: Shutdown
[2019.05.14-14.09.25:319][869]LogD3D11RHI: CleanupD3DDevice
[2019.05.14-14.09.25:324][869]LogD3D11RHI: ~FD3D11DynamicRHI
[2019.05.14-14.09.25:390][869]LogModuleManager: Shutting down and abandoning module MeshBuilder (612)
[2019.05.14-14.09.25:390][869]LogModuleManager: Shutting down and abandoning module HierarchicalLODOutliner (610)
[2019.05.14-14.09.25:390][869]LogModuleManager: Shutting down and abandoning module SceneOutliner (608)
[2019.05.14-14.09.25:390][869]LogModuleManager: Shutting down and abandoning module AddContentDialog (606)
[2019.05.14-14.09.25:391][869]LogModuleManager: Shutting down and abandoning module WidgetCarousel (605)
[2019.05.14-14.09.25:391][869]LogModuleManager: Shutting down and abandoning module EditorWidgets (602)
[2019.05.14-14.09.25:391][869]LogModuleManager: Shutting down and abandoning module CollectionManager (600)
[2019.05.14-14.09.25:391][869]LogModuleManager: Shutting down and abandoning module StatsViewer (598)
[2019.05.14-14.09.25:391][869]LogModuleManager: Shutting down and abandoning module FoliageEdit (596)
[2019.05.14-14.09.25:391][869]LogModuleManager: Shutting down and abandoning module LandscapeEditor (594)
[2019.05.14-14.09.25:391][869]LogModuleManager: Shutting down and abandoning module MeshPaintMode (592)
[2019.05.14-14.09.25:391][869]LogModuleManager: Shutting down and abandoning module SceneDepthPickerMode (590)
[2019.05.14-14.09.25:391][869]LogModuleManager: Shutting down and abandoning module ActorPickerMode (588)
[2019.05.14-14.09.25:391][869]LogModuleManager: Shutting down and abandoning module GeometryMode (586)
[2019.05.14-14.09.25:391][869]LogModuleManager: Shutting down and abandoning module TextureAlignMode (584)
[2019.05.14-14.09.25:391][869]LogModuleManager: Shutting down and abandoning module BspMode (582)
[2019.05.14-14.09.25:391][869]LogModuleManager: Shutting down and abandoning module PIEPreviewDeviceProfileSelector (580)
[2019.05.14-14.09.25:391][869]LogModuleManager: Shutting down and abandoning module SequenceRecorderSections (578)
[2019.05.14-14.09.25:391][869]LogModuleManager: Shutting down and abandoning module AutomationWorker (576)
[2019.05.14-14.09.25:391][869]LogModuleManager: Shutting down and abandoning module AudioCaptureEditor (574)
[2019.05.14-14.09.25:391][869]LogModuleManager: Shutting down and abandoning module SequenceRecorder (573)
[2019.05.14-14.09.25:392][869]LogModuleManager: Shutting down and abandoning module MatineeToLevelSequence (570)
[2019.05.14-14.09.25:392][869]LogModuleManager: Shutting down and abandoning module LevelSequenceEditor (568)
[2019.05.14-14.09.25:392][869]LogModuleManager: Shutting down and abandoning module PlacementMode (567)
[2019.05.14-14.09.25:392][869]LogModuleManager: Shutting down and abandoning module MaterialEditor (566)
[2019.05.14-14.09.25:392][869]LogModuleManager: Shutting down and abandoning module WmfMediaFactory (562)
[2019.05.14-14.09.25:392][869]LogModuleManager: Shutting down and abandoning module WmfMediaEditor (560)
[2019.05.14-14.09.25:392][869]LogModuleManager: Shutting down and abandoning module MediaPlayerEditor (558)
[2019.05.14-14.09.25:392][869]LogModuleManager: Shutting down and abandoning module OpenExrWrapper (556)
[2019.05.14-14.09.25:392][869]LogModuleManager: Shutting down and abandoning module ImgMediaFactory (554)
[2019.05.14-14.09.25:392][869]LogModuleManager: Shutting down and abandoning module ImgMediaEditor (552)
[2019.05.14-14.09.25:392][869]LogModuleManager: Shutting down and abandoning module AvfMediaFactory (550)
[2019.05.14-14.09.25:392][869]LogModuleManager: Shutting down and abandoning module AvfMediaEditor (548)
[2019.05.14-14.09.25:392][869]LogModuleManager: Shutting down and abandoning module AndroidMediaFactory (546)
[2019.05.14-14.09.25:392][869]LogModuleManager: Shutting down and abandoning module AndroidMediaEditor (544)
[2019.05.14-14.09.25:392][869]LogModuleManager: Shutting down and abandoning module MagicLeapCameraPreviewFactory (542)
[2019.05.14-14.09.25:392][869]LogModuleManager: Shutting down and abandoning module MagicLeapMediaFactory (540)
[2019.05.14-14.09.25:392][869]LogModuleManager: Shutting down and abandoning module MagicLeapMediaEditor (538)
[2019.05.14-14.09.25:392][869]LogModuleManager: Shutting down and abandoning module CharacterAI (536)
[2019.05.14-14.09.25:392][869]LogModuleManager: Shutting down and abandoning module SmartSnapping (534)
[2019.05.14-14.09.25:392][869]LogModuleManager: Shutting down and abandoning module SessionServices (532)
[2019.05.14-14.09.25:392][869]LogModuleManager: Shutting down and abandoning module ViewportSnapping (530)
[2019.05.14-14.09.25:392][869]LogModuleManager: Shutting down and abandoning module ViewportInteraction (528)
[2019.05.14-14.09.25:392][869]LogModuleManager: Shutting down and abandoning module ClothPainter (526)
[2019.05.14-14.09.25:392][869]LogModuleManager: Shutting down and abandoning module SkeletalMeshEditor (525)
[2019.05.14-14.09.25:392][869]LogModuleManager: Shutting down and abandoning module LogVisualizer (522)
[2019.05.14-14.09.25:392][869]LogModuleManager: Shutting down and abandoning module IntroTutorials (520)
[2019.05.14-14.09.25:392][869]LogModuleManager: Shutting down and abandoning module GameProjectGeneration (519)
[2019.05.14-14.09.25:392][869]LogModuleManager: Shutting down and abandoning module LuminPlatformEditor (516)
[2019.05.14-14.09.25:392][869]LogModuleManager: Shutting down and abandoning module IOSPlatformEditor (514)
[2019.05.14-14.09.25:393][869]LogModuleManager: Shutting down and abandoning module HTML5PlatformEditor (512)
[2019.05.14-14.09.25:393][869]LogModuleManager: Shutting down and abandoning module AndroidPlatformEditor (510)
[2019.05.14-14.09.25:393][869]LogModuleManager: Shutting down and abandoning module AndroidDeviceDetection (509)
[2019.05.14-14.09.26:083][869]LogModuleManager: Shutting down and abandoning module WindowsPlatformEditor (506)
[2019.05.14-14.09.26:083][869]LogModuleManager: Shutting down and abandoning module LuminRuntimeSettings (504)
[2019.05.14-14.09.26:083][869]LogModuleManager: Shutting down and abandoning module IOSRuntimeSettings (502)
[2019.05.14-14.09.26:083][869]LogModuleManager: Shutting down and abandoning module AndroidRuntimeSettings (500)
[2019.05.14-14.09.26:083][869]LogModuleManager: Shutting down and abandoning module InputBindingEditor (498)
[2019.05.14-14.09.26:083][869]LogModuleManager: Shutting down and abandoning module MergeActors (496)
[2019.05.14-14.09.26:083][869]LogModuleManager: Shutting down and abandoning module LocalizationDashboard (494)
[2019.05.14-14.09.26:083][869]LogModuleManager: Shutting down and abandoning module LocalizationService (493)
[2019.05.14-14.09.26:083][869]LogModuleManager: Shutting down and abandoning module HardwareTargeting (490)
[2019.05.14-14.09.26:083][869]LogModuleManager: Shutting down and abandoning module DeviceProfileEditor (488)
[2019.05.14-14.09.26:083][869]LogModuleManager: Shutting down and abandoning module UndoHistory (486)
[2019.05.14-14.09.26:083][869]LogModuleManager: Shutting down and abandoning module XmlParser (484)
[2019.05.14-14.09.26:083][869]LogModuleManager: Shutting down and abandoning module Blutility (482)
[2019.05.14-14.09.26:083][869]LogModuleManager: Shutting down and abandoning module ProjectSettingsViewer (480)
[2019.05.14-14.09.26:084][869]LogModuleManager: Shutting down and abandoning module ProjectTargetPlatformEditor (479)
[2019.05.14-14.09.26:084][869]LogModuleManager: Shutting down and abandoning module EditorSettingsViewer (476)
[2019.05.14-14.09.26:084][869]LogModuleManager: Shutting down and abandoning module SettingsEditor (474)
[2019.05.14-14.09.26:084][869]LogModuleManager: Shutting down and abandoning module ProjectLauncher (472)
[2019.05.14-14.09.26:084][869]LogModuleManager: Shutting down and abandoning module SessionFrontend (470)
[2019.05.14-14.09.26:084][869]LogModuleManager: Shutting down and abandoning module ProfilerClient (468)
[2019.05.14-14.09.26:084][869]LogModuleManager: Shutting down and abandoning module DeviceManager (466)
[2019.05.14-14.09.26:084][869]LogModuleManager: Shutting down and abandoning module TargetDeviceServices (465)
[2019.05.14-14.09.26:150][869]LogModuleManager: Shutting down and abandoning module AutomationController (462)
[2019.05.14-14.09.26:150][869]LogModuleManager: Shutting down and abandoning module AutomationWindow (460)
[2019.05.14-14.09.26:150][869]LogModuleManager: Shutting down and abandoning module Layers (458)
[2019.05.14-14.09.26:150][869]LogModuleManager: Shutting down and abandoning module ComponentVisualizers (456)
[2019.05.14-14.09.26:150][869]LogModuleManager: Shutting down and abandoning module DetailCustomizations (454)
[2019.05.14-14.09.26:150][869]LogModuleManager: Shutting down and abandoning module PackagesDialog (452)
[2019.05.14-14.09.26:150][869]LogModuleManager: Shutting down and abandoning module Persona (450)
[2019.05.14-14.09.26:151][869]LogModuleManager: Shutting down and abandoning module AdvancedPreviewScene (449)
[2019.05.14-14.09.26:151][869]LogModuleManager: Shutting down and abandoning module AnimGraph (447)
[2019.05.14-14.09.26:151][869]LogModuleManager: Shutting down and abandoning module Kismet (444)
[2019.05.14-14.09.26:155][869]LogModuleManager: Shutting down and abandoning module GraphEditor (442)
[2019.05.14-14.09.26:156][869]LogModuleManager: Shutting down and abandoning module ClassViewer (440)
[2019.05.14-14.09.26:156][869]LogModuleManager: Shutting down and abandoning module Toolbox (438)
[2019.05.14-14.09.26:156][869]LogModuleManager: Shutting down and abandoning module ModuleUI (436)
[2019.05.14-14.09.26:156][869]LogModuleManager: Shutting down and abandoning module MovieSceneTools (434)
[2019.05.14-14.09.26:156][869]LogModuleManager: Shutting down and abandoning module OutputLog (432)
[2019.05.14-14.09.26:156][869]LogModuleManager: Shutting down and abandoning module GammaUI (430)
[2019.05.14-14.09.26:156][869]LogModuleManager: Shutting down and abandoning module Documentation (428)
[2019.05.14-14.09.26:156][869]LogModuleManager: Shutting down and abandoning module MovieSceneTracks (426)
[2019.05.14-14.09.26:156][869]LogModuleManager: Shutting down and abandoning module MovieScene (424)
[2019.05.14-14.09.26:156][869]LogModuleManager: Shutting down and abandoning module StreamingPauseRendering (422)
[2019.05.14-14.09.26:156][869]LogModuleManager: Shutting down and abandoning module LauncherPlatform (420)
[2019.05.14-14.09.26:156][869]LogModuleManager: Shutting down and abandoning module AnalyticsET (418)
[2019.05.14-14.09.26:156][869]LogModuleManager: Shutting down and abandoning module PortalServices (416)
[2019.05.14-14.09.26:156][869]LogModuleManager: Shutting down and abandoning module PortalRpc (414)
[2019.05.14-14.09.26:157][869]LogModuleManager: Shutting down and abandoning module MessagingRpc (412)
[2019.05.14-14.09.26:157][869]LogModuleManager: Shutting down and abandoning module AIModule (410)
[2019.05.14-14.09.26:157][869]LogModuleManager: Shutting down and abandoning module GameplayDebugger (409)
[2019.05.14-14.09.26:157][869]LogModuleManager: Shutting down and abandoning module AITestSuite (407)
[2019.05.14-14.09.26:157][869]LogModuleManager: Shutting down and abandoning module NavigationSystem (405)
[2019.05.14-14.09.26:157][869]LogModuleManager: Shutting down and abandoning module DesktopPlatform (402)
[2019.05.14-14.09.26:157][869]LogModuleManager: Shutting down and abandoning module ProfilerService (400)
[2019.05.14-14.09.26:186][869]LogModuleManager: Shutting down and abandoning module TaskGraph (398)
[2019.05.14-14.09.26:186][869]LogModuleManager: Shutting down and abandoning module SteamVRController (396)
[2019.05.14-14.09.26:186][869]LogModuleManager: Shutting down and abandoning module ProceduralMeshComponentEditor (394)
[2019.05.14-14.09.26:186][869]LogModuleManager: Shutting down and abandoning module ProceduralMeshComponent (392)
[2019.05.14-14.09.26:186][869]LogModuleManager: Shutting down and abandoning module OculusInput (390)
[2019.05.14-14.09.26:186][869]LogModuleManager: Shutting down and abandoning module MobilePatchingUtils (388)
[2019.05.14-14.09.26:186][869]LogModuleManager: Shutting down and abandoning module EditableMesh (386)
[2019.05.14-14.09.26:186][869]LogModuleManager: Shutting down and abandoning module CustomMeshComponent (384)
[2019.05.14-14.09.26:186][869]LogModuleManager: Shutting down and abandoning module CableComponent (382)
[2019.05.14-14.09.26:186][869]LogModuleManager: Shutting down and abandoning module AudioCapture (380)
[2019.05.14-14.09.26:186][869]LogModuleManager: Shutting down and abandoning module ArchVisCharacter (378)
[2019.05.14-14.09.26:186][869]LogModuleManager: Shutting down and abandoning module AndroidPermission (376)
[2019.05.14-14.09.26:186][869]LogModuleManager: Shutting down and abandoning module NUTUnrealEngine4 (374)
[2019.05.14-14.09.26:186][869]LogModuleManager: Shutting down and abandoning module NetcodeUnitTest (372)
[2019.05.14-14.09.26:187][869]LogModuleManager: Shutting down and abandoning module MediaCompositingEditor (370)
[2019.05.14-14.09.26:187][869]LogModuleManager: Shutting down and abandoning module MediaCompositing (368)
[2019.05.14-14.09.26:187][869]LogModuleManager: Shutting down and abandoning module LinearTimecode (366)
[2019.05.14-14.09.26:187][869]LogModuleManager: Shutting down and abandoning module ImgMedia (364)
[2019.05.14-14.09.26:194][869]LogModuleManager: Shutting down and abandoning module HTML5Networking (362)
[2019.05.14-14.09.26:194][869]LogModuleManager: Shutting down and abandoning module GeometryCacheTracks (360)
[2019.05.14-14.09.26:194][869]LogModuleManager: Shutting down and abandoning module GeometryCacheSequencer (358)
[2019.05.14-14.09.26:194][869]LogModuleManager: Shutting down and abandoning module BackChannel (356)
[2019.05.14-14.09.26:194][869]LogModuleManager: Shutting down and abandoning module AppleVision (354)
[2019.05.14-14.09.26:194][869]LogModuleManager: Shutting down and abandoning module AppleImageUtils (352)
[2019.05.14-14.09.26:194][869]LogModuleManager: Shutting down and abandoning module AlembicImporter (350)
[2019.05.14-14.09.26:194][869]LogModuleManager: Shutting down and abandoning module AlembicLibrary (349)
[2019.05.14-14.09.26:194][869]LogModuleManager: Shutting down and abandoning module GeometryCache (348)
[2019.05.14-14.09.26:194][869]LogModuleManager: Shutting down and abandoning module GeometryCacheEd (347)
[2019.05.14-14.09.26:194][869]LogModuleManager: Shutting down and abandoning module DatasmithContentEditor (342)
[2019.05.14-14.09.26:194][869]LogModuleManager: Shutting down and abandoning module DatasmithContent (340)
[2019.05.14-14.09.26:196][869]LogModuleManager: Shutting down and abandoning module SpeedTreeImporter (338)
[2019.05.14-14.09.26:196][869]LogModuleManager: Shutting down and abandoning module PluginBrowser (336)
[2019.05.14-14.09.26:196][869]LogModuleManager: Shutting down and abandoning module MobileLauncherProfileWizard (334)
[2019.05.14-14.09.26:196][869]LogModuleManager: Shutting down and abandoning module PolygonModeling (332)
[2019.05.14-14.09.26:196][869]LogModuleManager: Shutting down and abandoning module MeshEditor (330)
[2019.05.14-14.09.26:196][869]LogModuleManager: Shutting down and abandoning module CryptoKeysOpenSSL (328)
[2019.05.14-14.09.26:196][869]LogModuleManager: Shutting down and abandoning module CryptoKeys (326)
[2019.05.14-14.09.26:197][869]LogModuleManager: Shutting down and abandoning module VisualStudioSourceCodeAccess (324)
[2019.05.14-14.09.26:197][869]LogModuleManager: Shutting down and abandoning module VisualStudioCodeSourceCodeAccess (322)
[2019.05.14-14.09.26:197][869]LogModuleManager: Shutting down and abandoning module UObjectPlugin (320)
[2019.05.14-14.09.26:197][869]LogModuleManager: Shutting down and abandoning module SubversionSourceControl (318)
[2019.05.14-14.09.26:197][869]LogModuleManager: Shutting down and abandoning module PerforceSourceControl (316)
[2019.05.14-14.09.26:197][869]LogModuleManager: Shutting down and abandoning module GitSourceControl (314)
[2019.05.14-14.09.26:197][869]LogModuleManager: Shutting down and abandoning module SourceControl (313)
[2019.05.14-14.09.26:197][869]LogModuleManager: Shutting down and abandoning module CLionSourceCodeAccess (310)
[2019.05.14-14.09.26:197][869]LogModuleManager: Shutting down and abandoning module LightPropagationVolumeEditor (308)
[2019.05.14-14.09.26:197][869]LogModuleManager: Shutting down and abandoning module PaperTiledImporter (306)
[2019.05.14-14.09.26:197][869]LogModuleManager: Shutting down and abandoning module PaperSpriteSheetImporter (304)
[2019.05.14-14.09.26:197][869]LogModuleManager: Shutting down and abandoning module Paper2DEditor (302)
[2019.05.14-14.09.26:198][869]LogModuleManager: Shutting down and abandoning module MeshPaint (301)
[2019.05.14-14.09.26:198][869]LogModuleManager: Shutting down and abandoning module RuntimePhysXCooking (298)
[2019.05.14-14.09.26:198][869]LogModuleManager: Shutting down and abandoning module PhysXVehiclesEditor (296)
[2019.05.14-14.09.26:198][869]LogModuleManager: Shutting down and abandoning module PhysXVehicles (294)
[2019.05.14-14.09.26:198][869]LogModuleManager: Shutting down and abandoning module OculusEditor (292)
[2019.05.14-14.09.26:198][869]LogModuleManager: Shutting down and abandoning module LocationServicesBPLibrary (290)
[2019.05.14-14.09.26:198][869]LogModuleManager: Shutting down and abandoning module ImmediatePhysicsEditor (288)
[2019.05.14-14.09.26:198][869]LogModuleManager: Shutting down and abandoning module ImmediatePhysics (286)
[2019.05.14-14.09.26:198][869]LogModuleManager: Shutting down and abandoning module ActorSequence (284)
[2019.05.14-14.09.26:198][869]LogModuleManager: Shutting down and abandoning module UdpMessaging (282)
[2019.05.14-14.09.26:299][869]LogModuleManager: Shutting down and abandoning module TcpMessaging (280)
[2019.05.14-14.09.26:400][869]LogModuleManager: Shutting down and abandoning module MagicLeapAudio (278)
[2019.05.14-14.09.26:400][869]LogModuleManager: Shutting down and abandoning module GameplayTagsEditor (276)
[2019.05.14-14.09.26:400][869]LogModuleManager: Shutting down and abandoning module FacialAnimationEditor (274)
[2019.05.14-14.09.26:400][869]LogModuleManager: Shutting down and abandoning module FacialAnimation (272)
[2019.05.14-14.09.26:400][869]LogModuleManager: Shutting down and abandoning module DataValidation (270)
[2019.05.14-14.09.26:400][869]LogModuleManager: Shutting down and abandoning module AssetManagerEditor (268)
[2019.05.14-14.09.26:400][869]LogModuleManager: Shutting down and abandoning module LevelEditor (267)
[2019.05.14-14.09.26:402][869]LogModuleManager: Shutting down and abandoning module PixelInspectorModule (266)
[2019.05.14-14.09.26:402][869]LogModuleManager: Shutting down and abandoning module CommonMenuExtensions (264)
[2019.05.14-14.09.26:402][869]LogModuleManager: Shutting down and abandoning module MainFrame (262)
[2019.05.14-14.09.26:402][869]LogModuleManager: Shutting down and abandoning module HotReload (261)
[2019.05.14-14.09.26:403][869]LogModuleManager: Shutting down and abandoning module ContentBrowser (257)
[2019.05.14-14.09.26:406][869]LogModuleManager: Shutting down and abandoning module TreeMap (255)
[2019.05.14-14.09.26:406][869]LogModuleManager: Shutting down and abandoning module LightPropagationVolumeRuntime (252)
[2019.05.14-14.09.26:406][869]LogModuleManager: Shutting down and abandoning module AISupportModule (250)
[2019.05.14-14.09.26:406][869]LogModuleManager: Shutting down and abandoning module Paper2D (248)
[2019.05.14-14.09.26:406][869]LogModuleManager: Shutting down and abandoning module WindowsMoviePlayer (246)
[2019.05.14-14.09.26:406][869]LogModuleManager: Shutting down and abandoning module WmfMedia (244)
[2019.05.14-14.09.26:412][869]LogModuleManager: Shutting down and abandoning module Media (243)
[2019.05.14-14.09.26:419][869]LogModuleManager: Shutting down and abandoning module PacketHandler (240)
[2019.05.14-14.09.26:419][869]LogModuleManager: Shutting down and abandoning module ClothingSystemEditor (238)
[2019.05.14-14.09.26:419][869]LogModuleManager: Shutting down and abandoning module ClothingSystemRuntime (236)
[2019.05.14-14.09.26:419][869]LogModuleManager: Shutting down and abandoning module MediaAssets (234)
[2019.05.14-14.09.26:419][869]LogModuleManager: Shutting down and abandoning module Overlay (232)
[2019.05.14-14.09.26:419][869]LogModuleManager: Shutting down and abandoning module OverlayEditor (231)
[2019.05.14-14.09.26:419][869]LogModuleManager: Shutting down and abandoning module VREditor (228)
[2019.05.14-14.09.26:419][869]LogModuleManager: Shutting down and abandoning module StringTableEditor (226)
[2019.05.14-14.09.26:419][869]LogModuleManager: Shutting down and abandoning module GameplayTasksEditor (224)
[2019.05.14-14.09.26:419][869]LogModuleManager: Shutting down and abandoning module BehaviorTreeEditor (222)
[2019.05.14-14.09.26:419][869]LogModuleManager: Shutting down and abandoning module FunctionalTesting (220)
[2019.05.14-14.09.26:419][869]LogModuleManager: Shutting down and abandoning module CollisionAnalyzer (218)
[2019.05.14-14.09.26:419][869]LogModuleManager: Shutting down and abandoning module WorkspaceMenuStructure (217)
[2019.05.14-14.09.26:420][869]LogModuleManager: Shutting down and abandoning module UMG (214)
[2019.05.14-14.09.26:420][869]LogModuleManager: Shutting down and abandoning module UMGEditor (213)
[2019.05.14-14.09.26:420][869]LogModuleManager: Shutting down and abandoning module Sequencer (212)
[2019.05.14-14.09.26:420][869]LogModuleManager: Shutting down and abandoning module MessageLog (209)
[2019.05.14-14.09.26:420][869]LogModuleManager: Shutting down and abandoning module SlateReflector (204)
[2019.05.14-14.09.26:420][869]LogModuleManager: Shutting down and abandoning module Slate (202)
[2019.05.14-14.09.26:420][869]LogModuleManager: Shutting down and abandoning module EditorStyle (200)
[2019.05.14-14.09.26:424][869]LogModuleManager: Shutting down and abandoning module MRMesh (198)
[2019.05.14-14.09.26:424][869]LogModuleManager: Shutting down and abandoning module SourceCodeAccess (196)
[2019.05.14-14.09.26:424][869]LogModuleManager: Shutting down and abandoning module HeadMountedDisplay (194)
[2019.05.14-14.09.26:424][869]LogModuleManager: Shutting down and abandoning module XAudio2 (192)
[2019.05.14-14.09.26:424][869]LogModuleManager: Shutting down and abandoning module Networking (190)
[2019.05.14-14.09.26:424][869]LogModuleManager: Shutting down and abandoning module Core (188)
[2019.05.14-14.09.26:424][869]LogModuleManager: Shutting down and abandoning module LevelSequence (186)
[2019.05.14-14.09.26:424][869]LogModuleManager: Shutting down and abandoning module KismetCompiler (184)
[2019.05.14-14.09.26:425][869]LogModuleManager: Shutting down and abandoning module MeshUtilities (182)
[2019.05.14-14.09.26:425][869]LogModuleManager: Shutting down and abandoning module MeshMergeUtilities (181)
[2019.05.14-14.09.26:425][869]LogModuleManager: Shutting down and abandoning module MeshReductionInterface (180)
[2019.05.14-14.09.26:425][869]LogModuleManager: Shutting down and abandoning module SimplygonSwarm (179)
[2019.05.14-14.09.26:425][869]LogModuleManager: Shutting down and abandoning module ProxyLODMeshReduction (177)
[2019.05.14-14.09.26:425][869]LogModuleManager: Shutting down and abandoning module SimplygonMeshReduction (175)
[2019.05.14-14.09.26:425][869]LogModuleManager: Shutting down and abandoning module QuadricMeshReduction (173)
[2019.05.14-14.09.26:425][869]LogModuleManager: Shutting down and abandoning module MaterialBaking (169)
[2019.05.14-14.09.26:425][869]LogModuleManager: Shutting down and abandoning module DirectoryWatcher (165)
[2019.05.14-14.09.26:425][869]LogModuleManager: Shutting down and abandoning module DerivedDataCache (162)
[2019.05.14-14.09.26:472][869]LogDerivedDataCache: Shutdown
[2019.05.14-14.09.26:472][869]LogModuleManager: Shutting down and abandoning module XGEController (160)
[2019.05.14-14.09.26:472][869]LogXGEController: Cleaning working directory: C:/Users/m015425g/AppData/Local/Temp/UnrealXGEWorkingDir/
[2019.05.14-14.09.26:473][869]LogModuleManager: Shutting down and abandoning module TargetPlatform (158)
[2019.05.14-14.09.26:473][869]LogModuleManager: Shutting down and abandoning module VulkanShaderFormat (157)
[2019.05.14-14.09.26:473][869]LogModuleManager: Shutting down and abandoning module ShaderFormatVectorVM (155)
[2019.05.14-14.09.26:473][869]LogModuleManager: Shutting down and abandoning module ShaderFormatOpenGL (153)
[2019.05.14-14.09.26:473][869]LogModuleManager: Shutting down and abandoning module ShaderFormatD3D (151)
[2019.05.14-14.09.26:473][869]LogModuleManager: Shutting down and abandoning module MetalShaderFormat (149)
[2019.05.14-14.09.26:473][869]LogModuleManager: Shutting down and abandoning module TextureFormatUncompressed (147)
[2019.05.14-14.09.26:473][869]LogModuleManager: Shutting down and abandoning module TextureFormatPVR (145)
[2019.05.14-14.09.26:473][869]LogModuleManager: Shutting down and abandoning module TextureFormatDXT (143)
[2019.05.14-14.09.26:473][869]LogModuleManager: Shutting down and abandoning module TextureFormatIntelISPCTexComp (141)
[2019.05.14-14.09.26:474][869]LogModuleManager: Shutting down and abandoning module TextureFormatASTC (139)
[2019.05.14-14.09.26:474][869]LogModuleManager: Shutting down and abandoning module ImageWrapper (138)
[2019.05.14-14.09.26:474][869]LogModuleManager: Shutting down and abandoning module TextureFormatAndroid (135)
[2019.05.14-14.09.26:474][869]LogModuleManager: Shutting down and abandoning module AudioFormatOpus (133)
[2019.05.14-14.09.26:474][869]LogModuleManager: Shutting down and abandoning module AudioFormatOgg (131)
[2019.05.14-14.09.26:474][869]LogModuleManager: Shutting down and abandoning module AudioFormatADPCM (129)
[2019.05.14-14.09.26:474][869]LogModuleManager: Shutting down and abandoning module LuminTargetPlatform (127)
[2019.05.14-14.09.26:474][869]LogModuleManager: Shutting down and abandoning module LinuxTargetPlatform (125)
[2019.05.14-14.09.26:474][869]LogModuleManager: Shutting down and abandoning module LinuxServerTargetPlatform (123)
[2019.05.14-14.09.26:474][869]LogModuleManager: Shutting down and abandoning module LinuxNoEditorTargetPlatform (121)
[2019.05.14-14.09.26:474][869]LogModuleManager: Shutting down and abandoning module LinuxClientTargetPlatform (119)
[2019.05.14-14.09.26:474][869]LogModuleManager: Shutting down and abandoning module TVOSTargetPlatform (117)
[2019.05.14-14.09.26:476][869]LogModuleManager: Shutting down and abandoning module Messaging (115)
[2019.05.14-14.09.26:476][869]LogModuleManager: Shutting down and abandoning module IOSTargetPlatform (113)
[2019.05.14-14.09.26:478][869]LogModuleManager: Shutting down and abandoning module HTML5TargetPlatform (111)
[2019.05.14-14.09.26:478][869]LogModuleManager: Shutting down and abandoning module AndroidTargetPlatform (109)
[2019.05.14-14.09.26:491][869]LogModuleManager: Shutting down and abandoning module WindowsTargetPlatform (107)
[2019.05.14-14.09.26:491][869]LogModuleManager: Shutting down and abandoning module WindowsServerTargetPlatform (105)
[2019.05.14-14.09.26:491][869]LogModuleManager: Shutting down and abandoning module WindowsNoEditorTargetPlatform (103)
[2019.05.14-14.09.26:491][869]LogModuleManager: Shutting down and abandoning module WindowsClientTargetPlatform (101)
[2019.05.14-14.09.26:491][869]LogModuleManager: Shutting down and abandoning module MacTargetPlatform (99)
[2019.05.14-14.09.26:491][869]LogModuleManager: Shutting down and abandoning module MacServerTargetPlatform (97)
[2019.05.14-14.09.26:491][869]LogModuleManager: Shutting down and abandoning module MacNoEditorTargetPlatform (95)
[2019.05.14-14.09.26:492][869]LogModuleManager: Shutting down and abandoning module MacClientTargetPlatform (93)
[2019.05.14-14.09.26:492][869]LogModuleManager: Shutting down and abandoning module AllDesktopTargetPlatform (91)
[2019.05.14-14.09.26:492][869]LogModuleManager: Shutting down and abandoning module InputCore (88)
[2019.05.14-14.09.26:492][869]LogModuleManager: Shutting down and abandoning module Settings (86)
[2019.05.14-14.09.26:492][869]LogModuleManager: Shutting down and abandoning module PhysXCooking (84)
[2019.05.14-14.09.26:492][869]LogModuleManager: Shutting down and abandoning module SteamVR (82)
[2019.05.14-14.09.26:492][869]LogModuleManager: Shutting down and abandoning module OculusHMD (80)
[2019.05.14-14.09.26:492][869]LogModuleManager: Shutting down and abandoning module ExampleDeviceProfileSelector (78)
[2019.05.14-14.09.26:492][869]LogModuleManager: Shutting down and abandoning module LauncherChunkInstaller (76)
[2019.05.14-14.09.26:492][869]LogModuleManager: Shutting down and abandoning module OnlineBlueprintSupport (74)
[2019.05.14-14.09.26:492][869]LogModuleManager: Shutting down and abandoning module OnlineSubsystem (70)
[2019.05.14-14.09.26:494][869]LogModuleManager: Shutting down and abandoning module XMPP (65)
[2019.05.14-14.09.26:494][869]LogModuleManager: Shutting down and abandoning module WebSockets (64)
[2019.05.14-14.09.26:509][869]LogModuleManager: Shutting down and abandoning module HTTP (61)
[2019.05.14-14.09.26:509][869]LogHttp: Display: Http module shutting down, but needs to wait on 1 outstanding Http requests:
[2019.05.14-14.09.26:509][869]LogHttp: Display: 	verb=[POST] url=[https://datarouter.ol.epicgames.com/datarouter/api/v1/public/data?SessionID=%7BC2C79E8C-40E0-6F2B-FAA9-648ECB55EE26%7D&AppID=UEEditor.Rocket.Release&AppVersion=4.20.3-4369336%2B%2B%2BUE4%2BRelease-4.20&UserID=c61aa9bf47e8e51db2ac6cb95fcac575%7C%7Cf76ffefa-87ca-4089-895d-2f7c2ab53333&AppEnvironment=datacollector-binary&UploadType=eteventstream] status=Processing
[2019.05.14-14.09.26:529][869]LogModuleManager: Shutting down and abandoning module SSL (60)
[2019.05.14-14.09.26:530][869]LogModuleManager: Shutting down and abandoning module MagicLeapEmulator (56)
[2019.05.14-14.09.26:530][869]LogModuleManager: Shutting down and abandoning module MagicLeapPrivileges (54)
[2019.05.14-14.09.26:530][869]LogModuleManager: Shutting down and abandoning module MagicLeapIdentity (52)
[2019.05.14-14.09.26:530][869]LogModuleManager: Shutting down and abandoning module MagicLeapHelperVulkan (50)
[2019.05.14-14.09.26:531][869]LogModuleManager: Shutting down and abandoning module MagicLeapHelperOpenGL (48)
[2019.05.14-14.09.26:531][869]LogModuleManager: Shutting down and abandoning module MagicLeapSecureStorage (46)
[2019.05.14-14.09.26:531][869]LogModuleManager: Shutting down and abandoning module MagicLeapGestures (44)
[2019.05.14-14.09.26:531][869]LogModuleManager: Shutting down and abandoning module MagicLeapEyeTracker (42)
[2019.05.14-14.09.26:531][869]LogModuleManager: Shutting down and abandoning module MagicLeapController (40)
[2019.05.14-14.09.26:531][869]LogSlate: Slate User Destroyed.  User Index 0, Is Virtual User: 0
[2019.05.14-14.09.26:531][869]LogModuleManager: Shutting down and abandoning module MagicLeap (38)
[2019.05.14-14.09.26:531][869]LogModuleManager: Shutting down and abandoning module AnimationModifiers (36)
[2019.05.14-14.09.26:531][869]LogModuleManager: Shutting down and abandoning module PropertyEditor (35)
[2019.05.14-14.09.26:531][869]LogModuleManager: Shutting down and abandoning module AudioEditor (32)
[2019.05.14-14.09.26:531][869]LogModuleManager: Shutting down and abandoning module TextureCompressor (30)
[2019.05.14-14.09.26:531][869]LogModuleManager: Shutting down and abandoning module ShaderCore (28)
[2019.05.14-14.09.26:531][869]LogModuleManager: Shutting down and abandoning module Landscape (26)
[2019.05.14-14.09.26:531][869]LogModuleManager: Shutting down and abandoning module SlateRHIRenderer (24)
[2019.05.14-14.09.26:531][869]LogModuleManager: Shutting down and abandoning module OpenGLDrv (22)
[2019.05.14-14.09.26:531][869]LogModuleManager: Shutting down and abandoning module D3D11RHI (20)
[2019.05.14-14.09.26:532][869]LogModuleManager: Shutting down and abandoning module AnimGraphRuntime (18)
[2019.05.14-14.09.26:532][869]LogModuleManager: Shutting down and abandoning module Renderer (16)
[2019.05.14-14.09.26:532][869]LogModuleManager: Shutting down and abandoning module Engine (14)
[2019.05.14-14.09.26:532][869]LogModuleManager: Shutting down and abandoning module CoreUObject (12)
[2019.05.14-14.09.26:532][869]LogModuleManager: Shutting down and abandoning module NetworkFile (10)
[2019.05.14-14.09.26:532][869]LogModuleManager: Shutting down and abandoning module CookedIterativeFile (8)
[2019.05.14-14.09.26:532][869]LogModuleManager: Shutting down and abandoning module StreamingFile (6)
[2019.05.14-14.09.26:532][869]LogModuleManager: Shutting down and abandoning module SandboxFile (4)
[2019.05.14-14.09.26:532][869]LogModuleManager: Shutting down and abandoning module PakFile (2)
[2019.05.14-14.09.26:538][869]LogExit: Exiting.
[2019.05.14-14.09.26:576][869]Log file closed, 05/14/19 15:09:26
