Log file open, 05/13/19 12:55:37
LogWindows: Failed to load 'aqProf.dll' (GetLastError=126)
LogWindows: File 'aqProf.dll' does not exist
LogWindows: Failed to load 'VSPerf140.dll' (GetLastError=126)
LogWindows: File 'VSPerf140.dll' does not exist
LogWindows: Failed to load 'VtuneApi.dll' (GetLastError=126)
LogWindows: File 'VtuneApi.dll' does not exist
LogWindows: Failed to load 'VtuneApi32e.dll' (GetLastError=126)
LogWindows: File 'VtuneApi32e.dll' does not exist
LogInit: Display: Running engine for game: TheDescent_Collab19
LogPlatformFile: Not using cached read wrapper
LogTaskGraph: Started task graph with 5 named threads and 23 total threads with 3 sets of task threads.
LogStats: Stats thread started at 0.294881
LogD3D11RHI: Loaded GFSDK_Aftermath_Lib.x64.dll
LogICUInternationalization: Display: ICU TimeZone Detection - Raw Offset: +0:00, Platform Override: ''
LogPluginManager: Mounting plugin Paper2D
LogPluginManager: Mounting plugin AISupport
LogPluginManager: Mounting plugin LightPropagationVolume
LogPluginManager: Mounting plugin CLionSourceCodeAccess
LogPluginManager: Mounting plugin CodeLiteSourceCodeAccess
LogPluginManager: Mounting plugin GitSourceControl
LogPluginManager: Mounting plugin KDevelopSourceCodeAccess
LogPluginManager: Mounting plugin NullSourceCodeAccess
LogPluginManager: Mounting plugin PerforceSourceControl
LogPluginManager: Mounting plugin SubversionSourceControl
LogPluginManager: Mounting plugin UObjectPlugin
LogPluginManager: Mounting plugin VisualStudioCodeSourceCodeAccess
LogPluginManager: Mounting plugin VisualStudioSourceCodeAccess
LogPluginManager: Mounting plugin XCodeSourceCodeAccess
LogPluginManager: Mounting plugin AssetManagerEditor
LogPluginManager: Mounting plugin CryptoKeys
LogPluginManager: Mounting plugin DataValidation
LogPluginManager: Mounting plugin FacialAnimation
LogPluginManager: Mounting plugin GameplayTagsEditor
LogPluginManager: Mounting plugin MacGraphicsSwitching
LogPluginManager: Mounting plugin MeshEditor
LogPluginManager: Mounting plugin MobileLauncherProfileWizard
LogPluginManager: Mounting plugin PluginBrowser
LogPluginManager: Mounting plugin SpeedTreeImporter
LogPluginManager: Mounting plugin DatasmithContent
LogPluginManager: Mounting plugin AlembicImporter
LogPluginManager: Mounting plugin AppleImageUtils
LogPluginManager: Mounting plugin AppleVision
LogPluginManager: Mounting plugin BackChannel
LogPluginManager: Mounting plugin CharacterAI
LogPluginManager: Mounting plugin GeometryCache
LogPluginManager: Mounting plugin HTML5Networking
LogPluginManager: Mounting plugin ProxyLODPlugin
LogPluginManager: Mounting plugin MagicLeap
LogPluginManager: Mounting plugin MagicLeapEmulator
LogPluginManager: Mounting plugin MagicLeapMedia
LogPluginManager: Mounting plugin AndroidMedia
LogPluginManager: Mounting plugin AvfMedia
LogPluginManager: Mounting plugin ImgMedia
LogPluginManager: Mounting plugin LinearTimecode
LogPluginManager: Mounting plugin MediaCompositing
LogPluginManager: Mounting plugin MediaPlayerEditor
LogPluginManager: Mounting plugin WmfMedia
LogPluginManager: Mounting plugin TcpMessaging
LogPluginManager: Mounting plugin UdpMessaging
LogPluginManager: Mounting plugin ActorSequence
LogPluginManager: Mounting plugin LevelSequenceEditor
LogPluginManager: Mounting plugin MatineeToLevelSequence
LogPluginManager: Mounting plugin NetcodeUnitTest
LogPluginManager: Mounting plugin NUTUnrealEngine4
LogPluginManager: Mounting plugin OnlineSubsystemGooglePlay
LogPluginManager: Mounting plugin OnlineSubsystemIOS
LogPluginManager: Mounting plugin OnlineSubsystem
LogPluginManager: Mounting plugin OnlineSubsystemNull
LogPluginManager: Mounting plugin OnlineSubsystemUtils
LogPluginManager: Mounting plugin LauncherChunkInstaller
LogPluginManager: Mounting plugin AndroidDeviceProfileSelector
LogPluginManager: Mounting plugin AndroidMoviePlayer
LogPluginManager: Mounting plugin AndroidPermission
LogPluginManager: Mounting plugin AppleMoviePlayer
LogPluginManager: Mounting plugin ArchVisCharacter
LogPluginManager: Mounting plugin AudioCapture
LogPluginManager: Mounting plugin CableComponent
LogPluginManager: Mounting plugin CustomMeshComponent
LogPluginManager: Mounting plugin EditableMesh
LogPluginManager: Mounting plugin ExampleDeviceProfileSelector
LogPluginManager: Mounting plugin GoogleCloudMessaging
LogPluginManager: Mounting plugin ImmediatePhysics
LogPluginManager: Mounting plugin IOSDeviceProfileSelector
LogPluginManager: Mounting plugin LinuxDeviceProfileSelector
LogPluginManager: Mounting plugin LocationServicesBPLibrary
LogPluginManager: Mounting plugin MobilePatchingUtils
LogPluginManager: Mounting plugin OculusVR
LogPluginManager: Plugin shader directory ../../../Engine/Plugins/Runtime/Oculus/OculusVR/Shaders found
LogPluginManager: Mapping shader source directory ../../../Engine/Plugins/Runtime/Oculus/OculusVR/Shaders to virtual directory /Plugin/OculusVR
LogPluginManager: Mounting plugin PhysXVehicles
LogPluginManager: Mounting plugin ProceduralMeshComponent
LogPluginManager: Mounting plugin RuntimePhysXCooking
LogPluginManager: Mounting plugin SteamVR
LogPluginManager: Mounting plugin WindowsMoviePlayer
LogStreaming: Display: Took  0.171s to configure plugins.
LogInit: Using libcurl 7.55.1-DEV
LogInit:  - built for x86_64-pc-win32
LogInit:  - supports SSL with OpenSSL/1.0.2h
LogInit:  - supports HTTP deflate (compression) using libz 1.2.8
LogInit:  - other features:
LogInit:      CURL_VERSION_SSL
LogInit:      CURL_VERSION_LIBZ
LogInit:      CURL_VERSION_IPV6
LogInit:      CURL_VERSION_ASYNCHDNS
LogInit:      CURL_VERSION_LARGEFILE
LogInit:      CURL_VERSION_IDN
LogInit:  CurlRequestOptions (configurable via config and command line):
LogInit:  - bVerifyPeer = false  - Libcurl will NOT verify peer certificate
LogInit:  - bUseHttpProxy = false  - Libcurl will NOT use HTTP proxy
LogInit:  - bDontReuseConnections = false  - Libcurl will reuse connections
LogInit:  - CertBundlePath = nullptr  - Libcurl will use whatever was configured at build time.
LogInit:  - MaxHostConnections = 16  - Libcurl will limit the number of connections to a host
LogInit:  - LocalHostAddr = Default
LogInit:  - BufferSize = 65536
LogInit: WinSock: version 1.1 (2.2), MaxSocks=32767, MaxUdp=65467
LogInit: Build: ++UE4+Release-4.20-CL-4369336
LogInit: Engine Version: 4.20.3-4369336+++UE4+Release-4.20
LogInit: Compatible Engine Version: 4.20.0-4212847+++UE4+Release-4.20
LogInit: Net CL: 4212847
LogInit: OS: Windows 10 (), CPU: Intel(R) Xeon(R) CPU E5-1620 v4 @ 3.50GHz, GPU: NVIDIA GeForce GTX 980
LogInit: Compiled (64-bit): Sep 17 2018 12:26:19
LogInit: Compiled with Visual C++: 19.13.26129.00
LogInit: Build Configuration: Development
LogInit: Branch Name: ++UE4+Release-4.20
LogInit: Command Line: 
LogInit: Base Directory: C:/Epic/UE4/UE_4.20/Engine/Binaries/Win64/
LogInit: Installed Engine Build: 1
LogDevObjectVersion: Number of dev versions registered: 20
LogDevObjectVersion:   Dev-Blueprints (B0D832E4-1F89-4F0D-ACCF-7EB736FD4AA2): 10
LogDevObjectVersion:   Dev-Build (E1C64328-A22C-4D53-A36C-8E866417BD8C): 0
LogDevObjectVersion:   Dev-Core (375EC13C-06E4-48FB-B500-84F0262A717E): 2
LogDevObjectVersion:   Dev-Editor (E4B068ED-F494-42E9-A231-DA0B2E46BB41): 24
LogDevObjectVersion:   Dev-Framework (CFFC743F-43B0-4480-9391-14DF171D2073): 34
LogDevObjectVersion:   Dev-Mobile (B02B49B5-BB20-44E9-A304-32B752E40360): 2
LogDevObjectVersion:   Dev-Networking (A4E4105C-59A1-49B5-A7C5-40C4547EDFEE): 0
LogDevObjectVersion:   Dev-Online (39C831C9-5AE6-47DC-9A44-9C173E1C8E7C): 0
LogDevObjectVersion:   Dev-Physics (78F01B33-EBEA-4F98-B9B4-84EACCB95AA2): 0
LogDevObjectVersion:   Dev-Platform (6631380F-2D4D-43E0-8009-CF276956A95A): 0
LogDevObjectVersion:   Dev-Rendering (12F88B9F-8875-4AFC-A67C-D90C383ABD29): 26
LogDevObjectVersion:   Dev-Sequencer (7B5AE74C-D270-4C10-A958-57980B212A5A): 9
LogDevObjectVersion:   Dev-VR (D7296918-1DD6-4BDD-9DE2-64A83CC13884): 2
LogDevObjectVersion:   Dev-LoadTimes (C2A15278-BFE7-4AFE-6C17-90FF531DF755): 1
LogDevObjectVersion:   Private-Geometry (6EACA3D4-40EC-4CC1-B786-8BED09428FC5): 3
LogDevObjectVersion:   Dev-AnimPhys (29E575DD-E0A3-4627-9D10-D276232CDCEA): 17
LogDevObjectVersion:   Dev-ReflectionCapture (6B266CEC-1EC7-4B8F-A30B-E4D90942FC07): 1
LogDevObjectVersion:   Dev-Automation (0DF73D61-A23F-47EA-B727-89E90C41499A): 1
LogDevObjectVersion:   FortniteMain (601D1886-AC64-4F84-AA16-D3DE0DEAC7D6): 12
LogDevObjectVersion:   Dev-Enterprise (9DFFBCD6-494F-0158-E221-12823C92A888): 1
LogStreaming: Display: Took  0.003s to delete old logs.
LogInit: Presizing for max 8388607 objects, including 0 objects not considered by GC, pre-allocating 0 bytes for permanent pool.
LogInit: Object subsystem initialized
[2019.05.13-11.55.37:913][  0]LogInit: Selected Device Profile: [Windows]
[2019.05.13-11.55.37:913][  0]LogInit: Applying CVar settings loaded from the selected device profile: [Windows]
[2019.05.13-11.55.37:926][  0]LogHAL: Display: Platform has ~ 16 GB [17092296704 / 17179869184 / 16], which maps to Larger [LargestMinGB=32, LargerMinGB=12, DefaultMinGB=8, SmallerMinGB=6, SmallestMinGB=0)
[2019.05.13-11.55.37:926][  0]LogInit: Setting Device Profile CVar: [[r.Vulkan.UseRealUBs:1]]
[2019.05.13-11.55.37:926][  0]LogInit: Going up to parent DeviceProfile []
[2019.05.13-11.55.37:927][  0]LogInit: Computer: A07-01
[2019.05.13-11.55.37:927][  0]LogInit: User: d020192g
[2019.05.13-11.55.37:927][  0]LogInit: CPU Page size=4096, Cores=4
[2019.05.13-11.55.37:927][  0]LogInit: High frequency timer resolution =3.410075 MHz
[2019.05.13-11.55.37:927][  0]LogMemory: Memory total: Physical=15.9GB (16GB approx)
[2019.05.13-11.55.37:927][  0]LogMemory: Platform Memory Stats for Windows
[2019.05.13-11.55.37:927][  0]LogMemory: Process Physical Memory: 102.88 MB used, 102.88 MB peak
[2019.05.13-11.55.37:927][  0]LogMemory: Process Virtual Memory: 97.68 MB used, 97.68 MB peak
[2019.05.13-11.55.37:927][  0]LogMemory: Physical Memory: 5163.44 MB used,  11137.04 MB free, 16300.48 MB total
[2019.05.13-11.55.37:927][  0]LogMemory: Virtual Memory: 4646.77 MB used,  11137.04 MB free, 134217728.00 MB total
[2019.05.13-11.55.37:951][  0]LogInit: Using OS detected language (en-US).
[2019.05.13-11.55.37:951][  0]LogInit: Using OS detected locale (en-GB).
[2019.05.13-11.55.37:952][  0]LogTextLocalizationManager: No specific localization for 'en-US' exists, so the 'en' localization will be used.
[2019.05.13-11.55.38:295][  0]LogStreaming: Display: Took  0.344s to InitEngineTextLocalization.
[2019.05.13-11.55.38:296][  0]LogInit: Setting process to per monitor DPI aware
[2019.05.13-11.55.38:325][  0]LogSlate: New Slate User Created.  User Index 0, Is Virtual User: 0
[2019.05.13-11.55.38:325][  0]LogSlate: Slate User Registered.  User Index 0, Is Virtual User: 0
[2019.05.13-11.55.38:573][  0]LogHMD: Failed to initialize OpenVR with code 110
[2019.05.13-11.55.38:573][  0]LogD3D11RHI: D3D11 adapters:
[2019.05.13-11.55.38:625][  0]LogD3D11RHI:    0. 'NVIDIA GeForce GTX 980' (Feature Level 11_0)
[2019.05.13-11.55.38:625][  0]LogD3D11RHI:       4053/0/8150 MB DedicatedVideo/DedicatedSystem/SharedSystem, Outputs:2, VendorId:0x10de
[2019.05.13-11.55.38:627][  0]LogD3D11RHI:    1. 'Microsoft Basic Render Driver' (Feature Level 11_0)
[2019.05.13-11.55.38:627][  0]LogD3D11RHI:       0/0/8150 MB DedicatedVideo/DedicatedSystem/SharedSystem, Outputs:0, VendorId:0x1414
[2019.05.13-11.55.38:627][  0]LogD3D11RHI: Chosen D3D11 Adapter: 0
[2019.05.13-11.55.38:632][  0]LogD3D11RHI: Creating new Direct3DDevice
[2019.05.13-11.55.38:632][  0]LogD3D11RHI:     GPU DeviceId: 0x13c0 (for the marketing name, search the web for "GPU Device Id")
[2019.05.13-11.55.38:632][  0]LogWindows: EnumDisplayDevices:
[2019.05.13-11.55.38:632][  0]LogWindows:    0. 'NVIDIA GeForce GTX 980' (P:1 D:1)
[2019.05.13-11.55.38:633][  0]LogWindows:    1. 'NVIDIA GeForce GTX 980' (P:0 D:1)
[2019.05.13-11.55.38:633][  0]LogWindows:    2. 'NVIDIA GeForce GTX 980' (P:0 D:0)
[2019.05.13-11.55.38:633][  0]LogWindows:    3. 'NVIDIA GeForce GTX 980' (P:0 D:0)
[2019.05.13-11.55.38:633][  0]LogWindows: DebugString: FoundDriverCount:4 
[2019.05.13-11.55.38:633][  0]LogD3D11RHI:     Adapter Name: NVIDIA GeForce GTX 980
[2019.05.13-11.55.38:633][  0]LogD3D11RHI:   Driver Version: 419.17 (internal:25.21.14.1917, unified:419.17)
[2019.05.13-11.55.38:633][  0]LogD3D11RHI:      Driver Date: 2-20-2019
[2019.05.13-11.55.38:633][  0]LogRHI: Texture pool is 2837 MB (70% of 4053 MB)
[2019.05.13-11.55.38:667][  0]LogD3D11RHI: Async texture creation enabled
[2019.05.13-11.55.38:677][  0]LogD3D11RHI: GPU Timing Frequency: 1000.000000 (Debug: 2 1)
[2019.05.13-11.55.38:763][  0]LogShaderCompilers: Guid format shader working directory is -32 characters bigger than the processId version (../../../../../../Users/d020192g/Desktop/Collab2019.git/trunk/TheDescent_Collab19/Intermediate/Shaders/WorkingDirectory/9400/).
[2019.05.13-11.55.38:763][  0]LogShaderCompilers: Cleaned the shader compiler working directory 'C:/Users/d020192g/AppData/Local/Temp/UnrealShaderWorkingDir/FF3F497741D6425D1ED97290ED2B410F/'.
[2019.05.13-11.55.39:131][  0]LogTemp: Display: Loaded TP AllDesktopTargetPlatform
[2019.05.13-11.55.39:150][  0]LogTemp: Display: Loaded TP MacClientTargetPlatform
[2019.05.13-11.55.39:164][  0]LogTemp: Display: Loaded TP MacNoEditorTargetPlatform
[2019.05.13-11.55.39:178][  0]LogTemp: Display: Loaded TP MacServerTargetPlatform
[2019.05.13-11.55.39:192][  0]LogTemp: Display: Loaded TP MacTargetPlatform
[2019.05.13-11.55.39:207][  0]LogTemp: Display: Loaded TP WindowsClientTargetPlatform
[2019.05.13-11.55.39:221][  0]LogTemp: Display: Loaded TP WindowsNoEditorTargetPlatform
[2019.05.13-11.55.39:235][  0]LogTemp: Display: Loaded TP WindowsServerTargetPlatform
[2019.05.13-11.55.39:242][  0]LogTemp: Display: Loaded TP WindowsTargetPlatform
[2019.05.13-11.55.39:324][  0]LogTemp: Display: Loaded TP AndroidTargetPlatform
[2019.05.13-11.55.39:324][  0]LogTemp: Display: Loaded TP AndroidTargetPlatform
[2019.05.13-11.55.39:324][  0]LogTemp: Display: Loaded TP AndroidTargetPlatform
[2019.05.13-11.55.39:324][  0]LogTemp: Display: Loaded TP AndroidTargetPlatform
[2019.05.13-11.55.39:324][  0]LogTemp: Display: Loaded TP AndroidTargetPlatform
[2019.05.13-11.55.39:324][  0]LogTemp: Display: Loaded TP AndroidTargetPlatform
[2019.05.13-11.55.39:324][  0]LogTemp: Display: Loaded TP AndroidTargetPlatform
[2019.05.13-11.55.39:324][  0]LogTemp: Display: Loaded TP AndroidTargetPlatform
[2019.05.13-11.55.39:324][  0]LogTemp: Display: Loaded TP AndroidTargetPlatform
[2019.05.13-11.55.39:324][  0]LogTemp: Display: Loaded TP AndroidTargetPlatform
[2019.05.13-11.55.39:324][  0]LogTemp: Display: Loaded TP AndroidTargetPlatform
[2019.05.13-11.55.39:324][  0]LogTemp: Display: Loaded TP AndroidTargetPlatform
[2019.05.13-11.55.39:324][  0]LogTemp: Display: Loaded TP AndroidTargetPlatform
[2019.05.13-11.55.39:324][  0]LogTemp: Display: Loaded TP AndroidTargetPlatform
[2019.05.13-11.55.39:324][  0]LogTemp: Display: Loaded TP AndroidTargetPlatform
[2019.05.13-11.55.39:324][  0]LogTemp: Display: Loaded TP AndroidTargetPlatform
[2019.05.13-11.55.39:324][  0]LogTemp: Display: Loaded TP AndroidTargetPlatform
[2019.05.13-11.55.39:324][  0]LogTemp: Display: Loaded TP AndroidTargetPlatform
[2019.05.13-11.55.39:326][  0]LogTemp: Display: Loaded TP HTML5TargetPlatform
[2019.05.13-11.55.39:404][  0]LogTemp: Display: Loaded TP IOSTargetPlatform
[2019.05.13-11.55.39:404][  0]LogTemp: Display: Loaded TP IOSTargetPlatform
[2019.05.13-11.55.39:434][  0]LogTemp: Display: Loaded TP TVOSTargetPlatform
[2019.05.13-11.55.39:434][  0]LogTemp: Display: Loaded TP TVOSTargetPlatform
[2019.05.13-11.55.39:448][  0]LogTemp: Display: Loaded TP LinuxClientTargetPlatform
[2019.05.13-11.55.39:461][  0]LogTemp: Display: Loaded TP LinuxNoEditorTargetPlatform
[2019.05.13-11.55.39:474][  0]LogTemp: Display: Loaded TP LinuxServerTargetPlatform
[2019.05.13-11.55.39:488][  0]LogTemp: Display: Loaded TP LinuxTargetPlatform
[2019.05.13-11.55.39:496][  0]LogTemp: Display: Loaded TP LuminTargetPlatform
[2019.05.13-11.55.39:496][  0]LogTargetPlatformManager: Display: Building Assets For Windows
[2019.05.13-11.55.39:575][  0]LogXGEController: Cannot use XGE Controller as Incredibuild is not installed on this machine.
[2019.05.13-11.55.39:575][  0]LogShaderCompilers: Cannot use XGE Shader Compiler as Incredibuild is not installed on this machine.
[2019.05.13-11.55.39:575][  0]LogShaderCompilers: Display: Using Local Shader Compiler.
[2019.05.13-11.55.40:460][  0]LogDerivedDataCache: Display: Max Cache Size: 512 MB
[2019.05.13-11.55.40:523][  0]LogDerivedDataCache: Loaded boot cache 0.06s 71MB C:/Users/d020192g/AppData/Local/UnrealEngine/4.20/DerivedDataCache/Boot.ddc.
[2019.05.13-11.55.40:523][  0]LogDerivedDataCache: Display: Loaded Boot cache: C:/Users/d020192g/AppData/Local/UnrealEngine/4.20/DerivedDataCache/Boot.ddc
[2019.05.13-11.55.40:523][  0]LogDerivedDataCache: FDerivedDataBackendGraph:  Pak pak cache file ../../../../../../Users/d020192g/Desktop/Collab2019.git/trunk/TheDescent_Collab19/DerivedDataCache/DDC.ddp not found, will not use a pak cache.
[2019.05.13-11.55.40:523][  0]LogDerivedDataCache: Unable to find inner node Pak for hierarchical cache Hierarchy.
[2019.05.13-11.55.40:523][  0]LogDerivedDataCache: FDerivedDataBackendGraph:  CompressedPak pak cache file ../../../../../../Users/d020192g/Desktop/Collab2019.git/trunk/TheDescent_Collab19/DerivedDataCache/Compressed.ddp not found, will not use a pak cache.
[2019.05.13-11.55.40:523][  0]LogDerivedDataCache: Unable to find inner node CompressedPak for hierarchical cache Hierarchy.
[2019.05.13-11.55.40:539][  0]LogDerivedDataCache: Display: Pak cache opened for reading ../../../Engine/DerivedDataCache/Compressed.ddp.
[2019.05.13-11.55.40:551][  0]LogDerivedDataCache: Using Local data cache path C:/Users/d020192g/AppData/Local/UnrealEngine/Common/DerivedDataCache: Writable
[2019.05.13-11.55.40:551][  0]LogDerivedDataCache: Shared data cache path not found in *engine.ini, will not use an Shared cache.
[2019.05.13-11.55.40:551][  0]LogDerivedDataCache: Unable to find inner node Shared for hierarchical cache Hierarchy.
[2019.05.13-11.55.40:569][  0]LogMaterial: Verifying Global Shaders for PCD3D_SM5
[2019.05.13-11.55.40:571][  0]LogSlate: Using FreeType 2.6.0
[2019.05.13-11.55.40:571][  0]LogSlate: SlateFontServices - WITH_FREETYPE: 1, WITH_HARFBUZZ: 1
[2019.05.13-11.55.40:648][  0]LogAssetRegistry: FAssetRegistry took 0.0265 seconds to start up
[2019.05.13-11.55.41:023][  0]LogInit: Selected Device Profile: [Windows]
[2019.05.13-11.55.41:084][  0]LogSimplygon: Simplygon DLL not present - disabling.
[2019.05.13-11.55.41:088][  0]LogMeshReduction: Using SimplygonSwarm for distributed automatic mesh merging
[2019.05.13-11.55.41:088][  0]LogMeshReduction: Using ProxyLODMeshReduction for automatic mesh merging
[2019.05.13-11.55.41:088][  0]LogMeshReduction: Using QuadricMeshReduction for automatic static mesh reduction
[2019.05.13-11.55.41:088][  0]LogMeshReduction: No automatic skeletal mesh reduction module available
[2019.05.13-11.55.41:200][  0]LogNetVersion: TheDescent_Collab19 1.0.0, NetCL: 4212847, EngineNetVer: 5, GameNetVer: 0 (Checksum: 1358678604)
[2019.05.13-11.55.41:828][  0]LogPackageLocalizationCache: Processed 11 localized package path(s) for 2 prioritized culture(s) in 0.159656 seconds
[2019.05.13-11.55.41:836][  0]LogUObjectArray: 38425 objects as part of root set at end of initial load.
[2019.05.13-11.55.41:836][  0]LogUObjectAllocator: 6690872 out of 0 bytes used by permanent object pool.
[2019.05.13-11.55.41:836][  0]LogUObjectArray: CloseDisregardForGC: 0/0 objects in disregard for GC pool
[2019.05.13-11.55.42:756][  0]LogTcpMessaging: Initializing TcpMessaging bridge
[2019.05.13-11.55.42:768][  0]LogUdpMessaging: Initializing bridge on interface 0.0.0.0:0 to multicast group 230.0.0.1:6666.
[2019.05.13-11.55.42:951][  0]SourceControl: Source control is disabled
[2019.05.13-11.55.42:951][  0]SourceControl: Source control is disabled
[2019.05.13-11.55.42:955][  0]SourceControl: Source control is disabled
[2019.05.13-11.55.42:957][  0]SourceControl: Source control is disabled
[2019.05.13-11.55.43:165][  0]LogAndroidPermission: UAndroidPermissionCallbackProxy::GetInstance
[2019.05.13-11.55.43:237][  0]LogOcInput: OculusInput pre-init called
[2019.05.13-11.55.43:307][  0]LogEngine: Initializing Engine...
[2019.05.13-11.55.43:308][  0]LogHMD: Failed to initialize OpenVR with code 110
[2019.05.13-11.55.43:310][  0]LogStats: UGameplayTagsManager::ConstructGameplayTagTree: ImportINI prefixes -  0.000 s
[2019.05.13-11.55.43:310][  0]LogStats: UGameplayTagsManager::ConstructGameplayTagTree: Construct from data asset -  0.000 s
[2019.05.13-11.55.43:310][  0]LogStats: UGameplayTagsManager::ConstructGameplayTagTree: ImportINI -  0.000 s
[2019.05.13-11.55.43:310][  0]LogStats: UGameplayTagsManager::ConstructGameplayTagTree: GameplayTagTreeChangedEvent.Broadcast -  0.000 s
[2019.05.13-11.55.43:586][  0]LogInit: Initializing FReadOnlyCVARCache
[2019.05.13-11.55.43:606][  0]LogAIModule: Creating AISystem for world Untitled
[2019.05.13-11.55.43:613][  0]LogInit: XAudio2 using 'Speakers (Realtek High Definition Audio)' : 2 channels at 48 kHz using 32 bits per sample (channel mask 0x3)
[2019.05.13-11.55.43:641][  0]LogInit: FAudioDevice initialized.
[2019.05.13-11.55.43:641][  0]LogNetVersion: Set ProjectVersion to 1.0.0.0. Version Checksum will be recalculated on next use.
[2019.05.13-11.55.43:973][  0]LogDerivedDataCache: Saved boot cache 0.33s 71MB C:/Users/d020192g/AppData/Local/UnrealEngine/4.20/DerivedDataCache/Boot.ddc.
[2019.05.13-11.55.43:994][  0]LogInit: Texture streaming: Enabled
[2019.05.13-11.55.44:027][  0]LogEngineSessionManager: EngineSessionManager initialized
[2019.05.13-11.55.44:044][  0]LogInit: Transaction tracking system initialized
[2019.05.13-11.55.44:078][  0]BlueprintLog: New page: Editor Load
[2019.05.13-11.55.44:167][  0]LocalizationService: Localization service is disabled
[2019.05.13-11.55.44:469][  0]LogCook: Display: Max memory allowance for cook 16384mb min free memory 0mb
[2019.05.13-11.55.44:469][  0]LogCook: Display: Mobile HDR setting 1
[2019.05.13-11.55.44:469][  0]LogGameplayTags: Display: UGameplayTagsManager::DoneAddingNativeTags. DelegateIsBound: 0
[2019.05.13-11.55.44:469][  0]LogStats: UGameplayTagsManager::ConstructGameplayTagTree: ImportINI prefixes -  0.000 s
[2019.05.13-11.55.44:469][  0]LogStats: UGameplayTagsManager::ConstructGameplayTagTree: Construct from data asset -  0.000 s
[2019.05.13-11.55.44:469][  0]LogStats: UGameplayTagsManager::ConstructGameplayTagTree: ImportINI -  0.000 s
[2019.05.13-11.55.44:469][  0]LogStats: UGameplayTagsManager::ConstructGameplayTagTree: GameplayTagTreeChangedEvent.Broadcast -  0.000 s
[2019.05.13-11.55.44:599][  0]LogFileCache: Scanning file cache for directory 'C:/Users/d020192g/Desktop/Collab2019.git/trunk/TheDescent_Collab19/Content/' took 0.03s
[2019.05.13-11.55.44:599][  0]SourceControl: Source control is disabled
[2019.05.13-11.55.44:599][  0]Cmd: MAP LOAD FILE="../../../../../../Users/d020192g/Desktop/Collab2019.git/trunk/TheDescent_Collab19/Content/FirstPersonBP/Maps/FirstPersonExampleMap.umap" TEMPLATE=0 SHOWPROGRESS=1 FEATURELEVEL=3
[2019.05.13-11.55.44:600][  0]LightingResults: New page: Lighting Build
[2019.05.13-11.55.44:603][  0]MapCheck: New page: Map Check
[2019.05.13-11.55.44:603][  0]LightingResults: New page: Lighting Build
[2019.05.13-11.55.47:995][  0]LogAIModule: Creating AISystem for world FirstPersonExampleMap
[2019.05.13-11.55.48:017][  0]LogEditorServer: Finished looking for orphan Actors (0.000 secs)
[2019.05.13-11.55.48:057][  0]Cmd: MAP CHECKDEP NOCLEARLOG
[2019.05.13-11.55.48:264][  0]MapCheck: Map check complete: 0 Error(s), 0 Warning(s), took 207.077ms to complete.
[2019.05.13-11.55.48:264][  0]LogFileHelpers: Loading map 'FirstPersonExampleMap' took 3.665
[2019.05.13-11.55.48:462][  0]LogSlate: Updating window title bar state: overlay mode, drag disabled, window buttons hidden, title bar hidden
[2019.05.13-11.55.48:471][  0]LogSlate: Updating window title bar state: overlay mode, drag disabled, window buttons hidden, title bar hidden
[2019.05.13-11.55.48:478][  0]LogSlate: Updating window title bar state: overlay mode, drag disabled, window buttons hidden, title bar hidden
[2019.05.13-11.55.48:486][  0]LogSlate: Updating window title bar state: overlay mode, drag disabled, window buttons hidden, title bar hidden
[2019.05.13-11.55.48:496][  0]LogCollectionManager: Loaded 0 collections in 0.001960 seconds
[2019.05.13-11.55.48:540][  0]LogFileCache: Scanning file cache for directory 'C:/Users/d020192g/Desktop/Collab2019.git/trunk/TheDescent_Collab19/Saved/Collections/' took 0.01s
[2019.05.13-11.55.48:541][  0]LogFileCache: Scanning file cache for directory 'C:/Users/d020192g/Desktop/Collab2019.git/trunk/TheDescent_Collab19/Content/Developers/d020192g/Collections/' took 0.01s
[2019.05.13-11.55.48:541][  0]LogFileCache: Scanning file cache for directory 'C:/Users/d020192g/Desktop/Collab2019.git/trunk/TheDescent_Collab19/Content/Collections/' took 0.01s
[2019.05.13-11.55.48:541][  0]LogCollectionManager: Rebuilt the GUID cache for 0 collections in 0.000000 seconds
[2019.05.13-11.55.48:550][  0]LogContentBrowser: Native class hierarchy populated in 0.0093 seconds. Added 2572 classes and 603 folders.
[2019.05.13-11.55.48:558][  0]LogContentBrowser: Native class hierarchy updated for 'WidgetCarousel' in 0.0003 seconds. Added 0 classes and 0 folders.
[2019.05.13-11.55.48:892][  0]LogContentBrowser: Native class hierarchy updated for 'AddContentDialog' in 0.0007 seconds. Added 0 classes and 0 folders.
[2019.05.13-11.55.48:904][  0]LogContentBrowser: Native class hierarchy updated for 'SceneOutliner' in 0.0008 seconds. Added 1 classes and 2 folders.
[2019.05.13-11.55.49:126][  0]LogSlate: Took 0.000496 seconds to synchronously load lazily loaded font '../../../Engine/Content/Slate/Fonts/Roboto-Regular.ttf' (155K)
[2019.05.13-11.55.49:132][  0]LogSlate: Took 0.000408 seconds to synchronously load lazily loaded font '../../../Engine/Content/Slate/Fonts/Roboto-Bold.ttf' (160K)
[2019.05.13-11.55.49:163][  0]LogSlate: Took 0.024174 seconds to synchronously load lazily loaded font '../../../Engine/Content/Editor/Slate/Fonts/FontAwesome.ttf' (139K)
[2019.05.13-11.55.49:301][  0]LogRenderer: Reallocating scene render targets to support 1208x576 Format 10 NumSamples 1 (Frame:1).
[2019.05.13-11.55.49:488][  0]LogContentBrowser: Native class hierarchy updated for 'HierarchicalLODOutliner' in 0.0005 seconds. Added 0 classes and 0 folders.
[2019.05.13-11.55.49:488][  0]LogLoad: (Engine Initialization) Total time: 13.94 seconds
[2019.05.13-11.55.49:488][  0]LogLoad: (Engine Initialization) Total Blueprint compile time: 0.00 seconds
[2019.05.13-11.55.49:499][  0]LogWindowsTextInputMethodSystem: Display: IME system now deactivated.
[2019.05.13-11.55.49:531][  0]LogContentStreaming: Texture pool size now 1000 MB
[2019.05.13-11.55.49:639][  0]LogSlate: Took 0.020033 seconds to synchronously load lazily loaded font '../../../Engine/Content/Slate/Fonts/Roboto-Light.ttf' (167K)
[2019.05.13-11.55.49:833][  3]LogAssetRegistry: Asset discovery search completed in 9.2074 seconds
[2019.05.13-11.55.49:836][  3]LogCollectionManager: Rebuilt the object cache for 0 collections in 0.000000 seconds (found 0 objects)
[2019.05.13-11.55.49:836][  3]LogCollectionManager: Fixed up redirectors for 0 collections in 0.000051 seconds (updated 0 objects)
[2019.05.13-11.55.54:690][576]LogSlate: FSceneViewport::OnFocusLost() reason 0
[2019.05.13-11.55.55:835][710]LogSlate: Took 0.000182 seconds to synchronously load lazily loaded font '../../../Engine/Content/Slate/Fonts/Roboto-Light.ttf' (167K)
[2019.05.13-11.55.56:337][710]LogAIModule: Creating AISystem for world AITestMap
[2019.05.13-11.55.56:358][710]LogAssetEditorManager: Opening Asset editor for World /Game/Users/Jerry/AI/AITestMap.AITestMap
[2019.05.13-11.55.56:399][710]Cmd: MAP LOAD FILE="../../../../../../Users/d020192g/Desktop/Collab2019.git/trunk/TheDescent_Collab19/Content/Users/Jerry/AI/AITestMap.umap" TEMPLATE=0 SHOWPROGRESS=1 FEATURELEVEL=3
[2019.05.13-11.55.56:399][710]LightingResults: New page: Lighting Build
[2019.05.13-11.55.56:400][710]LoadErrors: New page: Loading map: AITestMap.umap
[2019.05.13-11.55.56:401][710]MapCheck: New page: Map Check
[2019.05.13-11.55.56:402][710]LightingResults: New page: Lighting Build
[2019.05.13-11.55.56:499][710]LogEditorServer: Finished looking for orphan Actors (0.000 secs)
[2019.05.13-11.55.56:598][710]Cmd: MAP CHECKDEP NOCLEARLOG
[2019.05.13-11.55.56:809][710]MapCheck: Map check complete: 0 Error(s), 0 Warning(s), took 210.87ms to complete.
[2019.05.13-11.55.56:810][710]LogFileHelpers: Loading map 'AITestMap' took 0.412
[2019.05.13-11.56.03:520][422]LogAssetEditorManager: Opening Asset editor for ParticleSystem /Game/Users/Jerry/ParticleSystems/BloodSpurt_00.BloodSpurt_00
[2019.05.13-11.56.03:526][422]LogContentBrowser: Native class hierarchy updated for 'Cascade' in 0.0004 seconds. Added 2 classes and 2 folders.
[2019.05.13-11.56.12:409][417]LogSlate: FSceneViewport::OnFocusLost() reason 0
[2019.05.13-11.56.17:300][996]LogSlate: FSceneViewport::OnFocusLost() reason 0
[2019.05.13-11.56.20:190][318]LogSlate: FSceneViewport::OnFocusLost() reason 0
[2019.05.13-11.56.30:241][500]LogSlate: FSceneViewport::OnFocusLost() reason 0
[2019.05.13-11.56.37:921][361]LogAssetEditorManager: Opening Asset editor for ParticleSystem /Game/Users/Jerry/ParticleSystems/BloodSpurt_01.BloodSpurt_01
[2019.05.13-11.56.43:915][ 46]LogSlate: FSceneViewport::OnFocusLost() reason 0
[2019.05.13-11.56.51:138][699]LogSlate: FSceneViewport::OnFocusLost() reason 0
[2019.05.13-11.56.57:473][312]LogMaterial: Warning: Material /Engine/EngineMaterials/AntiAliasedTextMaterialTranslucent.AntiAliasedTextMaterialTranslucent needed to have new flag set bUsedWithParticleSprites !
[2019.05.13-11.56.57:476][312]LogMaterial: Display: Missing cached shader map for material AntiAliasedTextMaterialTranslucent, compiling. 
[2019.05.13-11.56.57:598][313]LogShaderCompilers: Display: Shaders left to compile 93
[2019.05.13-11.56.57:598][313]LogShaderCompilers: Display: Shaders left to compile 83
[2019.05.13-11.56.57:598][313]LogShaderCompilers: Display: Shaders left to compile 73
[2019.05.13-11.56.57:598][313]LogShaderCompilers: Display: Shaders left to compile 63
[2019.05.13-11.57.01:176][556]LogShaderCompilers: Display: Shaders left to compile 53
[2019.05.13-11.57.01:263][562]LogShaderCompilers: Display: Shaders left to compile 43
[2019.05.13-11.57.02:690][657]LogShaderCompilers: Display: Shaders left to compile 33
[2019.05.13-11.57.03:177][690]LogShaderCompilers: Display: Shaders left to compile 23
[2019.05.13-11.57.04:765][796]LogShaderCompilers: Display: Shaders left to compile 13
[2019.05.13-11.57.05:963][874]LogShaderCompilers: Display: Shaders left to compile 3
[2019.05.13-11.57.14:049][640]LogSlate: FSceneViewport::OnFocusLost() reason 2
[2019.05.13-11.57.30:158][237]LogSlate: FSceneViewport::OnFocusLost() reason 2
[2019.05.13-11.57.32:447][476]LogSlate: FSceneViewport::OnFocusLost() reason 0
[2019.05.13-11.57.45:694][862]LogSlate: FSceneViewport::OnFocusLost() reason 2
[2019.05.13-11.57.51:928][519]LogSlate: FSceneViewport::OnFocusLost() reason 2
[2019.05.13-11.57.57:160][ 90]LogSlate: FSceneViewport::OnFocusLost() reason 2
[2019.05.13-11.57.59:555][343]LogSlate: FSceneViewport::OnFocusLost() reason 2
[2019.05.13-11.58.01:762][576]LogSlate: FSceneViewport::OnFocusLost() reason 2
[2019.05.13-11.58.05:861][  8]LogSlate: FSceneViewport::OnFocusLost() reason 2
[2019.05.13-11.58.08:679][313]LogSlate: FSceneViewport::OnFocusLost() reason 2
[2019.05.13-11.58.11:470][611]LogSlate: FSceneViewport::OnFocusLost() reason 0
[2019.05.13-11.58.56:128][180]LogAssetEditorManager: Opening Asset editor for Material /Game/Users/Jerry/ParticleSystems/Sprite/Blood_01.Blood_01
[2019.05.13-11.58.56:131][180]LogMaterial: Display: Missing cached shader map for material Blood_01, compiling. 
[2019.05.13-11.58.56:469][180]LogMaterial: Display: Missing cached shader map for material Blood_01, compiling. 
[2019.05.13-11.58.56:490][180]LogMaterial: Display: Missing cached shader map for material Blood_01, compiling. 
[2019.05.13-11.58.56:523][180]LogShaderCompilers: Display: Shaders left to compile 30
[2019.05.13-11.58.56:523][180]LogShaderCompilers: Display: Shaders left to compile 29
[2019.05.13-11.58.56:523][180]LogShaderCompilers: Display: Shaders left to compile 28
[2019.05.13-11.58.56:523][180]LogShaderCompilers: Display: Shaders left to compile 27
[2019.05.13-11.58.56:535][180]LogMaterial: Display: Missing cached shader map for material FMatExpressionPreview MaterialExpressionTextureSample_0, compiling. 
[2019.05.13-11.58.56:540][180]LogMaterial: Display: Missing cached shader map for material FMatExpressionPreview MaterialExpressionTextureSample_1, compiling. 
[2019.05.13-11.58.56:545][180]LogMaterial: Display: Missing cached shader map for material FMatExpressionPreview MaterialExpressionTextureSample_2, compiling. 
[2019.05.13-11.58.56:691][180]LogSlate: Took 0.029490 seconds to synchronously load lazily loaded font '../../../Engine/Content/Slate/Fonts/Roboto-BoldCondensed.ttf' (158K)
[2019.05.13-11.58.56:901][183]LogSlate: Took 0.004289 seconds to synchronously load lazily loaded font '../../../Engine/Content/Slate/Fonts/Roboto-Italic.ttf' (157K)
[2019.05.13-11.58.57:126][197]LogShaderCompilers: Display: Shaders left to compile 32
[2019.05.13-11.58.57:163][199]LogShaderCompilers: Display: Shaders left to compile 31
[2019.05.13-11.58.57:183][200]LogShaderCompilers: Display: Shaders left to compile 30
[2019.05.13-11.58.57:202][200]LogShaderCompilers: Display: Shaders left to compile 29
[2019.05.13-11.58.57:294][205]LogShaderCompilers: Display: Shaders left to compile 28
[2019.05.13-11.58.57:350][209]LogShaderCompilers: Display: Shaders left to compile 27
[2019.05.13-11.58.57:628][224]LogShaderCompilers: Display: Shaders left to compile 26
[2019.05.13-11.58.57:668][226]LogShaderCompilers: Display: Shaders left to compile 25
[2019.05.13-11.58.57:683][227]LogShaderCompilers: Display: Shaders left to compile 24
[2019.05.13-11.58.57:976][243]LogShaderCompilers: Display: Shaders left to compile 23
[2019.05.13-11.58.58:072][250]LogShaderCompilers: Display: Shaders left to compile 22
[2019.05.13-11.58.58:140][255]LogShaderCompilers: Display: Shaders left to compile 21
[2019.05.13-11.58.58:296][266]LogShaderCompilers: Display: Shaders left to compile 20
[2019.05.13-11.58.58:328][268]LogShaderCompilers: Display: Shaders left to compile 19
[2019.05.13-11.58.58:492][278]LogShaderCompilers: Display: Shaders left to compile 18
[2019.05.13-11.58.58:552][281]LogShaderCompilers: Display: Shaders left to compile 17
[2019.05.13-11.58.58:661][287]LogShaderCompilers: Display: Shaders left to compile 16
[2019.05.13-11.58.58:966][303]LogShaderCompilers: Display: Shaders left to compile 15
[2019.05.13-11.58.59:000][305]LogShaderCompilers: Display: Shaders left to compile 14
[2019.05.13-11.58.59:076][309]LogShaderCompilers: Display: Shaders left to compile 13
[2019.05.13-11.58.59:290][321]LogShaderCompilers: Display: Shaders left to compile 12
[2019.05.13-11.58.59:349][323]LogShaderCompilers: Display: Shaders left to compile 11
[2019.05.13-11.58.59:443][328]LogShaderCompilers: Display: Shaders left to compile 10
[2019.05.13-11.58.59:579][334]LogShaderCompilers: Display: Shaders left to compile 9
[2019.05.13-11.58.59:619][337]LogShaderCompilers: Display: Shaders left to compile 8
[2019.05.13-11.58.59:902][352]LogShaderCompilers: Display: Shaders left to compile 7
[2019.05.13-11.58.59:954][355]LogShaderCompilers: Display: Shaders left to compile 6
[2019.05.13-11.59.00:062][361]LogShaderCompilers: Display: Shaders left to compile 5
[2019.05.13-11.59.00:225][369]LogShaderCompilers: Display: Shaders left to compile 4
[2019.05.13-11.59.00:323][374]LogShaderCompilers: Display: Shaders left to compile 3
[2019.05.13-11.59.00:345][375]LogShaderCompilers: Display: Shaders left to compile 2
[2019.05.13-11.59.00:345][375]LogShaderCompilers: Display: Shaders left to compile 1
[2019.05.13-11.59.00:347][375]MaterialEditorStats: Base pass shader: 89 instructions
[2019.05.13-11.59.00:347][375]MaterialEditorStats: Base pass shader with Volumetric Lightmap: 116 instructions
[2019.05.13-11.59.00:347][375]MaterialEditorStats: Base pass vertex shader: 111 instructions
[2019.05.13-11.59.00:347][375]MaterialEditorStats: Texture samplers: 4/16
[2019.05.13-11.59.00:347][375]MaterialEditorStats: Texture Lookups (Est.): VS(0), PS(3)
[2019.05.13-11.59.00:347][375]MaterialEditorStats: User interpolators: 2/4 Scalars (1/4 Vectors) (TexCoords: 2, Custom: 0)
[2019.05.13-11.59.02:107][511]LogMaterial: Display: Missing cached shader map for material Blood_01, compiling. 
[2019.05.13-11.59.02:131][511]LogShaderCompilers: Display: Shaders left to compile 30
[2019.05.13-11.59.02:131][511]LogShaderCompilers: Display: Shaders left to compile 29
[2019.05.13-11.59.02:131][511]LogShaderCompilers: Display: Shaders left to compile 28
[2019.05.13-11.59.02:131][511]LogShaderCompilers: Display: Shaders left to compile 27
[2019.05.13-11.59.02:316][523]LogShaderCompilers: Display: Shaders left to compile 26
[2019.05.13-11.59.02:347][525]LogShaderCompilers: Display: Shaders left to compile 25
[2019.05.13-11.59.02:347][525]LogShaderCompilers: Display: Shaders left to compile 24
[2019.05.13-11.59.02:360][526]LogShaderCompilers: Display: Shaders left to compile 23
[2019.05.13-11.59.02:451][533]LogShaderCompilers: Display: Shaders left to compile 22
[2019.05.13-11.59.02:519][538]LogShaderCompilers: Display: Shaders left to compile 21
[2019.05.13-11.59.02:775][554]LogShaderCompilers: Display: Shaders left to compile 20
[2019.05.13-11.59.02:788][555]LogShaderCompilers: Display: Shaders left to compile 19
[2019.05.13-11.59.02:828][558]LogShaderCompilers: Display: Shaders left to compile 18
[2019.05.13-11.59.03:097][575]LogShaderCompilers: Display: Shaders left to compile 17
[2019.05.13-11.59.03:203][582]LogShaderCompilers: Display: Shaders left to compile 16
[2019.05.13-11.59.03:230][584]LogShaderCompilers: Display: Shaders left to compile 15
[2019.05.13-11.59.03:395][596]LogShaderCompilers: Display: Shaders left to compile 14
[2019.05.13-11.59.03:475][601]LogShaderCompilers: Display: Shaders left to compile 13
[2019.05.13-11.59.03:615][610]LogShaderCompilers: Display: Shaders left to compile 12
[2019.05.13-11.59.03:662][613]LogShaderCompilers: Display: Shaders left to compile 11
[2019.05.13-11.59.03:795][621]LogShaderCompilers: Display: Shaders left to compile 10
[2019.05.13-11.59.04:061][635]LogShaderCompilers: Display: Shaders left to compile 9
[2019.05.13-11.59.04:101][637]LogShaderCompilers: Display: Shaders left to compile 8
[2019.05.13-11.59.04:175][641]LogShaderCompilers: Display: Shaders left to compile 7
[2019.05.13-11.59.04:373][652]LogShaderCompilers: Display: Shaders left to compile 6
[2019.05.13-11.59.04:429][655]LogShaderCompilers: Display: Shaders left to compile 5
[2019.05.13-11.59.04:570][663]LogShaderCompilers: Display: Shaders left to compile 4
[2019.05.13-11.59.04:679][669]LogShaderCompilers: Display: Shaders left to compile 3
[2019.05.13-11.59.04:766][674]LogShaderCompilers: Display: Shaders left to compile 2
[2019.05.13-11.59.05:021][687]LogShaderCompilers: Display: Shaders left to compile 1
[2019.05.13-11.59.05:319][706]LogMaterial: Display: Missing cached shader map for material Blood_01, compiling. 
[2019.05.13-11.59.05:339][706]LogShaderCompilers: Display: Shaders left to compile 30
[2019.05.13-11.59.05:339][706]LogShaderCompilers: Display: Shaders left to compile 29
[2019.05.13-11.59.05:339][706]LogShaderCompilers: Display: Shaders left to compile 28
[2019.05.13-11.59.05:374][707]LogShaderCompilers: Display: Shaders left to compile 27
[2019.05.13-11.59.05:535][718]LogShaderCompilers: Display: Shaders left to compile 26
[2019.05.13-11.59.05:551][719]LogShaderCompilers: Display: Shaders left to compile 25
[2019.05.13-11.59.05:563][720]LogShaderCompilers: Display: Shaders left to compile 24
[2019.05.13-11.59.05:563][720]LogShaderCompilers: Display: Shaders left to compile 23
[2019.05.13-11.59.05:662][727]LogShaderCompilers: Display: Shaders left to compile 22
[2019.05.13-11.59.05:715][731]LogShaderCompilers: Display: Shaders left to compile 21
[2019.05.13-11.59.05:985][748]LogShaderCompilers: Display: Shaders left to compile 20
[2019.05.13-11.59.06:004][749]LogShaderCompilers: Display: Shaders left to compile 19
[2019.05.13-11.59.06:034][751]LogShaderCompilers: Display: Shaders left to compile 18
[2019.05.13-11.59.06:314][769]LogShaderCompilers: Display: Shaders left to compile 17
[2019.05.13-11.59.06:414][776]LogShaderCompilers: Display: Shaders left to compile 16
[2019.05.13-11.59.06:468][779]LogShaderCompilers: Display: Shaders left to compile 15
[2019.05.13-11.59.06:638][788]LogShaderCompilers: Display: Shaders left to compile 14
[2019.05.13-11.59.06:678][790]LogShaderCompilers: Display: Shaders left to compile 13
[2019.05.13-11.59.06:807][797]LogShaderCompilers: Display: Shaders left to compile 12
[2019.05.13-11.59.06:887][801]LogShaderCompilers: Display: Shaders left to compile 11
[2019.05.13-11.59.06:977][806]LogShaderCompilers: Display: Shaders left to compile 10
[2019.05.13-11.59.07:300][823]LogShaderCompilers: Display: Shaders left to compile 9
[2019.05.13-11.59.07:300][823]LogShaderCompilers: Display: Shaders left to compile 8
[2019.05.13-11.59.07:386][828]LogShaderCompilers: Display: Shaders left to compile 7
[2019.05.13-11.59.07:608][839]LogShaderCompilers: Display: Shaders left to compile 6
[2019.05.13-11.59.07:647][841]LogShaderCompilers: Display: Shaders left to compile 5
[2019.05.13-11.59.07:764][848]LogShaderCompilers: Display: Shaders left to compile 4
[2019.05.13-11.59.07:891][855]LogShaderCompilers: Display: Shaders left to compile 3
[2019.05.13-11.59.07:943][858]LogShaderCompilers: Display: Shaders left to compile 2
[2019.05.13-11.59.08:223][873]LogShaderCompilers: Display: Shaders left to compile 1
[2019.05.13-11.59.08:564][894]MaterialEditorStats: Base pass shader: 89 instructions
[2019.05.13-11.59.08:564][894]MaterialEditorStats: Base pass shader with Volumetric Lightmap: 116 instructions
[2019.05.13-11.59.08:564][894]MaterialEditorStats: Base pass vertex shader: 111 instructions
[2019.05.13-11.59.08:564][894]MaterialEditorStats: Texture samplers: 4/16
[2019.05.13-11.59.08:564][894]MaterialEditorStats: Texture Lookups (Est.): VS(0), PS(3)
[2019.05.13-11.59.08:564][894]MaterialEditorStats: User interpolators: 2/4 Scalars (1/4 Vectors) (TexCoords: 2, Custom: 0)
[2019.05.13-11.59.34:934][ 75]LogMaterial: Display: Missing cached shader map for material Blood_01, compiling. 
[2019.05.13-11.59.34:955][ 75]LogShaderCompilers: Display: Shaders left to compile 30
[2019.05.13-11.59.34:955][ 75]LogShaderCompilers: Display: Shaders left to compile 29
[2019.05.13-11.59.34:955][ 75]LogShaderCompilers: Display: Shaders left to compile 28
[2019.05.13-11.59.34:955][ 75]LogShaderCompilers: Display: Shaders left to compile 27
[2019.05.13-11.59.34:958][ 75]LogMaterial: Display: Missing cached shader map for material Blood_01, compiling. 
[2019.05.13-11.59.34:979][ 75]LogMaterial: Display: Missing cached shader map for material Blood_01, compiling. 
[2019.05.13-11.59.35:540][108]LogShaderCompilers: Display: Shaders left to compile 30
[2019.05.13-11.59.35:559][109]LogShaderCompilers: Display: Shaders left to compile 29
[2019.05.13-11.59.35:599][111]LogShaderCompilers: Display: Shaders left to compile 28
[2019.05.13-11.59.35:618][112]LogShaderCompilers: Display: Shaders left to compile 27
[2019.05.13-11.59.35:733][118]LogShaderCompilers: Display: Shaders left to compile 26
[2019.05.13-11.59.35:753][119]LogShaderCompilers: Display: Shaders left to compile 25
[2019.05.13-11.59.35:786][121]LogShaderCompilers: Display: Shaders left to compile 24
[2019.05.13-11.59.35:803][122]LogShaderCompilers: Display: Shaders left to compile 23
[2019.05.13-11.59.35:880][126]LogShaderCompilers: Display: Shaders left to compile 22
[2019.05.13-11.59.35:930][129]LogShaderCompilers: Display: Shaders left to compile 21
[2019.05.13-11.59.36:237][145]LogShaderCompilers: Display: Shaders left to compile 20
[2019.05.13-11.59.36:271][147]LogShaderCompilers: Display: Shaders left to compile 19
[2019.05.13-11.59.36:284][148]LogShaderCompilers: Display: Shaders left to compile 18
[2019.05.13-11.59.36:344][152]LogMaterialEditor: Saving and Compiling material Blood_01
[2019.05.13-11.59.37:171][152]LogShaderCompilers: Display: Shaders left to compile 17
[2019.05.13-11.59.37:171][152]LogShaderCompilers: Display: Shaders left to compile 16
[2019.05.13-11.59.37:171][152]LogShaderCompilers: Display: Shaders left to compile 15
[2019.05.13-11.59.37:171][152]LogShaderCompilers: Display: Shaders left to compile 14
[2019.05.13-11.59.37:171][152]LogShaderCompilers: Display: Shaders left to compile 13
[2019.05.13-11.59.37:171][152]LogShaderCompilers: Display: Shaders left to compile 12
[2019.05.13-11.59.37:171][152]LogShaderCompilers: Display: Shaders left to compile 11
[2019.05.13-11.59.37:192][152]LogMaterial: Display: Missing cached shader map for material Blood_01, compiling. 
[2019.05.13-11.59.37:275][152]LogShaderCompilers: Display: Shaders left to compile 30
[2019.05.13-11.59.37:302][152]LogMaterial: Display: Missing cached shader map for material Blood_01, compiling. 
[2019.05.13-11.59.37:335][152]LogMaterial: Display: Missing cached shader map for material Blood_01, compiling. 
[2019.05.13-11.59.37:364][152]LogMaterial: Warning: Material /Game/Users/Jerry/ParticleSystems/Sprite/Blood_01.Blood_01 needed to have new flag set bUsedWithParticleSprites !
[2019.05.13-11.59.37:367][152]LogMaterial: Warning: Material /Engine/Transient.Blood_01 needed to have new flag set bUsedWithParticleSprites !
[2019.05.13-11.59.37:371][152]LogMaterial: Display: Missing cached shader map for material Blood_01, compiling. 
[2019.05.13-11.59.37:401][152]LogMaterial: Display: Missing cached shader map for material Blood_01, compiling. 
[2019.05.13-11.59.37:461][152]LogShaderCompilers: Display: Shaders left to compile 90
[2019.05.13-11.59.37:461][152]LogShaderCompilers: Display: Shaders left to compile 89
[2019.05.13-11.59.37:461][152]LogShaderCompilers: Display: Shaders left to compile 88
[2019.05.13-11.59.37:491][152]LogMaterial: Display: Missing cached shader map for material FDebugViewModeMaterialProxy Blood_01, compiling. 
[2019.05.13-11.59.42:717][152]LogShaderCompilers: Display: Shaders left to compile 175
[2019.05.13-11.59.42:717][152]LogShaderCompilers: Display: Shaders left to compile 174
[2019.05.13-11.59.42:717][152]LogShaderCompilers: Display: Shaders left to compile 173
[2019.05.13-11.59.42:717][152]LogShaderCompilers: Display: Shaders left to compile 172
[2019.05.13-11.59.42:717][152]LogShaderCompilers: Display: Shaders left to compile 171
[2019.05.13-11.59.42:717][152]LogShaderCompilers: Display: Shaders left to compile 170
[2019.05.13-11.59.42:717][152]LogShaderCompilers: Display: Shaders left to compile 169
[2019.05.13-11.59.42:717][152]LogShaderCompilers: Display: Shaders left to compile 168
[2019.05.13-11.59.42:717][152]LogShaderCompilers: Display: Shaders left to compile 167
[2019.05.13-11.59.42:717][152]LogShaderCompilers: Display: Shaders left to compile 166
[2019.05.13-11.59.42:717][152]LogShaderCompilers: Display: Shaders left to compile 165
[2019.05.13-11.59.42:717][152]LogShaderCompilers: Display: Shaders left to compile 164
[2019.05.13-11.59.42:717][152]LogShaderCompilers: Display: Shaders left to compile 163
[2019.05.13-11.59.42:717][152]LogShaderCompilers: Display: Shaders left to compile 162
[2019.05.13-11.59.42:717][152]LogShaderCompilers: Display: Shaders left to compile 161
[2019.05.13-11.59.42:717][152]LogShaderCompilers: Display: Shaders left to compile 160
[2019.05.13-11.59.42:717][152]LogShaderCompilers: Display: Shaders left to compile 159
[2019.05.13-11.59.42:717][152]LogShaderCompilers: Display: Shaders left to compile 158
[2019.05.13-11.59.42:717][152]LogShaderCompilers: Display: Shaders left to compile 157
[2019.05.13-11.59.42:718][152]LogShaderCompilers: Display: Shaders left to compile 156
[2019.05.13-11.59.42:718][152]LogShaderCompilers: Display: Shaders left to compile 155
[2019.05.13-11.59.42:718][152]LogShaderCompilers: Display: Shaders left to compile 154
[2019.05.13-11.59.42:718][152]LogShaderCompilers: Display: Shaders left to compile 153
[2019.05.13-11.59.42:718][152]LogShaderCompilers: Display: Shaders left to compile 152
[2019.05.13-11.59.42:718][152]LogShaderCompilers: Display: Shaders left to compile 151
[2019.05.13-11.59.42:718][152]LogShaderCompilers: Display: Shaders left to compile 150
[2019.05.13-11.59.42:718][152]LogShaderCompilers: Display: Shaders left to compile 149
[2019.05.13-11.59.42:718][152]LogShaderCompilers: Display: Shaders left to compile 148
[2019.05.13-11.59.42:718][152]LogShaderCompilers: Display: Shaders left to compile 147
[2019.05.13-11.59.42:718][152]LogShaderCompilers: Display: Shaders left to compile 146
[2019.05.13-11.59.42:718][152]LogShaderCompilers: Display: Shaders left to compile 145
[2019.05.13-11.59.42:718][152]LogShaderCompilers: Display: Shaders left to compile 144
[2019.05.13-11.59.42:718][152]LogShaderCompilers: Display: Shaders left to compile 143
[2019.05.13-11.59.42:718][152]LogShaderCompilers: Display: Shaders left to compile 142
[2019.05.13-11.59.42:718][152]LogShaderCompilers: Display: Shaders left to compile 141
[2019.05.13-11.59.42:718][152]LogShaderCompilers: Display: Shaders left to compile 140
[2019.05.13-11.59.42:718][152]LogShaderCompilers: Display: Shaders left to compile 139
[2019.05.13-11.59.42:718][152]LogShaderCompilers: Display: Shaders left to compile 138
[2019.05.13-11.59.42:718][152]LogShaderCompilers: Display: Shaders left to compile 137
[2019.05.13-11.59.42:718][152]LogShaderCompilers: Display: Shaders left to compile 136
[2019.05.13-11.59.42:718][152]LogShaderCompilers: Display: Shaders left to compile 135
[2019.05.13-11.59.42:718][152]LogShaderCompilers: Display: Shaders left to compile 134
[2019.05.13-11.59.42:718][152]LogShaderCompilers: Display: Shaders left to compile 133
[2019.05.13-11.59.42:718][152]LogShaderCompilers: Display: Shaders left to compile 132
[2019.05.13-11.59.42:718][152]LogShaderCompilers: Display: Shaders left to compile 131
[2019.05.13-11.59.42:718][152]LogShaderCompilers: Display: Shaders left to compile 130
[2019.05.13-11.59.42:718][152]LogShaderCompilers: Display: Shaders left to compile 129
[2019.05.13-11.59.42:718][152]LogShaderCompilers: Display: Shaders left to compile 128
[2019.05.13-11.59.42:718][152]LogShaderCompilers: Display: Shaders left to compile 127
[2019.05.13-11.59.42:718][152]LogShaderCompilers: Display: Shaders left to compile 126
[2019.05.13-11.59.42:718][152]LogShaderCompilers: Display: Shaders left to compile 125
[2019.05.13-11.59.42:718][152]LogShaderCompilers: Display: Shaders left to compile 124
[2019.05.13-11.59.42:718][152]LogShaderCompilers: Display: Shaders left to compile 123
[2019.05.13-11.59.42:718][152]LogShaderCompilers: Display: Shaders left to compile 122
[2019.05.13-11.59.42:718][152]LogShaderCompilers: Display: Shaders left to compile 121
[2019.05.13-11.59.42:718][152]LogShaderCompilers: Display: Shaders left to compile 120
[2019.05.13-11.59.42:718][152]LogShaderCompilers: Display: Shaders left to compile 119
[2019.05.13-11.59.42:718][152]LogShaderCompilers: Display: Shaders left to compile 118
[2019.05.13-11.59.42:718][152]LogShaderCompilers: Display: Shaders left to compile 108
[2019.05.13-11.59.42:718][152]LogShaderCompilers: Display: Shaders left to compile 98
[2019.05.13-11.59.42:720][152]TextureStreamingBuild: Display: Compiling optional shaders took 5.235 seconds.
[2019.05.13-11.59.53:697][152]LogShaderCompilers: Display: Shaders left to compile 88
[2019.05.13-11.59.53:697][152]LogShaderCompilers: Display: Shaders left to compile 78
[2019.05.13-11.59.53:697][152]LogShaderCompilers: Display: Shaders left to compile 68
[2019.05.13-11.59.53:697][152]LogShaderCompilers: Display: Shaders left to compile 58
[2019.05.13-11.59.53:697][152]LogShaderCompilers: Display: Shaders left to compile 48
[2019.05.13-11.59.53:697][152]LogShaderCompilers: Display: Shaders left to compile 38
[2019.05.13-11.59.53:697][152]LogShaderCompilers: Display: Shaders left to compile 28
[2019.05.13-11.59.53:697][152]LogShaderCompilers: Display: Shaders left to compile 18
[2019.05.13-11.59.53:697][152]LogShaderCompilers: Display: Shaders left to compile 8
[2019.05.13-11.59.53:836][152]LogSavePackage: Moving '../../../../../../Users/d020192g/Desktop/Collab2019.git/trunk/TheDescent_Collab19/Saved/Blood_0190A30F1B4098D362A3CCCE8652135FD3.tmp' to '../../../../../../Users/d020192g/Desktop/Collab2019.git/trunk/TheDescent_Collab19/Content/Users/Jerry/ParticleSystems/Sprite/Blood_01.uasset'
[2019.05.13-11.59.53:868][152]MaterialEditorStats: Base pass shader: 89 instructions
[2019.05.13-11.59.53:868][152]MaterialEditorStats: Base pass shader with Volumetric Lightmap: 116 instructions
[2019.05.13-11.59.53:868][152]MaterialEditorStats: Base pass vertex shader: 111 instructions
[2019.05.13-11.59.53:868][152]MaterialEditorStats: Texture samplers: 7/16
[2019.05.13-11.59.53:868][152]MaterialEditorStats: Texture Lookups (Est.): VS(0), PS(3)
[2019.05.13-11.59.53:868][152]MaterialEditorStats: User interpolators: 2/4 Scalars (1/4 Vectors) (TexCoords: 2, Custom: 0)
[2019.05.13-12.00.23:214][628]LogMaterial: Display: Missing cached shader map for material Blood_01, compiling. 
[2019.05.13-12.00.23:238][628]LogMaterial: Display: Missing cached shader map for material Blood_01, compiling. 
[2019.05.13-12.00.23:262][628]LogMaterial: Display: Missing cached shader map for material Blood_01, compiling. 
[2019.05.13-12.00.23:319][629]LogShaderCompilers: Display: Shaders left to compile 30
[2019.05.13-12.00.23:319][629]LogShaderCompilers: Display: Shaders left to compile 29
[2019.05.13-12.00.23:319][629]LogShaderCompilers: Display: Shaders left to compile 28
[2019.05.13-12.00.23:319][629]LogShaderCompilers: Display: Shaders left to compile 27
[2019.05.13-12.00.23:894][664]LogShaderCompilers: Display: Shaders left to compile 26
[2019.05.13-12.00.23:894][664]LogShaderCompilers: Display: Shaders left to compile 25
[2019.05.13-12.00.23:966][668]LogShaderCompilers: Display: Shaders left to compile 24
[2019.05.13-12.00.23:983][669]LogShaderCompilers: Display: Shaders left to compile 23
[2019.05.13-12.00.24:057][673]LogShaderCompilers: Display: Shaders left to compile 22
[2019.05.13-12.00.24:074][674]LogShaderCompilers: Display: Shaders left to compile 21
[2019.05.13-12.00.24:408][692]LogShaderCompilers: Display: Shaders left to compile 20
[2019.05.13-12.00.24:425][693]LogShaderCompilers: Display: Shaders left to compile 19
[2019.05.13-12.00.24:443][694]LogShaderCompilers: Display: Shaders left to compile 18
[2019.05.13-12.00.24:739][710]LogShaderCompilers: Display: Shaders left to compile 17
[2019.05.13-12.00.24:846][716]LogShaderCompilers: Display: Shaders left to compile 16
[2019.05.13-12.00.24:884][718]LogShaderCompilers: Display: Shaders left to compile 15
[2019.05.13-12.00.25:044][727]LogShaderCompilers: Display: Shaders left to compile 14
[2019.05.13-12.00.25:119][731]LogShaderCompilers: Display: Shaders left to compile 13
[2019.05.13-12.00.25:243][738]LogShaderCompilers: Display: Shaders left to compile 12
[2019.05.13-12.00.25:324][742]LogShaderCompilers: Display: Shaders left to compile 11
[2019.05.13-12.00.25:431][748]LogShaderCompilers: Display: Shaders left to compile 10
[2019.05.13-12.00.25:723][763]LogShaderCompilers: Display: Shaders left to compile 9
[2019.05.13-12.00.25:723][763]LogShaderCompilers: Display: Shaders left to compile 8
[2019.05.13-12.00.25:836][769]LogShaderCompilers: Display: Shaders left to compile 7
[2019.05.13-12.00.26:023][779]LogShaderCompilers: Display: Shaders left to compile 6
[2019.05.13-12.00.26:112][784]LogShaderCompilers: Display: Shaders left to compile 5
[2019.05.13-12.00.26:186][788]LogShaderCompilers: Display: Shaders left to compile 4
[2019.05.13-12.00.26:334][796]LogShaderCompilers: Display: Shaders left to compile 3
[2019.05.13-12.00.26:423][801]LogShaderCompilers: Display: Shaders left to compile 2
[2019.05.13-12.00.26:629][811]LogShaderCompilers: Display: Shaders left to compile 1
[2019.05.13-12.00.27:026][835]MaterialEditorStats: Base pass shader: 89 instructions
[2019.05.13-12.00.27:026][835]MaterialEditorStats: Base pass shader with Volumetric Lightmap: 116 instructions
[2019.05.13-12.00.27:026][835]MaterialEditorStats: Base pass vertex shader: 111 instructions
[2019.05.13-12.00.27:026][835]MaterialEditorStats: Texture samplers: 4/16
[2019.05.13-12.00.27:026][835]MaterialEditorStats: Texture Lookups (Est.): VS(0), PS(3)
[2019.05.13-12.00.27:026][835]MaterialEditorStats: User interpolators: 2/4 Scalars (1/4 Vectors) (TexCoords: 2, Custom: 0)
[2019.05.13-12.00.44:435][279]LogMaterialEditor: Saving and Compiling material Blood_01
[2019.05.13-12.00.45:141][279]LogMaterial: Display: Missing cached shader map for material Blood_01, compiling. 
[2019.05.13-12.00.45:229][279]LogShaderCompilers: Display: Shaders left to compile 30
[2019.05.13-12.00.45:229][279]LogShaderCompilers: Display: Shaders left to compile 29
[2019.05.13-12.00.45:229][279]LogShaderCompilers: Display: Shaders left to compile 28
[2019.05.13-12.00.45:229][279]LogShaderCompilers: Display: Shaders left to compile 27
[2019.05.13-12.00.45:246][279]LogMaterial: Display: Missing cached shader map for material Blood_01, compiling. 
[2019.05.13-12.00.45:336][279]LogMaterial: Display: Missing cached shader map for material Blood_01, compiling. 
[2019.05.13-12.00.45:419][279]LogShaderCompilers: Display: Shaders left to compile 26
[2019.05.13-12.00.45:447][279]LogShaderCompilers: Display: Shaders left to compile 140
[2019.05.13-12.00.45:456][279]LogMaterial: Display: Missing cached shader map for material FDebugViewModeMaterialProxy Blood_01, compiling. 
[2019.05.13-12.00.48:002][279]LogShaderCompilers: Display: Shaders left to compile 140
[2019.05.13-12.00.48:002][279]LogShaderCompilers: Display: Shaders left to compile 139
[2019.05.13-12.00.48:002][279]LogShaderCompilers: Display: Shaders left to compile 138
[2019.05.13-12.00.48:002][279]LogShaderCompilers: Display: Shaders left to compile 137
[2019.05.13-12.00.48:002][279]LogShaderCompilers: Display: Shaders left to compile 136
[2019.05.13-12.00.48:002][279]LogShaderCompilers: Display: Shaders left to compile 135
[2019.05.13-12.00.48:002][279]LogShaderCompilers: Display: Shaders left to compile 134
[2019.05.13-12.00.48:002][279]LogShaderCompilers: Display: Shaders left to compile 133
[2019.05.13-12.00.48:003][279]LogShaderCompilers: Display: Shaders left to compile 132
[2019.05.13-12.00.48:003][279]LogShaderCompilers: Display: Shaders left to compile 131
[2019.05.13-12.00.48:003][279]LogShaderCompilers: Display: Shaders left to compile 130
[2019.05.13-12.00.48:003][279]LogShaderCompilers: Display: Shaders left to compile 129
[2019.05.13-12.00.48:003][279]LogShaderCompilers: Display: Shaders left to compile 128
[2019.05.13-12.00.48:003][279]LogShaderCompilers: Display: Shaders left to compile 127
[2019.05.13-12.00.48:003][279]LogShaderCompilers: Display: Shaders left to compile 126
[2019.05.13-12.00.48:003][279]LogShaderCompilers: Display: Shaders left to compile 125
[2019.05.13-12.00.48:003][279]LogShaderCompilers: Display: Shaders left to compile 124
[2019.05.13-12.00.48:003][279]LogShaderCompilers: Display: Shaders left to compile 123
[2019.05.13-12.00.48:003][279]LogShaderCompilers: Display: Shaders left to compile 122
[2019.05.13-12.00.48:003][279]LogShaderCompilers: Display: Shaders left to compile 121
[2019.05.13-12.00.48:003][279]LogShaderCompilers: Display: Shaders left to compile 120
[2019.05.13-12.00.48:003][279]LogShaderCompilers: Display: Shaders left to compile 119
[2019.05.13-12.00.48:003][279]LogShaderCompilers: Display: Shaders left to compile 118
[2019.05.13-12.00.48:003][279]LogShaderCompilers: Display: Shaders left to compile 117
[2019.05.13-12.00.48:003][279]LogShaderCompilers: Display: Shaders left to compile 116
[2019.05.13-12.00.48:003][279]LogShaderCompilers: Display: Shaders left to compile 115
[2019.05.13-12.00.48:003][279]LogShaderCompilers: Display: Shaders left to compile 105
[2019.05.13-12.00.48:003][279]LogShaderCompilers: Display: Shaders left to compile 95
[2019.05.13-12.00.48:006][279]TextureStreamingBuild: Display: Compiling optional shaders took 2.558 seconds.
[2019.05.13-12.00.59:250][279]LogShaderCompilers: Display: Shaders left to compile 85
[2019.05.13-12.00.59:250][279]LogShaderCompilers: Display: Shaders left to compile 75
[2019.05.13-12.00.59:250][279]LogShaderCompilers: Display: Shaders left to compile 65
[2019.05.13-12.00.59:250][279]LogShaderCompilers: Display: Shaders left to compile 55
[2019.05.13-12.00.59:250][279]LogShaderCompilers: Display: Shaders left to compile 45
[2019.05.13-12.00.59:250][279]LogShaderCompilers: Display: Shaders left to compile 35
[2019.05.13-12.00.59:250][279]LogShaderCompilers: Display: Shaders left to compile 25
[2019.05.13-12.00.59:250][279]LogShaderCompilers: Display: Shaders left to compile 15
[2019.05.13-12.00.59:250][279]LogShaderCompilers: Display: Shaders left to compile 5
[2019.05.13-12.00.59:367][279]LogSavePackage: Moving '../../../../../../Users/d020192g/Desktop/Collab2019.git/trunk/TheDescent_Collab19/Saved/Blood_01B6A8E74144F536802821E09B53EFF284.tmp' to '../../../../../../Users/d020192g/Desktop/Collab2019.git/trunk/TheDescent_Collab19/Content/Users/Jerry/ParticleSystems/Sprite/Blood_01.uasset'
[2019.05.13-12.00.59:392][279]MaterialEditorStats: Base pass shader: 89 instructions
[2019.05.13-12.00.59:392][279]MaterialEditorStats: Base pass shader with Volumetric Lightmap: 116 instructions
[2019.05.13-12.00.59:392][279]MaterialEditorStats: Base pass vertex shader: 111 instructions
[2019.05.13-12.00.59:392][279]MaterialEditorStats: Texture samplers: 7/16
[2019.05.13-12.00.59:393][279]MaterialEditorStats: Texture Lookups (Est.): VS(0), PS(3)
[2019.05.13-12.00.59:393][279]MaterialEditorStats: User interpolators: 2/4 Scalars (1/4 Vectors) (TexCoords: 2, Custom: 0)
[2019.05.13-12.01.04:977][709]LogSlate: Window 'BloodSpurt_00*' being destroyed
[2019.05.13-12.01.06:660][905]LogSavePackage: Moving '../../../../../../Users/d020192g/Desktop/Collab2019.git/trunk/TheDescent_Collab19/Saved/BloodSpurt_00CDE82B894FDCB00659A66482CDB4F956.tmp' to '../../../../../../Users/d020192g/Desktop/Collab2019.git/trunk/TheDescent_Collab19/Content/Users/Jerry/ParticleSystems/BloodSpurt_00.uasset'
[2019.05.13-12.01.13:337][703]LogSlate: FSceneViewport::OnFocusLost() reason 0
[2019.05.13-12.01.15:107][713]LogSlate: Window 'Save Content' being destroyed
[2019.05.13-12.01.15:139][713]Cmd: OBJ SAVEPACKAGE PACKAGE="/Engine/EngineMaterials/AntiAliasedTextMaterialTranslucent" FILE="../../../Engine/Content/EngineMaterials/AntiAliasedTextMaterialTranslucent.uasset" SILENT=true
[2019.05.13-12.01.15:183][713]LogSavePackage: Moving '../../../../../../Users/d020192g/Desktop/Collab2019.git/trunk/TheDescent_Collab19/Saved/AntiAliasedTextMaterialTransluce13D0465742847E8BC30AD8B78963330F.tmp' to '../../../Engine/Content/EngineMaterials/AntiAliasedTextMaterialTranslucent.uasset'
[2019.05.13-12.01.15:559][713]LogSavePackage: Moving '../../../../../../Users/d020192g/Desktop/Collab2019.git/trunk/TheDescent_Collab19/Saved/AITestMap45DC02EE489E72CBDB4F1CA7D76C160A.tmp' to '../../../../../../Users/d020192g/Desktop/Collab2019.git/trunk/TheDescent_Collab19/Content/Users/Jerry/AI/AITestMap.umap'
[2019.05.13-12.01.15:627][713]LogFileHelpers: Saving map 'AITestMap' took 0.439
[2019.05.13-12.01.15:854][713]LogCascade: Quitting Cascade. FXSystem=0x000001F6058065C0
[2019.05.13-12.01.15:980][713]LogCascade: Quitting Cascade. FXSystem=0x000001F5D9355080
[2019.05.13-12.01.16:066][713]LogActorComponent: UnregisterComponent: (/Engine/Transient.FloorComponent) Not registered. Aborting.
[2019.05.13-12.01.16:093][713]LogSlate: Window 'TheDescent_Collab19 - Unreal Editor' being destroyed
[2019.05.13-12.01.16:094][713]LogWindowsTextInputMethodSystem: Display: IME system now deactivated.
[2019.05.13-12.01.16:363][714]Cmd: QUIT_EDITOR
[2019.05.13-12.01.16:433][714]LogExit: Preparing to exit.
[2019.05.13-12.01.16:969][714]LogDirectoryWatcher: A directory notification failed for 'C:/Users/d020192g/Desktop/Collab2019.git/trunk/TheDescent_Collab19/Content/', and we were unable to create a new request.
[2019.05.13-12.01.17:023][714]LogExit: Editor shut down
[2019.05.13-12.01.17:023][714]LogExit: Transaction tracking system shut down
[2019.05.13-12.01.17:682][714]LogExit: Object subsystem successfully closed.
[2019.05.13-12.01.17:699][714]LogShaderCompilers: Display: Shaders left to compile 0
[2019.05.13-12.01.17:700][714]LogD3D11RHI: Shutdown
[2019.05.13-12.01.17:700][714]LogD3D11RHI: CleanupD3DDevice
[2019.05.13-12.01.17:703][714]LogD3D11RHI: ~FD3D11DynamicRHI
[2019.05.13-12.01.17:730][714]LogModuleManager: Shutting down and abandoning module DistCurveEditor (614)
[2019.05.13-12.01.17:730][714]LogModuleManager: Shutting down and abandoning module Cascade (612)
[2019.05.13-12.01.17:730][714]LogModuleManager: Shutting down and abandoning module HierarchicalLODOutliner (610)
[2019.05.13-12.01.17:730][714]LogModuleManager: Shutting down and abandoning module SceneOutliner (608)
[2019.05.13-12.01.17:730][714]LogModuleManager: Shutting down and abandoning module AddContentDialog (606)
[2019.05.13-12.01.17:730][714]LogModuleManager: Shutting down and abandoning module WidgetCarousel (605)
[2019.05.13-12.01.17:730][714]LogModuleManager: Shutting down and abandoning module EditorWidgets (602)
[2019.05.13-12.01.17:730][714]LogModuleManager: Shutting down and abandoning module CollectionManager (600)
[2019.05.13-12.01.17:730][714]LogModuleManager: Shutting down and abandoning module StatsViewer (598)
[2019.05.13-12.01.17:730][714]LogModuleManager: Shutting down and abandoning module FoliageEdit (596)
[2019.05.13-12.01.17:730][714]LogModuleManager: Shutting down and abandoning module LandscapeEditor (594)
[2019.05.13-12.01.17:730][714]LogModuleManager: Shutting down and abandoning module MeshPaintMode (592)
[2019.05.13-12.01.17:730][714]LogModuleManager: Shutting down and abandoning module SceneDepthPickerMode (590)
[2019.05.13-12.01.17:730][714]LogModuleManager: Shutting down and abandoning module ActorPickerMode (588)
[2019.05.13-12.01.17:731][714]LogModuleManager: Shutting down and abandoning module GeometryMode (586)
[2019.05.13-12.01.17:731][714]LogModuleManager: Shutting down and abandoning module TextureAlignMode (584)
[2019.05.13-12.01.17:731][714]LogModuleManager: Shutting down and abandoning module BspMode (582)
[2019.05.13-12.01.17:731][714]LogModuleManager: Shutting down and abandoning module PIEPreviewDeviceProfileSelector (580)
[2019.05.13-12.01.17:731][714]LogModuleManager: Shutting down and abandoning module SequenceRecorderSections (578)
[2019.05.13-12.01.17:731][714]LogModuleManager: Shutting down and abandoning module AutomationWorker (576)
[2019.05.13-12.01.17:731][714]LogModuleManager: Shutting down and abandoning module AudioCaptureEditor (574)
[2019.05.13-12.01.17:731][714]LogModuleManager: Shutting down and abandoning module SequenceRecorder (573)
[2019.05.13-12.01.17:731][714]LogModuleManager: Shutting down and abandoning module MatineeToLevelSequence (570)
[2019.05.13-12.01.17:731][714]LogModuleManager: Shutting down and abandoning module LevelSequenceEditor (568)
[2019.05.13-12.01.17:731][714]LogModuleManager: Shutting down and abandoning module PlacementMode (567)
[2019.05.13-12.01.17:731][714]LogModuleManager: Shutting down and abandoning module MaterialEditor (566)
[2019.05.13-12.01.17:731][714]LogModuleManager: Shutting down and abandoning module WmfMediaFactory (562)
[2019.05.13-12.01.17:731][714]LogModuleManager: Shutting down and abandoning module WmfMediaEditor (560)
[2019.05.13-12.01.17:731][714]LogModuleManager: Shutting down and abandoning module MediaPlayerEditor (558)
[2019.05.13-12.01.17:731][714]LogModuleManager: Shutting down and abandoning module OpenExrWrapper (556)
[2019.05.13-12.01.17:731][714]LogModuleManager: Shutting down and abandoning module ImgMediaFactory (554)
[2019.05.13-12.01.17:731][714]LogModuleManager: Shutting down and abandoning module ImgMediaEditor (552)
[2019.05.13-12.01.17:731][714]LogModuleManager: Shutting down and abandoning module AvfMediaFactory (550)
[2019.05.13-12.01.17:731][714]LogModuleManager: Shutting down and abandoning module AvfMediaEditor (548)
[2019.05.13-12.01.17:731][714]LogModuleManager: Shutting down and abandoning module AndroidMediaFactory (546)
[2019.05.13-12.01.17:731][714]LogModuleManager: Shutting down and abandoning module AndroidMediaEditor (544)
[2019.05.13-12.01.17:731][714]LogModuleManager: Shutting down and abandoning module MagicLeapCameraPreviewFactory (542)
[2019.05.13-12.01.17:731][714]LogModuleManager: Shutting down and abandoning module MagicLeapMediaFactory (540)
[2019.05.13-12.01.17:731][714]LogModuleManager: Shutting down and abandoning module MagicLeapMediaEditor (538)
[2019.05.13-12.01.17:731][714]LogModuleManager: Shutting down and abandoning module CharacterAI (536)
[2019.05.13-12.01.17:731][714]LogModuleManager: Shutting down and abandoning module SmartSnapping (534)
[2019.05.13-12.01.17:731][714]LogModuleManager: Shutting down and abandoning module SessionServices (532)
[2019.05.13-12.01.17:731][714]LogModuleManager: Shutting down and abandoning module ViewportSnapping (530)
[2019.05.13-12.01.17:731][714]LogModuleManager: Shutting down and abandoning module ViewportInteraction (528)
[2019.05.13-12.01.17:731][714]LogModuleManager: Shutting down and abandoning module ClothPainter (526)
[2019.05.13-12.01.17:731][714]LogModuleManager: Shutting down and abandoning module SkeletalMeshEditor (525)
[2019.05.13-12.01.17:732][714]LogModuleManager: Shutting down and abandoning module LogVisualizer (522)
[2019.05.13-12.01.17:732][714]LogModuleManager: Shutting down and abandoning module IntroTutorials (520)
[2019.05.13-12.01.17:732][714]LogModuleManager: Shutting down and abandoning module GameProjectGeneration (519)
[2019.05.13-12.01.17:732][714]LogModuleManager: Shutting down and abandoning module LuminPlatformEditor (516)
[2019.05.13-12.01.17:732][714]LogModuleManager: Shutting down and abandoning module IOSPlatformEditor (514)
[2019.05.13-12.01.17:732][714]LogModuleManager: Shutting down and abandoning module HTML5PlatformEditor (512)
[2019.05.13-12.01.17:732][714]LogModuleManager: Shutting down and abandoning module AndroidPlatformEditor (510)
[2019.05.13-12.01.17:732][714]LogModuleManager: Shutting down and abandoning module AndroidDeviceDetection (509)
[2019.05.13-12.01.18:370][714]LogModuleManager: Shutting down and abandoning module WindowsPlatformEditor (506)
[2019.05.13-12.01.18:370][714]LogModuleManager: Shutting down and abandoning module LuminRuntimeSettings (504)
[2019.05.13-12.01.18:370][714]LogModuleManager: Shutting down and abandoning module IOSRuntimeSettings (502)
[2019.05.13-12.01.18:370][714]LogModuleManager: Shutting down and abandoning module AndroidRuntimeSettings (500)
[2019.05.13-12.01.18:370][714]LogModuleManager: Shutting down and abandoning module InputBindingEditor (498)
[2019.05.13-12.01.18:370][714]LogModuleManager: Shutting down and abandoning module MergeActors (496)
[2019.05.13-12.01.18:370][714]LogModuleManager: Shutting down and abandoning module LocalizationDashboard (494)
[2019.05.13-12.01.18:370][714]LogModuleManager: Shutting down and abandoning module LocalizationService (493)
[2019.05.13-12.01.18:370][714]LogModuleManager: Shutting down and abandoning module HardwareTargeting (490)
[2019.05.13-12.01.18:370][714]LogModuleManager: Shutting down and abandoning module DeviceProfileEditor (488)
[2019.05.13-12.01.18:370][714]LogModuleManager: Shutting down and abandoning module UndoHistory (486)
[2019.05.13-12.01.18:370][714]LogModuleManager: Shutting down and abandoning module XmlParser (484)
[2019.05.13-12.01.18:370][714]LogModuleManager: Shutting down and abandoning module Blutility (482)
[2019.05.13-12.01.18:370][714]LogModuleManager: Shutting down and abandoning module ProjectSettingsViewer (480)
[2019.05.13-12.01.18:370][714]LogModuleManager: Shutting down and abandoning module ProjectTargetPlatformEditor (479)
[2019.05.13-12.01.18:371][714]LogModuleManager: Shutting down and abandoning module EditorSettingsViewer (476)
[2019.05.13-12.01.18:371][714]LogModuleManager: Shutting down and abandoning module SettingsEditor (474)
[2019.05.13-12.01.18:371][714]LogModuleManager: Shutting down and abandoning module ProjectLauncher (472)
[2019.05.13-12.01.18:371][714]LogModuleManager: Shutting down and abandoning module SessionFrontend (470)
[2019.05.13-12.01.18:371][714]LogModuleManager: Shutting down and abandoning module ProfilerClient (468)
[2019.05.13-12.01.18:371][714]LogModuleManager: Shutting down and abandoning module DeviceManager (466)
[2019.05.13-12.01.18:371][714]LogModuleManager: Shutting down and abandoning module TargetDeviceServices (465)
[2019.05.13-12.01.18:435][714]LogModuleManager: Shutting down and abandoning module AutomationController (462)
[2019.05.13-12.01.18:435][714]LogModuleManager: Shutting down and abandoning module AutomationWindow (460)
[2019.05.13-12.01.18:435][714]LogModuleManager: Shutting down and abandoning module Layers (458)
[2019.05.13-12.01.18:435][714]LogModuleManager: Shutting down and abandoning module ComponentVisualizers (456)
[2019.05.13-12.01.18:435][714]LogModuleManager: Shutting down and abandoning module DetailCustomizations (454)
[2019.05.13-12.01.18:435][714]LogModuleManager: Shutting down and abandoning module PackagesDialog (452)
[2019.05.13-12.01.18:435][714]LogModuleManager: Shutting down and abandoning module Persona (450)
[2019.05.13-12.01.18:436][714]LogModuleManager: Shutting down and abandoning module AdvancedPreviewScene (449)
[2019.05.13-12.01.18:436][714]LogModuleManager: Shutting down and abandoning module AnimGraph (447)
[2019.05.13-12.01.18:436][714]LogModuleManager: Shutting down and abandoning module Kismet (444)
[2019.05.13-12.01.18:440][714]LogModuleManager: Shutting down and abandoning module GraphEditor (442)
[2019.05.13-12.01.18:440][714]LogModuleManager: Shutting down and abandoning module ClassViewer (440)
[2019.05.13-12.01.18:440][714]LogModuleManager: Shutting down and abandoning module Toolbox (438)
[2019.05.13-12.01.18:440][714]LogModuleManager: Shutting down and abandoning module ModuleUI (436)
[2019.05.13-12.01.18:440][714]LogModuleManager: Shutting down and abandoning module MovieSceneTools (434)
[2019.05.13-12.01.18:440][714]LogModuleManager: Shutting down and abandoning module OutputLog (432)
[2019.05.13-12.01.18:440][714]LogModuleManager: Shutting down and abandoning module GammaUI (430)
[2019.05.13-12.01.18:440][714]LogModuleManager: Shutting down and abandoning module Documentation (428)
[2019.05.13-12.01.18:441][714]LogModuleManager: Shutting down and abandoning module MovieSceneTracks (426)
[2019.05.13-12.01.18:441][714]LogModuleManager: Shutting down and abandoning module MovieScene (424)
[2019.05.13-12.01.18:441][714]LogModuleManager: Shutting down and abandoning module StreamingPauseRendering (422)
[2019.05.13-12.01.18:441][714]LogModuleManager: Shutting down and abandoning module LauncherPlatform (420)
[2019.05.13-12.01.18:441][714]LogModuleManager: Shutting down and abandoning module AnalyticsET (418)
[2019.05.13-12.01.18:441][714]LogModuleManager: Shutting down and abandoning module PortalServices (416)
[2019.05.13-12.01.18:441][714]LogModuleManager: Shutting down and abandoning module PortalRpc (414)
[2019.05.13-12.01.18:441][714]LogModuleManager: Shutting down and abandoning module MessagingRpc (412)
[2019.05.13-12.01.18:441][714]LogModuleManager: Shutting down and abandoning module AIModule (410)
[2019.05.13-12.01.18:441][714]LogModuleManager: Shutting down and abandoning module GameplayDebugger (409)
[2019.05.13-12.01.18:441][714]LogModuleManager: Shutting down and abandoning module AITestSuite (407)
[2019.05.13-12.01.18:441][714]LogModuleManager: Shutting down and abandoning module NavigationSystem (405)
[2019.05.13-12.01.18:441][714]LogModuleManager: Shutting down and abandoning module DesktopPlatform (402)
[2019.05.13-12.01.18:441][714]LogModuleManager: Shutting down and abandoning module ProfilerService (400)
[2019.05.13-12.01.18:552][714]LogModuleManager: Shutting down and abandoning module TaskGraph (398)
[2019.05.13-12.01.18:552][714]LogModuleManager: Shutting down and abandoning module SteamVRController (396)
[2019.05.13-12.01.18:552][714]LogModuleManager: Shutting down and abandoning module ProceduralMeshComponentEditor (394)
[2019.05.13-12.01.18:552][714]LogModuleManager: Shutting down and abandoning module ProceduralMeshComponent (392)
[2019.05.13-12.01.18:552][714]LogModuleManager: Shutting down and abandoning module OculusInput (390)
[2019.05.13-12.01.18:552][714]LogModuleManager: Shutting down and abandoning module MobilePatchingUtils (388)
[2019.05.13-12.01.18:552][714]LogModuleManager: Shutting down and abandoning module EditableMesh (386)
[2019.05.13-12.01.18:552][714]LogModuleManager: Shutting down and abandoning module CustomMeshComponent (384)
[2019.05.13-12.01.18:552][714]LogModuleManager: Shutting down and abandoning module CableComponent (382)
[2019.05.13-12.01.18:552][714]LogModuleManager: Shutting down and abandoning module AudioCapture (380)
[2019.05.13-12.01.18:552][714]LogModuleManager: Shutting down and abandoning module ArchVisCharacter (378)
[2019.05.13-12.01.18:552][714]LogModuleManager: Shutting down and abandoning module AndroidPermission (376)
[2019.05.13-12.01.18:552][714]LogModuleManager: Shutting down and abandoning module NUTUnrealEngine4 (374)
[2019.05.13-12.01.18:552][714]LogModuleManager: Shutting down and abandoning module NetcodeUnitTest (372)
[2019.05.13-12.01.18:552][714]LogModuleManager: Shutting down and abandoning module MediaCompositingEditor (370)
[2019.05.13-12.01.18:553][714]LogModuleManager: Shutting down and abandoning module MediaCompositing (368)
[2019.05.13-12.01.18:553][714]LogModuleManager: Shutting down and abandoning module LinearTimecode (366)
[2019.05.13-12.01.18:553][714]LogModuleManager: Shutting down and abandoning module ImgMedia (364)
[2019.05.13-12.01.18:560][714]LogModuleManager: Shutting down and abandoning module HTML5Networking (362)
[2019.05.13-12.01.18:560][714]LogModuleManager: Shutting down and abandoning module GeometryCacheTracks (360)
[2019.05.13-12.01.18:560][714]LogModuleManager: Shutting down and abandoning module GeometryCacheSequencer (358)
[2019.05.13-12.01.18:560][714]LogModuleManager: Shutting down and abandoning module BackChannel (356)
[2019.05.13-12.01.18:560][714]LogModuleManager: Shutting down and abandoning module AppleVision (354)
[2019.05.13-12.01.18:560][714]LogModuleManager: Shutting down and abandoning module AppleImageUtils (352)
[2019.05.13-12.01.18:560][714]LogModuleManager: Shutting down and abandoning module AlembicImporter (350)
[2019.05.13-12.01.18:560][714]LogModuleManager: Shutting down and abandoning module AlembicLibrary (349)
[2019.05.13-12.01.18:560][714]LogModuleManager: Shutting down and abandoning module GeometryCache (348)
[2019.05.13-12.01.18:560][714]LogModuleManager: Shutting down and abandoning module GeometryCacheEd (347)
[2019.05.13-12.01.18:560][714]LogModuleManager: Shutting down and abandoning module DatasmithContentEditor (342)
[2019.05.13-12.01.18:560][714]LogModuleManager: Shutting down and abandoning module DatasmithContent (340)
[2019.05.13-12.01.18:561][714]LogModuleManager: Shutting down and abandoning module SpeedTreeImporter (338)
[2019.05.13-12.01.18:561][714]LogModuleManager: Shutting down and abandoning module PluginBrowser (336)
[2019.05.13-12.01.18:562][714]LogModuleManager: Shutting down and abandoning module MobileLauncherProfileWizard (334)
[2019.05.13-12.01.18:562][714]LogModuleManager: Shutting down and abandoning module PolygonModeling (332)
[2019.05.13-12.01.18:562][714]LogModuleManager: Shutting down and abandoning module MeshEditor (330)
[2019.05.13-12.01.18:562][714]LogModuleManager: Shutting down and abandoning module CryptoKeysOpenSSL (328)
[2019.05.13-12.01.18:562][714]LogModuleManager: Shutting down and abandoning module CryptoKeys (326)
[2019.05.13-12.01.18:562][714]LogModuleManager: Shutting down and abandoning module VisualStudioSourceCodeAccess (324)
[2019.05.13-12.01.18:562][714]LogModuleManager: Shutting down and abandoning module VisualStudioCodeSourceCodeAccess (322)
[2019.05.13-12.01.18:562][714]LogModuleManager: Shutting down and abandoning module UObjectPlugin (320)
[2019.05.13-12.01.18:562][714]LogModuleManager: Shutting down and abandoning module SubversionSourceControl (318)
[2019.05.13-12.01.18:562][714]LogModuleManager: Shutting down and abandoning module PerforceSourceControl (316)
[2019.05.13-12.01.18:562][714]LogModuleManager: Shutting down and abandoning module GitSourceControl (314)
[2019.05.13-12.01.18:562][714]LogModuleManager: Shutting down and abandoning module SourceControl (313)
[2019.05.13-12.01.18:563][714]LogModuleManager: Shutting down and abandoning module CLionSourceCodeAccess (310)
[2019.05.13-12.01.18:563][714]LogModuleManager: Shutting down and abandoning module LightPropagationVolumeEditor (308)
[2019.05.13-12.01.18:563][714]LogModuleManager: Shutting down and abandoning module PaperTiledImporter (306)
[2019.05.13-12.01.18:563][714]LogModuleManager: Shutting down and abandoning module PaperSpriteSheetImporter (304)
[2019.05.13-12.01.18:563][714]LogModuleManager: Shutting down and abandoning module Paper2DEditor (302)
[2019.05.13-12.01.18:563][714]LogModuleManager: Shutting down and abandoning module MeshPaint (301)
[2019.05.13-12.01.18:563][714]LogModuleManager: Shutting down and abandoning module RuntimePhysXCooking (298)
[2019.05.13-12.01.18:563][714]LogModuleManager: Shutting down and abandoning module PhysXVehiclesEditor (296)
[2019.05.13-12.01.18:563][714]LogModuleManager: Shutting down and abandoning module PhysXVehicles (294)
[2019.05.13-12.01.18:563][714]LogModuleManager: Shutting down and abandoning module OculusEditor (292)
[2019.05.13-12.01.18:563][714]LogModuleManager: Shutting down and abandoning module LocationServicesBPLibrary (290)
[2019.05.13-12.01.18:563][714]LogModuleManager: Shutting down and abandoning module ImmediatePhysicsEditor (288)
[2019.05.13-12.01.18:563][714]LogModuleManager: Shutting down and abandoning module ImmediatePhysics (286)
[2019.05.13-12.01.18:563][714]LogModuleManager: Shutting down and abandoning module ActorSequence (284)
[2019.05.13-12.01.18:563][714]LogModuleManager: Shutting down and abandoning module UdpMessaging (282)
[2019.05.13-12.01.18:665][714]LogModuleManager: Shutting down and abandoning module TcpMessaging (280)
[2019.05.13-12.01.18:766][714]LogModuleManager: Shutting down and abandoning module MagicLeapAudio (278)
[2019.05.13-12.01.18:766][714]LogModuleManager: Shutting down and abandoning module GameplayTagsEditor (276)
[2019.05.13-12.01.18:766][714]LogModuleManager: Shutting down and abandoning module FacialAnimationEditor (274)
[2019.05.13-12.01.18:766][714]LogModuleManager: Shutting down and abandoning module FacialAnimation (272)
[2019.05.13-12.01.18:766][714]LogModuleManager: Shutting down and abandoning module DataValidation (270)
[2019.05.13-12.01.18:766][714]LogModuleManager: Shutting down and abandoning module AssetManagerEditor (268)
[2019.05.13-12.01.18:766][714]LogModuleManager: Shutting down and abandoning module LevelEditor (267)
[2019.05.13-12.01.18:768][714]LogModuleManager: Shutting down and abandoning module PixelInspectorModule (266)
[2019.05.13-12.01.18:768][714]LogModuleManager: Shutting down and abandoning module CommonMenuExtensions (264)
[2019.05.13-12.01.18:768][714]LogModuleManager: Shutting down and abandoning module MainFrame (262)
[2019.05.13-12.01.18:768][714]LogModuleManager: Shutting down and abandoning module HotReload (261)
[2019.05.13-12.01.18:769][714]LogModuleManager: Shutting down and abandoning module ContentBrowser (257)
[2019.05.13-12.01.18:771][714]LogModuleManager: Shutting down and abandoning module TreeMap (255)
[2019.05.13-12.01.18:771][714]LogModuleManager: Shutting down and abandoning module LightPropagationVolumeRuntime (252)
[2019.05.13-12.01.18:771][714]LogModuleManager: Shutting down and abandoning module AISupportModule (250)
[2019.05.13-12.01.18:771][714]LogModuleManager: Shutting down and abandoning module Paper2D (248)
[2019.05.13-12.01.18:772][714]LogModuleManager: Shutting down and abandoning module WindowsMoviePlayer (246)
[2019.05.13-12.01.18:772][714]LogModuleManager: Shutting down and abandoning module WmfMedia (244)
[2019.05.13-12.01.18:774][714]LogModuleManager: Shutting down and abandoning module Media (243)
[2019.05.13-12.01.18:780][714]LogModuleManager: Shutting down and abandoning module PacketHandler (240)
[2019.05.13-12.01.18:781][714]LogModuleManager: Shutting down and abandoning module ClothingSystemEditor (238)
[2019.05.13-12.01.18:781][714]LogModuleManager: Shutting down and abandoning module ClothingSystemRuntime (236)
[2019.05.13-12.01.18:781][714]LogModuleManager: Shutting down and abandoning module MediaAssets (234)
[2019.05.13-12.01.18:781][714]LogModuleManager: Shutting down and abandoning module Overlay (232)
[2019.05.13-12.01.18:781][714]LogModuleManager: Shutting down and abandoning module OverlayEditor (231)
[2019.05.13-12.01.18:781][714]LogModuleManager: Shutting down and abandoning module VREditor (228)
[2019.05.13-12.01.18:781][714]LogModuleManager: Shutting down and abandoning module StringTableEditor (226)
[2019.05.13-12.01.18:781][714]LogModuleManager: Shutting down and abandoning module GameplayTasksEditor (224)
[2019.05.13-12.01.18:781][714]LogModuleManager: Shutting down and abandoning module BehaviorTreeEditor (222)
[2019.05.13-12.01.18:781][714]LogModuleManager: Shutting down and abandoning module FunctionalTesting (220)
[2019.05.13-12.01.18:781][714]LogModuleManager: Shutting down and abandoning module CollisionAnalyzer (218)
[2019.05.13-12.01.18:781][714]LogModuleManager: Shutting down and abandoning module WorkspaceMenuStructure (217)
[2019.05.13-12.01.18:781][714]LogModuleManager: Shutting down and abandoning module UMG (214)
[2019.05.13-12.01.18:781][714]LogModuleManager: Shutting down and abandoning module UMGEditor (213)
[2019.05.13-12.01.18:781][714]LogModuleManager: Shutting down and abandoning module Sequencer (212)
[2019.05.13-12.01.18:782][714]LogModuleManager: Shutting down and abandoning module MessageLog (209)
[2019.05.13-12.01.18:782][714]LogModuleManager: Shutting down and abandoning module SlateReflector (204)
[2019.05.13-12.01.18:782][714]LogModuleManager: Shutting down and abandoning module Slate (202)
[2019.05.13-12.01.18:782][714]LogModuleManager: Shutting down and abandoning module EditorStyle (200)
[2019.05.13-12.01.18:786][714]LogModuleManager: Shutting down and abandoning module MRMesh (198)
[2019.05.13-12.01.18:786][714]LogModuleManager: Shutting down and abandoning module SourceCodeAccess (196)
[2019.05.13-12.01.18:786][714]LogModuleManager: Shutting down and abandoning module HeadMountedDisplay (194)
[2019.05.13-12.01.18:786][714]LogModuleManager: Shutting down and abandoning module XAudio2 (192)
[2019.05.13-12.01.18:786][714]LogModuleManager: Shutting down and abandoning module Networking (190)
[2019.05.13-12.01.18:786][714]LogModuleManager: Shutting down and abandoning module Core (188)
[2019.05.13-12.01.18:786][714]LogModuleManager: Shutting down and abandoning module LevelSequence (186)
[2019.05.13-12.01.18:786][714]LogModuleManager: Shutting down and abandoning module KismetCompiler (184)
[2019.05.13-12.01.18:786][714]LogModuleManager: Shutting down and abandoning module MeshUtilities (182)
[2019.05.13-12.01.18:786][714]LogModuleManager: Shutting down and abandoning module MeshMergeUtilities (181)
[2019.05.13-12.01.18:786][714]LogModuleManager: Shutting down and abandoning module MeshReductionInterface (180)
[2019.05.13-12.01.18:786][714]LogModuleManager: Shutting down and abandoning module SimplygonSwarm (179)
[2019.05.13-12.01.18:786][714]LogModuleManager: Shutting down and abandoning module ProxyLODMeshReduction (177)
[2019.05.13-12.01.18:786][714]LogModuleManager: Shutting down and abandoning module SimplygonMeshReduction (175)
[2019.05.13-12.01.18:786][714]LogModuleManager: Shutting down and abandoning module QuadricMeshReduction (173)
[2019.05.13-12.01.18:787][714]LogModuleManager: Shutting down and abandoning module MaterialBaking (169)
[2019.05.13-12.01.18:787][714]LogModuleManager: Shutting down and abandoning module DirectoryWatcher (165)
[2019.05.13-12.01.18:787][714]LogModuleManager: Shutting down and abandoning module DerivedDataCache (162)
[2019.05.13-12.01.18:798][714]LogDerivedDataCache: Shutdown
[2019.05.13-12.01.18:799][714]LogModuleManager: Shutting down and abandoning module XGEController (160)
[2019.05.13-12.01.18:799][714]LogModuleManager: Shutting down and abandoning module TargetPlatform (158)
[2019.05.13-12.01.18:799][714]LogModuleManager: Shutting down and abandoning module VulkanShaderFormat (157)
[2019.05.13-12.01.18:799][714]LogModuleManager: Shutting down and abandoning module ShaderFormatVectorVM (155)
[2019.05.13-12.01.18:799][714]LogModuleManager: Shutting down and abandoning module ShaderFormatOpenGL (153)
[2019.05.13-12.01.18:799][714]LogModuleManager: Shutting down and abandoning module ShaderFormatD3D (151)
[2019.05.13-12.01.18:799][714]LogModuleManager: Shutting down and abandoning module MetalShaderFormat (149)
[2019.05.13-12.01.18:799][714]LogModuleManager: Shutting down and abandoning module TextureFormatUncompressed (147)
[2019.05.13-12.01.18:799][714]LogModuleManager: Shutting down and abandoning module TextureFormatPVR (145)
[2019.05.13-12.01.18:799][714]LogModuleManager: Shutting down and abandoning module TextureFormatDXT (143)
[2019.05.13-12.01.18:799][714]LogModuleManager: Shutting down and abandoning module TextureFormatIntelISPCTexComp (141)
[2019.05.13-12.01.18:799][714]LogModuleManager: Shutting down and abandoning module TextureFormatASTC (139)
[2019.05.13-12.01.18:799][714]LogModuleManager: Shutting down and abandoning module ImageWrapper (138)
[2019.05.13-12.01.18:799][714]LogModuleManager: Shutting down and abandoning module TextureFormatAndroid (135)
[2019.05.13-12.01.18:799][714]LogModuleManager: Shutting down and abandoning module AudioFormatOpus (133)
[2019.05.13-12.01.18:799][714]LogModuleManager: Shutting down and abandoning module AudioFormatOgg (131)
[2019.05.13-12.01.18:799][714]LogModuleManager: Shutting down and abandoning module AudioFormatADPCM (129)
[2019.05.13-12.01.18:800][714]LogModuleManager: Shutting down and abandoning module LuminTargetPlatform (127)
[2019.05.13-12.01.18:800][714]LogModuleManager: Shutting down and abandoning module LinuxTargetPlatform (125)
[2019.05.13-12.01.18:800][714]LogModuleManager: Shutting down and abandoning module LinuxServerTargetPlatform (123)
[2019.05.13-12.01.18:800][714]LogModuleManager: Shutting down and abandoning module LinuxNoEditorTargetPlatform (121)
[2019.05.13-12.01.18:800][714]LogModuleManager: Shutting down and abandoning module LinuxClientTargetPlatform (119)
[2019.05.13-12.01.18:800][714]LogModuleManager: Shutting down and abandoning module TVOSTargetPlatform (117)
[2019.05.13-12.01.18:802][714]LogModuleManager: Shutting down and abandoning module Messaging (115)
[2019.05.13-12.01.18:802][714]LogModuleManager: Shutting down and abandoning module IOSTargetPlatform (113)
[2019.05.13-12.01.18:804][714]LogModuleManager: Shutting down and abandoning module HTML5TargetPlatform (111)
[2019.05.13-12.01.18:804][714]LogModuleManager: Shutting down and abandoning module AndroidTargetPlatform (109)
[2019.05.13-12.01.18:820][714]LogModuleManager: Shutting down and abandoning module WindowsTargetPlatform (107)
[2019.05.13-12.01.18:820][714]LogModuleManager: Shutting down and abandoning module WindowsServerTargetPlatform (105)
[2019.05.13-12.01.18:821][714]LogModuleManager: Shutting down and abandoning module WindowsNoEditorTargetPlatform (103)
[2019.05.13-12.01.18:821][714]LogModuleManager: Shutting down and abandoning module WindowsClientTargetPlatform (101)
[2019.05.13-12.01.18:821][714]LogModuleManager: Shutting down and abandoning module MacTargetPlatform (99)
[2019.05.13-12.01.18:821][714]LogModuleManager: Shutting down and abandoning module MacServerTargetPlatform (97)
[2019.05.13-12.01.18:821][714]LogModuleManager: Shutting down and abandoning module MacNoEditorTargetPlatform (95)
[2019.05.13-12.01.18:821][714]LogModuleManager: Shutting down and abandoning module MacClientTargetPlatform (93)
[2019.05.13-12.01.18:821][714]LogModuleManager: Shutting down and abandoning module AllDesktopTargetPlatform (91)
[2019.05.13-12.01.18:821][714]LogModuleManager: Shutting down and abandoning module InputCore (88)
[2019.05.13-12.01.18:821][714]LogModuleManager: Shutting down and abandoning module Settings (86)
[2019.05.13-12.01.18:821][714]LogModuleManager: Shutting down and abandoning module PhysXCooking (84)
[2019.05.13-12.01.18:821][714]LogModuleManager: Shutting down and abandoning module SteamVR (82)
[2019.05.13-12.01.18:821][714]LogModuleManager: Shutting down and abandoning module OculusHMD (80)
[2019.05.13-12.01.18:821][714]LogModuleManager: Shutting down and abandoning module ExampleDeviceProfileSelector (78)
[2019.05.13-12.01.18:821][714]LogModuleManager: Shutting down and abandoning module LauncherChunkInstaller (76)
[2019.05.13-12.01.18:821][714]LogModuleManager: Shutting down and abandoning module OnlineBlueprintSupport (74)
[2019.05.13-12.01.18:821][714]LogModuleManager: Shutting down and abandoning module OnlineSubsystem (70)
[2019.05.13-12.01.18:823][714]LogModuleManager: Shutting down and abandoning module XMPP (65)
[2019.05.13-12.01.18:823][714]LogModuleManager: Shutting down and abandoning module WebSockets (64)
[2019.05.13-12.01.18:832][714]LogModuleManager: Shutting down and abandoning module HTTP (61)
[2019.05.13-12.01.18:832][714]LogHttp: Display: Http module shutting down, but needs to wait on 1 outstanding Http requests:
[2019.05.13-12.01.18:833][714]LogHttp: Display: 	verb=[POST] url=[https://datarouter.ol.epicgames.com/datarouter/api/v1/public/data?SessionID=%7BE0EC04AB-42BF-D300-F93E-4CA3388691A6%7D&AppID=UEEditor.Rocket.Release&AppVersion=4.20.3-4369336%2B%2B%2BUE4%2BRelease-4.20&UserID=a2e402664b0e6fb22a7f728009eb9f61%7C%7C02c2e882-3e3f-4046-adf6-f0df96329bf3&AppEnvironment=datacollector-binary&UploadType=eteventstream] status=Processing
[2019.05.13-12.01.18:853][714]LogModuleManager: Shutting down and abandoning module SSL (60)
[2019.05.13-12.01.18:855][714]LogModuleManager: Shutting down and abandoning module MagicLeapEmulator (56)
[2019.05.13-12.01.18:855][714]LogModuleManager: Shutting down and abandoning module MagicLeapPrivileges (54)
[2019.05.13-12.01.18:855][714]LogModuleManager: Shutting down and abandoning module MagicLeapIdentity (52)
[2019.05.13-12.01.18:855][714]LogModuleManager: Shutting down and abandoning module MagicLeapHelperVulkan (50)
[2019.05.13-12.01.18:855][714]LogModuleManager: Shutting down and abandoning module MagicLeapHelperOpenGL (48)
[2019.05.13-12.01.18:855][714]LogModuleManager: Shutting down and abandoning module MagicLeapSecureStorage (46)
[2019.05.13-12.01.18:855][714]LogModuleManager: Shutting down and abandoning module MagicLeapGestures (44)
[2019.05.13-12.01.18:855][714]LogModuleManager: Shutting down and abandoning module MagicLeapEyeTracker (42)
[2019.05.13-12.01.18:855][714]LogModuleManager: Shutting down and abandoning module MagicLeapController (40)
[2019.05.13-12.01.18:855][714]LogSlate: Slate User Destroyed.  User Index 0, Is Virtual User: 0
[2019.05.13-12.01.18:855][714]LogModuleManager: Shutting down and abandoning module MagicLeap (38)
[2019.05.13-12.01.18:855][714]LogModuleManager: Shutting down and abandoning module AnimationModifiers (36)
[2019.05.13-12.01.18:855][714]LogModuleManager: Shutting down and abandoning module PropertyEditor (35)
[2019.05.13-12.01.18:855][714]LogModuleManager: Shutting down and abandoning module AudioEditor (32)
[2019.05.13-12.01.18:855][714]LogModuleManager: Shutting down and abandoning module TextureCompressor (30)
[2019.05.13-12.01.18:857][714]LogModuleManager: Shutting down and abandoning module ShaderCore (28)
[2019.05.13-12.01.18:857][714]LogModuleManager: Shutting down and abandoning module Landscape (26)
[2019.05.13-12.01.18:857][714]LogModuleManager: Shutting down and abandoning module SlateRHIRenderer (24)
[2019.05.13-12.01.18:857][714]LogModuleManager: Shutting down and abandoning module OpenGLDrv (22)
[2019.05.13-12.01.18:857][714]LogModuleManager: Shutting down and abandoning module D3D11RHI (20)
[2019.05.13-12.01.18:857][714]LogModuleManager: Shutting down and abandoning module AnimGraphRuntime (18)
[2019.05.13-12.01.18:857][714]LogModuleManager: Shutting down and abandoning module Renderer (16)
[2019.05.13-12.01.18:857][714]LogModuleManager: Shutting down and abandoning module Engine (14)
[2019.05.13-12.01.18:857][714]LogModuleManager: Shutting down and abandoning module CoreUObject (12)
[2019.05.13-12.01.18:857][714]LogModuleManager: Shutting down and abandoning module NetworkFile (10)
[2019.05.13-12.01.18:857][714]LogModuleManager: Shutting down and abandoning module CookedIterativeFile (8)
[2019.05.13-12.01.18:857][714]LogModuleManager: Shutting down and abandoning module StreamingFile (6)
[2019.05.13-12.01.18:857][714]LogModuleManager: Shutting down and abandoning module SandboxFile (4)
[2019.05.13-12.01.18:857][714]LogModuleManager: Shutting down and abandoning module PakFile (2)
[2019.05.13-12.01.18:863][714]LogExit: Exiting.
[2019.05.13-12.01.18:865][714]Log file closed, 05/13/19 13:01:18
