Log file open, 05/13/19 11:58:50
LogWindows: Failed to load 'aqProf.dll' (GetLastError=126)
LogWindows: File 'aqProf.dll' does not exist
LogWindows: Failed to load 'VSPerf140.dll' (GetLastError=126)
LogWindows: File 'VSPerf140.dll' does not exist
LogWindows: Failed to load 'VtuneApi.dll' (GetLastError=126)
LogWindows: File 'VtuneApi.dll' does not exist
LogWindows: Failed to load 'VtuneApi32e.dll' (GetLastError=126)
LogWindows: File 'VtuneApi32e.dll' does not exist
LogInit: Display: Running engine for game: TheDescent_Collab19
LogPlatformFile: Not using cached read wrapper
LogTaskGraph: Started task graph with 5 named threads and 23 total threads with 3 sets of task threads.
LogStats: Stats thread started at 0.326384
LogD3D11RHI: Loaded GFSDK_Aftermath_Lib.x64.dll
LogICUInternationalization: Display: ICU TimeZone Detection - Raw Offset: +0:00, Platform Override: ''
LogPluginManager: Mounting plugin Paper2D
LogPluginManager: Mounting plugin AISupport
LogPluginManager: Mounting plugin LightPropagationVolume
LogPluginManager: Mounting plugin CLionSourceCodeAccess
LogPluginManager: Mounting plugin CodeLiteSourceCodeAccess
LogPluginManager: Mounting plugin GitSourceControl
LogPluginManager: Mounting plugin KDevelopSourceCodeAccess
LogPluginManager: Mounting plugin NullSourceCodeAccess
LogPluginManager: Mounting plugin PerforceSourceControl
LogPluginManager: Mounting plugin SubversionSourceControl
LogPluginManager: Mounting plugin UObjectPlugin
LogPluginManager: Mounting plugin VisualStudioCodeSourceCodeAccess
LogPluginManager: Mounting plugin VisualStudioSourceCodeAccess
LogPluginManager: Mounting plugin XCodeSourceCodeAccess
LogPluginManager: Mounting plugin AssetManagerEditor
LogPluginManager: Mounting plugin CryptoKeys
LogPluginManager: Mounting plugin DataValidation
LogPluginManager: Mounting plugin FacialAnimation
LogPluginManager: Mounting plugin GameplayTagsEditor
LogPluginManager: Mounting plugin MacGraphicsSwitching
LogPluginManager: Mounting plugin MeshEditor
LogPluginManager: Mounting plugin MobileLauncherProfileWizard
LogPluginManager: Mounting plugin PluginBrowser
LogPluginManager: Mounting plugin SpeedTreeImporter
LogPluginManager: Mounting plugin DatasmithContent
LogPluginManager: Mounting plugin AlembicImporter
LogPluginManager: Mounting plugin AppleImageUtils
LogPluginManager: Mounting plugin AppleVision
LogPluginManager: Mounting plugin BackChannel
LogPluginManager: Mounting plugin CharacterAI
LogPluginManager: Mounting plugin GeometryCache
LogPluginManager: Mounting plugin HTML5Networking
LogPluginManager: Mounting plugin ProxyLODPlugin
LogPluginManager: Mounting plugin MagicLeap
LogPluginManager: Mounting plugin MagicLeapEmulator
LogPluginManager: Mounting plugin MagicLeapMedia
LogPluginManager: Mounting plugin AndroidMedia
LogPluginManager: Mounting plugin AvfMedia
LogPluginManager: Mounting plugin ImgMedia
LogPluginManager: Mounting plugin LinearTimecode
LogPluginManager: Mounting plugin MediaCompositing
LogPluginManager: Mounting plugin MediaPlayerEditor
LogPluginManager: Mounting plugin WmfMedia
LogPluginManager: Mounting plugin TcpMessaging
LogPluginManager: Mounting plugin UdpMessaging
LogPluginManager: Mounting plugin ActorSequence
LogPluginManager: Mounting plugin LevelSequenceEditor
LogPluginManager: Mounting plugin MatineeToLevelSequence
LogPluginManager: Mounting plugin NetcodeUnitTest
LogPluginManager: Mounting plugin NUTUnrealEngine4
LogPluginManager: Mounting plugin OnlineSubsystemGooglePlay
LogPluginManager: Mounting plugin OnlineSubsystemIOS
LogPluginManager: Mounting plugin OnlineSubsystem
LogPluginManager: Mounting plugin OnlineSubsystemNull
LogPluginManager: Mounting plugin OnlineSubsystemUtils
LogPluginManager: Mounting plugin LauncherChunkInstaller
LogPluginManager: Mounting plugin AndroidDeviceProfileSelector
LogPluginManager: Mounting plugin AndroidMoviePlayer
LogPluginManager: Mounting plugin AndroidPermission
LogPluginManager: Mounting plugin AppleMoviePlayer
LogPluginManager: Mounting plugin ArchVisCharacter
LogPluginManager: Mounting plugin AudioCapture
LogPluginManager: Mounting plugin CableComponent
LogPluginManager: Mounting plugin CustomMeshComponent
LogPluginManager: Mounting plugin EditableMesh
LogPluginManager: Mounting plugin ExampleDeviceProfileSelector
LogPluginManager: Mounting plugin GoogleCloudMessaging
LogPluginManager: Mounting plugin ImmediatePhysics
LogPluginManager: Mounting plugin IOSDeviceProfileSelector
LogPluginManager: Mounting plugin LinuxDeviceProfileSelector
LogPluginManager: Mounting plugin LocationServicesBPLibrary
LogPluginManager: Mounting plugin MobilePatchingUtils
LogPluginManager: Mounting plugin OculusVR
LogPluginManager: Plugin shader directory ../../../Engine/Plugins/Runtime/Oculus/OculusVR/Shaders found
LogPluginManager: Mapping shader source directory ../../../Engine/Plugins/Runtime/Oculus/OculusVR/Shaders to virtual directory /Plugin/OculusVR
LogPluginManager: Mounting plugin PhysXVehicles
LogPluginManager: Mounting plugin ProceduralMeshComponent
LogPluginManager: Mounting plugin RuntimePhysXCooking
LogPluginManager: Mounting plugin SteamVR
LogPluginManager: Mounting plugin WindowsMoviePlayer
LogStreaming: Display: Took  0.291s to configure plugins.
LogInit: Using libcurl 7.55.1-DEV
LogInit:  - built for x86_64-pc-win32
LogInit:  - supports SSL with OpenSSL/1.0.2h
LogInit:  - supports HTTP deflate (compression) using libz 1.2.8
LogInit:  - other features:
LogInit:      CURL_VERSION_SSL
LogInit:      CURL_VERSION_LIBZ
LogInit:      CURL_VERSION_IPV6
LogInit:      CURL_VERSION_ASYNCHDNS
LogInit:      CURL_VERSION_LARGEFILE
LogInit:      CURL_VERSION_IDN
LogInit:  CurlRequestOptions (configurable via config and command line):
LogInit:  - bVerifyPeer = false  - Libcurl will NOT verify peer certificate
LogInit:  - bUseHttpProxy = false  - Libcurl will NOT use HTTP proxy
LogInit:  - bDontReuseConnections = false  - Libcurl will reuse connections
LogInit:  - CertBundlePath = nullptr  - Libcurl will use whatever was configured at build time.
LogInit:  - MaxHostConnections = 16  - Libcurl will limit the number of connections to a host
LogInit:  - LocalHostAddr = Default
LogInit:  - BufferSize = 65536
LogInit: WinSock: version 1.1 (2.2), MaxSocks=32767, MaxUdp=65467
LogInit: Build: ++UE4+Release-4.20-CL-4369336
LogInit: Engine Version: 4.20.3-4369336+++UE4+Release-4.20
LogInit: Compatible Engine Version: 4.20.0-4212847+++UE4+Release-4.20
LogInit: Net CL: 4212847
LogInit: OS: Windows 10 (), CPU: Intel(R) Xeon(R) CPU E5-1620 v4 @ 3.50GHz, GPU: NVIDIA GeForce GTX 980
LogInit: Compiled (64-bit): Sep 17 2018 12:26:19
LogInit: Compiled with Visual C++: 19.13.26129.00
LogInit: Build Configuration: Development
LogInit: Branch Name: ++UE4+Release-4.20
LogInit: Command Line:  
LogInit: Base Directory: C:/Epic/UE4/UE_4.20/Engine/Binaries/Win64/
LogInit: Installed Engine Build: 1
LogDevObjectVersion: Number of dev versions registered: 20
LogDevObjectVersion:   Dev-Blueprints (B0D832E4-1F89-4F0D-ACCF-7EB736FD4AA2): 10
LogDevObjectVersion:   Dev-Build (E1C64328-A22C-4D53-A36C-8E866417BD8C): 0
LogDevObjectVersion:   Dev-Core (375EC13C-06E4-48FB-B500-84F0262A717E): 2
LogDevObjectVersion:   Dev-Editor (E4B068ED-F494-42E9-A231-DA0B2E46BB41): 24
LogDevObjectVersion:   Dev-Framework (CFFC743F-43B0-4480-9391-14DF171D2073): 34
LogDevObjectVersion:   Dev-Mobile (B02B49B5-BB20-44E9-A304-32B752E40360): 2
LogDevObjectVersion:   Dev-Networking (A4E4105C-59A1-49B5-A7C5-40C4547EDFEE): 0
LogDevObjectVersion:   Dev-Online (39C831C9-5AE6-47DC-9A44-9C173E1C8E7C): 0
LogDevObjectVersion:   Dev-Physics (78F01B33-EBEA-4F98-B9B4-84EACCB95AA2): 0
LogDevObjectVersion:   Dev-Platform (6631380F-2D4D-43E0-8009-CF276956A95A): 0
LogDevObjectVersion:   Dev-Rendering (12F88B9F-8875-4AFC-A67C-D90C383ABD29): 26
LogDevObjectVersion:   Dev-Sequencer (7B5AE74C-D270-4C10-A958-57980B212A5A): 9
LogDevObjectVersion:   Dev-VR (D7296918-1DD6-4BDD-9DE2-64A83CC13884): 2
LogDevObjectVersion:   Dev-LoadTimes (C2A15278-BFE7-4AFE-6C17-90FF531DF755): 1
LogDevObjectVersion:   Private-Geometry (6EACA3D4-40EC-4CC1-B786-8BED09428FC5): 3
LogDevObjectVersion:   Dev-AnimPhys (29E575DD-E0A3-4627-9D10-D276232CDCEA): 17
LogDevObjectVersion:   Dev-ReflectionCapture (6B266CEC-1EC7-4B8F-A30B-E4D90942FC07): 1
LogDevObjectVersion:   Dev-Automation (0DF73D61-A23F-47EA-B727-89E90C41499A): 1
LogDevObjectVersion:   FortniteMain (601D1886-AC64-4F84-AA16-D3DE0DEAC7D6): 12
LogDevObjectVersion:   Dev-Enterprise (9DFFBCD6-494F-0158-E221-12823C92A888): 1
LogStreaming: Display: Took  0.037s to delete old logs.
LogInit: Presizing for max 8388607 objects, including 0 objects not considered by GC, pre-allocating 0 bytes for permanent pool.
LogInit: Object subsystem initialized
[2019.05.13-10.58.51:432][  0]LogInit: Selected Device Profile: [Windows]
[2019.05.13-10.58.51:432][  0]LogInit: Applying CVar settings loaded from the selected device profile: [Windows]
[2019.05.13-10.58.51:464][  0]LogHAL: Display: Platform has ~ 16 GB [17092296704 / 17179869184 / 16], which maps to Larger [LargestMinGB=32, LargerMinGB=12, DefaultMinGB=8, SmallerMinGB=6, SmallestMinGB=0)
[2019.05.13-10.58.51:464][  0]LogInit: Setting Device Profile CVar: [[r.Vulkan.UseRealUBs:1]]
[2019.05.13-10.58.51:464][  0]LogInit: Going up to parent DeviceProfile []
[2019.05.13-10.58.51:465][  0]LogInit: Computer: A07-02
[2019.05.13-10.58.51:465][  0]LogInit: User: b011854h
[2019.05.13-10.58.51:465][  0]LogInit: CPU Page size=4096, Cores=4
[2019.05.13-10.58.51:465][  0]LogInit: High frequency timer resolution =3.410071 MHz
[2019.05.13-10.58.51:466][  0]LogMemory: Memory total: Physical=15.9GB (16GB approx)
[2019.05.13-10.58.51:466][  0]LogMemory: Platform Memory Stats for Windows
[2019.05.13-10.58.51:466][  0]LogMemory: Process Physical Memory: 102.55 MB used, 102.55 MB peak
[2019.05.13-10.58.51:466][  0]LogMemory: Process Virtual Memory: 97.30 MB used, 97.30 MB peak
[2019.05.13-10.58.51:466][  0]LogMemory: Physical Memory: 6430.85 MB used,  9869.64 MB free, 16300.48 MB total
[2019.05.13-10.58.51:466][  0]LogMemory: Virtual Memory: 4646.77 MB used,  9869.64 MB free, 134217728.00 MB total
[2019.05.13-10.58.51:505][  0]LogInit: Using OS detected language (en-US).
[2019.05.13-10.58.51:505][  0]LogInit: Using OS detected locale (en-GB).
[2019.05.13-10.58.51:507][  0]LogTextLocalizationManager: No specific localization for 'en-US' exists, so the 'en' localization will be used.
[2019.05.13-10.58.51:989][  0]LogStreaming: Display: Took  0.485s to InitEngineTextLocalization.
[2019.05.13-10.58.51:990][  0]LogInit: Setting process to per monitor DPI aware
[2019.05.13-10.58.52:059][  0]LogSlate: New Slate User Created.  User Index 0, Is Virtual User: 0
[2019.05.13-10.58.52:059][  0]LogSlate: Slate User Registered.  User Index 0, Is Virtual User: 0
[2019.05.13-10.58.52:409][  0]LogHMD: Failed to initialize OpenVR with code 110
[2019.05.13-10.58.52:409][  0]LogD3D11RHI: D3D11 adapters:
[2019.05.13-10.58.52:526][  0]LogD3D11RHI:    0. 'NVIDIA GeForce GTX 980' (Feature Level 11_0)
[2019.05.13-10.58.52:526][  0]LogD3D11RHI:       4053/0/8150 MB DedicatedVideo/DedicatedSystem/SharedSystem, Outputs:2, VendorId:0x10de
[2019.05.13-10.58.52:529][  0]LogD3D11RHI:    1. 'Microsoft Basic Render Driver' (Feature Level 11_0)
[2019.05.13-10.58.52:529][  0]LogD3D11RHI:       0/0/8150 MB DedicatedVideo/DedicatedSystem/SharedSystem, Outputs:0, VendorId:0x1414
[2019.05.13-10.58.52:529][  0]LogD3D11RHI: Chosen D3D11 Adapter: 0
[2019.05.13-10.58.52:543][  0]LogD3D11RHI: Creating new Direct3DDevice
[2019.05.13-10.58.52:543][  0]LogD3D11RHI:     GPU DeviceId: 0x13c0 (for the marketing name, search the web for "GPU Device Id")
[2019.05.13-10.58.52:543][  0]LogWindows: EnumDisplayDevices:
[2019.05.13-10.58.52:543][  0]LogWindows:    0. 'NVIDIA GeForce GTX 980' (P:1 D:1)
[2019.05.13-10.58.52:544][  0]LogWindows:    1. 'NVIDIA GeForce GTX 980' (P:0 D:1)
[2019.05.13-10.58.52:544][  0]LogWindows:    2. 'NVIDIA GeForce GTX 980' (P:0 D:0)
[2019.05.13-10.58.52:545][  0]LogWindows:    3. 'NVIDIA GeForce GTX 980' (P:0 D:0)
[2019.05.13-10.58.52:545][  0]LogWindows: DebugString: FoundDriverCount:4 
[2019.05.13-10.58.52:545][  0]LogD3D11RHI:     Adapter Name: NVIDIA GeForce GTX 980
[2019.05.13-10.58.52:545][  0]LogD3D11RHI:   Driver Version: 399.24 (internal:24.21.13.9924, unified:399.24)
[2019.05.13-10.58.52:545][  0]LogD3D11RHI:      Driver Date: 9-5-2018
[2019.05.13-10.58.52:545][  0]LogRHI: Texture pool is 2837 MB (70% of 4053 MB)
[2019.05.13-10.58.52:606][  0]LogD3D11RHI: Async texture creation enabled
[2019.05.13-10.58.52:624][  0]LogD3D11RHI: GPU Timing Frequency: 1000.000000 (Debug: 2 2)
[2019.05.13-10.58.52:715][  0]LogShaderCompilers: Guid format shader working directory is -33 characters bigger than the processId version (../../../../../../Users/b011854h/Desktop/Collab2019.git/trunk/TheDescent_Collab19/Intermediate/Shaders/WorkingDirectory/12804/).
[2019.05.13-10.58.52:716][  0]LogShaderCompilers: Cleaned the shader compiler working directory 'C:/Users/b011854h/AppData/Local/Temp/UnrealShaderWorkingDir/BA34D29948C7FEA0F7155F887759D5BB/'.
[2019.05.13-10.58.53:221][  0]LogTemp: Display: Loaded TP AllDesktopTargetPlatform
[2019.05.13-10.58.53:250][  0]LogTemp: Display: Loaded TP MacClientTargetPlatform
[2019.05.13-10.58.53:273][  0]LogTemp: Display: Loaded TP MacNoEditorTargetPlatform
[2019.05.13-10.58.53:300][  0]LogTemp: Display: Loaded TP MacServerTargetPlatform
[2019.05.13-10.58.53:324][  0]LogTemp: Display: Loaded TP MacTargetPlatform
[2019.05.13-10.58.53:343][  0]LogTemp: Display: Loaded TP WindowsClientTargetPlatform
[2019.05.13-10.58.53:361][  0]LogTemp: Display: Loaded TP WindowsNoEditorTargetPlatform
[2019.05.13-10.58.53:379][  0]LogTemp: Display: Loaded TP WindowsServerTargetPlatform
[2019.05.13-10.58.53:389][  0]LogTemp: Display: Loaded TP WindowsTargetPlatform
[2019.05.13-10.58.53:487][  0]LogTemp: Display: Loaded TP AndroidTargetPlatform
[2019.05.13-10.58.53:487][  0]LogTemp: Display: Loaded TP AndroidTargetPlatform
[2019.05.13-10.58.53:487][  0]LogTemp: Display: Loaded TP AndroidTargetPlatform
[2019.05.13-10.58.53:487][  0]LogTemp: Display: Loaded TP AndroidTargetPlatform
[2019.05.13-10.58.53:487][  0]LogTemp: Display: Loaded TP AndroidTargetPlatform
[2019.05.13-10.58.53:487][  0]LogTemp: Display: Loaded TP AndroidTargetPlatform
[2019.05.13-10.58.53:488][  0]LogTemp: Display: Loaded TP AndroidTargetPlatform
[2019.05.13-10.58.53:488][  0]LogTemp: Display: Loaded TP AndroidTargetPlatform
[2019.05.13-10.58.53:488][  0]LogTemp: Display: Loaded TP AndroidTargetPlatform
[2019.05.13-10.58.53:488][  0]LogTemp: Display: Loaded TP AndroidTargetPlatform
[2019.05.13-10.58.53:488][  0]LogTemp: Display: Loaded TP AndroidTargetPlatform
[2019.05.13-10.58.53:488][  0]LogTemp: Display: Loaded TP AndroidTargetPlatform
[2019.05.13-10.58.53:488][  0]LogTemp: Display: Loaded TP AndroidTargetPlatform
[2019.05.13-10.58.53:488][  0]LogTemp: Display: Loaded TP AndroidTargetPlatform
[2019.05.13-10.58.53:488][  0]LogTemp: Display: Loaded TP AndroidTargetPlatform
[2019.05.13-10.58.53:488][  0]LogTemp: Display: Loaded TP AndroidTargetPlatform
[2019.05.13-10.58.53:488][  0]LogTemp: Display: Loaded TP AndroidTargetPlatform
[2019.05.13-10.58.53:488][  0]LogTemp: Display: Loaded TP AndroidTargetPlatform
[2019.05.13-10.58.53:490][  0]LogTemp: Display: Loaded TP HTML5TargetPlatform
[2019.05.13-10.58.53:560][  0]LogTemp: Display: Loaded TP IOSTargetPlatform
[2019.05.13-10.58.53:560][  0]LogTemp: Display: Loaded TP IOSTargetPlatform
[2019.05.13-10.58.53:589][  0]LogTemp: Display: Loaded TP TVOSTargetPlatform
[2019.05.13-10.58.53:589][  0]LogTemp: Display: Loaded TP TVOSTargetPlatform
[2019.05.13-10.58.53:605][  0]LogTemp: Display: Loaded TP LinuxClientTargetPlatform
[2019.05.13-10.58.53:620][  0]LogTemp: Display: Loaded TP LinuxNoEditorTargetPlatform
[2019.05.13-10.58.53:635][  0]LogTemp: Display: Loaded TP LinuxServerTargetPlatform
[2019.05.13-10.58.53:654][  0]LogTemp: Display: Loaded TP LinuxTargetPlatform
[2019.05.13-10.58.53:682][  0]LogTemp: Display: Loaded TP LuminTargetPlatform
[2019.05.13-10.58.53:682][  0]LogTargetPlatformManager: Display: Building Assets For Windows
[2019.05.13-10.58.53:908][  0]LogXGEController: Cannot use XGE Controller as Incredibuild is not installed on this machine.
[2019.05.13-10.58.53:908][  0]LogShaderCompilers: Cannot use XGE Shader Compiler as Incredibuild is not installed on this machine.
[2019.05.13-10.58.53:908][  0]LogShaderCompilers: Display: Using Local Shader Compiler.
[2019.05.13-10.58.55:108][  0]LogDerivedDataCache: Display: Max Cache Size: 512 MB
[2019.05.13-10.58.55:237][  0]LogDerivedDataCache: Loaded boot cache 0.13s 87MB C:/Users/b011854h/AppData/Local/UnrealEngine/4.20/DerivedDataCache/Boot.ddc.
[2019.05.13-10.58.55:238][  0]LogDerivedDataCache: Display: Loaded Boot cache: C:/Users/b011854h/AppData/Local/UnrealEngine/4.20/DerivedDataCache/Boot.ddc
[2019.05.13-10.58.55:238][  0]LogDerivedDataCache: FDerivedDataBackendGraph:  Pak pak cache file ../../../../../../Users/b011854h/Desktop/Collab2019.git/trunk/TheDescent_Collab19/DerivedDataCache/DDC.ddp not found, will not use a pak cache.
[2019.05.13-10.58.55:238][  0]LogDerivedDataCache: Unable to find inner node Pak for hierarchical cache Hierarchy.
[2019.05.13-10.58.55:238][  0]LogDerivedDataCache: FDerivedDataBackendGraph:  CompressedPak pak cache file ../../../../../../Users/b011854h/Desktop/Collab2019.git/trunk/TheDescent_Collab19/DerivedDataCache/Compressed.ddp not found, will not use a pak cache.
[2019.05.13-10.58.55:238][  0]LogDerivedDataCache: Unable to find inner node CompressedPak for hierarchical cache Hierarchy.
[2019.05.13-10.58.55:254][  0]LogDerivedDataCache: Display: Pak cache opened for reading ../../../Engine/DerivedDataCache/Compressed.ddp.
[2019.05.13-10.58.55:267][  0]LogDerivedDataCache: Using Local data cache path C:/Users/b011854h/AppData/Local/UnrealEngine/Common/DerivedDataCache: Writable
[2019.05.13-10.58.55:267][  0]LogDerivedDataCache: Shared data cache path not found in *engine.ini, will not use an Shared cache.
[2019.05.13-10.58.55:267][  0]LogDerivedDataCache: Unable to find inner node Shared for hierarchical cache Hierarchy.
[2019.05.13-10.58.55:308][  0]LogMaterial: Verifying Global Shaders for PCD3D_SM5
[2019.05.13-10.58.55:310][  0]LogSlate: Using FreeType 2.6.0
[2019.05.13-10.58.55:311][  0]LogSlate: SlateFontServices - WITH_FREETYPE: 1, WITH_HARFBUZZ: 1
[2019.05.13-10.58.55:410][  0]LogAssetRegistry: FAssetRegistry took 0.0303 seconds to start up
[2019.05.13-10.58.55:936][  0]LogInit: Selected Device Profile: [Windows]
[2019.05.13-10.58.56:106][  0]LogSimplygon: Simplygon DLL not present - disabling.
[2019.05.13-10.58.56:112][  0]LogMeshReduction: Using SimplygonSwarm for distributed automatic mesh merging
[2019.05.13-10.58.56:112][  0]LogMeshReduction: Using ProxyLODMeshReduction for automatic mesh merging
[2019.05.13-10.58.56:112][  0]LogMeshReduction: Using QuadricMeshReduction for automatic static mesh reduction
[2019.05.13-10.58.56:112][  0]LogMeshReduction: No automatic skeletal mesh reduction module available
[2019.05.13-10.58.56:132][  0]LogNetVersion: TheDescent_Collab19 1.0.0, NetCL: 4212847, EngineNetVer: 5, GameNetVer: 0 (Checksum: 1358678604)
[2019.05.13-10.58.57:090][  0]LogPackageLocalizationCache: Processed 11 localized package path(s) for 2 prioritized culture(s) in 0.288114 seconds
[2019.05.13-10.58.57:098][  0]LogUObjectArray: 38425 objects as part of root set at end of initial load.
[2019.05.13-10.58.57:098][  0]LogUObjectAllocator: 6690872 out of 0 bytes used by permanent object pool.
[2019.05.13-10.58.57:098][  0]LogUObjectArray: CloseDisregardForGC: 0/0 objects in disregard for GC pool
[2019.05.13-10.58.58:520][  0]LogTcpMessaging: Initializing TcpMessaging bridge
[2019.05.13-10.58.58:534][  0]LogUdpMessaging: Initializing bridge on interface 0.0.0.0:0 to multicast group 230.0.0.1:6666.
[2019.05.13-10.58.58:771][  0]SourceControl: Source control is disabled
[2019.05.13-10.58.58:772][  0]SourceControl: Source control is disabled
[2019.05.13-10.58.58:777][  0]SourceControl: Source control is disabled
[2019.05.13-10.58.58:781][  0]SourceControl: Source control is disabled
[2019.05.13-10.58.59:038][  0]LogAndroidPermission: UAndroidPermissionCallbackProxy::GetInstance
[2019.05.13-10.58.59:122][  0]LogOcInput: OculusInput pre-init called
[2019.05.13-10.58.59:227][  0]LogEngine: Initializing Engine...
[2019.05.13-10.58.59:228][  0]LogHMD: Failed to initialize OpenVR with code 110
[2019.05.13-10.58.59:230][  0]LogStats: UGameplayTagsManager::ConstructGameplayTagTree: ImportINI prefixes -  0.000 s
[2019.05.13-10.58.59:230][  0]LogStats: UGameplayTagsManager::ConstructGameplayTagTree: Construct from data asset -  0.000 s
[2019.05.13-10.58.59:231][  0]LogStats: UGameplayTagsManager::ConstructGameplayTagTree: ImportINI -  0.000 s
[2019.05.13-10.58.59:231][  0]LogStats: UGameplayTagsManager::ConstructGameplayTagTree: GameplayTagTreeChangedEvent.Broadcast -  0.000 s
[2019.05.13-10.58.59:595][  0]LogInit: Initializing FReadOnlyCVARCache
[2019.05.13-10.58.59:634][  0]LogAIModule: Creating AISystem for world Untitled
[2019.05.13-10.58.59:650][  0]LogInit: XAudio2 using 'Speakers (Realtek High Definition Audio)' : 2 channels at 48 kHz using 32 bits per sample (channel mask 0x3)
[2019.05.13-10.58.59:675][  0]LogInit: FAudioDevice initialized.
[2019.05.13-10.58.59:675][  0]LogNetVersion: Set ProjectVersion to 1.0.0.0. Version Checksum will be recalculated on next use.
[2019.05.13-10.58.59:797][  0]LogDerivedDataCache: Saved boot cache 0.12s 87MB C:/Users/b011854h/AppData/Local/UnrealEngine/4.20/DerivedDataCache/Boot.ddc.
[2019.05.13-10.58.59:823][  0]LogInit: Texture streaming: Enabled
[2019.05.13-10.58.59:854][  0]LogEngineSessionManager: EngineSessionManager initialized
[2019.05.13-10.58.59:886][  0]LogInit: Transaction tracking system initialized
[2019.05.13-10.59.00:004][  0]BlueprintLog: New page: Editor Load
[2019.05.13-10.59.00:165][  0]LocalizationService: Localization service is disabled
[2019.05.13-10.59.00:571][  0]LogCook: Display: Max memory allowance for cook 16384mb min free memory 0mb
[2019.05.13-10.59.00:571][  0]LogCook: Display: Mobile HDR setting 1
[2019.05.13-10.59.00:571][  0]LogGameplayTags: Display: UGameplayTagsManager::DoneAddingNativeTags. DelegateIsBound: 0
[2019.05.13-10.59.00:572][  0]LogStats: UGameplayTagsManager::ConstructGameplayTagTree: ImportINI prefixes -  0.000 s
[2019.05.13-10.59.00:572][  0]LogStats: UGameplayTagsManager::ConstructGameplayTagTree: Construct from data asset -  0.000 s
[2019.05.13-10.59.00:572][  0]LogStats: UGameplayTagsManager::ConstructGameplayTagTree: ImportINI -  0.000 s
[2019.05.13-10.59.00:572][  0]LogStats: UGameplayTagsManager::ConstructGameplayTagTree: GameplayTagTreeChangedEvent.Broadcast -  0.000 s
[2019.05.13-10.59.00:754][  0]LogFileCache: Scanning file cache for directory 'C:/Users/b011854h/Desktop/Collab2019.git/trunk/TheDescent_Collab19/Content/' took 0.03s
[2019.05.13-10.59.00:754][  0]SourceControl: Source control is disabled
[2019.05.13-10.59.00:755][  0]Cmd: MAP LOAD FILE="../../../../../../Users/b011854h/Desktop/Collab2019.git/trunk/TheDescent_Collab19/Content/FirstPersonBP/Maps/FirstPersonExampleMap.umap" TEMPLATE=0 SHOWPROGRESS=1 FEATURELEVEL=3
[2019.05.13-10.59.00:756][  0]LightingResults: New page: Lighting Build
[2019.05.13-10.59.00:762][  0]MapCheck: New page: Map Check
[2019.05.13-10.59.00:762][  0]LightingResults: New page: Lighting Build
[2019.05.13-10.59.02:557][  0]LogTexture: Display: Building textures: Title_Nobackground (BGRA8, 1505X797)
[2019.05.13-10.59.02:557][  0]LogTexture: Display: Building textures: BloodSpec (AutoDXT, 512X512)
[2019.05.13-10.59.02:824][  0]LogTexture: Display: Building textures: HQ_Lightmap0_5 (AutoDXT, 64X64)
[2019.05.13-10.59.02:824][  0]LogTexture: Display: Building textures: HQ_Lightmap0_1 (AutoDXT, 2048X2048)
[2019.05.13-10.59.02:824][  0]LogTexture: Display: Building textures: HQ_Lightmap0_2 (AutoDXT, 2048X2048)
[2019.05.13-10.59.02:824][  0]LogTexture: Display: Building textures: HQ_Lightmap0_4 (AutoDXT, 2048X2048)
[2019.05.13-10.59.02:824][  0]LogTexture: Display: Building textures: HQ_Lightmap0_3 (AutoDXT, 2048X2048)
[2019.05.13-10.59.02:824][  0]LogTexture: Display: Building textures: LQ_Lightmap_0_1 (DXT1, 2048X2048)
[2019.05.13-10.59.02:824][  0]LogTexture: Display: Building textures: LQ_Lightmap_0_2 (DXT1, 2048X2048)
[2019.05.13-10.59.02:827][  0]LogMaterial: Display: Missing cached shader map for material Beam, compiling. 
[2019.05.13-10.59.02:880][  0]LogMaterial: Display: Missing cached shader map for material TaserLight, compiling. 
[2019.05.13-10.59.03:010][  0]LogShaderCompilers: Display: Shaders left to compile 35
[2019.05.13-10.59.03:010][  0]LogShaderCompilers: Display: Shaders left to compile 25
[2019.05.13-10.59.03:010][  0]LogShaderCompilers: Display: Shaders left to compile 15
[2019.05.13-10.59.03:011][  0]LogShaderCompilers: Display: Shaders left to compile 5
[2019.05.13-10.59.03:011][  0]LogStaticMesh: Building static mesh Arm_Lowpoly...
[2019.05.13-10.59.05:953][  0]LogShaderCompilers: Display: Shaders left to compile 27
[2019.05.13-10.59.05:953][  0]LogTexture: Display: Building textures: LQ_Lightmap_0_3 (DXT1, 2048X2048)
[2019.05.13-10.59.05:953][  0]LogTexture: Display: Building textures: LQ_Lightmap_0_4 (DXT1, 2048X2048)
[2019.05.13-10.59.05:953][  0]LogTexture: Display: Building textures: LQ_Lightmap_0_5 (DXT1, 64X64)
[2019.05.13-10.59.05:953][  0]LogTexture: Display: Building textures: SkyOcclusion0_1 (AutoDXT, 2048X1024)
[2019.05.13-10.59.05:953][  0]LogTexture: Display: Building textures: SkyOcclusion0_2 (AutoDXT, 2048X1024)
[2019.05.13-10.59.05:954][  0]LogTexture: Display: Building textures: SkyOcclusion0_3 (AutoDXT, 2048X1024)
[2019.05.13-10.59.05:954][  0]LogTexture: Display: Building textures: SkyOcclusion0_4 (AutoDXT, 2048X1024)
[2019.05.13-10.59.05:954][  0]LogTexture: Display: Building textures: SkyOcclusion0_5 (AutoDXT, 64X32)
[2019.05.13-10.59.05:954][  0]LogTexture: Display: Building textures: ShadowMapTexture2D_0 (G8, 1024X1024)
[2019.05.13-10.59.05:954][  0]LogTexture: Display: Building textures: ShadowMapTexture2D_1 (G8, 1024X1024)
[2019.05.13-10.59.05:954][  0]LogTexture: Display: Building textures: ShadowMapTexture2D_16 (G8, 32X32)
[2019.05.13-10.59.05:954][  0]LogTexture: Display: Building textures: ShadowMapTexture2D_2 (G8, 1024X1024)
[2019.05.13-10.59.05:954][  0]LogTexture: Display: Building textures: ShadowMapTexture2D_3 (G8, 1024X1024)
[2019.05.13-10.59.05:954][  0]LogTexture: Display: Building textures: ShadowMapTexture2D_4 (G8, 1024X1024)
[2019.05.13-10.59.05:954][  0]LogTexture: Display: Building textures: ShadowMapTexture2D_5 (G8, 1024X1024)
[2019.05.13-10.59.05:954][  0]LogTexture: Display: Building textures: ShadowMapTexture2D_6 (G8, 1024X1024)
[2019.05.13-10.59.05:954][  0]LogTexture: Display: Building textures: ShadowMapTexture2D_7 (G8, 64X64)
[2019.05.13-10.59.05:954][  0]LogTexture: Display: Building textures: BloodNrm (BC5, 512X512)
[2019.05.13-10.59.05:954][  0]LogTexture: Display: Building textures: BloodDif (AutoDXT, 512X512)
[2019.05.13-10.59.05:954][  0]LogStaticMesh: Built static mesh [2.94s] /Game/Users/Josh/Misc/Arm_Lowpoly.Arm_Lowpoly
[2019.05.13-10.59.06:121][  0]LogAnimationCompression: Building Anim DDC data for AnimSequence /Game/Users/Josh/AI/CrawlerAI/CrawlerWalkAnimation.CrawlerWalkAnimation
[2019.05.13-10.59.06:122][  0]LogAnimationCompression: Recompressing (AnimSequence /Game/Users/Josh/AI/CrawlerAI/CrawlerWalkAnimation.CrawlerWalkAnimation) using current/default (AnimCompress_BitwiseCompressOnly_0) bFirstRecompressUsingCurrentOrDefault(1) bTryAlternateCompressor(0) IsCompressedDataValid(0)
[2019.05.13-10.59.06:126][  0]LogAnimationCompression: Building Anim DDC data for AnimSequence /Game/Users/Josh/AI/CrawlerAI/CrawlerAttack.CrawlerAttack
[2019.05.13-10.59.06:126][  0]LogAnimationCompression: Recompressing (AnimSequence /Game/Users/Josh/AI/CrawlerAI/CrawlerAttack.CrawlerAttack) using current/default (AnimCompress_BitwiseCompressOnly_0) bFirstRecompressUsingCurrentOrDefault(1) bTryAlternateCompressor(0) IsCompressedDataValid(0)
[2019.05.13-10.59.06:327][  0]LogAnimationCompression: Building Anim DDC data for AnimSequence /Game/Users/Josh/Animations/FastAI_V2/ATTACKwithCrippledArm.ATTACKwithCrippledArm
[2019.05.13-10.59.06:327][  0]LogAnimationCompression: Recompressing (AnimSequence /Game/Users/Josh/Animations/FastAI_V2/ATTACKwithCrippledArm.ATTACKwithCrippledArm) using current/default (AnimCompress_BitwiseCompressOnly_0) bFirstRecompressUsingCurrentOrDefault(1) bTryAlternateCompressor(0) IsCompressedDataValid(0)
[2019.05.13-10.59.06:328][  0]LogAnimationCompression: Building Anim DDC data for AnimSequence /Game/Users/Josh/Animations/FastAI_V2/WalkCrippledArmAnimation.WalkCrippledArmAnimation
[2019.05.13-10.59.06:328][  0]LogAnimationCompression: Recompressing (AnimSequence /Game/Users/Josh/Animations/FastAI_V2/WalkCrippledArmAnimation.WalkCrippledArmAnimation) using current/default (AnimCompress_BitwiseCompressOnly_0) bFirstRecompressUsingCurrentOrDefault(1) bTryAlternateCompressor(0) IsCompressedDataValid(0)
[2019.05.13-10.59.06:331][  0]LogAnimationCompression: Building Anim DDC data for AnimSequence /Game/Users/Josh/Animations/FastAI_V2/SwayingCrippledArmRunAnimation.SwayingCrippledArmRunAnimation
[2019.05.13-10.59.06:331][  0]LogAnimationCompression: Recompressing (AnimSequence /Game/Users/Josh/Animations/FastAI_V2/SwayingCrippledArmRunAnimation.SwayingCrippledArmRunAnimation) using current/default (AnimCompress_BitwiseCompressOnly_0) bFirstRecompressUsingCurrentOrDefault(1) bTryAlternateCompressor(0) IsCompressedDataValid(0)
[2019.05.13-10.59.06:403][  0]LogAnimationCompression: Building Anim DDC data for AnimSequence /Game/Users/Josh/Animations/AttackAnimations/UpperCut.UpperCut
[2019.05.13-10.59.06:404][  0]LogAnimationCompression: Recompressing (AnimSequence /Game/Users/Josh/Animations/AttackAnimations/UpperCut.UpperCut) using current/default (AnimCompress_BitwiseCompressOnly_0) bFirstRecompressUsingCurrentOrDefault(1) bTryAlternateCompressor(0) IsCompressedDataValid(0)
[2019.05.13-10.59.06:407][  0]LogMaterial: Display: Missing cached shader map for material Red, compiling. 
[2019.05.13-10.59.06:495][  0]LogSkeletalMesh: Building Skeletal Mesh CharacterMannequin...
[2019.05.13-10.59.06:618][  0]LogSkeletalMesh: Built Skeletal Mesh [0.12s] /Game/Users/Josh/AI/AICharacterStuff/CharacterMannequin.CharacterMannequin
[2019.05.13-10.59.06:623][  0]LogMaterial: Display: Missing cached shader map for material Yellow, compiling. 
[2019.05.13-10.59.06:726][  0]LogAnimationCompression: Building Anim DDC data for AnimSequence /Game/Users/Josh/Animations/FastAI_V1/IntactZombieWalkAnimation.IntactZombieWalkAnimation
[2019.05.13-10.59.06:727][  0]LogAnimationCompression: Recompressing (AnimSequence /Game/Users/Josh/Animations/FastAI_V1/IntactZombieWalkAnimation.IntactZombieWalkAnimation) using current/default (AnimCompress_BitwiseCompressOnly_0) bFirstRecompressUsingCurrentOrDefault(1) bTryAlternateCompressor(0) IsCompressedDataValid(0)
[2019.05.13-10.59.06:728][  0]LogAnimationCompression: Building Anim DDC data for AnimSequence /Game/Users/Josh/Animations/FastAI_V1/FRANTICRunZombieAnimation.FRANTICRunZombieAnimation
[2019.05.13-10.59.06:728][  0]LogAnimationCompression: Recompressing (AnimSequence /Game/Users/Josh/Animations/FastAI_V1/FRANTICRunZombieAnimation.FRANTICRunZombieAnimation) using current/default (AnimCompress_BitwiseCompressOnly_0) bFirstRecompressUsingCurrentOrDefault(1) bTryAlternateCompressor(0) IsCompressedDataValid(0)
[2019.05.13-10.59.06:759][  0]LogMaterial: Display: Missing cached shader map for material Green, compiling. 
[2019.05.13-10.59.06:825][  0]LogMaterial: Display: Missing cached shader map for material Crawler_Lowpoly_INCOMPLETE, compiling. 
[2019.05.13-10.59.06:880][  0]LogSkeletalMesh: Building Skeletal Mesh CrawlerSkeleton...
[2019.05.13-10.59.08:989][  0]LogShaderCompilers: Display: Shaders left to compile 266
[2019.05.13-10.59.08:989][  0]LogShaderCompilers: Display: Shaders left to compile 256
[2019.05.13-10.59.08:989][  0]LogSkeletalMesh: Built Skeletal Mesh [2.11s] /Game/Users/Josh/AI/CrawlerAI/CrawlerSkeleton.CrawlerSkeleton
[2019.05.13-10.59.09:016][  0]LogMaterial: Display: Missing cached shader map for material M_BasicBlue, compiling. 
[2019.05.13-10.59.09:113][  0]LogShaderCompilers: Display: Shaders left to compile 246
[2019.05.13-10.59.09:113][  0]LogShaderCompilers: Display: Shaders left to compile 296
[2019.05.13-10.59.09:114][  0]LogAudioDerivedData: Display: Building compressed audio format OGG hash OGG wave Elevator_Shaft_Or_Tunnel-SoundBible_com-1359236004...
[2019.05.13-10.59.09:116][  0]LogTemp: Couldn't find amount to resample to.
[2019.05.13-10.59.09:344][  0]LogShaderCompilers: Display: Shaders left to compile 286
[2019.05.13-10.59.09:344][  0]LogAudioDerivedData: Display: Building compressed audio format OGG hash OGG wave Elevator_Ding-SoundBible_com-685385892...
[2019.05.13-10.59.09:345][  0]LogTemp: Couldn't find amount to resample to.
[2019.05.13-10.59.09:536][  0]LogMaterial: Display: Missing cached shader map for material 01_-_Default, compiling. 
[2019.05.13-10.59.09:558][  0]LogStaticMesh: Building static mesh VendingMachine...
[2019.05.13-10.59.09:585][  0]LogStaticMesh: Built static mesh [0.03s] /Game/Users/JAKUB/notmymodels/VendingMachine.VendingMachine
[2019.05.13-10.59.09:637][  0]LogMaterial: Display: Missing cached shader map for material M_BasicRed, compiling. 
[2019.05.13-10.59.09:810][  0]LogMaterial: Display: Missing cached shader map for material Translucent, compiling. 
[2019.05.13-10.59.09:987][  0]LogMaterial: Display: Missing cached shader map for material BloodDecal, compiling. 
[2019.05.13-10.59.10:110][  0]LogMaterial: Display: Missing cached shader map for material PM3D_Cube3D61, compiling. 
[2019.05.13-10.59.10:147][  0]LogMaterial: Display: Missing cached shader map for material PM3D_Cube3D60, compiling. 
[2019.05.13-10.59.10:615][  0]LogAIModule: Creating AISystem for world FirstPersonExampleMap
[2019.05.13-10.59.10:666][  0]LogEditorServer: Finished looking for orphan Actors (0.000 secs)
[2019.05.13-10.59.10:727][  0]Cmd: MAP CHECKDEP NOCLEARLOG
[2019.05.13-10.59.11:100][  0]MapCheck: Map check complete: 0 Error(s), 0 Warning(s), took 373.273ms to complete.
[2019.05.13-10.59.11:101][  0]LogFileHelpers: Loading map 'FirstPersonExampleMap' took 10.346
[2019.05.13-10.59.11:234][  0]LogSlate: Updating window title bar state: overlay mode, drag disabled, window buttons hidden, title bar hidden
[2019.05.13-10.59.11:250][  0]LogSlate: Updating window title bar state: overlay mode, drag disabled, window buttons hidden, title bar hidden
[2019.05.13-10.59.11:269][  0]LogSlate: Updating window title bar state: overlay mode, drag disabled, window buttons hidden, title bar hidden
[2019.05.13-10.59.11:281][  0]LogSlate: Updating window title bar state: overlay mode, drag disabled, window buttons hidden, title bar hidden
[2019.05.13-10.59.11:299][  0]LogShaderCompilers: Display: Shaders left to compile 459
[2019.05.13-10.59.11:299][  0]LogCollectionManager: Loaded 0 collections in 0.004947 seconds
[2019.05.13-10.59.11:351][  0]LogFileCache: Scanning file cache for directory 'C:/Users/b011854h/Desktop/Collab2019.git/trunk/TheDescent_Collab19/Saved/Collections/' took 0.01s
[2019.05.13-10.59.11:352][  0]LogFileCache: Scanning file cache for directory 'C:/Users/b011854h/Desktop/Collab2019.git/trunk/TheDescent_Collab19/Content/Developers/b011854h/Collections/' took 0.01s
[2019.05.13-10.59.11:352][  0]LogFileCache: Scanning file cache for directory 'C:/Users/b011854h/Desktop/Collab2019.git/trunk/TheDescent_Collab19/Content/Collections/' took 0.01s
[2019.05.13-10.59.11:352][  0]LogCollectionManager: Rebuilt the GUID cache for 0 collections in 0.000001 seconds
[2019.05.13-10.59.11:377][  0]LogContentBrowser: Native class hierarchy populated in 0.0247 seconds. Added 2572 classes and 603 folders.
[2019.05.13-10.59.11:389][  0]LogContentBrowser: Native class hierarchy updated for 'WidgetCarousel' in 0.0003 seconds. Added 0 classes and 0 folders.
[2019.05.13-10.59.11:510][  0]LogContentBrowser: Native class hierarchy updated for 'AddContentDialog' in 0.0005 seconds. Added 0 classes and 0 folders.
[2019.05.13-10.59.11:520][  0]LogContentBrowser: Native class hierarchy updated for 'SceneOutliner' in 0.0008 seconds. Added 1 classes and 2 folders.
[2019.05.13-10.59.11:543][  0]LogSlate: Took 0.000294 seconds to synchronously load lazily loaded font '../../../Engine/Content/Slate/Fonts/Roboto-Regular.ttf' (155K)
[2019.05.13-10.59.11:547][  0]LogSlate: Took 0.000349 seconds to synchronously load lazily loaded font '../../../Engine/Content/Slate/Fonts/Roboto-Bold.ttf' (160K)
[2019.05.13-10.59.11:556][  0]LogSlate: Took 0.000250 seconds to synchronously load lazily loaded font '../../../Engine/Content/Editor/Slate/Fonts/FontAwesome.ttf' (139K)
[2019.05.13-10.59.11:686][  0]LogRenderer: Reallocating scene render targets to support 1208x576 Format 10 NumSamples 1 (Frame:1).
[2019.05.13-10.59.12:120][  0]LogShaderCompilers: Display: Shaders left to compile 449
[2019.05.13-10.59.12:120][  0]LogShaderCompilers: Display: Shaders left to compile 439
[2019.05.13-10.59.12:120][  0]LogSlate: FSceneViewport::OnFocusLost() reason 2
[2019.05.13-10.59.12:149][  0]LogSlate: Window 'Tutorials' being destroyed
[2019.05.13-10.59.12:187][  0]LogContentBrowser: Native class hierarchy updated for 'HierarchicalLODOutliner' in 0.0005 seconds. Added 0 classes and 0 folders.
[2019.05.13-10.59.12:187][  0]LogLoad: (Engine Initialization) Total time: 25.36 seconds
[2019.05.13-10.59.12:187][  0]LogLoad: (Engine Initialization) Total Blueprint compile time: 0.00 seconds
[2019.05.13-10.59.12:198][  0]LogWindowsTextInputMethodSystem: Display: IME system now deactivated.
[2019.05.13-10.59.12:224][  0]LogContentStreaming: Texture pool size now 1000 MB
[2019.05.13-10.59.12:289][  0]LogSlate: Took 0.000322 seconds to synchronously load lazily loaded font '../../../Engine/Content/Slate/Fonts/Roboto-Light.ttf' (167K)
[2019.05.13-10.59.12:388][  2]LogAssetRegistry: Asset discovery search completed in 17.0015 seconds
[2019.05.13-10.59.12:394][  2]LogCollectionManager: Rebuilt the object cache for 0 collections in 0.000001 seconds (found 0 objects)
[2019.05.13-10.59.12:395][  2]LogCollectionManager: Fixed up redirectors for 0 collections in 0.000128 seconds (updated 0 objects)
[2019.05.13-10.59.12:629][ 12]LogShaderCompilers: Display: Shaders left to compile 429
[2019.05.13-10.59.13:128][ 56]LogShaderCompilers: Display: Shaders left to compile 419
[2019.05.13-10.59.13:294][ 63]LogSlate: Took 0.000325 seconds to synchronously load lazily loaded font '../../../Engine/Content/Slate/Fonts/Roboto-Light.ttf' (167K)
[2019.05.13-10.59.15:211][197]LogShaderCompilers: Display: Shaders left to compile 409
[2019.05.13-10.59.15:902][260]LogShaderCompilers: Display: Shaders left to compile 399
[2019.05.13-10.59.16:167][286]LogShaderCompilers: Display: Shaders left to compile 389
[2019.05.13-10.59.17:396][381]LogShaderCompilers: Display: Shaders left to compile 379
[2019.05.13-10.59.18:760][487]LogShaderCompilers: Display: Shaders left to compile 369
[2019.05.13-10.59.19:271][533]LogSlate: FSceneViewport::OnFocusLost() reason 0
[2019.05.13-10.59.19:769][578]LogShaderCompilers: Display: Shaders left to compile 359
[2019.05.13-10.59.19:886][588]LogSlate: FSceneViewport::OnFocusLost() reason 0
[2019.05.13-10.59.19:922][592]LogShaderCompilers: Display: Shaders left to compile 349
[2019.05.13-10.59.21:006][694]LogShaderCompilers: Display: Shaders left to compile 339
[2019.05.13-10.59.21:850][778]LogShaderCompilers: Display: Shaders left to compile 329
[2019.05.13-10.59.22:884][882]LogShaderCompilers: Display: Shaders left to compile 319
[2019.05.13-10.59.23:366][932]LogShaderCompilers: Display: Shaders left to compile 309
[2019.05.13-10.59.24:361][  6]LogShaderCompilers: Display: Shaders left to compile 299
[2019.05.13-10.59.27:855][  6]LogTexture: Display: Building textures: 1x1_T_Walls_Lv1_Roughness (AutoDXT, 4096X4096)
[2019.05.13-10.59.27:855][  6]LogTexture: Display: Building textures: 1x1_T_Walls_Lv1_Roughness (AutoDXT, 4096X4096)
[2019.05.13-10.59.27:855][  6]LogTexture: Display: Building textures: 1x1_T_Walls_Lv1_BaseColor (AutoDXT, 4096X4096)
[2019.05.13-10.59.27:855][  6]LogTexture: Display: Building textures: WALLS_T_Walls_Lv1_Normal (BC5, 4096X4096)
[2019.05.13-10.59.27:855][  6]LogTexture: Display: Building textures: WALLS_T_Walls_Lv1_Metallic (AutoDXT, 4096X4096)
[2019.05.13-10.59.27:855][  6]LogTexture: Display: Building textures: WALLS_T_Walls_Lv1_BaseColor (AutoDXT, 4096X4096)
[2019.05.13-10.59.27:855][  6]LogTexture: Display: Building textures: WALLS_T_Walls_Lv1_Roughness (AutoDXT, 4096X4096)
[2019.05.13-10.59.35:747][  6]LogTexture: Display: Building textures: HQ_Lightmap0_1 (AutoDXT, 2048X2048)
[2019.05.13-10.59.35:747][  6]LogTexture: Display: Building textures: HQ_Lightmap0_2 (AutoDXT, 2048X2048)
[2019.05.13-10.59.35:747][  6]LogTexture: Display: Building textures: HQ_Lightmap0_3 (AutoDXT, 1024X1024)
[2019.05.13-10.59.35:747][  6]LogTexture: Display: Building textures: HQ_Lightmap1_4 (AutoDXT, 1024X1024)
[2019.05.13-10.59.35:747][  6]LogShaderCompilers: Display: Shaders left to compile 289
[2019.05.13-10.59.35:747][  6]LogTexture: Display: Building textures: LQ_Lightmap_0_1 (DXT1, 2048X2048)
[2019.05.13-10.59.35:747][  6]LogTexture: Display: Building textures: LQ_Lightmap_0_2 (DXT1, 2048X2048)
[2019.05.13-10.59.35:747][  6]LogTexture: Display: Building textures: LQ_Lightmap_0_3 (DXT1, 1024X1024)
[2019.05.13-10.59.35:747][  6]LogTexture: Display: Building textures: LQ_Lightmap_1_4 (DXT1, 1024X1024)
[2019.05.13-10.59.35:747][  6]LogTexture: Display: Building textures: ShadowMapTexture2D_6 (G8, 1024X1024)
[2019.05.13-10.59.35:747][  6]LogTexture: Display: Building textures: ShadowMapTexture2D_7 (G8, 1024X1024)
[2019.05.13-10.59.35:747][  6]LogTexture: Display: Building textures: ShadowMapTexture2D_8 (G8, 1024X256)
[2019.05.13-10.59.35:747][  6]LogShaderCompilers: Display: Shaders left to compile 279
[2019.05.13-10.59.35:747][  6]LogTexture: Display: Building textures: 1x1_T_Walls_Lv1_Normal (BC5, 4096X4096)
[2019.05.13-10.59.35:747][  6]LogTexture: Display: Building textures: 1x1_T_Walls_Lv1_BaseColor (AutoDXT, 4096X4096)
[2019.05.13-10.59.35:747][  6]LogShaderCompilers: Display: Shaders left to compile 269
[2019.05.13-10.59.35:747][  6]LogMaterial: Display: Missing cached shader map for material M_Concrete_mint, compiling. 
[2019.05.13-10.59.35:781][  6]LogMaterial: Display: Missing cached shader map for material M_wall_trim, compiling. 
[2019.05.13-10.59.35:894][  6]LogMaterial: Display: Missing cached shader map for material Mat_smoke_subUV_Particle, compiling. 
[2019.05.13-10.59.36:073][  6]LogShaderCompilers: Display: Shaders left to compile 321
[2019.05.13-10.59.36:075][  6]LogStaticMesh: Building static mesh ConcreteWall_45...
[2019.05.13-10.59.36:082][  6]LogStaticMesh: Built static mesh [0.01s] /Game/Users/Niall/LevelArt/Meshes/ConcreteWall_45.ConcreteWall_45
[2019.05.13-10.59.36:085][  6]LogMaterial: Display: Missing cached shader map for material Mat_Sparks, compiling. 
[2019.05.13-10.59.36:121][  6]LogMaterial: Display: Missing cached shader map for material M_UE4Man_ChestLogo, compiling. 
[2019.05.13-10.59.36:168][  6]LogMaterial: Display: Missing cached shader map for material Flicker_Extreme, compiling. 
[2019.05.13-10.59.36:219][  6]LogStaticMesh: Building static mesh ConcreteWall_1x1...
[2019.05.13-10.59.36:224][  6]LogStaticMesh: Built static mesh [0.00s] /Game/Users/Niall/LevelArt/Meshes/ConcreteWall_1x1.ConcreteWall_1x1
[2019.05.13-10.59.36:230][  6]LogStaticMesh: Building static mesh DoorFrame_1x1...
[2019.05.13-10.59.36:245][  6]LogStaticMesh: Built static mesh [0.02s] /Game/Users/Niall/LevelArt/Meshes/DoorFrame_1x1.DoorFrame_1x1
[2019.05.13-10.59.36:248][  6]LogStaticMesh: Building static mesh ConcreteWall_2x1...
[2019.05.13-10.59.36:295][  6]LogStaticMesh: Built static mesh [0.05s] /Game/Users/Niall/LevelArt/Meshes/ConcreteWall_2x1.ConcreteWall_2x1
[2019.05.13-10.59.36:301][  6]LogStaticMesh: Building static mesh DoorFrame_2x1...
[2019.05.13-10.59.36:329][  6]LogStaticMesh: Built static mesh [0.03s] /Game/Users/Niall/LevelArt/Meshes/DoorFrame_2x1.DoorFrame_2x1
[2019.05.13-10.59.36:340][  6]LogStaticMesh: Building static mesh ConcreteWall_CurveIn...
[2019.05.13-10.59.36:355][  6]LogStaticMesh: Built static mesh [0.01s] /Game/Users/Niall/LevelArt/Meshes/ConcreteWall_CurveIn.ConcreteWall_CurveIn
[2019.05.13-10.59.36:384][  6]LogAnimationCompression: Building Anim DDC data for AnimSequence /Game/Users/Josh/Animations/NewAnimations/ZombieBrokeFootWalkDrag.ZombieBrokeFootWalkDrag
[2019.05.13-10.59.36:385][  6]LogAnimationCompression: Recompressing (AnimSequence /Game/Users/Josh/Animations/NewAnimations/ZombieBrokeFootWalkDrag.ZombieBrokeFootWalkDrag) using current/default (AnimCompress_BitwiseCompressOnly_0) bFirstRecompressUsingCurrentOrDefault(1) bTryAlternateCompressor(0) IsCompressedDataValid(0)
[2019.05.13-10.59.36:386][  6]LogAnimationCompression: Building Anim DDC data for AnimSequence /Game/Users/Josh/Animations/SlowAI_V1/ZombieBrokeFootAttack.ZombieBrokeFootAttack
[2019.05.13-10.59.36:386][  6]LogAnimationCompression: Recompressing (AnimSequence /Game/Users/Josh/Animations/SlowAI_V1/ZombieBrokeFootAttack.ZombieBrokeFootAttack) using current/default (AnimCompress_BitwiseCompressOnly_0) bFirstRecompressUsingCurrentOrDefault(1) bTryAlternateCompressor(0) IsCompressedDataValid(0)
[2019.05.13-10.59.37:016][  6]LogMaterial: Display: Missing cached shader map for material M_Concrete_bare, compiling. 
[2019.05.13-10.59.37:138][  6]LogAIModule: Creating AISystem for world LevelOne
[2019.05.13-10.59.37:177][  6]LogAssetEditorManager: Opening Asset editor for World /Game/Users/Niall/Levels/LevelOne.LevelOne
[2019.05.13-10.59.37:216][  6]Cmd: MAP LOAD FILE="../../../../../../Users/b011854h/Desktop/Collab2019.git/trunk/TheDescent_Collab19/Content/Users/Niall/Levels/LevelOne.umap" TEMPLATE=0 SHOWPROGRESS=1 FEATURELEVEL=3
[2019.05.13-10.59.37:216][  6]LightingResults: New page: Lighting Build
[2019.05.13-10.59.37:217][  6]LoadErrors: New page: Loading map: LevelOne.umap
[2019.05.13-10.59.37:221][  6]MapCheck: New page: Map Check
[2019.05.13-10.59.37:221][  6]LightingResults: New page: Lighting Build
[2019.05.13-10.59.37:312][  6]LogEditorServer: Finished looking for orphan Actors (0.000 secs)
[2019.05.13-10.59.37:490][  6]Cmd: MAP CHECKDEP NOCLEARLOG
[2019.05.13-10.59.37:925][  6]LogShaderCompilers: Display: Shaders left to compile 537
[2019.05.13-10.59.37:925][  6]MapCheck: Map check complete: 0 Error(s), 0 Warning(s), took 435.754ms to complete.
[2019.05.13-10.59.37:927][  6]LogFileHelpers: Loading map 'LevelOne' took 0.712
[2019.05.13-10.59.38:592][ 43]LogShaderCompilers: Display: Shaders left to compile 527
[2019.05.13-10.59.39:918][166]LogShaderCompilers: Display: Shaders left to compile 517
[2019.05.13-10.59.41:042][273]LogShaderCompilers: Display: Shaders left to compile 507
[2019.05.13-10.59.41:380][303]LogShaderCompilers: Display: Shaders left to compile 497
[2019.05.13-10.59.41:884][350]LogShaderCompilers: Display: Shaders left to compile 487
[2019.05.13-10.59.43:558][522]LogShaderCompilers: Display: Shaders left to compile 477
[2019.05.13-10.59.44:520][618]LogShaderCompilers: Display: Shaders left to compile 467
[2019.05.13-10.59.44:819][643]LogShaderCompilers: Display: Shaders left to compile 457
[2019.05.13-10.59.45:371][701]LogShaderCompilers: Display: Shaders left to compile 447
[2019.05.13-10.59.46:609][826]LogShaderCompilers: Display: Shaders left to compile 437
[2019.05.13-10.59.47:570][923]LogShaderCompilers: Display: Shaders left to compile 427
[2019.05.13-10.59.47:936][961]LogShaderCompilers: Display: Shaders left to compile 417
[2019.05.13-10.59.48:089][977]LogShaderCompilers: Display: Shaders left to compile 407
[2019.05.13-10.59.50:258][200]LogShaderCompilers: Display: Shaders left to compile 397
[2019.05.13-10.59.50:622][238]LogShaderCompilers: Display: Shaders left to compile 387
[2019.05.13-10.59.52:652][427]LogShaderCompilers: Display: Shaders left to compile 377
[2019.05.13-10.59.52:934][457]LogShaderCompilers: Display: Shaders left to compile 367
[2019.05.13-10.59.53:421][506]LogShaderCompilers: Display: Shaders left to compile 357
[2019.05.13-10.59.56:293][786]LogShaderCompilers: Display: Shaders left to compile 347
[2019.05.13-10.59.57:199][874]LogShaderCompilers: Display: Shaders left to compile 337
[2019.05.13-10.59.57:824][938]LogShaderCompilers: Display: Shaders left to compile 327
[2019.05.13-10.59.58:728][ 32]LogShaderCompilers: Display: Shaders left to compile 317
[2019.05.13-10.59.59:106][ 71]LogShaderCompilers: Display: Shaders left to compile 307
[2019.05.13-11.00.01:269][291]LogShaderCompilers: Display: Shaders left to compile 297
[2019.05.13-11.00.01:358][299]LogShaderCompilers: Display: Shaders left to compile 287
[2019.05.13-11.00.01:387][301]LogShaderCompilers: Display: Shaders left to compile 277
[2019.05.13-11.00.03:301][503]LogShaderCompilers: Display: Shaders left to compile 267
[2019.05.13-11.00.04:049][582]LogShaderCompilers: Display: Shaders left to compile 257
[2019.05.13-11.00.04:886][668]LogShaderCompilers: Display: Shaders left to compile 247
[2019.05.13-11.00.05:398][724]LogShaderCompilers: Display: Shaders left to compile 237
[2019.05.13-11.00.06:566][847]LogShaderCompilers: Display: Shaders left to compile 227
[2019.05.13-11.00.07:153][910]LogShaderCompilers: Display: Shaders left to compile 217
[2019.05.13-11.00.09:136][116]LogShaderCompilers: Display: Shaders left to compile 207
[2019.05.13-11.00.09:480][151]LogShaderCompilers: Display: Shaders left to compile 197
[2019.05.13-11.00.10:600][268]LogShaderCompilers: Display: Shaders left to compile 187
[2019.05.13-11.00.13:650][570]LogShaderCompilers: Display: Shaders left to compile 177
[2019.05.13-11.00.14:891][699]LogShaderCompilers: Display: Shaders left to compile 167
[2019.05.13-11.00.14:972][708]LogShaderCompilers: Display: Shaders left to compile 157
[2019.05.13-11.00.16:918][912]LogShaderCompilers: Display: Shaders left to compile 147
[2019.05.13-11.00.18:721][100]LogShaderCompilers: Display: Shaders left to compile 137
[2019.05.13-11.00.19:429][175]LogShaderCompilers: Display: Shaders left to compile 127
[2019.05.13-11.00.20:244][260]LogShaderCompilers: Display: Shaders left to compile 117
[2019.05.13-11.00.21:318][376]LogShaderCompilers: Display: Shaders left to compile 107
[2019.05.13-11.00.22:408][487]LogShaderCompilers: Display: Shaders left to compile 97
[2019.05.13-11.00.22:765][526]LogShaderCompilers: Display: Shaders left to compile 87
[2019.05.13-11.00.23:551][610]LogShaderCompilers: Display: Shaders left to compile 77
[2019.05.13-11.00.24:420][698]LogShaderCompilers: Display: Shaders left to compile 67
[2019.05.13-11.00.25:770][839]LogShaderCompilers: Display: Shaders left to compile 57
[2019.05.13-11.00.26:338][899]LogShaderCompilers: Display: Shaders left to compile 47
[2019.05.13-11.00.26:747][942]LogShaderCompilers: Display: Shaders left to compile 37
[2019.05.13-11.00.28:168][ 92]LogShaderCompilers: Display: Shaders left to compile 27
[2019.05.13-11.00.28:410][118]LogShaderCompilers: Display: Shaders left to compile 17
[2019.05.13-11.00.28:881][167]LogShaderCompilers: Display: Shaders left to compile 7
[2019.05.13-11.00.42:919][819]LogSlate: FSceneViewport::OnFocusLost() reason 2
[2019.05.13-11.00.45:729][151]LogSlate: FSceneViewport::OnFocusLost() reason 0
[2019.05.13-11.00.47:823][374]LogSlate: Window 'TheDescent_Collab19 - Unreal Editor' being destroyed
[2019.05.13-11.00.47:824][374]LogWindowsTextInputMethodSystem: Display: IME system now deactivated.
[2019.05.13-11.00.48:039][375]Cmd: QUIT_EDITOR
[2019.05.13-11.00.48:123][375]LogExit: Preparing to exit.
[2019.05.13-11.00.48:718][375]LogExit: Editor shut down
[2019.05.13-11.00.48:718][375]LogExit: Transaction tracking system shut down
[2019.05.13-11.00.49:640][375]LogExit: Object subsystem successfully closed.
[2019.05.13-11.00.49:675][375]LogShaderCompilers: Display: Shaders left to compile 0
[2019.05.13-11.00.49:684][375]LogD3D11RHI: Shutdown
[2019.05.13-11.00.49:684][375]LogD3D11RHI: CleanupD3DDevice
[2019.05.13-11.00.49:687][375]LogD3D11RHI: ~FD3D11DynamicRHI
[2019.05.13-11.00.49:772][375]LogModuleManager: Shutting down and abandoning module HierarchicalLODOutliner (612)
[2019.05.13-11.00.49:772][375]LogModuleManager: Shutting down and abandoning module SceneOutliner (610)
[2019.05.13-11.00.49:772][375]LogModuleManager: Shutting down and abandoning module AddContentDialog (608)
[2019.05.13-11.00.49:773][375]LogModuleManager: Shutting down and abandoning module WidgetCarousel (607)
[2019.05.13-11.00.49:773][375]LogModuleManager: Shutting down and abandoning module EditorWidgets (604)
[2019.05.13-11.00.49:773][375]LogModuleManager: Shutting down and abandoning module CollectionManager (602)
[2019.05.13-11.00.49:774][375]LogModuleManager: Shutting down and abandoning module MeshBuilder (600)
[2019.05.13-11.00.49:774][375]LogModuleManager: Shutting down and abandoning module StatsViewer (598)
[2019.05.13-11.00.49:775][375]LogModuleManager: Shutting down and abandoning module FoliageEdit (596)
[2019.05.13-11.00.49:775][375]LogModuleManager: Shutting down and abandoning module LandscapeEditor (594)
[2019.05.13-11.00.49:777][375]LogModuleManager: Shutting down and abandoning module MeshPaintMode (592)
[2019.05.13-11.00.49:777][375]LogModuleManager: Shutting down and abandoning module SceneDepthPickerMode (590)
[2019.05.13-11.00.49:777][375]LogModuleManager: Shutting down and abandoning module ActorPickerMode (588)
[2019.05.13-11.00.49:777][375]LogModuleManager: Shutting down and abandoning module GeometryMode (586)
[2019.05.13-11.00.49:777][375]LogModuleManager: Shutting down and abandoning module TextureAlignMode (584)
[2019.05.13-11.00.49:777][375]LogModuleManager: Shutting down and abandoning module BspMode (582)
[2019.05.13-11.00.49:777][375]LogModuleManager: Shutting down and abandoning module PIEPreviewDeviceProfileSelector (580)
[2019.05.13-11.00.49:777][375]LogModuleManager: Shutting down and abandoning module SequenceRecorderSections (578)
[2019.05.13-11.00.49:778][375]LogModuleManager: Shutting down and abandoning module AutomationWorker (576)
[2019.05.13-11.00.49:778][375]LogModuleManager: Shutting down and abandoning module AudioCaptureEditor (574)
[2019.05.13-11.00.49:778][375]LogModuleManager: Shutting down and abandoning module SequenceRecorder (573)
[2019.05.13-11.00.49:778][375]LogModuleManager: Shutting down and abandoning module MatineeToLevelSequence (570)
[2019.05.13-11.00.49:779][375]LogModuleManager: Shutting down and abandoning module LevelSequenceEditor (568)
[2019.05.13-11.00.49:781][375]LogModuleManager: Shutting down and abandoning module PlacementMode (567)
[2019.05.13-11.00.49:781][375]LogModuleManager: Shutting down and abandoning module MaterialEditor (566)
[2019.05.13-11.00.49:783][375]LogModuleManager: Shutting down and abandoning module WmfMediaFactory (562)
[2019.05.13-11.00.49:783][375]LogModuleManager: Shutting down and abandoning module WmfMediaEditor (560)
[2019.05.13-11.00.49:783][375]LogModuleManager: Shutting down and abandoning module MediaPlayerEditor (558)
[2019.05.13-11.00.49:784][375]LogModuleManager: Shutting down and abandoning module OpenExrWrapper (556)
[2019.05.13-11.00.49:784][375]LogModuleManager: Shutting down and abandoning module ImgMediaFactory (554)
[2019.05.13-11.00.49:784][375]LogModuleManager: Shutting down and abandoning module ImgMediaEditor (552)
[2019.05.13-11.00.49:784][375]LogModuleManager: Shutting down and abandoning module AvfMediaFactory (550)
[2019.05.13-11.00.49:784][375]LogModuleManager: Shutting down and abandoning module AvfMediaEditor (548)
[2019.05.13-11.00.49:784][375]LogModuleManager: Shutting down and abandoning module AndroidMediaFactory (546)
[2019.05.13-11.00.49:784][375]LogModuleManager: Shutting down and abandoning module AndroidMediaEditor (544)
[2019.05.13-11.00.49:784][375]LogModuleManager: Shutting down and abandoning module MagicLeapCameraPreviewFactory (542)
[2019.05.13-11.00.49:784][375]LogModuleManager: Shutting down and abandoning module MagicLeapMediaFactory (540)
[2019.05.13-11.00.49:784][375]LogModuleManager: Shutting down and abandoning module MagicLeapMediaEditor (538)
[2019.05.13-11.00.49:784][375]LogModuleManager: Shutting down and abandoning module CharacterAI (536)
[2019.05.13-11.00.49:784][375]LogModuleManager: Shutting down and abandoning module SmartSnapping (534)
[2019.05.13-11.00.49:784][375]LogModuleManager: Shutting down and abandoning module SessionServices (532)
[2019.05.13-11.00.49:784][375]LogModuleManager: Shutting down and abandoning module ViewportSnapping (530)
[2019.05.13-11.00.49:784][375]LogModuleManager: Shutting down and abandoning module ViewportInteraction (528)
[2019.05.13-11.00.49:784][375]LogModuleManager: Shutting down and abandoning module ClothPainter (526)
[2019.05.13-11.00.49:786][375]LogModuleManager: Shutting down and abandoning module SkeletalMeshEditor (525)
[2019.05.13-11.00.49:787][375]LogModuleManager: Shutting down and abandoning module LogVisualizer (522)
[2019.05.13-11.00.49:789][375]LogModuleManager: Shutting down and abandoning module IntroTutorials (520)
[2019.05.13-11.00.49:789][375]LogModuleManager: Shutting down and abandoning module GameProjectGeneration (519)
[2019.05.13-11.00.49:790][375]LogModuleManager: Shutting down and abandoning module LuminPlatformEditor (516)
[2019.05.13-11.00.49:790][375]LogModuleManager: Shutting down and abandoning module IOSPlatformEditor (514)
[2019.05.13-11.00.49:791][375]LogModuleManager: Shutting down and abandoning module HTML5PlatformEditor (512)
[2019.05.13-11.00.49:791][375]LogModuleManager: Shutting down and abandoning module AndroidPlatformEditor (510)
[2019.05.13-11.00.49:791][375]LogModuleManager: Shutting down and abandoning module AndroidDeviceDetection (509)
[2019.05.13-11.00.50:299][375]LogModuleManager: Shutting down and abandoning module WindowsPlatformEditor (506)
[2019.05.13-11.00.50:299][375]LogModuleManager: Shutting down and abandoning module LuminRuntimeSettings (504)
[2019.05.13-11.00.50:299][375]LogModuleManager: Shutting down and abandoning module IOSRuntimeSettings (502)
[2019.05.13-11.00.50:299][375]LogModuleManager: Shutting down and abandoning module AndroidRuntimeSettings (500)
[2019.05.13-11.00.50:299][375]LogModuleManager: Shutting down and abandoning module InputBindingEditor (498)
[2019.05.13-11.00.50:300][375]LogModuleManager: Shutting down and abandoning module MergeActors (496)
[2019.05.13-11.00.50:301][375]LogModuleManager: Shutting down and abandoning module LocalizationDashboard (494)
[2019.05.13-11.00.50:302][375]LogModuleManager: Shutting down and abandoning module LocalizationService (493)
[2019.05.13-11.00.50:302][375]LogModuleManager: Shutting down and abandoning module HardwareTargeting (490)
[2019.05.13-11.00.50:302][375]LogModuleManager: Shutting down and abandoning module DeviceProfileEditor (488)
[2019.05.13-11.00.50:302][375]LogModuleManager: Shutting down and abandoning module UndoHistory (486)
[2019.05.13-11.00.50:303][375]LogModuleManager: Shutting down and abandoning module XmlParser (484)
[2019.05.13-11.00.50:303][375]LogModuleManager: Shutting down and abandoning module Blutility (482)
[2019.05.13-11.00.50:303][375]LogModuleManager: Shutting down and abandoning module ProjectSettingsViewer (480)
[2019.05.13-11.00.50:303][375]LogModuleManager: Shutting down and abandoning module ProjectTargetPlatformEditor (479)
[2019.05.13-11.00.50:303][375]LogModuleManager: Shutting down and abandoning module EditorSettingsViewer (476)
[2019.05.13-11.00.50:303][375]LogModuleManager: Shutting down and abandoning module SettingsEditor (474)
[2019.05.13-11.00.50:305][375]LogModuleManager: Shutting down and abandoning module ProjectLauncher (472)
[2019.05.13-11.00.50:305][375]LogModuleManager: Shutting down and abandoning module SessionFrontend (470)
[2019.05.13-11.00.50:306][375]LogModuleManager: Shutting down and abandoning module ProfilerClient (468)
[2019.05.13-11.00.50:306][375]LogModuleManager: Shutting down and abandoning module DeviceManager (466)
[2019.05.13-11.00.50:306][375]LogModuleManager: Shutting down and abandoning module TargetDeviceServices (465)
[2019.05.13-11.00.50:373][375]LogModuleManager: Shutting down and abandoning module AutomationController (462)
[2019.05.13-11.00.50:374][375]LogModuleManager: Shutting down and abandoning module AutomationWindow (460)
[2019.05.13-11.00.50:375][375]LogModuleManager: Shutting down and abandoning module Layers (458)
[2019.05.13-11.00.50:377][375]LogModuleManager: Shutting down and abandoning module ComponentVisualizers (456)
[2019.05.13-11.00.50:377][375]LogModuleManager: Shutting down and abandoning module DetailCustomizations (454)
[2019.05.13-11.00.50:377][375]LogModuleManager: Shutting down and abandoning module PackagesDialog (452)
[2019.05.13-11.00.50:378][375]LogModuleManager: Shutting down and abandoning module Persona (450)
[2019.05.13-11.00.50:379][375]LogModuleManager: Shutting down and abandoning module AdvancedPreviewScene (449)
[2019.05.13-11.00.50:379][375]LogModuleManager: Shutting down and abandoning module AnimGraph (447)
[2019.05.13-11.00.50:379][375]LogModuleManager: Shutting down and abandoning module Kismet (444)
[2019.05.13-11.00.50:381][375]LogModuleManager: Shutting down and abandoning module GraphEditor (442)
[2019.05.13-11.00.50:381][375]LogModuleManager: Shutting down and abandoning module ClassViewer (440)
[2019.05.13-11.00.50:381][375]LogModuleManager: Shutting down and abandoning module Toolbox (438)
[2019.05.13-11.00.50:381][375]LogModuleManager: Shutting down and abandoning module ModuleUI (436)
[2019.05.13-11.00.50:381][375]LogModuleManager: Shutting down and abandoning module MovieSceneTools (434)
[2019.05.13-11.00.50:382][375]LogModuleManager: Shutting down and abandoning module OutputLog (432)
[2019.05.13-11.00.50:382][375]LogModuleManager: Shutting down and abandoning module GammaUI (430)
[2019.05.13-11.00.50:382][375]LogModuleManager: Shutting down and abandoning module Documentation (428)
[2019.05.13-11.00.50:382][375]LogModuleManager: Shutting down and abandoning module MovieSceneTracks (426)
[2019.05.13-11.00.50:382][375]LogModuleManager: Shutting down and abandoning module MovieScene (424)
[2019.05.13-11.00.50:383][375]LogModuleManager: Shutting down and abandoning module StreamingPauseRendering (422)
[2019.05.13-11.00.50:383][375]LogModuleManager: Shutting down and abandoning module LauncherPlatform (420)
[2019.05.13-11.00.50:384][375]LogModuleManager: Shutting down and abandoning module AnalyticsET (418)
[2019.05.13-11.00.50:384][375]LogModuleManager: Shutting down and abandoning module PortalServices (416)
[2019.05.13-11.00.50:384][375]LogModuleManager: Shutting down and abandoning module PortalRpc (414)
[2019.05.13-11.00.50:384][375]LogModuleManager: Shutting down and abandoning module MessagingRpc (412)
[2019.05.13-11.00.50:384][375]LogModuleManager: Shutting down and abandoning module AIModule (410)
[2019.05.13-11.00.50:384][375]LogModuleManager: Shutting down and abandoning module GameplayDebugger (409)
[2019.05.13-11.00.50:384][375]LogModuleManager: Shutting down and abandoning module AITestSuite (407)
[2019.05.13-11.00.50:385][375]LogModuleManager: Shutting down and abandoning module NavigationSystem (405)
[2019.05.13-11.00.50:385][375]LogModuleManager: Shutting down and abandoning module DesktopPlatform (402)
[2019.05.13-11.00.50:385][375]LogModuleManager: Shutting down and abandoning module ProfilerService (400)
[2019.05.13-11.00.50:447][375]LogModuleManager: Shutting down and abandoning module TaskGraph (398)
[2019.05.13-11.00.50:448][375]LogModuleManager: Shutting down and abandoning module SteamVRController (396)
[2019.05.13-11.00.50:448][375]LogModuleManager: Shutting down and abandoning module ProceduralMeshComponentEditor (394)
[2019.05.13-11.00.50:449][375]LogModuleManager: Shutting down and abandoning module ProceduralMeshComponent (392)
[2019.05.13-11.00.50:449][375]LogModuleManager: Shutting down and abandoning module OculusInput (390)
[2019.05.13-11.00.50:449][375]LogModuleManager: Shutting down and abandoning module MobilePatchingUtils (388)
[2019.05.13-11.00.50:449][375]LogModuleManager: Shutting down and abandoning module EditableMesh (386)
[2019.05.13-11.00.50:449][375]LogModuleManager: Shutting down and abandoning module CustomMeshComponent (384)
[2019.05.13-11.00.50:449][375]LogModuleManager: Shutting down and abandoning module CableComponent (382)
[2019.05.13-11.00.50:449][375]LogModuleManager: Shutting down and abandoning module AudioCapture (380)
[2019.05.13-11.00.50:449][375]LogModuleManager: Shutting down and abandoning module ArchVisCharacter (378)
[2019.05.13-11.00.50:449][375]LogModuleManager: Shutting down and abandoning module AndroidPermission (376)
[2019.05.13-11.00.50:449][375]LogModuleManager: Shutting down and abandoning module NUTUnrealEngine4 (374)
[2019.05.13-11.00.50:449][375]LogModuleManager: Shutting down and abandoning module NetcodeUnitTest (372)
[2019.05.13-11.00.50:451][375]LogModuleManager: Shutting down and abandoning module MediaCompositingEditor (370)
[2019.05.13-11.00.50:451][375]LogModuleManager: Shutting down and abandoning module MediaCompositing (368)
[2019.05.13-11.00.50:451][375]LogModuleManager: Shutting down and abandoning module LinearTimecode (366)
[2019.05.13-11.00.50:451][375]LogModuleManager: Shutting down and abandoning module ImgMedia (364)
[2019.05.13-11.00.50:455][375]LogModuleManager: Shutting down and abandoning module HTML5Networking (362)
[2019.05.13-11.00.50:455][375]LogModuleManager: Shutting down and abandoning module GeometryCacheTracks (360)
[2019.05.13-11.00.50:455][375]LogModuleManager: Shutting down and abandoning module GeometryCacheSequencer (358)
[2019.05.13-11.00.50:455][375]LogModuleManager: Shutting down and abandoning module BackChannel (356)
[2019.05.13-11.00.50:456][375]LogModuleManager: Shutting down and abandoning module AppleVision (354)
[2019.05.13-11.00.50:456][375]LogModuleManager: Shutting down and abandoning module AppleImageUtils (352)
[2019.05.13-11.00.50:456][375]LogModuleManager: Shutting down and abandoning module AlembicImporter (350)
[2019.05.13-11.00.50:456][375]LogModuleManager: Shutting down and abandoning module AlembicLibrary (349)
[2019.05.13-11.00.50:456][375]LogModuleManager: Shutting down and abandoning module GeometryCache (348)
[2019.05.13-11.00.50:456][375]LogModuleManager: Shutting down and abandoning module GeometryCacheEd (347)
[2019.05.13-11.00.50:456][375]LogModuleManager: Shutting down and abandoning module DatasmithContentEditor (342)
[2019.05.13-11.00.50:456][375]LogModuleManager: Shutting down and abandoning module DatasmithContent (340)
[2019.05.13-11.00.50:457][375]LogModuleManager: Shutting down and abandoning module SpeedTreeImporter (338)
[2019.05.13-11.00.50:457][375]LogModuleManager: Shutting down and abandoning module PluginBrowser (336)
[2019.05.13-11.00.50:459][375]LogModuleManager: Shutting down and abandoning module MobileLauncherProfileWizard (334)
[2019.05.13-11.00.50:460][375]LogModuleManager: Shutting down and abandoning module PolygonModeling (332)
[2019.05.13-11.00.50:460][375]LogModuleManager: Shutting down and abandoning module MeshEditor (330)
[2019.05.13-11.00.50:460][375]LogModuleManager: Shutting down and abandoning module CryptoKeysOpenSSL (328)
[2019.05.13-11.00.50:460][375]LogModuleManager: Shutting down and abandoning module CryptoKeys (326)
[2019.05.13-11.00.50:460][375]LogModuleManager: Shutting down and abandoning module VisualStudioSourceCodeAccess (324)
[2019.05.13-11.00.50:461][375]LogModuleManager: Shutting down and abandoning module VisualStudioCodeSourceCodeAccess (322)
[2019.05.13-11.00.50:461][375]LogModuleManager: Shutting down and abandoning module UObjectPlugin (320)
[2019.05.13-11.00.50:461][375]LogModuleManager: Shutting down and abandoning module SubversionSourceControl (318)
[2019.05.13-11.00.50:461][375]LogModuleManager: Shutting down and abandoning module PerforceSourceControl (316)
[2019.05.13-11.00.50:463][375]LogModuleManager: Shutting down and abandoning module GitSourceControl (314)
[2019.05.13-11.00.50:463][375]LogModuleManager: Shutting down and abandoning module SourceControl (313)
[2019.05.13-11.00.50:464][375]LogModuleManager: Shutting down and abandoning module CLionSourceCodeAccess (310)
[2019.05.13-11.00.50:464][375]LogModuleManager: Shutting down and abandoning module LightPropagationVolumeEditor (308)
[2019.05.13-11.00.50:464][375]LogModuleManager: Shutting down and abandoning module PaperTiledImporter (306)
[2019.05.13-11.00.50:464][375]LogModuleManager: Shutting down and abandoning module PaperSpriteSheetImporter (304)
[2019.05.13-11.00.50:464][375]LogModuleManager: Shutting down and abandoning module Paper2DEditor (302)
[2019.05.13-11.00.50:465][375]LogModuleManager: Shutting down and abandoning module MeshPaint (301)
[2019.05.13-11.00.50:466][375]LogModuleManager: Shutting down and abandoning module RuntimePhysXCooking (298)
[2019.05.13-11.00.50:466][375]LogModuleManager: Shutting down and abandoning module PhysXVehiclesEditor (296)
[2019.05.13-11.00.50:466][375]LogModuleManager: Shutting down and abandoning module PhysXVehicles (294)
[2019.05.13-11.00.50:466][375]LogModuleManager: Shutting down and abandoning module OculusEditor (292)
[2019.05.13-11.00.50:466][375]LogModuleManager: Shutting down and abandoning module LocationServicesBPLibrary (290)
[2019.05.13-11.00.50:466][375]LogModuleManager: Shutting down and abandoning module ImmediatePhysicsEditor (288)
[2019.05.13-11.00.50:466][375]LogModuleManager: Shutting down and abandoning module ImmediatePhysics (286)
[2019.05.13-11.00.50:467][375]LogModuleManager: Shutting down and abandoning module ActorSequence (284)
[2019.05.13-11.00.50:467][375]LogModuleManager: Shutting down and abandoning module UdpMessaging (282)
[2019.05.13-11.00.50:568][375]LogModuleManager: Shutting down and abandoning module TcpMessaging (280)
[2019.05.13-11.00.50:669][375]LogModuleManager: Shutting down and abandoning module MagicLeapAudio (278)
[2019.05.13-11.00.50:669][375]LogModuleManager: Shutting down and abandoning module GameplayTagsEditor (276)
[2019.05.13-11.00.50:670][375]LogModuleManager: Shutting down and abandoning module FacialAnimationEditor (274)
[2019.05.13-11.00.50:670][375]LogModuleManager: Shutting down and abandoning module FacialAnimation (272)
[2019.05.13-11.00.50:670][375]LogModuleManager: Shutting down and abandoning module DataValidation (270)
[2019.05.13-11.00.50:670][375]LogModuleManager: Shutting down and abandoning module AssetManagerEditor (268)
[2019.05.13-11.00.50:671][375]LogModuleManager: Shutting down and abandoning module LevelEditor (267)
[2019.05.13-11.00.50:672][375]LogModuleManager: Shutting down and abandoning module PixelInspectorModule (266)
[2019.05.13-11.00.50:673][375]LogModuleManager: Shutting down and abandoning module CommonMenuExtensions (264)
[2019.05.13-11.00.50:673][375]LogModuleManager: Shutting down and abandoning module MainFrame (262)
[2019.05.13-11.00.50:673][375]LogModuleManager: Shutting down and abandoning module HotReload (261)
[2019.05.13-11.00.50:674][375]LogModuleManager: Shutting down and abandoning module ContentBrowser (257)
[2019.05.13-11.00.50:675][375]LogModuleManager: Shutting down and abandoning module TreeMap (255)
[2019.05.13-11.00.50:675][375]LogModuleManager: Shutting down and abandoning module LightPropagationVolumeRuntime (252)
[2019.05.13-11.00.50:675][375]LogModuleManager: Shutting down and abandoning module AISupportModule (250)
[2019.05.13-11.00.50:675][375]LogModuleManager: Shutting down and abandoning module Paper2D (248)
[2019.05.13-11.00.50:676][375]LogModuleManager: Shutting down and abandoning module WindowsMoviePlayer (246)
[2019.05.13-11.00.50:677][375]LogModuleManager: Shutting down and abandoning module WmfMedia (244)
[2019.05.13-11.00.50:678][375]LogModuleManager: Shutting down and abandoning module Media (243)
[2019.05.13-11.00.50:684][375]LogModuleManager: Shutting down and abandoning module PacketHandler (240)
[2019.05.13-11.00.50:684][375]LogModuleManager: Shutting down and abandoning module ClothingSystemEditor (238)
[2019.05.13-11.00.50:684][375]LogModuleManager: Shutting down and abandoning module ClothingSystemRuntime (236)
[2019.05.13-11.00.50:685][375]LogModuleManager: Shutting down and abandoning module MediaAssets (234)
[2019.05.13-11.00.50:685][375]LogModuleManager: Shutting down and abandoning module Overlay (232)
[2019.05.13-11.00.50:685][375]LogModuleManager: Shutting down and abandoning module OverlayEditor (231)
[2019.05.13-11.00.50:685][375]LogModuleManager: Shutting down and abandoning module VREditor (228)
[2019.05.13-11.00.50:686][375]LogModuleManager: Shutting down and abandoning module StringTableEditor (226)
[2019.05.13-11.00.50:686][375]LogModuleManager: Shutting down and abandoning module GameplayTasksEditor (224)
[2019.05.13-11.00.50:686][375]LogModuleManager: Shutting down and abandoning module BehaviorTreeEditor (222)
[2019.05.13-11.00.50:688][375]LogModuleManager: Shutting down and abandoning module FunctionalTesting (220)
[2019.05.13-11.00.50:688][375]LogModuleManager: Shutting down and abandoning module CollisionAnalyzer (218)
[2019.05.13-11.00.50:689][375]LogModuleManager: Shutting down and abandoning module WorkspaceMenuStructure (217)
[2019.05.13-11.00.50:689][375]LogModuleManager: Shutting down and abandoning module UMG (214)
[2019.05.13-11.00.50:690][375]LogModuleManager: Shutting down and abandoning module UMGEditor (213)
[2019.05.13-11.00.50:691][375]LogModuleManager: Shutting down and abandoning module Sequencer (212)
[2019.05.13-11.00.50:693][375]LogModuleManager: Shutting down and abandoning module MessageLog (209)
[2019.05.13-11.00.50:693][375]LogModuleManager: Shutting down and abandoning module SlateReflector (204)
[2019.05.13-11.00.50:695][375]LogModuleManager: Shutting down and abandoning module Slate (202)
[2019.05.13-11.00.50:695][375]LogModuleManager: Shutting down and abandoning module EditorStyle (200)
[2019.05.13-11.00.50:697][375]LogModuleManager: Shutting down and abandoning module MRMesh (198)
[2019.05.13-11.00.50:697][375]LogModuleManager: Shutting down and abandoning module SourceCodeAccess (196)
[2019.05.13-11.00.50:698][375]LogModuleManager: Shutting down and abandoning module HeadMountedDisplay (194)
[2019.05.13-11.00.50:698][375]LogModuleManager: Shutting down and abandoning module XAudio2 (192)
[2019.05.13-11.00.50:698][375]LogModuleManager: Shutting down and abandoning module Networking (190)
[2019.05.13-11.00.50:698][375]LogModuleManager: Shutting down and abandoning module Core (188)
[2019.05.13-11.00.50:698][375]LogModuleManager: Shutting down and abandoning module LevelSequence (186)
[2019.05.13-11.00.50:698][375]LogModuleManager: Shutting down and abandoning module KismetCompiler (184)
[2019.05.13-11.00.50:698][375]LogModuleManager: Shutting down and abandoning module MeshUtilities (182)
[2019.05.13-11.00.50:698][375]LogModuleManager: Shutting down and abandoning module MeshMergeUtilities (181)
[2019.05.13-11.00.50:699][375]LogModuleManager: Shutting down and abandoning module MeshReductionInterface (180)
[2019.05.13-11.00.50:699][375]LogModuleManager: Shutting down and abandoning module SimplygonSwarm (179)
[2019.05.13-11.00.50:699][375]LogModuleManager: Shutting down and abandoning module ProxyLODMeshReduction (177)
[2019.05.13-11.00.50:700][375]LogModuleManager: Shutting down and abandoning module SimplygonMeshReduction (175)
[2019.05.13-11.00.50:700][375]LogModuleManager: Shutting down and abandoning module QuadricMeshReduction (173)
[2019.05.13-11.00.50:701][375]LogModuleManager: Shutting down and abandoning module MaterialBaking (169)
[2019.05.13-11.00.50:701][375]LogModuleManager: Shutting down and abandoning module DirectoryWatcher (165)
[2019.05.13-11.00.50:701][375]LogModuleManager: Shutting down and abandoning module DerivedDataCache (162)
[2019.05.13-11.00.51:025][375]LogDerivedDataCache: Shutdown
[2019.05.13-11.00.51:025][375]LogModuleManager: Shutting down and abandoning module XGEController (160)
[2019.05.13-11.00.51:026][375]LogModuleManager: Shutting down and abandoning module TargetPlatform (158)
[2019.05.13-11.00.51:026][375]LogModuleManager: Shutting down and abandoning module VulkanShaderFormat (157)
[2019.05.13-11.00.51:026][375]LogModuleManager: Shutting down and abandoning module ShaderFormatVectorVM (155)
[2019.05.13-11.00.51:027][375]LogModuleManager: Shutting down and abandoning module ShaderFormatOpenGL (153)
[2019.05.13-11.00.51:027][375]LogModuleManager: Shutting down and abandoning module ShaderFormatD3D (151)
[2019.05.13-11.00.51:027][375]LogModuleManager: Shutting down and abandoning module MetalShaderFormat (149)
[2019.05.13-11.00.51:028][375]LogModuleManager: Shutting down and abandoning module TextureFormatUncompressed (147)
[2019.05.13-11.00.51:028][375]LogModuleManager: Shutting down and abandoning module TextureFormatPVR (145)
[2019.05.13-11.00.51:028][375]LogModuleManager: Shutting down and abandoning module TextureFormatDXT (143)
[2019.05.13-11.00.51:028][375]LogModuleManager: Shutting down and abandoning module TextureFormatIntelISPCTexComp (141)
[2019.05.13-11.00.51:028][375]LogModuleManager: Shutting down and abandoning module TextureFormatASTC (139)
[2019.05.13-11.00.51:028][375]LogModuleManager: Shutting down and abandoning module ImageWrapper (138)
[2019.05.13-11.00.51:028][375]LogModuleManager: Shutting down and abandoning module TextureFormatAndroid (135)
[2019.05.13-11.00.51:028][375]LogModuleManager: Shutting down and abandoning module AudioFormatOpus (133)
[2019.05.13-11.00.51:028][375]LogModuleManager: Shutting down and abandoning module AudioFormatOgg (131)
[2019.05.13-11.00.51:028][375]LogModuleManager: Shutting down and abandoning module AudioFormatADPCM (129)
[2019.05.13-11.00.51:028][375]LogModuleManager: Shutting down and abandoning module LuminTargetPlatform (127)
[2019.05.13-11.00.51:029][375]LogModuleManager: Shutting down and abandoning module LinuxTargetPlatform (125)
[2019.05.13-11.00.51:029][375]LogModuleManager: Shutting down and abandoning module LinuxServerTargetPlatform (123)
[2019.05.13-11.00.51:029][375]LogModuleManager: Shutting down and abandoning module LinuxNoEditorTargetPlatform (121)
[2019.05.13-11.00.51:029][375]LogModuleManager: Shutting down and abandoning module LinuxClientTargetPlatform (119)
[2019.05.13-11.00.51:029][375]LogModuleManager: Shutting down and abandoning module TVOSTargetPlatform (117)
[2019.05.13-11.00.51:030][375]LogModuleManager: Shutting down and abandoning module Messaging (115)
[2019.05.13-11.00.51:030][375]LogModuleManager: Shutting down and abandoning module IOSTargetPlatform (113)
[2019.05.13-11.00.51:031][375]LogModuleManager: Shutting down and abandoning module HTML5TargetPlatform (111)
[2019.05.13-11.00.51:031][375]LogModuleManager: Shutting down and abandoning module AndroidTargetPlatform (109)
[2019.05.13-11.00.51:039][375]LogModuleManager: Shutting down and abandoning module WindowsTargetPlatform (107)
[2019.05.13-11.00.51:039][375]LogModuleManager: Shutting down and abandoning module WindowsServerTargetPlatform (105)
[2019.05.13-11.00.51:039][375]LogModuleManager: Shutting down and abandoning module WindowsNoEditorTargetPlatform (103)
[2019.05.13-11.00.51:039][375]LogModuleManager: Shutting down and abandoning module WindowsClientTargetPlatform (101)
[2019.05.13-11.00.51:039][375]LogModuleManager: Shutting down and abandoning module MacTargetPlatform (99)
[2019.05.13-11.00.51:039][375]LogModuleManager: Shutting down and abandoning module MacServerTargetPlatform (97)
[2019.05.13-11.00.51:039][375]LogModuleManager: Shutting down and abandoning module MacNoEditorTargetPlatform (95)
[2019.05.13-11.00.51:039][375]LogModuleManager: Shutting down and abandoning module MacClientTargetPlatform (93)
[2019.05.13-11.00.51:039][375]LogModuleManager: Shutting down and abandoning module AllDesktopTargetPlatform (91)
[2019.05.13-11.00.51:039][375]LogModuleManager: Shutting down and abandoning module InputCore (88)
[2019.05.13-11.00.51:039][375]LogModuleManager: Shutting down and abandoning module Settings (86)
[2019.05.13-11.00.51:039][375]LogModuleManager: Shutting down and abandoning module PhysXCooking (84)
[2019.05.13-11.00.51:039][375]LogModuleManager: Shutting down and abandoning module SteamVR (82)
[2019.05.13-11.00.51:039][375]LogModuleManager: Shutting down and abandoning module OculusHMD (80)
[2019.05.13-11.00.51:040][375]LogModuleManager: Shutting down and abandoning module ExampleDeviceProfileSelector (78)
[2019.05.13-11.00.51:040][375]LogModuleManager: Shutting down and abandoning module LauncherChunkInstaller (76)
[2019.05.13-11.00.51:040][375]LogModuleManager: Shutting down and abandoning module OnlineBlueprintSupport (74)
[2019.05.13-11.00.51:040][375]LogModuleManager: Shutting down and abandoning module OnlineSubsystem (70)
[2019.05.13-11.00.51:041][375]LogModuleManager: Shutting down and abandoning module XMPP (65)
[2019.05.13-11.00.51:043][375]LogModuleManager: Shutting down and abandoning module WebSockets (64)
[2019.05.13-11.00.51:057][375]LogModuleManager: Shutting down and abandoning module HTTP (61)
[2019.05.13-11.00.51:057][375]LogHttp: Display: Http module shutting down, but needs to wait on 1 outstanding Http requests:
[2019.05.13-11.00.51:057][375]LogHttp: Display: 	verb=[POST] url=[https://datarouter.ol.epicgames.com/datarouter/api/v1/public/data?SessionID=%7BFF0A2AC4-4CE5-915D-C2A5-328C0E78E52A%7D&AppID=UEEditor.Rocket.Release&AppVersion=4.20.3-4369336%2B%2B%2BUE4%2BRelease-4.20&UserID=45c617a94419e23629f488969c56cf6d%7C%7Cafe67d91-e639-494d-8561-9a16bb2ca945&AppEnvironment=datacollector-binary&UploadType=eteventstream] status=Processing
[2019.05.13-11.00.51:066][375]LogModuleManager: Shutting down and abandoning module SSL (60)
[2019.05.13-11.00.51:068][375]LogModuleManager: Shutting down and abandoning module MagicLeapEmulator (56)
[2019.05.13-11.00.51:068][375]LogModuleManager: Shutting down and abandoning module MagicLeapPrivileges (54)
[2019.05.13-11.00.51:068][375]LogModuleManager: Shutting down and abandoning module MagicLeapIdentity (52)
[2019.05.13-11.00.51:068][375]LogModuleManager: Shutting down and abandoning module MagicLeapHelperVulkan (50)
[2019.05.13-11.00.51:068][375]LogModuleManager: Shutting down and abandoning module MagicLeapHelperOpenGL (48)
[2019.05.13-11.00.51:068][375]LogModuleManager: Shutting down and abandoning module MagicLeapSecureStorage (46)
[2019.05.13-11.00.51:068][375]LogModuleManager: Shutting down and abandoning module MagicLeapGestures (44)
[2019.05.13-11.00.51:068][375]LogModuleManager: Shutting down and abandoning module MagicLeapEyeTracker (42)
[2019.05.13-11.00.51:068][375]LogModuleManager: Shutting down and abandoning module MagicLeapController (40)
[2019.05.13-11.00.51:068][375]LogSlate: Slate User Destroyed.  User Index 0, Is Virtual User: 0
[2019.05.13-11.00.51:069][375]LogModuleManager: Shutting down and abandoning module MagicLeap (38)
[2019.05.13-11.00.51:069][375]LogModuleManager: Shutting down and abandoning module AnimationModifiers (36)
[2019.05.13-11.00.51:070][375]LogModuleManager: Shutting down and abandoning module PropertyEditor (35)
[2019.05.13-11.00.51:070][375]LogModuleManager: Shutting down and abandoning module AudioEditor (32)
[2019.05.13-11.00.51:071][375]LogModuleManager: Shutting down and abandoning module TextureCompressor (30)
[2019.05.13-11.00.51:071][375]LogModuleManager: Shutting down and abandoning module ShaderCore (28)
[2019.05.13-11.00.51:071][375]LogModuleManager: Shutting down and abandoning module Landscape (26)
[2019.05.13-11.00.51:071][375]LogModuleManager: Shutting down and abandoning module SlateRHIRenderer (24)
[2019.05.13-11.00.51:072][375]LogModuleManager: Shutting down and abandoning module OpenGLDrv (22)
[2019.05.13-11.00.51:073][375]LogModuleManager: Shutting down and abandoning module D3D11RHI (20)
[2019.05.13-11.00.51:073][375]LogModuleManager: Shutting down and abandoning module AnimGraphRuntime (18)
[2019.05.13-11.00.51:073][375]LogModuleManager: Shutting down and abandoning module Renderer (16)
[2019.05.13-11.00.51:073][375]LogModuleManager: Shutting down and abandoning module Engine (14)
[2019.05.13-11.00.51:073][375]LogModuleManager: Shutting down and abandoning module CoreUObject (12)
[2019.05.13-11.00.51:073][375]LogModuleManager: Shutting down and abandoning module NetworkFile (10)
[2019.05.13-11.00.51:074][375]LogModuleManager: Shutting down and abandoning module CookedIterativeFile (8)
[2019.05.13-11.00.51:074][375]LogModuleManager: Shutting down and abandoning module StreamingFile (6)
[2019.05.13-11.00.51:074][375]LogModuleManager: Shutting down and abandoning module SandboxFile (4)
[2019.05.13-11.00.51:074][375]LogModuleManager: Shutting down and abandoning module PakFile (2)
[2019.05.13-11.00.51:082][375]LogExit: Exiting.
[2019.05.13-11.00.51:129][375]Log file closed, 05/13/19 12:00:51
