Log file open, 06/10/19 11:38:32
LogWindows: Failed to load 'aqProf.dll' (GetLastError=126)
LogWindows: File 'aqProf.dll' does not exist
LogWindows: Failed to load 'VSPerf140.dll' (GetLastError=126)
LogWindows: File 'VSPerf140.dll' does not exist
LogWindows: Failed to load 'VtuneApi.dll' (GetLastError=126)
LogWindows: File 'VtuneApi.dll' does not exist
LogWindows: Failed to load 'VtuneApi32e.dll' (GetLastError=126)
LogWindows: File 'VtuneApi32e.dll' does not exist
LogInit: Display: Running engine for game: TheDescent_Collab19
LogPlatformFile: Not using cached read wrapper
LogTaskGraph: Started task graph with 5 named threads and 23 total threads with 3 sets of task threads.
LogStats: Stats thread started at 2.804183
LogD3D11RHI: Loaded GFSDK_Aftermath_Lib.x64.dll
LogICUInternationalization: Display: ICU TimeZone Detection - Raw Offset: +0:00, Platform Override: ''
LogPluginManager: Mounting plugin Paper2D
LogPluginManager: Mounting plugin AISupport
LogPluginManager: Mounting plugin LightPropagationVolume
LogPluginManager: Mounting plugin CLionSourceCodeAccess
LogPluginManager: Mounting plugin CodeLiteSourceCodeAccess
LogPluginManager: Mounting plugin GitSourceControl
LogPluginManager: Mounting plugin KDevelopSourceCodeAccess
LogPluginManager: Mounting plugin NullSourceCodeAccess
LogPluginManager: Mounting plugin PerforceSourceControl
LogPluginManager: Mounting plugin SubversionSourceControl
LogPluginManager: Mounting plugin UObjectPlugin
LogPluginManager: Mounting plugin VisualStudioCodeSourceCodeAccess
LogPluginManager: Mounting plugin VisualStudioSourceCodeAccess
LogPluginManager: Mounting plugin XCodeSourceCodeAccess
LogPluginManager: Mounting plugin AssetManagerEditor
LogPluginManager: Mounting plugin CryptoKeys
LogPluginManager: Mounting plugin DataValidation
LogPluginManager: Mounting plugin FacialAnimation
LogPluginManager: Mounting plugin GameplayTagsEditor
LogPluginManager: Mounting plugin MacGraphicsSwitching
LogPluginManager: Mounting plugin MeshEditor
LogPluginManager: Mounting plugin MobileLauncherProfileWizard
LogPluginManager: Mounting plugin PluginBrowser
LogPluginManager: Mounting plugin SpeedTreeImporter
LogPluginManager: Mounting plugin DatasmithContent
LogPluginManager: Mounting plugin AlembicImporter
LogPluginManager: Mounting plugin AppleImageUtils
LogPluginManager: Mounting plugin AppleVision
LogPluginManager: Mounting plugin BackChannel
LogPluginManager: Mounting plugin CharacterAI
LogPluginManager: Mounting plugin GeometryCache
LogPluginManager: Mounting plugin HTML5Networking
LogPluginManager: Mounting plugin ProxyLODPlugin
LogPluginManager: Mounting plugin MagicLeap
LogPluginManager: Mounting plugin MagicLeapEmulator
LogPluginManager: Mounting plugin MagicLeapMedia
LogPluginManager: Mounting plugin AndroidMedia
LogPluginManager: Mounting plugin AvfMedia
LogPluginManager: Mounting plugin ImgMedia
LogPluginManager: Mounting plugin LinearTimecode
LogPluginManager: Mounting plugin MediaCompositing
LogPluginManager: Mounting plugin MediaPlayerEditor
LogPluginManager: Mounting plugin WmfMedia
LogPluginManager: Mounting plugin TcpMessaging
LogPluginManager: Mounting plugin UdpMessaging
LogPluginManager: Mounting plugin ActorSequence
LogPluginManager: Mounting plugin LevelSequenceEditor
LogPluginManager: Mounting plugin MatineeToLevelSequence
LogPluginManager: Mounting plugin NetcodeUnitTest
LogPluginManager: Mounting plugin NUTUnrealEngine4
LogPluginManager: Mounting plugin OnlineSubsystemGooglePlay
LogPluginManager: Mounting plugin OnlineSubsystemIOS
LogPluginManager: Mounting plugin OnlineSubsystem
LogPluginManager: Mounting plugin OnlineSubsystemNull
LogPluginManager: Mounting plugin OnlineSubsystemUtils
LogPluginManager: Mounting plugin LauncherChunkInstaller
LogPluginManager: Mounting plugin AndroidDeviceProfileSelector
LogPluginManager: Mounting plugin AndroidMoviePlayer
LogPluginManager: Mounting plugin AndroidPermission
LogPluginManager: Mounting plugin AppleMoviePlayer
LogPluginManager: Mounting plugin ArchVisCharacter
LogPluginManager: Mounting plugin AudioCapture
LogPluginManager: Mounting plugin CableComponent
LogPluginManager: Mounting plugin CustomMeshComponent
LogPluginManager: Mounting plugin EditableMesh
LogPluginManager: Mounting plugin ExampleDeviceProfileSelector
LogPluginManager: Mounting plugin GoogleCloudMessaging
LogPluginManager: Mounting plugin ImmediatePhysics
LogPluginManager: Mounting plugin IOSDeviceProfileSelector
LogPluginManager: Mounting plugin LinuxDeviceProfileSelector
LogPluginManager: Mounting plugin LocationServicesBPLibrary
LogPluginManager: Mounting plugin MobilePatchingUtils
LogPluginManager: Mounting plugin OculusVR
LogPluginManager: Plugin shader directory ../../../Engine/Plugins/Runtime/Oculus/OculusVR/Shaders found
LogPluginManager: Mapping shader source directory ../../../Engine/Plugins/Runtime/Oculus/OculusVR/Shaders to virtual directory /Plugin/OculusVR
LogPluginManager: Mounting plugin PhysXVehicles
LogPluginManager: Mounting plugin ProceduralMeshComponent
LogPluginManager: Mounting plugin RuntimePhysXCooking
LogPluginManager: Mounting plugin SteamVR
LogPluginManager: Mounting plugin WindowsMoviePlayer
LogStreaming: Display: Took  0.280s to configure plugins.
LogInit: Using libcurl 7.55.1-DEV
LogInit:  - built for x86_64-pc-win32
LogInit:  - supports SSL with OpenSSL/1.0.2h
LogInit:  - supports HTTP deflate (compression) using libz 1.2.8
LogInit:  - other features:
LogInit:      CURL_VERSION_SSL
LogInit:      CURL_VERSION_LIBZ
LogInit:      CURL_VERSION_IPV6
LogInit:      CURL_VERSION_ASYNCHDNS
LogInit:      CURL_VERSION_LARGEFILE
LogInit:      CURL_VERSION_IDN
LogInit:  CurlRequestOptions (configurable via config and command line):
LogInit:  - bVerifyPeer = false  - Libcurl will NOT verify peer certificate
LogInit:  - bUseHttpProxy = false  - Libcurl will NOT use HTTP proxy
LogInit:  - bDontReuseConnections = false  - Libcurl will reuse connections
LogInit:  - CertBundlePath = nullptr  - Libcurl will use whatever was configured at build time.
LogInit:  - MaxHostConnections = 16  - Libcurl will limit the number of connections to a host
LogInit:  - LocalHostAddr = Default
LogInit:  - BufferSize = 65536
LogInit: WinSock: version 1.1 (2.2), MaxSocks=32767, MaxUdp=65467
LogInit: Build: ++UE4+Release-4.20-CL-4369336
LogInit: Engine Version: 4.20.3-4369336+++UE4+Release-4.20
LogInit: Compatible Engine Version: 4.20.0-4212847+++UE4+Release-4.20
LogInit: Net CL: 4212847
LogInit: OS: Windows 10 (), CPU: Intel(R) Xeon(R) CPU E5-1620 v4 @ 3.50GHz, GPU: NVIDIA GeForce GTX 980
LogInit: Compiled (64-bit): Sep 17 2018 12:26:19
LogInit: Compiled with Visual C++: 19.13.26129.00
LogInit: Build Configuration: Development
LogInit: Branch Name: ++UE4+Release-4.20
LogInit: Command Line:  
LogInit: Base Directory: C:/Epic/UE4/UE_4.20/Engine/Binaries/Win64/
LogInit: Installed Engine Build: 1
LogDevObjectVersion: Number of dev versions registered: 20
LogDevObjectVersion:   Dev-Blueprints (B0D832E4-1F89-4F0D-ACCF-7EB736FD4AA2): 10
LogDevObjectVersion:   Dev-Build (E1C64328-A22C-4D53-A36C-8E866417BD8C): 0
LogDevObjectVersion:   Dev-Core (375EC13C-06E4-48FB-B500-84F0262A717E): 2
LogDevObjectVersion:   Dev-Editor (E4B068ED-F494-42E9-A231-DA0B2E46BB41): 24
LogDevObjectVersion:   Dev-Framework (CFFC743F-43B0-4480-9391-14DF171D2073): 34
LogDevObjectVersion:   Dev-Mobile (B02B49B5-BB20-44E9-A304-32B752E40360): 2
LogDevObjectVersion:   Dev-Networking (A4E4105C-59A1-49B5-A7C5-40C4547EDFEE): 0
LogDevObjectVersion:   Dev-Online (39C831C9-5AE6-47DC-9A44-9C173E1C8E7C): 0
LogDevObjectVersion:   Dev-Physics (78F01B33-EBEA-4F98-B9B4-84EACCB95AA2): 0
LogDevObjectVersion:   Dev-Platform (6631380F-2D4D-43E0-8009-CF276956A95A): 0
LogDevObjectVersion:   Dev-Rendering (12F88B9F-8875-4AFC-A67C-D90C383ABD29): 26
LogDevObjectVersion:   Dev-Sequencer (7B5AE74C-D270-4C10-A958-57980B212A5A): 9
LogDevObjectVersion:   Dev-VR (D7296918-1DD6-4BDD-9DE2-64A83CC13884): 2
LogDevObjectVersion:   Dev-LoadTimes (C2A15278-BFE7-4AFE-6C17-90FF531DF755): 1
LogDevObjectVersion:   Private-Geometry (6EACA3D4-40EC-4CC1-B786-8BED09428FC5): 3
LogDevObjectVersion:   Dev-AnimPhys (29E575DD-E0A3-4627-9D10-D276232CDCEA): 17
LogDevObjectVersion:   Dev-ReflectionCapture (6B266CEC-1EC7-4B8F-A30B-E4D90942FC07): 1
LogDevObjectVersion:   Dev-Automation (0DF73D61-A23F-47EA-B727-89E90C41499A): 1
LogDevObjectVersion:   FortniteMain (601D1886-AC64-4F84-AA16-D3DE0DEAC7D6): 12
LogDevObjectVersion:   Dev-Enterprise (9DFFBCD6-494F-0158-E221-12823C92A888): 1
LogStreaming: Display: Took  0.015s to delete old logs.
LogInit: Presizing for max 8388607 objects, including 0 objects not considered by GC, pre-allocating 0 bytes for permanent pool.
LogInit: Object subsystem initialized
[2019.06.10-10.38.34:072][  0]LogInit: Selected Device Profile: [Windows]
[2019.06.10-10.38.34:072][  0]LogInit: Applying CVar settings loaded from the selected device profile: [Windows]
[2019.06.10-10.38.34:149][  0]LogHAL: Display: Platform has ~ 16 GB [17092296704 / 17179869184 / 16], which maps to Larger [LargestMinGB=32, LargerMinGB=12, DefaultMinGB=8, SmallerMinGB=6, SmallestMinGB=0)
[2019.06.10-10.38.34:149][  0]LogInit: Setting Device Profile CVar: [[r.Vulkan.UseRealUBs:1]]
[2019.06.10-10.38.34:149][  0]LogInit: Going up to parent DeviceProfile []
[2019.06.10-10.38.34:189][  0]LogInit: Computer: A07-13
[2019.06.10-10.38.34:189][  0]LogInit: User: a015865g
[2019.06.10-10.38.34:189][  0]LogInit: CPU Page size=4096, Cores=4
[2019.06.10-10.38.34:189][  0]LogInit: High frequency timer resolution =3.410074 MHz
[2019.06.10-10.38.34:190][  0]LogMemory: Memory total: Physical=15.9GB (16GB approx)
[2019.06.10-10.38.34:199][  0]LogMemory: Platform Memory Stats for Windows
[2019.06.10-10.38.34:199][  0]LogMemory: Process Physical Memory: 101.57 MB used, 101.57 MB peak
[2019.06.10-10.38.34:199][  0]LogMemory: Process Virtual Memory: 85.73 MB used, 85.73 MB peak
[2019.06.10-10.38.34:199][  0]LogMemory: Physical Memory: 5066.65 MB used,  11233.83 MB free, 16300.48 MB total
[2019.06.10-10.38.34:199][  0]LogMemory: Virtual Memory: 4635.29 MB used,  11233.83 MB free, 134217728.00 MB total
[2019.06.10-10.38.34:820][  0]LogInit: Using OS detected language (en-US).
[2019.06.10-10.38.34:820][  0]LogInit: Using OS detected locale (en-GB).
[2019.06.10-10.38.34:884][  0]LogTextLocalizationManager: No specific localization for 'en-US' exists, so the 'en' localization will be used.
[2019.06.10-10.38.35:435][  0]LogStreaming: Display: Took  0.614s to InitEngineTextLocalization.
[2019.06.10-10.38.35:435][  0]LogInit: Setting process to per monitor DPI aware
[2019.06.10-10.38.35:843][  0]LogSlate: New Slate User Created.  User Index 0, Is Virtual User: 0
[2019.06.10-10.38.35:843][  0]LogSlate: Slate User Registered.  User Index 0, Is Virtual User: 0
[2019.06.10-10.38.38:022][  0]LogHMD: Failed to initialize OpenVR with code 110
[2019.06.10-10.38.38:029][  0]LogD3D11RHI: D3D11 adapters:
[2019.06.10-10.38.38:136][  0]LogD3D11RHI:    0. 'NVIDIA GeForce GTX 980' (Feature Level 11_0)
[2019.06.10-10.38.38:136][  0]LogD3D11RHI:       4053/0/8150 MB DedicatedVideo/DedicatedSystem/SharedSystem, Outputs:2, VendorId:0x10de
[2019.06.10-10.38.38:138][  0]LogD3D11RHI:    1. 'Microsoft Basic Render Driver' (Feature Level 11_0)
[2019.06.10-10.38.38:138][  0]LogD3D11RHI:       0/0/8150 MB DedicatedVideo/DedicatedSystem/SharedSystem, Outputs:0, VendorId:0x1414
[2019.06.10-10.38.38:138][  0]LogD3D11RHI: Chosen D3D11 Adapter: 0
[2019.06.10-10.38.38:144][  0]LogD3D11RHI: Creating new Direct3DDevice
[2019.06.10-10.38.38:144][  0]LogD3D11RHI:     GPU DeviceId: 0x13c0 (for the marketing name, search the web for "GPU Device Id")
[2019.06.10-10.38.38:153][  0]LogWindows: EnumDisplayDevices:
[2019.06.10-10.38.38:153][  0]LogWindows:    0. 'NVIDIA GeForce GTX 980' (P:0 D:1)
[2019.06.10-10.38.38:154][  0]LogWindows:    1. 'NVIDIA GeForce GTX 980' (P:1 D:1)
[2019.06.10-10.38.38:154][  0]LogWindows:    2. 'NVIDIA GeForce GTX 980' (P:0 D:0)
[2019.06.10-10.38.38:154][  0]LogWindows:    3. 'NVIDIA GeForce GTX 980' (P:0 D:0)
[2019.06.10-10.38.38:154][  0]LogWindows: DebugString: FoundDriverCount:4 
[2019.06.10-10.38.38:154][  0]LogD3D11RHI:     Adapter Name: NVIDIA GeForce GTX 980
[2019.06.10-10.38.38:154][  0]LogD3D11RHI:   Driver Version: 425.31 (internal:25.21.14.2531, unified:425.31)
[2019.06.10-10.38.38:154][  0]LogD3D11RHI:      Driver Date: 4-9-2019
[2019.06.10-10.38.38:154][  0]LogRHI: Texture pool is 2837 MB (70% of 4053 MB)
[2019.06.10-10.38.38:254][  0]LogD3D11RHI: Async texture creation enabled
[2019.06.10-10.38.38:368][  0]LogD3D11RHI: GPU Timing Frequency: 1000.000000 (Debug: 2 1)
[2019.06.10-10.38.38:546][  0]LogShaderCompilers: Guid format shader working directory is -32 characters bigger than the processId version (../../../../../../Users/a015865g/Desktop/Collab2019.git/trunk/TheDescent_Collab19/Intermediate/Shaders/WorkingDirectory/9628/).
[2019.06.10-10.38.38:546][  0]LogShaderCompilers: Cleaned the shader compiler working directory 'C:/Users/a015865g/AppData/Local/Temp/UnrealShaderWorkingDir/A5B7FD984399191024D8E291A5E5E8DA/'.
[2019.06.10-10.38.39:698][  0]LogTemp: Display: Loaded TP AllDesktopTargetPlatform
[2019.06.10-10.38.39:752][  0]LogTemp: Display: Loaded TP MacClientTargetPlatform
[2019.06.10-10.38.39:771][  0]LogTemp: Display: Loaded TP MacNoEditorTargetPlatform
[2019.06.10-10.38.39:795][  0]LogTemp: Display: Loaded TP MacServerTargetPlatform
[2019.06.10-10.38.39:824][  0]LogTemp: Display: Loaded TP MacTargetPlatform
[2019.06.10-10.38.39:861][  0]LogTemp: Display: Loaded TP WindowsClientTargetPlatform
[2019.06.10-10.38.39:881][  0]LogTemp: Display: Loaded TP WindowsNoEditorTargetPlatform
[2019.06.10-10.38.39:906][  0]LogTemp: Display: Loaded TP WindowsServerTargetPlatform
[2019.06.10-10.38.39:927][  0]LogTemp: Display: Loaded TP WindowsTargetPlatform
[2019.06.10-10.38.40:067][  0]LogTemp: Display: Loaded TP AndroidTargetPlatform
[2019.06.10-10.38.40:067][  0]LogTemp: Display: Loaded TP AndroidTargetPlatform
[2019.06.10-10.38.40:067][  0]LogTemp: Display: Loaded TP AndroidTargetPlatform
[2019.06.10-10.38.40:067][  0]LogTemp: Display: Loaded TP AndroidTargetPlatform
[2019.06.10-10.38.40:067][  0]LogTemp: Display: Loaded TP AndroidTargetPlatform
[2019.06.10-10.38.40:067][  0]LogTemp: Display: Loaded TP AndroidTargetPlatform
[2019.06.10-10.38.40:067][  0]LogTemp: Display: Loaded TP AndroidTargetPlatform
[2019.06.10-10.38.40:067][  0]LogTemp: Display: Loaded TP AndroidTargetPlatform
[2019.06.10-10.38.40:067][  0]LogTemp: Display: Loaded TP AndroidTargetPlatform
[2019.06.10-10.38.40:067][  0]LogTemp: Display: Loaded TP AndroidTargetPlatform
[2019.06.10-10.38.40:067][  0]LogTemp: Display: Loaded TP AndroidTargetPlatform
[2019.06.10-10.38.40:067][  0]LogTemp: Display: Loaded TP AndroidTargetPlatform
[2019.06.10-10.38.40:067][  0]LogTemp: Display: Loaded TP AndroidTargetPlatform
[2019.06.10-10.38.40:067][  0]LogTemp: Display: Loaded TP AndroidTargetPlatform
[2019.06.10-10.38.40:067][  0]LogTemp: Display: Loaded TP AndroidTargetPlatform
[2019.06.10-10.38.40:067][  0]LogTemp: Display: Loaded TP AndroidTargetPlatform
[2019.06.10-10.38.40:067][  0]LogTemp: Display: Loaded TP AndroidTargetPlatform
[2019.06.10-10.38.40:067][  0]LogTemp: Display: Loaded TP AndroidTargetPlatform
[2019.06.10-10.38.40:078][  0]LogTemp: Display: Loaded TP HTML5TargetPlatform
[2019.06.10-10.38.40:225][  0]LogTemp: Display: Loaded TP IOSTargetPlatform
[2019.06.10-10.38.40:225][  0]LogTemp: Display: Loaded TP IOSTargetPlatform
[2019.06.10-10.38.40:289][  0]LogTemp: Display: Loaded TP TVOSTargetPlatform
[2019.06.10-10.38.40:289][  0]LogTemp: Display: Loaded TP TVOSTargetPlatform
[2019.06.10-10.38.40:315][  0]LogTemp: Display: Loaded TP LinuxClientTargetPlatform
[2019.06.10-10.38.40:350][  0]LogTemp: Display: Loaded TP LinuxNoEditorTargetPlatform
[2019.06.10-10.38.40:367][  0]LogTemp: Display: Loaded TP LinuxServerTargetPlatform
[2019.06.10-10.38.40:397][  0]LogTemp: Display: Loaded TP LinuxTargetPlatform
[2019.06.10-10.38.40:414][  0]LogTemp: Display: Loaded TP LuminTargetPlatform
[2019.06.10-10.38.40:414][  0]LogTargetPlatformManager: Display: Building Assets For Windows
[2019.06.10-10.38.40:997][  0]LogXGEController: Cleaning working directory: C:/Users/a015865g/AppData/Local/Temp/UnrealXGEWorkingDir/
[2019.06.10-10.38.40:998][  0]LogXGEController: Cannot use XGE Controller as Incredibuild is not installed on this machine.
[2019.06.10-10.38.40:999][  0]LogShaderCompilers: Cannot use XGE Shader Compiler as Incredibuild is not installed on this machine.
[2019.06.10-10.38.40:999][  0]LogShaderCompilers: Display: Using Local Shader Compiler.
[2019.06.10-10.38.43:690][  0]LogDerivedDataCache: Display: Max Cache Size: 512 MB
[2019.06.10-10.38.44:224][  0]LogDerivedDataCache: Loaded boot cache 0.53s 71MB C:/Users/a015865g/AppData/Local/UnrealEngine/4.20/DerivedDataCache/Boot.ddc.
[2019.06.10-10.38.44:224][  0]LogDerivedDataCache: Display: Loaded Boot cache: C:/Users/a015865g/AppData/Local/UnrealEngine/4.20/DerivedDataCache/Boot.ddc
[2019.06.10-10.38.44:224][  0]LogDerivedDataCache: FDerivedDataBackendGraph:  Pak pak cache file ../../../../../../Users/a015865g/Desktop/Collab2019.git/trunk/TheDescent_Collab19/DerivedDataCache/DDC.ddp not found, will not use a pak cache.
[2019.06.10-10.38.44:224][  0]LogDerivedDataCache: Unable to find inner node Pak for hierarchical cache Hierarchy.
[2019.06.10-10.38.44:225][  0]LogDerivedDataCache: FDerivedDataBackendGraph:  CompressedPak pak cache file ../../../../../../Users/a015865g/Desktop/Collab2019.git/trunk/TheDescent_Collab19/DerivedDataCache/Compressed.ddp not found, will not use a pak cache.
[2019.06.10-10.38.44:225][  0]LogDerivedDataCache: Unable to find inner node CompressedPak for hierarchical cache Hierarchy.
[2019.06.10-10.38.44:359][  0]LogDerivedDataCache: Display: Pak cache opened for reading ../../../Engine/DerivedDataCache/Compressed.ddp.
[2019.06.10-10.38.44:373][  0]LogDerivedDataCache: Using Local data cache path C:/Users/a015865g/AppData/Local/UnrealEngine/Common/DerivedDataCache: Writable
[2019.06.10-10.38.44:373][  0]LogDerivedDataCache: Shared data cache path not found in *engine.ini, will not use an Shared cache.
[2019.06.10-10.38.44:373][  0]LogDerivedDataCache: Unable to find inner node Shared for hierarchical cache Hierarchy.
[2019.06.10-10.38.44:492][  0]LogMaterial: Verifying Global Shaders for PCD3D_SM5
[2019.06.10-10.38.44:523][  0]LogSlate: Using FreeType 2.6.0
[2019.06.10-10.38.44:634][  0]LogSlate: SlateFontServices - WITH_FREETYPE: 1, WITH_HARFBUZZ: 1
[2019.06.10-10.38.45:095][  0]LogAssetRegistry: FAssetRegistry took 0.0294 seconds to start up
[2019.06.10-10.38.48:274][  0]LogInit: Selected Device Profile: [Windows]
[2019.06.10-10.38.49:953][  0]LogSimplygon: Simplygon DLL not present - disabling.
[2019.06.10-10.38.50:051][  0]LogMeshReduction: Using SimplygonSwarm for distributed automatic mesh merging
[2019.06.10-10.38.50:051][  0]LogMeshReduction: Using ProxyLODMeshReduction for automatic mesh merging
[2019.06.10-10.38.50:052][  0]LogMeshReduction: Using QuadricMeshReduction for automatic static mesh reduction
[2019.06.10-10.38.50:052][  0]LogMeshReduction: No automatic skeletal mesh reduction module available
[2019.06.10-10.38.50:634][  0]LogNetVersion: TheDescent_Collab19 1.0.0, NetCL: 4212847, EngineNetVer: 5, GameNetVer: 0 (Checksum: 1358678604)
[2019.06.10-10.38.57:027][  0]LogPackageLocalizationCache: Processed 11 localized package path(s) for 2 prioritized culture(s) in 0.168130 seconds
[2019.06.10-10.38.57:079][  0]LogUObjectArray: 38425 objects as part of root set at end of initial load.
[2019.06.10-10.38.57:079][  0]LogUObjectAllocator: 6690872 out of 0 bytes used by permanent object pool.
[2019.06.10-10.38.57:079][  0]LogUObjectArray: CloseDisregardForGC: 0/0 objects in disregard for GC pool
[2019.06.10-10.39.07:759][  0]LogTcpMessaging: Initializing TcpMessaging bridge
[2019.06.10-10.39.07:784][  0]LogUdpMessaging: Initializing bridge on interface 0.0.0.0:0 to multicast group 230.0.0.1:6666.
[2019.06.10-10.39.08:967][  0]SourceControl: Source control is disabled
[2019.06.10-10.39.08:967][  0]SourceControl: Source control is disabled
[2019.06.10-10.39.09:072][  0]SourceControl: Source control is disabled
[2019.06.10-10.39.09:097][  0]SourceControl: Source control is disabled
[2019.06.10-10.39.10:409][  0]LogAndroidPermission: UAndroidPermissionCallbackProxy::GetInstance
[2019.06.10-10.39.10:623][  0]LogOcInput: OculusInput pre-init called
[2019.06.10-10.39.11:037][  0]LogEngine: Initializing Engine...
[2019.06.10-10.39.11:074][  0]LogHMD: Failed to initialize OpenVR with code 110
[2019.06.10-10.39.11:180][  0]LogStats: UGameplayTagsManager::ConstructGameplayTagTree: ImportINI prefixes -  0.019 s
[2019.06.10-10.39.11:180][  0]LogStats: UGameplayTagsManager::ConstructGameplayTagTree: Construct from data asset -  0.000 s
[2019.06.10-10.39.11:180][  0]LogStats: UGameplayTagsManager::ConstructGameplayTagTree: ImportINI -  0.000 s
[2019.06.10-10.39.11:181][  0]LogStats: UGameplayTagsManager::ConstructGameplayTagTree: GameplayTagTreeChangedEvent.Broadcast -  0.001 s
[2019.06.10-10.39.11:628][  0]LogInit: Initializing FReadOnlyCVARCache
[2019.06.10-10.39.11:943][  0]LogAIModule: Creating AISystem for world Untitled
[2019.06.10-10.39.11:995][  0]LogInit: XAudio2 using 'Speakers (Realtek High Definition Audio)' : 2 channels at 48 kHz using 32 bits per sample (channel mask 0x3)
[2019.06.10-10.39.12:445][  0]LogInit: FAudioDevice initialized.
[2019.06.10-10.39.12:457][  0]LogNetVersion: Set ProjectVersion to 1.0.0.0. Version Checksum will be recalculated on next use.
[2019.06.10-10.39.13:420][  0]LogDerivedDataCache: Saved boot cache 0.96s 71MB C:/Users/a015865g/AppData/Local/UnrealEngine/4.20/DerivedDataCache/Boot.ddc.
[2019.06.10-10.39.13:431][  0]LogInit: Texture streaming: Enabled
[2019.06.10-10.39.14:186][  0]LogEngineSessionManager: EngineSessionManager initialized
[2019.06.10-10.39.14:187][  0]LogEngineSessionManager: EngineSessionManager sent abnormal shutdown report. Type=AbnormalShutdown, SessionId={3B6BAB8F-491C-4B16-169F-83B349357D87}
[2019.06.10-10.39.14:358][  0]LogInit: Transaction tracking system initialized
[2019.06.10-10.39.14:895][  0]BlueprintLog: New page: Editor Load
[2019.06.10-10.39.15:912][  0]LocalizationService: Localization service is disabled
[2019.06.10-10.39.18:295][  0]LogCook: Display: Max memory allowance for cook 16384mb min free memory 0mb
[2019.06.10-10.39.18:295][  0]LogCook: Display: Mobile HDR setting 1
[2019.06.10-10.39.18:323][  0]LogGameplayTags: Display: UGameplayTagsManager::DoneAddingNativeTags. DelegateIsBound: 0
[2019.06.10-10.39.18:330][  0]LogStats: UGameplayTagsManager::ConstructGameplayTagTree: ImportINI prefixes -  0.000 s
[2019.06.10-10.39.18:330][  0]LogStats: UGameplayTagsManager::ConstructGameplayTagTree: Construct from data asset -  0.000 s
[2019.06.10-10.39.18:331][  0]LogStats: UGameplayTagsManager::ConstructGameplayTagTree: ImportINI -  0.001 s
[2019.06.10-10.39.18:331][  0]LogStats: UGameplayTagsManager::ConstructGameplayTagTree: GameplayTagTreeChangedEvent.Broadcast -  0.000 s
[2019.06.10-10.39.18:897][  0]LogFileCache: Scanning file cache for directory 'C:/Users/a015865g/Desktop/Collab2019.git/trunk/TheDescent_Collab19/Content/' took 0.10s
[2019.06.10-10.39.20:494][  0]SourceControl: Source control is disabled
[2019.06.10-10.39.20:522][  0]Cmd: MAP LOAD FILE="../../../../../../Users/a015865g/Desktop/Collab2019.git/trunk/TheDescent_Collab19/Content/FirstPersonBP/Maps/FirstPersonExampleMap.umap" TEMPLATE=0 SHOWPROGRESS=1 FEATURELEVEL=3
[2019.06.10-10.39.20:531][  0]LightingResults: New page: Lighting Build
[2019.06.10-10.39.20:597][  0]MapCheck: New page: Map Check
[2019.06.10-10.39.20:597][  0]LightingResults: New page: Lighting Build
[2019.06.10-10.39.27:344][  0]LogTexture: Display: Building textures: Resume_pressed (BGRA8, 270X50)
[2019.06.10-10.39.27:344][  0]LogTexture: Display: Building textures: Resume_normal (BGRA8, 270X50)
[2019.06.10-10.39.27:344][  0]LogTexture: Display: Building textures: Restart_Pressed (BGRA8, 270X50)
[2019.06.10-10.39.27:344][  0]LogTexture: Display: Building textures: Restart_Normal (BGRA8, 270X50)
[2019.06.10-10.39.27:344][  0]LogTexture: Display: Building textures: Restart_Hovered (BGRA8, 270X50)
[2019.06.10-10.39.27:344][  0]LogTexture: Display: Building textures: Resume_Hovered (BGRA8, 270X50)
[2019.06.10-10.39.27:344][  0]LogTexture: Display: Building textures: Quit_Pressed (BGRA8, 270X50)
[2019.06.10-10.39.27:344][  0]LogTexture: Display: Building textures: Quit_Hovered (BGRA8, 270X50)
[2019.06.10-10.39.27:344][  0]LogTexture: Display: Building textures: Quit_Normal (BGRA8, 270X50)
[2019.06.10-10.39.27:344][  0]LogTexture: Display: Building textures: ArmShot (AutoDXT, 4852X2388)
[2019.06.10-10.39.34:230][  0]LogAIModule: Creating AISystem for world FirstPersonExampleMap
[2019.06.10-10.39.34:887][  0]LogEditorServer: Finished looking for orphan Actors (0.001 secs)
[2019.06.10-10.39.35:083][  0]Cmd: MAP CHECKDEP NOCLEARLOG
[2019.06.10-10.39.35:499][  0]MapCheck: Map check complete: 0 Error(s), 0 Warning(s), took 415.645ms to complete.
[2019.06.10-10.39.35:499][  0]LogFileHelpers: Loading map 'FirstPersonExampleMap' took 14.990
[2019.06.10-10.39.36:819][  0]LogSlate: Updating window title bar state: overlay mode, drag disabled, window buttons hidden, title bar hidden
[2019.06.10-10.39.36:839][  0]LogSlate: Updating window title bar state: overlay mode, drag disabled, window buttons hidden, title bar hidden
[2019.06.10-10.39.36:864][  0]LogSlate: Updating window title bar state: overlay mode, drag disabled, window buttons hidden, title bar hidden
[2019.06.10-10.39.36:885][  0]LogSlate: Updating window title bar state: overlay mode, drag disabled, window buttons hidden, title bar hidden
[2019.06.10-10.39.36:954][  0]LogCollectionManager: Loaded 0 collections in 0.004905 seconds
[2019.06.10-10.39.37:065][  0]LogFileCache: Scanning file cache for directory 'C:/Users/a015865g/Desktop/Collab2019.git/trunk/TheDescent_Collab19/Saved/Collections/' took 0.01s
[2019.06.10-10.39.37:065][  0]LogFileCache: Scanning file cache for directory 'C:/Users/a015865g/Desktop/Collab2019.git/trunk/TheDescent_Collab19/Content/Developers/a015865g/Collections/' took 0.01s
[2019.06.10-10.39.37:065][  0]LogFileCache: Scanning file cache for directory 'C:/Users/a015865g/Desktop/Collab2019.git/trunk/TheDescent_Collab19/Content/Collections/' took 0.01s
[2019.06.10-10.39.37:065][  0]LogCollectionManager: Rebuilt the GUID cache for 0 collections in 0.000001 seconds
[2019.06.10-10.39.37:086][  0]LogContentBrowser: Native class hierarchy populated in 0.0197 seconds. Added 2572 classes and 603 folders.
[2019.06.10-10.39.37:218][  0]LogContentBrowser: Native class hierarchy updated for 'WidgetCarousel' in 0.0005 seconds. Added 0 classes and 0 folders.
[2019.06.10-10.39.39:510][  0]LogContentBrowser: Native class hierarchy updated for 'AddContentDialog' in 0.0007 seconds. Added 0 classes and 0 folders.
[2019.06.10-10.39.39:609][  0]LogContentBrowser: Native class hierarchy updated for 'SceneOutliner' in 0.0011 seconds. Added 1 classes and 2 folders.
[2019.06.10-10.39.40:131][  0]LogSlate: Took 0.016006 seconds to synchronously load lazily loaded font '../../../Engine/Content/Slate/Fonts/Roboto-Regular.ttf' (155K)
[2019.06.10-10.39.40:151][  0]LogSlate: Took 0.015446 seconds to synchronously load lazily loaded font '../../../Engine/Content/Slate/Fonts/Roboto-Bold.ttf' (160K)
[2019.06.10-10.39.40:213][  0]LogSlate: Took 0.019033 seconds to synchronously load lazily loaded font '../../../Engine/Content/Editor/Slate/Fonts/FontAwesome.ttf' (139K)
[2019.06.10-10.39.40:665][  0]LogRenderer: Reallocating scene render targets to support 1208x576 Format 10 NumSamples 1 (Frame:1).
[2019.06.10-10.39.41:195][  0]LogContentBrowser: Native class hierarchy updated for 'HierarchicalLODOutliner' in 0.0007 seconds. Added 0 classes and 0 folders.
[2019.06.10-10.39.41:195][  0]LogLoad: (Engine Initialization) Total time: 88.12 seconds
[2019.06.10-10.39.41:195][  0]LogLoad: (Engine Initialization) Total Blueprint compile time: 0.00 seconds
[2019.06.10-10.39.41:385][  0]LogContentStreaming: Texture pool size now 1000 MB
[2019.06.10-10.39.41:705][  1]LogSlate: Took 0.017599 seconds to synchronously load lazily loaded font '../../../Engine/Content/Slate/Fonts/Roboto-Light.ttf' (167K)
[2019.06.10-10.39.41:977][  6]LogAssetRegistry: Asset discovery search completed in 56.9053 seconds
[2019.06.10-10.39.42:010][  6]LogCollectionManager: Rebuilt the object cache for 0 collections in 0.000000 seconds (found 0 objects)
[2019.06.10-10.39.42:010][  6]LogCollectionManager: Fixed up redirectors for 0 collections in 0.000070 seconds (updated 0 objects)
[2019.06.10-10.39.45:252][ 16]LogSlate: FSceneViewport::OnFocusLost() reason 0
[2019.06.10-10.39.52:842][734]LogSlate: Took 0.018981 seconds to synchronously load lazily loaded font '../../../Engine/Content/Slate/Fonts/Roboto-Light.ttf' (167K)
[2019.06.10-10.39.56:035][734]LogTexture: Display: Building textures: HQ_Lightmap0_8 (AutoDXT, 1024X1024)
[2019.06.10-10.39.56:035][734]LogTexture: Display: Building textures: HQ_Lightmap0_9 (AutoDXT, 1024X1024)
[2019.06.10-10.39.56:035][734]LogTexture: Display: Building textures: HQ_Lightmap1_10 (AutoDXT, 1024X1024)
[2019.06.10-10.39.56:035][734]LogTexture: Display: Building textures: HQ_Lightmap0_3 (AutoDXT, 4096X4096)
[2019.06.10-10.39.56:035][734]LogTexture: Display: Building textures: HQ_Lightmap0_2 (AutoDXT, 4096X4096)
[2019.06.10-10.39.56:035][734]LogTexture: Display: Building textures: HQ_Lightmap0_1 (AutoDXT, 4096X4096)
[2019.06.10-10.39.57:122][734]LogTexture: Display: Building textures: HQ_Lightmap1_11 (AutoDXT, 1024X1024)
[2019.06.10-10.40.01:671][734]LogTexture: Display: Building textures: HQ_Lightmap1_12 (AutoDXT, 1024X1024)
[2019.06.10-10.40.01:671][734]LogTexture: Display: Building textures: HQ_Lightmap1_13 (AutoDXT, 1024X1024)
[2019.06.10-10.40.01:671][734]LogTexture: Display: Building textures: HQ_Lightmap1_14 (AutoDXT, 1024X1024)
[2019.06.10-10.40.01:671][734]LogTexture: Display: Building textures: HQ_Lightmap1_15 (AutoDXT, 1024X1024)
[2019.06.10-10.40.01:671][734]LogTexture: Display: Building textures: HQ_Lightmap1_16 (AutoDXT, 1024X1024)
[2019.06.10-10.40.01:671][734]LogTexture: Display: Building textures: HQ_Lightmap1_4 (AutoDXT, 1024X1024)
[2019.06.10-10.40.01:671][734]LogTexture: Display: Building textures: HQ_Lightmap1_5 (AutoDXT, 1024X1024)
[2019.06.10-10.40.01:671][734]LogTexture: Display: Building textures: HQ_Lightmap1_6 (AutoDXT, 1024X1024)
[2019.06.10-10.40.01:671][734]LogTexture: Display: Building textures: HQ_Lightmap1_7 (AutoDXT, 1024X1024)
[2019.06.10-10.40.02:324][734]LogTexture: Display: Building textures: LQ_Lightmap_0_1 (DXT1, 4096X4096)
[2019.06.10-10.40.02:324][734]LogTexture: Display: Building textures: LQ_Lightmap_0_2 (DXT1, 4096X4096)
[2019.06.10-10.40.02:324][734]LogTexture: Display: Building textures: LQ_Lightmap_0_3 (DXT1, 4096X4096)
[2019.06.10-10.40.02:324][734]LogTexture: Display: Building textures: LQ_Lightmap_0_8 (DXT1, 1024X1024)
[2019.06.10-10.40.02:324][734]LogTexture: Display: Building textures: LQ_Lightmap_0_9 (DXT1, 1024X1024)
[2019.06.10-10.40.03:412][734]LogTexture: Display: Building textures: LQ_Lightmap_1_10 (DXT1, 1024X1024)
[2019.06.10-10.40.03:412][734]LogTexture: Display: Building textures: LQ_Lightmap_1_11 (DXT1, 1024X1024)
[2019.06.10-10.40.03:412][734]LogTexture: Display: Building textures: LQ_Lightmap_1_12 (DXT1, 1024X1024)
[2019.06.10-10.40.03:412][734]LogTexture: Display: Building textures: LQ_Lightmap_1_13 (DXT1, 1024X1024)
[2019.06.10-10.40.03:412][734]LogTexture: Display: Building textures: LQ_Lightmap_1_14 (DXT1, 1024X1024)
[2019.06.10-10.40.03:924][734]LogTexture: Display: Building textures: LQ_Lightmap_1_15 (DXT1, 1024X1024)
[2019.06.10-10.40.03:924][734]LogTexture: Display: Building textures: LQ_Lightmap_1_16 (DXT1, 1024X1024)
[2019.06.10-10.40.03:925][734]LogTexture: Display: Building textures: LQ_Lightmap_1_4 (DXT1, 1024X1024)
[2019.06.10-10.40.04:151][734]LogTexture: Display: Building textures: LQ_Lightmap_1_5 (DXT1, 1024X1024)
[2019.06.10-10.40.04:151][734]LogTexture: Display: Building textures: LQ_Lightmap_1_6 (DXT1, 1024X1024)
[2019.06.10-10.40.04:151][734]LogTexture: Display: Building textures: LQ_Lightmap_1_7 (DXT1, 1024X1024)
[2019.06.10-10.40.04:681][734]LogTexture: Display: Building textures: ShadowMapTexture2D_0 (BGRA8, 2048X2048)
[2019.06.10-10.40.04:681][734]LogTexture: Display: Building textures: ShadowMapTexture2D_10 (BGRA8, 256X512)
[2019.06.10-10.40.04:681][734]LogTexture: Display: Building textures: ShadowMapTexture2D_1 (G8, 2048X2048)
[2019.06.10-10.40.04:681][734]LogTexture: Display: Building textures: ShadowMapTexture2D_2 (BGRA8, 2048X2048)
[2019.06.10-10.40.04:681][734]LogTexture: Display: Building textures: ShadowMapTexture2D_3 (G8, 2048X2048)
[2019.06.10-10.40.04:681][734]LogTexture: Display: Building textures: ShadowMapTexture2D_9 (BGRA8, 1024X1024)
[2019.06.10-10.40.08:935][734]LogMaterial: Display: Missing cached shader map for material effectOfDTE, compiling. 
[2019.06.10-10.40.09:111][734]LogShaderCompilers: Display: Shaders left to compile 8
[2019.06.10-10.40.09:518][734]LogAIModule: Creating AISystem for world LevelOne
[2019.06.10-10.40.09:686][734]LogAssetEditorManager: Opening Asset editor for World /Game/Users/Niall/Levels/LevelOne.LevelOne
[2019.06.10-10.40.10:544][734]Cmd: MAP LOAD FILE="../../../../../../Users/a015865g/Desktop/Collab2019.git/trunk/TheDescent_Collab19/Content/Users/Niall/Levels/LevelOne.umap" TEMPLATE=0 SHOWPROGRESS=1 FEATURELEVEL=3
[2019.06.10-10.40.10:546][734]LightingResults: New page: Lighting Build
[2019.06.10-10.40.10:547][734]LoadErrors: New page: Loading map: LevelOne.umap
[2019.06.10-10.40.10:830][734]MapCheck: New page: Map Check
[2019.06.10-10.40.10:830][734]LightingResults: New page: Lighting Build
[2019.06.10-10.40.12:993][734]LogEditorServer: Finished looking for orphan Actors (0.001 secs)
[2019.06.10-10.40.13:139][734]Cmd: MAP CHECKDEP NOCLEARLOG
[2019.06.10-10.40.13:526][734]MapCheck: Map check complete: 0 Error(s), 0 Warning(s), took 386.269ms to complete.
[2019.06.10-10.40.13:531][734]LogFileHelpers: Loading map 'LevelOne' took 3.774
[2019.06.10-10.41.11:851][209]LogSlate: FSceneViewport::OnFocusLost() reason 0
[2019.06.10-10.41.18:695][689]LogStaticMesh: Building static mesh Folder_Export...
[2019.06.10-10.41.18:740][689]LogStaticMesh: Built static mesh [0.05s] /Game/Users/Robin/Assets/Folder_Export.Folder_Export
[2019.06.10-10.41.19:613][689]LogAIModule: Creating AISystem for world LevelOne_copyRobin
[2019.06.10-10.41.19:736][689]LogAssetEditorManager: Opening Asset editor for World /Game/Users/Robin/LevelOne_copyRobin.LevelOne_copyRobin
[2019.06.10-10.41.19:805][689]Cmd: MAP LOAD FILE="../../../../../../Users/a015865g/Desktop/Collab2019.git/trunk/TheDescent_Collab19/Content/Users/Robin/LevelOne_copyRobin.umap" TEMPLATE=0 SHOWPROGRESS=1 FEATURELEVEL=3
[2019.06.10-10.41.19:805][689]LightingResults: New page: Lighting Build
[2019.06.10-10.41.19:806][689]LoadErrors: New page: Loading map: LevelOne_copyRobin.umap
[2019.06.10-10.41.19:812][689]MapCheck: New page: Map Check
[2019.06.10-10.41.19:812][689]LightingResults: New page: Lighting Build
[2019.06.10-10.41.20:170][689]LogEditorServer: Finished looking for orphan Actors (0.000 secs)
[2019.06.10-10.41.20:305][689]Cmd: MAP CHECKDEP NOCLEARLOG
[2019.06.10-10.41.20:713][689]MapCheck: Map check complete: 0 Error(s), 0 Warning(s), took 407.848ms to complete.
[2019.06.10-10.41.20:717][689]LogFileHelpers: Loading map 'LevelOne_copyRobin' took 0.914
[2019.06.10-10.42.20:598][671]LogSlate: FSceneViewport::OnFocusLost() reason 0
[2019.06.10-10.42.43:525][768]LogSlate: Window 'TheDescent_Collab19 - Unreal Editor' being destroyed
[2019.06.10-10.42.43:526][768]LogWindowsTextInputMethodSystem: Display: IME system now deactivated.
[2019.06.10-10.42.44:112][769]Cmd: QUIT_EDITOR
[2019.06.10-10.42.44:425][769]LogExit: Preparing to exit.
[2019.06.10-10.42.45:378][769]LogExit: Editor shut down
[2019.06.10-10.42.45:378][769]LogExit: Transaction tracking system shut down
[2019.06.10-10.42.46:999][769]LogExit: Object subsystem successfully closed.
[2019.06.10-10.42.47:154][769]LogShaderCompilers: Display: Shaders left to compile 0
[2019.06.10-10.42.47:180][769]LogD3D11RHI: Shutdown
[2019.06.10-10.42.47:180][769]LogD3D11RHI: CleanupD3DDevice
[2019.06.10-10.42.47:214][769]LogD3D11RHI: ~FD3D11DynamicRHI
[2019.06.10-10.42.48:021][769]LogModuleManager: Shutting down and abandoning module MeshBuilder (612)
[2019.06.10-10.42.48:021][769]LogModuleManager: Shutting down and abandoning module HierarchicalLODOutliner (610)
[2019.06.10-10.42.48:021][769]LogModuleManager: Shutting down and abandoning module SceneOutliner (608)
[2019.06.10-10.42.48:021][769]LogModuleManager: Shutting down and abandoning module AddContentDialog (606)
[2019.06.10-10.42.48:035][769]LogModuleManager: Shutting down and abandoning module WidgetCarousel (605)
[2019.06.10-10.42.48:035][769]LogModuleManager: Shutting down and abandoning module EditorWidgets (602)
[2019.06.10-10.42.48:035][769]LogModuleManager: Shutting down and abandoning module CollectionManager (600)
[2019.06.10-10.42.48:055][769]LogModuleManager: Shutting down and abandoning module StatsViewer (598)
[2019.06.10-10.42.48:059][769]LogModuleManager: Shutting down and abandoning module FoliageEdit (596)
[2019.06.10-10.42.48:059][769]LogModuleManager: Shutting down and abandoning module LandscapeEditor (594)
[2019.06.10-10.42.48:103][769]LogModuleManager: Shutting down and abandoning module MeshPaintMode (592)
[2019.06.10-10.42.48:104][769]LogModuleManager: Shutting down and abandoning module SceneDepthPickerMode (590)
[2019.06.10-10.42.48:104][769]LogModuleManager: Shutting down and abandoning module ActorPickerMode (588)
[2019.06.10-10.42.48:104][769]LogModuleManager: Shutting down and abandoning module GeometryMode (586)
[2019.06.10-10.42.48:104][769]LogModuleManager: Shutting down and abandoning module TextureAlignMode (584)
[2019.06.10-10.42.48:104][769]LogModuleManager: Shutting down and abandoning module BspMode (582)
[2019.06.10-10.42.48:104][769]LogModuleManager: Shutting down and abandoning module PIEPreviewDeviceProfileSelector (580)
[2019.06.10-10.42.48:104][769]LogModuleManager: Shutting down and abandoning module SequenceRecorderSections (578)
[2019.06.10-10.42.48:115][769]LogModuleManager: Shutting down and abandoning module AutomationWorker (576)
[2019.06.10-10.42.48:115][769]LogModuleManager: Shutting down and abandoning module AudioCaptureEditor (574)
[2019.06.10-10.42.48:116][769]LogModuleManager: Shutting down and abandoning module SequenceRecorder (573)
[2019.06.10-10.42.48:116][769]LogModuleManager: Shutting down and abandoning module MatineeToLevelSequence (570)
[2019.06.10-10.42.48:129][769]LogModuleManager: Shutting down and abandoning module LevelSequenceEditor (568)
[2019.06.10-10.42.48:140][769]LogModuleManager: Shutting down and abandoning module PlacementMode (567)
[2019.06.10-10.42.48:140][769]LogModuleManager: Shutting down and abandoning module MaterialEditor (566)
[2019.06.10-10.42.48:169][769]LogModuleManager: Shutting down and abandoning module WmfMediaFactory (562)
[2019.06.10-10.42.48:169][769]LogModuleManager: Shutting down and abandoning module WmfMediaEditor (560)
[2019.06.10-10.42.48:169][769]LogModuleManager: Shutting down and abandoning module MediaPlayerEditor (558)
[2019.06.10-10.42.48:181][769]LogModuleManager: Shutting down and abandoning module OpenExrWrapper (556)
[2019.06.10-10.42.48:181][769]LogModuleManager: Shutting down and abandoning module ImgMediaFactory (554)
[2019.06.10-10.42.48:181][769]LogModuleManager: Shutting down and abandoning module ImgMediaEditor (552)
[2019.06.10-10.42.48:181][769]LogModuleManager: Shutting down and abandoning module AvfMediaFactory (550)
[2019.06.10-10.42.48:181][769]LogModuleManager: Shutting down and abandoning module AvfMediaEditor (548)
[2019.06.10-10.42.48:181][769]LogModuleManager: Shutting down and abandoning module AndroidMediaFactory (546)
[2019.06.10-10.42.48:181][769]LogModuleManager: Shutting down and abandoning module AndroidMediaEditor (544)
[2019.06.10-10.42.48:181][769]LogModuleManager: Shutting down and abandoning module MagicLeapCameraPreviewFactory (542)
[2019.06.10-10.42.48:181][769]LogModuleManager: Shutting down and abandoning module MagicLeapMediaFactory (540)
[2019.06.10-10.42.48:181][769]LogModuleManager: Shutting down and abandoning module MagicLeapMediaEditor (538)
[2019.06.10-10.42.48:182][769]LogModuleManager: Shutting down and abandoning module CharacterAI (536)
[2019.06.10-10.42.48:182][769]LogModuleManager: Shutting down and abandoning module SmartSnapping (534)
[2019.06.10-10.42.48:182][769]LogModuleManager: Shutting down and abandoning module SessionServices (532)
[2019.06.10-10.42.48:182][769]LogModuleManager: Shutting down and abandoning module ViewportSnapping (530)
[2019.06.10-10.42.48:182][769]LogModuleManager: Shutting down and abandoning module ViewportInteraction (528)
[2019.06.10-10.42.48:182][769]LogModuleManager: Shutting down and abandoning module ClothPainter (526)
[2019.06.10-10.42.48:194][769]LogModuleManager: Shutting down and abandoning module SkeletalMeshEditor (525)
[2019.06.10-10.42.48:215][769]LogModuleManager: Shutting down and abandoning module LogVisualizer (522)
[2019.06.10-10.42.48:228][769]LogModuleManager: Shutting down and abandoning module IntroTutorials (520)
[2019.06.10-10.42.48:235][769]LogModuleManager: Shutting down and abandoning module GameProjectGeneration (519)
[2019.06.10-10.42.48:244][769]LogModuleManager: Shutting down and abandoning module LuminPlatformEditor (516)
[2019.06.10-10.42.48:244][769]LogModuleManager: Shutting down and abandoning module IOSPlatformEditor (514)
[2019.06.10-10.42.48:252][769]LogModuleManager: Shutting down and abandoning module HTML5PlatformEditor (512)
[2019.06.10-10.42.48:252][769]LogModuleManager: Shutting down and abandoning module AndroidPlatformEditor (510)
[2019.06.10-10.42.48:252][769]LogModuleManager: Shutting down and abandoning module AndroidDeviceDetection (509)
[2019.06.10-10.42.49:314][769]LogModuleManager: Shutting down and abandoning module WindowsPlatformEditor (506)
[2019.06.10-10.42.49:315][769]LogModuleManager: Shutting down and abandoning module LuminRuntimeSettings (504)
[2019.06.10-10.42.49:315][769]LogModuleManager: Shutting down and abandoning module IOSRuntimeSettings (502)
[2019.06.10-10.42.49:315][769]LogModuleManager: Shutting down and abandoning module AndroidRuntimeSettings (500)
[2019.06.10-10.42.49:315][769]LogModuleManager: Shutting down and abandoning module InputBindingEditor (498)
[2019.06.10-10.42.49:328][769]LogModuleManager: Shutting down and abandoning module MergeActors (496)
[2019.06.10-10.42.49:336][769]LogModuleManager: Shutting down and abandoning module LocalizationDashboard (494)
[2019.06.10-10.42.49:350][769]LogModuleManager: Shutting down and abandoning module LocalizationService (493)
[2019.06.10-10.42.49:354][769]LogModuleManager: Shutting down and abandoning module HardwareTargeting (490)
[2019.06.10-10.42.49:354][769]LogModuleManager: Shutting down and abandoning module DeviceProfileEditor (488)
[2019.06.10-10.42.49:354][769]LogModuleManager: Shutting down and abandoning module UndoHistory (486)
[2019.06.10-10.42.49:362][769]LogModuleManager: Shutting down and abandoning module XmlParser (484)
[2019.06.10-10.42.49:362][769]LogModuleManager: Shutting down and abandoning module Blutility (482)
[2019.06.10-10.42.49:367][769]LogModuleManager: Shutting down and abandoning module ProjectSettingsViewer (480)
[2019.06.10-10.42.49:367][769]LogModuleManager: Shutting down and abandoning module ProjectTargetPlatformEditor (479)
[2019.06.10-10.42.49:367][769]LogModuleManager: Shutting down and abandoning module EditorSettingsViewer (476)
[2019.06.10-10.42.49:367][769]LogModuleManager: Shutting down and abandoning module SettingsEditor (474)
[2019.06.10-10.42.49:403][769]LogModuleManager: Shutting down and abandoning module ProjectLauncher (472)
[2019.06.10-10.42.49:415][769]LogModuleManager: Shutting down and abandoning module SessionFrontend (470)
[2019.06.10-10.42.49:425][769]LogModuleManager: Shutting down and abandoning module ProfilerClient (468)
[2019.06.10-10.42.49:439][769]LogModuleManager: Shutting down and abandoning module DeviceManager (466)
[2019.06.10-10.42.49:453][769]LogModuleManager: Shutting down and abandoning module TargetDeviceServices (465)
[2019.06.10-10.42.49:520][769]LogModuleManager: Shutting down and abandoning module AutomationController (462)
[2019.06.10-10.42.49:526][769]LogModuleManager: Shutting down and abandoning module AutomationWindow (460)
[2019.06.10-10.42.49:532][769]LogModuleManager: Shutting down and abandoning module Layers (458)
[2019.06.10-10.42.49:542][769]LogModuleManager: Shutting down and abandoning module ComponentVisualizers (456)
[2019.06.10-10.42.49:542][769]LogModuleManager: Shutting down and abandoning module DetailCustomizations (454)
[2019.06.10-10.42.49:549][769]LogModuleManager: Shutting down and abandoning module PackagesDialog (452)
[2019.06.10-10.42.49:550][769]LogModuleManager: Shutting down and abandoning module Persona (450)
[2019.06.10-10.42.49:570][769]LogModuleManager: Shutting down and abandoning module AdvancedPreviewScene (449)
[2019.06.10-10.42.49:571][769]LogModuleManager: Shutting down and abandoning module AnimGraph (447)
[2019.06.10-10.42.49:578][769]LogModuleManager: Shutting down and abandoning module Kismet (444)
[2019.06.10-10.42.49:639][769]LogModuleManager: Shutting down and abandoning module GraphEditor (442)
[2019.06.10-10.42.49:660][769]LogModuleManager: Shutting down and abandoning module ClassViewer (440)
[2019.06.10-10.42.49:660][769]LogModuleManager: Shutting down and abandoning module Toolbox (438)
[2019.06.10-10.42.49:660][769]LogModuleManager: Shutting down and abandoning module ModuleUI (436)
[2019.06.10-10.42.49:666][769]LogModuleManager: Shutting down and abandoning module MovieSceneTools (434)
[2019.06.10-10.42.49:677][769]LogModuleManager: Shutting down and abandoning module OutputLog (432)
[2019.06.10-10.42.49:677][769]LogModuleManager: Shutting down and abandoning module GammaUI (430)
[2019.06.10-10.42.49:688][769]LogModuleManager: Shutting down and abandoning module Documentation (428)
[2019.06.10-10.42.49:688][769]LogModuleManager: Shutting down and abandoning module MovieSceneTracks (426)
[2019.06.10-10.42.49:688][769]LogModuleManager: Shutting down and abandoning module MovieScene (424)
[2019.06.10-10.42.49:702][769]LogModuleManager: Shutting down and abandoning module StreamingPauseRendering (422)
[2019.06.10-10.42.49:717][769]LogModuleManager: Shutting down and abandoning module LauncherPlatform (420)
[2019.06.10-10.42.49:717][769]LogModuleManager: Shutting down and abandoning module AnalyticsET (418)
[2019.06.10-10.42.49:717][769]LogModuleManager: Shutting down and abandoning module PortalServices (416)
[2019.06.10-10.42.49:717][769]LogModuleManager: Shutting down and abandoning module PortalRpc (414)
[2019.06.10-10.42.49:717][769]LogModuleManager: Shutting down and abandoning module MessagingRpc (412)
[2019.06.10-10.42.49:718][769]LogModuleManager: Shutting down and abandoning module AIModule (410)
[2019.06.10-10.42.49:741][769]LogModuleManager: Shutting down and abandoning module GameplayDebugger (409)
[2019.06.10-10.42.49:741][769]LogModuleManager: Shutting down and abandoning module AITestSuite (407)
[2019.06.10-10.42.49:750][769]LogModuleManager: Shutting down and abandoning module NavigationSystem (405)
[2019.06.10-10.42.49:750][769]LogModuleManager: Shutting down and abandoning module DesktopPlatform (402)
[2019.06.10-10.42.49:750][769]LogModuleManager: Shutting down and abandoning module ProfilerService (400)
[2019.06.10-10.42.49:826][769]LogModuleManager: Shutting down and abandoning module TaskGraph (398)
[2019.06.10-10.42.49:833][769]LogModuleManager: Shutting down and abandoning module SteamVRController (396)
[2019.06.10-10.42.49:833][769]LogModuleManager: Shutting down and abandoning module ProceduralMeshComponentEditor (394)
[2019.06.10-10.42.49:833][769]LogModuleManager: Shutting down and abandoning module ProceduralMeshComponent (392)
[2019.06.10-10.42.49:837][769]LogModuleManager: Shutting down and abandoning module OculusInput (390)
[2019.06.10-10.42.49:837][769]LogModuleManager: Shutting down and abandoning module MobilePatchingUtils (388)
[2019.06.10-10.42.49:837][769]LogModuleManager: Shutting down and abandoning module EditableMesh (386)
[2019.06.10-10.42.49:842][769]LogModuleManager: Shutting down and abandoning module CustomMeshComponent (384)
[2019.06.10-10.42.49:843][769]LogModuleManager: Shutting down and abandoning module CableComponent (382)
[2019.06.10-10.42.49:843][769]LogModuleManager: Shutting down and abandoning module AudioCapture (380)
[2019.06.10-10.42.49:843][769]LogModuleManager: Shutting down and abandoning module ArchVisCharacter (378)
[2019.06.10-10.42.49:843][769]LogModuleManager: Shutting down and abandoning module AndroidPermission (376)
[2019.06.10-10.42.49:843][769]LogModuleManager: Shutting down and abandoning module NUTUnrealEngine4 (374)
[2019.06.10-10.42.49:843][769]LogModuleManager: Shutting down and abandoning module NetcodeUnitTest (372)
[2019.06.10-10.42.49:858][769]LogModuleManager: Shutting down and abandoning module MediaCompositingEditor (370)
[2019.06.10-10.42.49:858][769]LogModuleManager: Shutting down and abandoning module MediaCompositing (368)
[2019.06.10-10.42.49:858][769]LogModuleManager: Shutting down and abandoning module LinearTimecode (366)
[2019.06.10-10.42.49:858][769]LogModuleManager: Shutting down and abandoning module ImgMedia (364)
[2019.06.10-10.42.49:875][769]LogModuleManager: Shutting down and abandoning module HTML5Networking (362)
[2019.06.10-10.42.49:875][769]LogModuleManager: Shutting down and abandoning module GeometryCacheTracks (360)
[2019.06.10-10.42.49:875][769]LogModuleManager: Shutting down and abandoning module GeometryCacheSequencer (358)
[2019.06.10-10.42.49:875][769]LogModuleManager: Shutting down and abandoning module BackChannel (356)
[2019.06.10-10.42.49:885][769]LogModuleManager: Shutting down and abandoning module AppleVision (354)
[2019.06.10-10.42.49:885][769]LogModuleManager: Shutting down and abandoning module AppleImageUtils (352)
[2019.06.10-10.42.49:885][769]LogModuleManager: Shutting down and abandoning module AlembicImporter (350)
[2019.06.10-10.42.49:885][769]LogModuleManager: Shutting down and abandoning module AlembicLibrary (349)
[2019.06.10-10.42.49:885][769]LogModuleManager: Shutting down and abandoning module GeometryCache (348)
[2019.06.10-10.42.49:885][769]LogModuleManager: Shutting down and abandoning module GeometryCacheEd (347)
[2019.06.10-10.42.49:885][769]LogModuleManager: Shutting down and abandoning module DatasmithContentEditor (342)
[2019.06.10-10.42.49:895][769]LogModuleManager: Shutting down and abandoning module DatasmithContent (340)
[2019.06.10-10.42.49:896][769]LogModuleManager: Shutting down and abandoning module SpeedTreeImporter (338)
[2019.06.10-10.42.49:896][769]LogModuleManager: Shutting down and abandoning module PluginBrowser (336)
[2019.06.10-10.42.49:913][769]LogModuleManager: Shutting down and abandoning module MobileLauncherProfileWizard (334)
[2019.06.10-10.42.49:922][769]LogModuleManager: Shutting down and abandoning module PolygonModeling (332)
[2019.06.10-10.42.49:922][769]LogModuleManager: Shutting down and abandoning module MeshEditor (330)
[2019.06.10-10.42.49:936][769]LogModuleManager: Shutting down and abandoning module CryptoKeysOpenSSL (328)
[2019.06.10-10.42.49:952][769]LogModuleManager: Shutting down and abandoning module CryptoKeys (326)
[2019.06.10-10.42.49:952][769]LogModuleManager: Shutting down and abandoning module VisualStudioSourceCodeAccess (324)
[2019.06.10-10.42.49:952][769]LogModuleManager: Shutting down and abandoning module VisualStudioCodeSourceCodeAccess (322)
[2019.06.10-10.42.49:952][769]LogModuleManager: Shutting down and abandoning module UObjectPlugin (320)
[2019.06.10-10.42.49:952][769]LogModuleManager: Shutting down and abandoning module SubversionSourceControl (318)
[2019.06.10-10.42.49:960][769]LogModuleManager: Shutting down and abandoning module PerforceSourceControl (316)
[2019.06.10-10.42.49:966][769]LogModuleManager: Shutting down and abandoning module GitSourceControl (314)
[2019.06.10-10.42.49:976][769]LogModuleManager: Shutting down and abandoning module SourceControl (313)
[2019.06.10-10.42.49:983][769]LogModuleManager: Shutting down and abandoning module CLionSourceCodeAccess (310)
[2019.06.10-10.42.49:983][769]LogModuleManager: Shutting down and abandoning module LightPropagationVolumeEditor (308)
[2019.06.10-10.42.49:983][769]LogModuleManager: Shutting down and abandoning module PaperTiledImporter (306)
[2019.06.10-10.42.49:983][769]LogModuleManager: Shutting down and abandoning module PaperSpriteSheetImporter (304)
[2019.06.10-10.42.49:983][769]LogModuleManager: Shutting down and abandoning module Paper2DEditor (302)
[2019.06.10-10.42.49:991][769]LogModuleManager: Shutting down and abandoning module MeshPaint (301)
[2019.06.10-10.42.50:000][769]LogModuleManager: Shutting down and abandoning module RuntimePhysXCooking (298)
[2019.06.10-10.42.50:001][769]LogModuleManager: Shutting down and abandoning module PhysXVehiclesEditor (296)
[2019.06.10-10.42.50:001][769]LogModuleManager: Shutting down and abandoning module PhysXVehicles (294)
[2019.06.10-10.42.50:001][769]LogModuleManager: Shutting down and abandoning module OculusEditor (292)
[2019.06.10-10.42.50:006][769]LogModuleManager: Shutting down and abandoning module LocationServicesBPLibrary (290)
[2019.06.10-10.42.50:006][769]LogModuleManager: Shutting down and abandoning module ImmediatePhysicsEditor (288)
[2019.06.10-10.42.50:006][769]LogModuleManager: Shutting down and abandoning module ImmediatePhysics (286)
[2019.06.10-10.42.50:013][769]LogModuleManager: Shutting down and abandoning module ActorSequence (284)
[2019.06.10-10.42.50:013][769]LogModuleManager: Shutting down and abandoning module UdpMessaging (282)
[2019.06.10-10.42.50:114][769]LogModuleManager: Shutting down and abandoning module TcpMessaging (280)
[2019.06.10-10.42.50:215][769]LogModuleManager: Shutting down and abandoning module MagicLeapAudio (278)
[2019.06.10-10.42.50:215][769]LogModuleManager: Shutting down and abandoning module GameplayTagsEditor (276)
[2019.06.10-10.42.50:222][769]LogModuleManager: Shutting down and abandoning module FacialAnimationEditor (274)
[2019.06.10-10.42.50:222][769]LogModuleManager: Shutting down and abandoning module FacialAnimation (272)
[2019.06.10-10.42.50:222][769]LogModuleManager: Shutting down and abandoning module DataValidation (270)
[2019.06.10-10.42.50:222][769]LogModuleManager: Shutting down and abandoning module AssetManagerEditor (268)
[2019.06.10-10.42.50:232][769]LogModuleManager: Shutting down and abandoning module LevelEditor (267)
[2019.06.10-10.42.50:249][769]LogModuleManager: Shutting down and abandoning module PixelInspectorModule (266)
[2019.06.10-10.42.50:258][769]LogModuleManager: Shutting down and abandoning module CommonMenuExtensions (264)
[2019.06.10-10.42.50:258][769]LogModuleManager: Shutting down and abandoning module MainFrame (262)
[2019.06.10-10.42.50:264][769]LogModuleManager: Shutting down and abandoning module HotReload (261)
[2019.06.10-10.42.50:265][769]LogModuleManager: Shutting down and abandoning module ContentBrowser (257)
[2019.06.10-10.42.50:266][769]LogModuleManager: Shutting down and abandoning module TreeMap (255)
[2019.06.10-10.42.50:272][769]LogModuleManager: Shutting down and abandoning module LightPropagationVolumeRuntime (252)
[2019.06.10-10.42.50:272][769]LogModuleManager: Shutting down and abandoning module AISupportModule (250)
[2019.06.10-10.42.50:272][769]LogModuleManager: Shutting down and abandoning module Paper2D (248)
[2019.06.10-10.42.50:279][769]LogModuleManager: Shutting down and abandoning module WindowsMoviePlayer (246)
[2019.06.10-10.42.50:283][769]LogModuleManager: Shutting down and abandoning module WmfMedia (244)
[2019.06.10-10.42.50:292][769]LogModuleManager: Shutting down and abandoning module Media (243)
[2019.06.10-10.42.50:298][769]LogModuleManager: Shutting down and abandoning module PacketHandler (240)
[2019.06.10-10.42.50:298][769]LogModuleManager: Shutting down and abandoning module ClothingSystemEditor (238)
[2019.06.10-10.42.50:298][769]LogModuleManager: Shutting down and abandoning module ClothingSystemRuntime (236)
[2019.06.10-10.42.50:319][769]LogModuleManager: Shutting down and abandoning module MediaAssets (234)
[2019.06.10-10.42.50:320][769]LogModuleManager: Shutting down and abandoning module Overlay (232)
[2019.06.10-10.42.50:320][769]LogModuleManager: Shutting down and abandoning module OverlayEditor (231)
[2019.06.10-10.42.50:320][769]LogModuleManager: Shutting down and abandoning module VREditor (228)
[2019.06.10-10.42.50:332][769]LogModuleManager: Shutting down and abandoning module StringTableEditor (226)
[2019.06.10-10.42.50:343][769]LogModuleManager: Shutting down and abandoning module GameplayTasksEditor (224)
[2019.06.10-10.42.50:343][769]LogModuleManager: Shutting down and abandoning module BehaviorTreeEditor (222)
[2019.06.10-10.42.50:352][769]LogModuleManager: Shutting down and abandoning module FunctionalTesting (220)
[2019.06.10-10.42.50:358][769]LogModuleManager: Shutting down and abandoning module CollisionAnalyzer (218)
[2019.06.10-10.42.50:361][769]LogModuleManager: Shutting down and abandoning module WorkspaceMenuStructure (217)
[2019.06.10-10.42.50:361][769]LogModuleManager: Shutting down and abandoning module UMG (214)
[2019.06.10-10.42.50:368][769]LogModuleManager: Shutting down and abandoning module UMGEditor (213)
[2019.06.10-10.42.50:393][769]LogModuleManager: Shutting down and abandoning module Sequencer (212)
[2019.06.10-10.42.50:421][769]LogModuleManager: Shutting down and abandoning module MessageLog (209)
[2019.06.10-10.42.50:421][769]LogModuleManager: Shutting down and abandoning module SlateReflector (204)
[2019.06.10-10.42.50:451][769]LogModuleManager: Shutting down and abandoning module Slate (202)
[2019.06.10-10.42.50:451][769]LogModuleManager: Shutting down and abandoning module EditorStyle (200)
[2019.06.10-10.42.50:454][769]LogModuleManager: Shutting down and abandoning module MRMesh (198)
[2019.06.10-10.42.50:462][769]LogModuleManager: Shutting down and abandoning module SourceCodeAccess (196)
[2019.06.10-10.42.50:462][769]LogModuleManager: Shutting down and abandoning module HeadMountedDisplay (194)
[2019.06.10-10.42.50:462][769]LogModuleManager: Shutting down and abandoning module XAudio2 (192)
[2019.06.10-10.42.50:462][769]LogModuleManager: Shutting down and abandoning module Networking (190)
[2019.06.10-10.42.50:462][769]LogModuleManager: Shutting down and abandoning module Core (188)
[2019.06.10-10.42.50:462][769]LogModuleManager: Shutting down and abandoning module LevelSequence (186)
[2019.06.10-10.42.50:462][769]LogModuleManager: Shutting down and abandoning module KismetCompiler (184)
[2019.06.10-10.42.50:462][769]LogModuleManager: Shutting down and abandoning module MeshUtilities (182)
[2019.06.10-10.42.50:467][769]LogModuleManager: Shutting down and abandoning module MeshMergeUtilities (181)
[2019.06.10-10.42.50:480][769]LogModuleManager: Shutting down and abandoning module MeshReductionInterface (180)
[2019.06.10-10.42.50:480][769]LogModuleManager: Shutting down and abandoning module SimplygonSwarm (179)
[2019.06.10-10.42.50:486][769]LogModuleManager: Shutting down and abandoning module ProxyLODMeshReduction (177)
[2019.06.10-10.42.50:497][769]LogModuleManager: Shutting down and abandoning module SimplygonMeshReduction (175)
[2019.06.10-10.42.50:497][769]LogModuleManager: Shutting down and abandoning module QuadricMeshReduction (173)
[2019.06.10-10.42.50:501][769]LogModuleManager: Shutting down and abandoning module MaterialBaking (169)
[2019.06.10-10.42.50:504][769]LogModuleManager: Shutting down and abandoning module DirectoryWatcher (165)
[2019.06.10-10.42.50:505][769]LogModuleManager: Shutting down and abandoning module DerivedDataCache (162)
[2019.06.10-10.42.50:540][769]LogDerivedDataCache: Shutdown
[2019.06.10-10.42.50:540][769]LogModuleManager: Shutting down and abandoning module XGEController (160)
[2019.06.10-10.42.50:540][769]LogXGEController: Cleaning working directory: C:/Users/a015865g/AppData/Local/Temp/UnrealXGEWorkingDir/
[2019.06.10-10.42.50:580][769]LogModuleManager: Shutting down and abandoning module TargetPlatform (158)
[2019.06.10-10.42.50:580][769]LogModuleManager: Shutting down and abandoning module VulkanShaderFormat (157)
[2019.06.10-10.42.50:583][769]LogModuleManager: Shutting down and abandoning module ShaderFormatVectorVM (155)
[2019.06.10-10.42.50:598][769]LogModuleManager: Shutting down and abandoning module ShaderFormatOpenGL (153)
[2019.06.10-10.42.50:610][769]LogModuleManager: Shutting down and abandoning module ShaderFormatD3D (151)
[2019.06.10-10.42.50:610][769]LogModuleManager: Shutting down and abandoning module MetalShaderFormat (149)
[2019.06.10-10.42.50:621][769]LogModuleManager: Shutting down and abandoning module TextureFormatUncompressed (147)
[2019.06.10-10.42.50:621][769]LogModuleManager: Shutting down and abandoning module TextureFormatPVR (145)
[2019.06.10-10.42.50:621][769]LogModuleManager: Shutting down and abandoning module TextureFormatDXT (143)
[2019.06.10-10.42.50:621][769]LogModuleManager: Shutting down and abandoning module TextureFormatIntelISPCTexComp (141)
[2019.06.10-10.42.50:638][769]LogModuleManager: Shutting down and abandoning module TextureFormatASTC (139)
[2019.06.10-10.42.50:638][769]LogModuleManager: Shutting down and abandoning module ImageWrapper (138)
[2019.06.10-10.42.50:638][769]LogModuleManager: Shutting down and abandoning module TextureFormatAndroid (135)
[2019.06.10-10.42.50:638][769]LogModuleManager: Shutting down and abandoning module AudioFormatOpus (133)
[2019.06.10-10.42.50:638][769]LogModuleManager: Shutting down and abandoning module AudioFormatOgg (131)
[2019.06.10-10.42.50:638][769]LogModuleManager: Shutting down and abandoning module AudioFormatADPCM (129)
[2019.06.10-10.42.50:638][769]LogModuleManager: Shutting down and abandoning module LuminTargetPlatform (127)
[2019.06.10-10.42.50:639][769]LogModuleManager: Shutting down and abandoning module LinuxTargetPlatform (125)
[2019.06.10-10.42.50:639][769]LogModuleManager: Shutting down and abandoning module LinuxServerTargetPlatform (123)
[2019.06.10-10.42.50:639][769]LogModuleManager: Shutting down and abandoning module LinuxNoEditorTargetPlatform (121)
[2019.06.10-10.42.50:653][769]LogModuleManager: Shutting down and abandoning module LinuxClientTargetPlatform (119)
[2019.06.10-10.42.50:659][769]LogModuleManager: Shutting down and abandoning module TVOSTargetPlatform (117)
[2019.06.10-10.42.50:661][769]LogModuleManager: Shutting down and abandoning module Messaging (115)
[2019.06.10-10.42.50:661][769]LogModuleManager: Shutting down and abandoning module IOSTargetPlatform (113)
[2019.06.10-10.42.50:662][769]LogModuleManager: Shutting down and abandoning module HTML5TargetPlatform (111)
[2019.06.10-10.42.50:662][769]LogModuleManager: Shutting down and abandoning module AndroidTargetPlatform (109)
[2019.06.10-10.42.50:677][769]LogModuleManager: Shutting down and abandoning module WindowsTargetPlatform (107)
[2019.06.10-10.42.50:678][769]LogModuleManager: Shutting down and abandoning module WindowsServerTargetPlatform (105)
[2019.06.10-10.42.50:678][769]LogModuleManager: Shutting down and abandoning module WindowsNoEditorTargetPlatform (103)
[2019.06.10-10.42.50:678][769]LogModuleManager: Shutting down and abandoning module WindowsClientTargetPlatform (101)
[2019.06.10-10.42.50:678][769]LogModuleManager: Shutting down and abandoning module MacTargetPlatform (99)
[2019.06.10-10.42.50:678][769]LogModuleManager: Shutting down and abandoning module MacServerTargetPlatform (97)
[2019.06.10-10.42.50:678][769]LogModuleManager: Shutting down and abandoning module MacNoEditorTargetPlatform (95)
[2019.06.10-10.42.50:678][769]LogModuleManager: Shutting down and abandoning module MacClientTargetPlatform (93)
[2019.06.10-10.42.50:678][769]LogModuleManager: Shutting down and abandoning module AllDesktopTargetPlatform (91)
[2019.06.10-10.42.50:678][769]LogModuleManager: Shutting down and abandoning module InputCore (88)
[2019.06.10-10.42.50:678][769]LogModuleManager: Shutting down and abandoning module Settings (86)
[2019.06.10-10.42.50:678][769]LogModuleManager: Shutting down and abandoning module PhysXCooking (84)
[2019.06.10-10.42.50:678][769]LogModuleManager: Shutting down and abandoning module SteamVR (82)
[2019.06.10-10.42.50:678][769]LogModuleManager: Shutting down and abandoning module OculusHMD (80)
[2019.06.10-10.42.50:678][769]LogModuleManager: Shutting down and abandoning module ExampleDeviceProfileSelector (78)
[2019.06.10-10.42.50:678][769]LogModuleManager: Shutting down and abandoning module LauncherChunkInstaller (76)
[2019.06.10-10.42.50:679][769]LogModuleManager: Shutting down and abandoning module OnlineBlueprintSupport (74)
[2019.06.10-10.42.50:679][769]LogModuleManager: Shutting down and abandoning module OnlineSubsystem (70)
[2019.06.10-10.42.50:694][769]LogModuleManager: Shutting down and abandoning module XMPP (65)
[2019.06.10-10.42.50:710][769]LogModuleManager: Shutting down and abandoning module WebSockets (64)
[2019.06.10-10.42.50:751][769]LogModuleManager: Shutting down and abandoning module HTTP (61)
[2019.06.10-10.42.50:756][769]LogHttp: Display: Http module shutting down, but needs to wait on 1 outstanding Http requests:
[2019.06.10-10.42.50:756][769]LogHttp: Display: 	verb=[POST] url=[https://datarouter.ol.epicgames.com/datarouter/api/v1/public/data?SessionID=%7B07D3125F-45B5-F68B-ACAD-13A38D70AD98%7D&AppID=UEEditor.Rocket.Release&AppVersion=4.20.3-4369336%2B%2B%2BUE4%2BRelease-4.20&UserID=7e66dd7945b58dd1bec197b8e4629e88%7C%7C553153eb-eaf3-436a-8e68-fde4ef8f9ff8&AppEnvironment=datacollector-binary&UploadType=eteventstream] status=Processing
[2019.06.10-10.42.50:762][769]LogModuleManager: Shutting down and abandoning module SSL (60)
[2019.06.10-10.42.50:784][769]LogModuleManager: Shutting down and abandoning module MagicLeapEmulator (56)
[2019.06.10-10.42.50:784][769]LogModuleManager: Shutting down and abandoning module MagicLeapPrivileges (54)
[2019.06.10-10.42.50:784][769]LogModuleManager: Shutting down and abandoning module MagicLeapIdentity (52)
[2019.06.10-10.42.50:784][769]LogModuleManager: Shutting down and abandoning module MagicLeapHelperVulkan (50)
[2019.06.10-10.42.50:784][769]LogModuleManager: Shutting down and abandoning module MagicLeapHelperOpenGL (48)
[2019.06.10-10.42.50:784][769]LogModuleManager: Shutting down and abandoning module MagicLeapSecureStorage (46)
[2019.06.10-10.42.50:784][769]LogModuleManager: Shutting down and abandoning module MagicLeapGestures (44)
[2019.06.10-10.42.50:784][769]LogModuleManager: Shutting down and abandoning module MagicLeapEyeTracker (42)
[2019.06.10-10.42.50:784][769]LogModuleManager: Shutting down and abandoning module MagicLeapController (40)
[2019.06.10-10.42.50:784][769]LogSlate: Slate User Destroyed.  User Index 0, Is Virtual User: 0
[2019.06.10-10.42.50:784][769]LogModuleManager: Shutting down and abandoning module MagicLeap (38)
[2019.06.10-10.42.50:787][769]LogModuleManager: Shutting down and abandoning module AnimationModifiers (36)
[2019.06.10-10.42.50:810][769]LogModuleManager: Shutting down and abandoning module PropertyEditor (35)
[2019.06.10-10.42.50:818][769]LogModuleManager: Shutting down and abandoning module AudioEditor (32)
[2019.06.10-10.42.50:831][769]LogModuleManager: Shutting down and abandoning module TextureCompressor (30)
[2019.06.10-10.42.50:831][769]LogModuleManager: Shutting down and abandoning module ShaderCore (28)
[2019.06.10-10.42.50:831][769]LogModuleManager: Shutting down and abandoning module Landscape (26)
[2019.06.10-10.42.50:831][769]LogModuleManager: Shutting down and abandoning module SlateRHIRenderer (24)
[2019.06.10-10.42.50:836][769]LogModuleManager: Shutting down and abandoning module OpenGLDrv (22)
[2019.06.10-10.42.50:842][769]LogModuleManager: Shutting down and abandoning module D3D11RHI (20)
[2019.06.10-10.42.50:842][769]LogModuleManager: Shutting down and abandoning module AnimGraphRuntime (18)
[2019.06.10-10.42.50:842][769]LogModuleManager: Shutting down and abandoning module Renderer (16)
[2019.06.10-10.42.50:842][769]LogModuleManager: Shutting down and abandoning module Engine (14)
[2019.06.10-10.42.50:842][769]LogModuleManager: Shutting down and abandoning module CoreUObject (12)
[2019.06.10-10.42.50:842][769]LogModuleManager: Shutting down and abandoning module NetworkFile (10)
[2019.06.10-10.42.50:853][769]LogModuleManager: Shutting down and abandoning module CookedIterativeFile (8)
[2019.06.10-10.42.50:853][769]LogModuleManager: Shutting down and abandoning module StreamingFile (6)
[2019.06.10-10.42.50:858][769]LogModuleManager: Shutting down and abandoning module SandboxFile (4)
[2019.06.10-10.42.50:858][769]LogModuleManager: Shutting down and abandoning module PakFile (2)
[2019.06.10-10.42.50:887][769]LogExit: Exiting.
[2019.06.10-10.42.50:979][769]Log file closed, 06/10/19 11:42:50
