Log file open, 05/28/19 13:07:13
LogWindows: Failed to load 'aqProf.dll' (GetLastError=126)
LogWindows: File 'aqProf.dll' does not exist
LogWindows: Failed to load 'VSPerf140.dll' (GetLastError=126)
LogWindows: File 'VSPerf140.dll' does not exist
LogWindows: Failed to load 'VtuneApi.dll' (GetLastError=126)
LogWindows: File 'VtuneApi.dll' does not exist
LogWindows: Failed to load 'VtuneApi32e.dll' (GetLastError=126)
LogWindows: File 'VtuneApi32e.dll' does not exist
LogInit: Display: Running engine for game: TheDescent_Collab19
LogPlatformFile: Not using cached read wrapper
LogTaskGraph: Started task graph with 5 named threads and 23 total threads with 3 sets of task threads.
LogStats: Stats thread started at 0.327705
LogD3D11RHI: Loaded GFSDK_Aftermath_Lib.x64.dll
LogICUInternationalization: Display: ICU TimeZone Detection - Raw Offset: +0:00, Platform Override: ''
LogPluginManager: Mounting plugin Paper2D
LogPluginManager: Mounting plugin AISupport
LogPluginManager: Mounting plugin LightPropagationVolume
LogPluginManager: Mounting plugin CLionSourceCodeAccess
LogPluginManager: Mounting plugin CodeLiteSourceCodeAccess
LogPluginManager: Mounting plugin GitSourceControl
LogPluginManager: Mounting plugin KDevelopSourceCodeAccess
LogPluginManager: Mounting plugin NullSourceCodeAccess
LogPluginManager: Mounting plugin PerforceSourceControl
LogPluginManager: Mounting plugin SubversionSourceControl
LogPluginManager: Mounting plugin UObjectPlugin
LogPluginManager: Mounting plugin VisualStudioCodeSourceCodeAccess
LogPluginManager: Mounting plugin VisualStudioSourceCodeAccess
LogPluginManager: Mounting plugin XCodeSourceCodeAccess
LogPluginManager: Mounting plugin AssetManagerEditor
LogPluginManager: Mounting plugin CryptoKeys
LogPluginManager: Mounting plugin DataValidation
LogPluginManager: Mounting plugin FacialAnimation
LogPluginManager: Mounting plugin GameplayTagsEditor
LogPluginManager: Mounting plugin MacGraphicsSwitching
LogPluginManager: Mounting plugin MeshEditor
LogPluginManager: Mounting plugin MobileLauncherProfileWizard
LogPluginManager: Mounting plugin PluginBrowser
LogPluginManager: Mounting plugin SpeedTreeImporter
LogPluginManager: Mounting plugin DatasmithContent
LogPluginManager: Mounting plugin AlembicImporter
LogPluginManager: Mounting plugin AppleImageUtils
LogPluginManager: Mounting plugin AppleVision
LogPluginManager: Mounting plugin BackChannel
LogPluginManager: Mounting plugin CharacterAI
LogPluginManager: Mounting plugin GeometryCache
LogPluginManager: Mounting plugin HTML5Networking
LogPluginManager: Mounting plugin ProxyLODPlugin
LogPluginManager: Mounting plugin MagicLeap
LogPluginManager: Mounting plugin MagicLeapEmulator
LogPluginManager: Mounting plugin MagicLeapMedia
LogPluginManager: Mounting plugin AndroidMedia
LogPluginManager: Mounting plugin AvfMedia
LogPluginManager: Mounting plugin ImgMedia
LogPluginManager: Mounting plugin LinearTimecode
LogPluginManager: Mounting plugin MediaCompositing
LogPluginManager: Mounting plugin MediaPlayerEditor
LogPluginManager: Mounting plugin WmfMedia
LogPluginManager: Mounting plugin TcpMessaging
LogPluginManager: Mounting plugin UdpMessaging
LogPluginManager: Mounting plugin ActorSequence
LogPluginManager: Mounting plugin LevelSequenceEditor
LogPluginManager: Mounting plugin MatineeToLevelSequence
LogPluginManager: Mounting plugin NetcodeUnitTest
LogPluginManager: Mounting plugin NUTUnrealEngine4
LogPluginManager: Mounting plugin OnlineSubsystemGooglePlay
LogPluginManager: Mounting plugin OnlineSubsystemIOS
LogPluginManager: Mounting plugin OnlineSubsystem
LogPluginManager: Mounting plugin OnlineSubsystemNull
LogPluginManager: Mounting plugin OnlineSubsystemUtils
LogPluginManager: Mounting plugin LauncherChunkInstaller
LogPluginManager: Mounting plugin AndroidDeviceProfileSelector
LogPluginManager: Mounting plugin AndroidMoviePlayer
LogPluginManager: Mounting plugin AndroidPermission
LogPluginManager: Mounting plugin AppleMoviePlayer
LogPluginManager: Mounting plugin ArchVisCharacter
LogPluginManager: Mounting plugin AudioCapture
LogPluginManager: Mounting plugin CableComponent
LogPluginManager: Mounting plugin CustomMeshComponent
LogPluginManager: Mounting plugin EditableMesh
LogPluginManager: Mounting plugin ExampleDeviceProfileSelector
LogPluginManager: Mounting plugin GoogleCloudMessaging
LogPluginManager: Mounting plugin ImmediatePhysics
LogPluginManager: Mounting plugin IOSDeviceProfileSelector
LogPluginManager: Mounting plugin LinuxDeviceProfileSelector
LogPluginManager: Mounting plugin LocationServicesBPLibrary
LogPluginManager: Mounting plugin MobilePatchingUtils
LogPluginManager: Mounting plugin OculusVR
LogPluginManager: Plugin shader directory ../../../Engine/Plugins/Runtime/Oculus/OculusVR/Shaders found
LogPluginManager: Mapping shader source directory ../../../Engine/Plugins/Runtime/Oculus/OculusVR/Shaders to virtual directory /Plugin/OculusVR
LogPluginManager: Mounting plugin PhysXVehicles
LogPluginManager: Mounting plugin ProceduralMeshComponent
LogPluginManager: Mounting plugin RuntimePhysXCooking
LogPluginManager: Mounting plugin SteamVR
LogPluginManager: Mounting plugin WindowsMoviePlayer
LogStreaming: Display: Took  0.290s to configure plugins.
LogInit: Using libcurl 7.55.1-DEV
LogInit:  - built for x86_64-pc-win32
LogInit:  - supports SSL with OpenSSL/1.0.2h
LogInit:  - supports HTTP deflate (compression) using libz 1.2.8
LogInit:  - other features:
LogInit:      CURL_VERSION_SSL
LogInit:      CURL_VERSION_LIBZ
LogInit:      CURL_VERSION_IPV6
LogInit:      CURL_VERSION_ASYNCHDNS
LogInit:      CURL_VERSION_LARGEFILE
LogInit:      CURL_VERSION_IDN
LogInit:  CurlRequestOptions (configurable via config and command line):
LogInit:  - bVerifyPeer = false  - Libcurl will NOT verify peer certificate
LogInit:  - bUseHttpProxy = false  - Libcurl will NOT use HTTP proxy
LogInit:  - bDontReuseConnections = false  - Libcurl will reuse connections
LogInit:  - CertBundlePath = nullptr  - Libcurl will use whatever was configured at build time.
LogInit:  - MaxHostConnections = 16  - Libcurl will limit the number of connections to a host
LogInit:  - LocalHostAddr = Default
LogInit:  - BufferSize = 65536
LogInit: WinSock: version 1.1 (2.2), MaxSocks=32767, MaxUdp=65467
LogInit: Build: ++UE4+Release-4.20-CL-4369336
LogInit: Engine Version: 4.20.3-4369336+++UE4+Release-4.20
LogInit: Compatible Engine Version: 4.20.0-4212847+++UE4+Release-4.20
LogInit: Net CL: 4212847
LogInit: OS: Windows 10 (), CPU: Intel(R) Xeon(R) CPU E5-1620 v4 @ 3.50GHz, GPU: NVIDIA GeForce GTX 980
LogInit: Compiled (64-bit): Sep 17 2018 12:26:19
LogInit: Compiled with Visual C++: 19.13.26129.00
LogInit: Build Configuration: Development
LogInit: Branch Name: ++UE4+Release-4.20
LogInit: Command Line:  
LogInit: Base Directory: C:/Epic/UE4/UE_4.20/Engine/Binaries/Win64/
LogInit: Installed Engine Build: 1
LogDevObjectVersion: Number of dev versions registered: 20
LogDevObjectVersion:   Dev-Blueprints (B0D832E4-1F89-4F0D-ACCF-7EB736FD4AA2): 10
LogDevObjectVersion:   Dev-Build (E1C64328-A22C-4D53-A36C-8E866417BD8C): 0
LogDevObjectVersion:   Dev-Core (375EC13C-06E4-48FB-B500-84F0262A717E): 2
LogDevObjectVersion:   Dev-Editor (E4B068ED-F494-42E9-A231-DA0B2E46BB41): 24
LogDevObjectVersion:   Dev-Framework (CFFC743F-43B0-4480-9391-14DF171D2073): 34
LogDevObjectVersion:   Dev-Mobile (B02B49B5-BB20-44E9-A304-32B752E40360): 2
LogDevObjectVersion:   Dev-Networking (A4E4105C-59A1-49B5-A7C5-40C4547EDFEE): 0
LogDevObjectVersion:   Dev-Online (39C831C9-5AE6-47DC-9A44-9C173E1C8E7C): 0
LogDevObjectVersion:   Dev-Physics (78F01B33-EBEA-4F98-B9B4-84EACCB95AA2): 0
LogDevObjectVersion:   Dev-Platform (6631380F-2D4D-43E0-8009-CF276956A95A): 0
LogDevObjectVersion:   Dev-Rendering (12F88B9F-8875-4AFC-A67C-D90C383ABD29): 26
LogDevObjectVersion:   Dev-Sequencer (7B5AE74C-D270-4C10-A958-57980B212A5A): 9
LogDevObjectVersion:   Dev-VR (D7296918-1DD6-4BDD-9DE2-64A83CC13884): 2
LogDevObjectVersion:   Dev-LoadTimes (C2A15278-BFE7-4AFE-6C17-90FF531DF755): 1
LogDevObjectVersion:   Private-Geometry (6EACA3D4-40EC-4CC1-B786-8BED09428FC5): 3
LogDevObjectVersion:   Dev-AnimPhys (29E575DD-E0A3-4627-9D10-D276232CDCEA): 17
LogDevObjectVersion:   Dev-ReflectionCapture (6B266CEC-1EC7-4B8F-A30B-E4D90942FC07): 1
LogDevObjectVersion:   Dev-Automation (0DF73D61-A23F-47EA-B727-89E90C41499A): 1
LogDevObjectVersion:   FortniteMain (601D1886-AC64-4F84-AA16-D3DE0DEAC7D6): 12
LogDevObjectVersion:   Dev-Enterprise (9DFFBCD6-494F-0158-E221-12823C92A888): 1
LogStreaming: Display: Took  0.099s to delete old logs.
LogInit: Presizing for max 8388607 objects, including 0 objects not considered by GC, pre-allocating 0 bytes for permanent pool.
LogInit: Object subsystem initialized
[2019.05.28-12.07.13:659][  0]LogInit: Selected Device Profile: [Windows]
[2019.05.28-12.07.13:659][  0]LogInit: Applying CVar settings loaded from the selected device profile: [Windows]
[2019.05.28-12.07.13:698][  0]LogHAL: Display: Platform has ~ 16 GB [17092296704 / 17179869184 / 16], which maps to Larger [LargestMinGB=32, LargerMinGB=12, DefaultMinGB=8, SmallerMinGB=6, SmallestMinGB=0)
[2019.05.28-12.07.13:698][  0]LogInit: Setting Device Profile CVar: [[r.Vulkan.UseRealUBs:1]]
[2019.05.28-12.07.13:698][  0]LogInit: Going up to parent DeviceProfile []
[2019.05.28-12.07.13:699][  0]LogInit: Computer: A07-07
[2019.05.28-12.07.13:699][  0]LogInit: User: b017403g
[2019.05.28-12.07.13:699][  0]LogInit: CPU Page size=4096, Cores=4
[2019.05.28-12.07.13:699][  0]LogInit: High frequency timer resolution =3.410074 MHz
[2019.05.28-12.07.13:700][  0]LogMemory: Memory total: Physical=15.9GB (16GB approx)
[2019.05.28-12.07.13:700][  0]LogMemory: Platform Memory Stats for Windows
[2019.05.28-12.07.13:700][  0]LogMemory: Process Physical Memory: 102.13 MB used, 102.13 MB peak
[2019.05.28-12.07.13:700][  0]LogMemory: Process Virtual Memory: 87.34 MB used, 87.34 MB peak
[2019.05.28-12.07.13:700][  0]LogMemory: Physical Memory: 4122.70 MB used,  12177.79 MB free, 16300.48 MB total
[2019.05.28-12.07.13:700][  0]LogMemory: Virtual Memory: 4637.29 MB used,  12177.79 MB free, 134217728.00 MB total
[2019.05.28-12.07.13:782][  0]LogInit: Using OS detected language (en-US).
[2019.05.28-12.07.13:782][  0]LogInit: Using OS detected locale (en-GB).
[2019.05.28-12.07.13:784][  0]LogTextLocalizationManager: No specific localization for 'en-US' exists, so the 'en' localization will be used.
[2019.05.28-12.07.14:214][  0]LogStreaming: Display: Took  0.432s to InitEngineTextLocalization.
[2019.05.28-12.07.14:214][  0]LogInit: Setting process to per monitor DPI aware
[2019.05.28-12.07.14:282][  0]LogSlate: New Slate User Created.  User Index 0, Is Virtual User: 0
[2019.05.28-12.07.14:282][  0]LogSlate: Slate User Registered.  User Index 0, Is Virtual User: 0
[2019.05.28-12.07.14:609][  0]LogHMD: Failed to initialize OpenVR with code 110
[2019.05.28-12.07.14:609][  0]LogD3D11RHI: D3D11 adapters:
[2019.05.28-12.07.14:727][  0]LogD3D11RHI:    0. 'NVIDIA GeForce GTX 980' (Feature Level 11_0)
[2019.05.28-12.07.14:727][  0]LogD3D11RHI:       4053/0/8150 MB DedicatedVideo/DedicatedSystem/SharedSystem, Outputs:2, VendorId:0x10de
[2019.05.28-12.07.14:733][  0]LogD3D11RHI:    1. 'Microsoft Basic Render Driver' (Feature Level 11_0)
[2019.05.28-12.07.14:733][  0]LogD3D11RHI:       0/0/8150 MB DedicatedVideo/DedicatedSystem/SharedSystem, Outputs:0, VendorId:0x1414
[2019.05.28-12.07.14:733][  0]LogD3D11RHI: Chosen D3D11 Adapter: 0
[2019.05.28-12.07.14:751][  0]LogD3D11RHI: Creating new Direct3DDevice
[2019.05.28-12.07.14:751][  0]LogD3D11RHI:     GPU DeviceId: 0x13c0 (for the marketing name, search the web for "GPU Device Id")
[2019.05.28-12.07.14:751][  0]LogWindows: EnumDisplayDevices:
[2019.05.28-12.07.14:752][  0]LogWindows:    0. 'NVIDIA GeForce GTX 980' (P:1 D:1)
[2019.05.28-12.07.14:752][  0]LogWindows:    1. 'NVIDIA GeForce GTX 980' (P:0 D:1)
[2019.05.28-12.07.14:752][  0]LogWindows:    2. 'NVIDIA GeForce GTX 980' (P:0 D:0)
[2019.05.28-12.07.14:753][  0]LogWindows:    3. 'NVIDIA GeForce GTX 980' (P:0 D:0)
[2019.05.28-12.07.14:753][  0]LogWindows: DebugString: FoundDriverCount:4 
[2019.05.28-12.07.14:753][  0]LogD3D11RHI:     Adapter Name: NVIDIA GeForce GTX 980
[2019.05.28-12.07.14:753][  0]LogD3D11RHI:   Driver Version: 398.82 (internal:24.21.13.9882, unified:398.82)
[2019.05.28-12.07.14:753][  0]LogD3D11RHI:      Driver Date: 7-30-2018
[2019.05.28-12.07.14:753][  0]LogRHI: Texture pool is 2837 MB (70% of 4053 MB)
[2019.05.28-12.07.14:811][  0]LogD3D11RHI: Async texture creation enabled
[2019.05.28-12.07.14:829][  0]LogD3D11RHI: GPU Timing Frequency: 1000.000000 (Debug: 2 2)
[2019.05.28-12.07.14:915][  0]LogShaderCompilers: Guid format shader working directory is -33 characters bigger than the processId version (../../../../../../Users/b017403g/Desktop/Collab2019.git/trunk/TheDescent_Collab19/Intermediate/Shaders/WorkingDirectory/11712/).
[2019.05.28-12.07.14:916][  0]LogShaderCompilers: Cleaned the shader compiler working directory 'C:/Users/b017403g/AppData/Local/Temp/UnrealShaderWorkingDir/535A1527400E5B8F93CEFB80CA830982/'.
[2019.05.28-12.07.15:396][  0]LogTemp: Display: Loaded TP AllDesktopTargetPlatform
[2019.05.28-12.07.15:428][  0]LogTemp: Display: Loaded TP MacClientTargetPlatform
[2019.05.28-12.07.15:465][  0]LogTemp: Display: Loaded TP MacNoEditorTargetPlatform
[2019.05.28-12.07.15:484][  0]LogTemp: Display: Loaded TP MacServerTargetPlatform
[2019.05.28-12.07.15:530][  0]LogTemp: Display: Loaded TP MacTargetPlatform
[2019.05.28-12.07.15:555][  0]LogTemp: Display: Loaded TP WindowsClientTargetPlatform
[2019.05.28-12.07.15:573][  0]LogTemp: Display: Loaded TP WindowsNoEditorTargetPlatform
[2019.05.28-12.07.15:591][  0]LogTemp: Display: Loaded TP WindowsServerTargetPlatform
[2019.05.28-12.07.15:599][  0]LogTemp: Display: Loaded TP WindowsTargetPlatform
[2019.05.28-12.07.15:706][  0]LogTemp: Display: Loaded TP AndroidTargetPlatform
[2019.05.28-12.07.15:706][  0]LogTemp: Display: Loaded TP AndroidTargetPlatform
[2019.05.28-12.07.15:706][  0]LogTemp: Display: Loaded TP AndroidTargetPlatform
[2019.05.28-12.07.15:706][  0]LogTemp: Display: Loaded TP AndroidTargetPlatform
[2019.05.28-12.07.15:706][  0]LogTemp: Display: Loaded TP AndroidTargetPlatform
[2019.05.28-12.07.15:706][  0]LogTemp: Display: Loaded TP AndroidTargetPlatform
[2019.05.28-12.07.15:706][  0]LogTemp: Display: Loaded TP AndroidTargetPlatform
[2019.05.28-12.07.15:707][  0]LogTemp: Display: Loaded TP AndroidTargetPlatform
[2019.05.28-12.07.15:707][  0]LogTemp: Display: Loaded TP AndroidTargetPlatform
[2019.05.28-12.07.15:707][  0]LogTemp: Display: Loaded TP AndroidTargetPlatform
[2019.05.28-12.07.15:707][  0]LogTemp: Display: Loaded TP AndroidTargetPlatform
[2019.05.28-12.07.15:707][  0]LogTemp: Display: Loaded TP AndroidTargetPlatform
[2019.05.28-12.07.15:707][  0]LogTemp: Display: Loaded TP AndroidTargetPlatform
[2019.05.28-12.07.15:707][  0]LogTemp: Display: Loaded TP AndroidTargetPlatform
[2019.05.28-12.07.15:707][  0]LogTemp: Display: Loaded TP AndroidTargetPlatform
[2019.05.28-12.07.15:707][  0]LogTemp: Display: Loaded TP AndroidTargetPlatform
[2019.05.28-12.07.15:707][  0]LogTemp: Display: Loaded TP AndroidTargetPlatform
[2019.05.28-12.07.15:707][  0]LogTemp: Display: Loaded TP AndroidTargetPlatform
[2019.05.28-12.07.15:709][  0]LogTemp: Display: Loaded TP HTML5TargetPlatform
[2019.05.28-12.07.15:798][  0]LogTemp: Display: Loaded TP IOSTargetPlatform
[2019.05.28-12.07.15:798][  0]LogTemp: Display: Loaded TP IOSTargetPlatform
[2019.05.28-12.07.15:830][  0]LogTemp: Display: Loaded TP TVOSTargetPlatform
[2019.05.28-12.07.15:830][  0]LogTemp: Display: Loaded TP TVOSTargetPlatform
[2019.05.28-12.07.15:847][  0]LogTemp: Display: Loaded TP LinuxClientTargetPlatform
[2019.05.28-12.07.15:861][  0]LogTemp: Display: Loaded TP LinuxNoEditorTargetPlatform
[2019.05.28-12.07.15:876][  0]LogTemp: Display: Loaded TP LinuxServerTargetPlatform
[2019.05.28-12.07.15:891][  0]LogTemp: Display: Loaded TP LinuxTargetPlatform
[2019.05.28-12.07.15:901][  0]LogTemp: Display: Loaded TP LuminTargetPlatform
[2019.05.28-12.07.15:901][  0]LogTargetPlatformManager: Display: Building Assets For Windows
[2019.05.28-12.07.16:026][  0]LogXGEController: Cleaning working directory: C:/Users/b017403g/AppData/Local/Temp/UnrealXGEWorkingDir/
[2019.05.28-12.07.16:026][  0]LogXGEController: Cannot use XGE Controller as Incredibuild is not installed on this machine.
[2019.05.28-12.07.16:027][  0]LogShaderCompilers: Cannot use XGE Shader Compiler as Incredibuild is not installed on this machine.
[2019.05.28-12.07.16:027][  0]LogShaderCompilers: Display: Using Local Shader Compiler.
[2019.05.28-12.07.17:161][  0]LogDerivedDataCache: Display: Max Cache Size: 512 MB
[2019.05.28-12.07.17:257][  0]LogDerivedDataCache: Loaded boot cache 0.10s 71MB C:/Users/b017403g/AppData/Local/UnrealEngine/4.20/DerivedDataCache/Boot.ddc.
[2019.05.28-12.07.17:258][  0]LogDerivedDataCache: Display: Loaded Boot cache: C:/Users/b017403g/AppData/Local/UnrealEngine/4.20/DerivedDataCache/Boot.ddc
[2019.05.28-12.07.17:258][  0]LogDerivedDataCache: FDerivedDataBackendGraph:  Pak pak cache file ../../../../../../Users/b017403g/Desktop/Collab2019.git/trunk/TheDescent_Collab19/DerivedDataCache/DDC.ddp not found, will not use a pak cache.
[2019.05.28-12.07.17:258][  0]LogDerivedDataCache: Unable to find inner node Pak for hierarchical cache Hierarchy.
[2019.05.28-12.07.17:258][  0]LogDerivedDataCache: FDerivedDataBackendGraph:  CompressedPak pak cache file ../../../../../../Users/b017403g/Desktop/Collab2019.git/trunk/TheDescent_Collab19/DerivedDataCache/Compressed.ddp not found, will not use a pak cache.
[2019.05.28-12.07.17:259][  0]LogDerivedDataCache: Unable to find inner node CompressedPak for hierarchical cache Hierarchy.
[2019.05.28-12.07.17:275][  0]LogDerivedDataCache: Display: Pak cache opened for reading ../../../Engine/DerivedDataCache/Compressed.ddp.
[2019.05.28-12.07.17:288][  0]LogDerivedDataCache: Using Local data cache path C:/Users/b017403g/AppData/Local/UnrealEngine/Common/DerivedDataCache: Writable
[2019.05.28-12.07.17:288][  0]LogDerivedDataCache: Shared data cache path not found in *engine.ini, will not use an Shared cache.
[2019.05.28-12.07.17:288][  0]LogDerivedDataCache: Unable to find inner node Shared for hierarchical cache Hierarchy.
[2019.05.28-12.07.17:327][  0]LogMaterial: Verifying Global Shaders for PCD3D_SM5
[2019.05.28-12.07.17:328][  0]LogSlate: Using FreeType 2.6.0
[2019.05.28-12.07.17:330][  0]LogSlate: SlateFontServices - WITH_FREETYPE: 1, WITH_HARFBUZZ: 1
[2019.05.28-12.07.17:422][  0]LogAssetRegistry: FAssetRegistry took 0.0278 seconds to start up
[2019.05.28-12.07.17:953][  0]LogInit: Selected Device Profile: [Windows]
[2019.05.28-12.07.18:136][  0]LogSimplygon: Simplygon DLL not present - disabling.
[2019.05.28-12.07.18:142][  0]LogMeshReduction: Using SimplygonSwarm for distributed automatic mesh merging
[2019.05.28-12.07.18:142][  0]LogMeshReduction: Using ProxyLODMeshReduction for automatic mesh merging
[2019.05.28-12.07.18:142][  0]LogMeshReduction: Using QuadricMeshReduction for automatic static mesh reduction
[2019.05.28-12.07.18:142][  0]LogMeshReduction: No automatic skeletal mesh reduction module available
[2019.05.28-12.07.18:165][  0]LogNetVersion: TheDescent_Collab19 1.0.0, NetCL: 4212847, EngineNetVer: 5, GameNetVer: 0 (Checksum: 1358678604)
[2019.05.28-12.07.19:014][  0]LogPackageLocalizationCache: Processed 11 localized package path(s) for 2 prioritized culture(s) in 0.262999 seconds
[2019.05.28-12.07.19:027][  0]LogUObjectArray: 38425 objects as part of root set at end of initial load.
[2019.05.28-12.07.19:027][  0]LogUObjectAllocator: 6690872 out of 0 bytes used by permanent object pool.
[2019.05.28-12.07.19:027][  0]LogUObjectArray: CloseDisregardForGC: 0/0 objects in disregard for GC pool
[2019.05.28-12.07.20:233][  0]LogTcpMessaging: Initializing TcpMessaging bridge
[2019.05.28-12.07.20:247][  0]LogUdpMessaging: Initializing bridge on interface 0.0.0.0:0 to multicast group 230.0.0.1:6666.
[2019.05.28-12.07.20:456][  0]SourceControl: Source control is disabled
[2019.05.28-12.07.20:456][  0]SourceControl: Source control is disabled
[2019.05.28-12.07.20:458][  0]SourceControl: Source control is disabled
[2019.05.28-12.07.20:459][  0]SourceControl: Source control is disabled
[2019.05.28-12.07.20:695][  0]LogAndroidPermission: UAndroidPermissionCallbackProxy::GetInstance
[2019.05.28-12.07.20:812][  0]LogOcInput: OculusInput pre-init called
[2019.05.28-12.07.20:888][  0]LogEngine: Initializing Engine...
[2019.05.28-12.07.20:888][  0]LogHMD: Failed to initialize OpenVR with code 110
[2019.05.28-12.07.20:890][  0]LogStats: UGameplayTagsManager::ConstructGameplayTagTree: ImportINI prefixes -  0.000 s
[2019.05.28-12.07.20:890][  0]LogStats: UGameplayTagsManager::ConstructGameplayTagTree: Construct from data asset -  0.000 s
[2019.05.28-12.07.20:891][  0]LogStats: UGameplayTagsManager::ConstructGameplayTagTree: ImportINI -  0.000 s
[2019.05.28-12.07.20:891][  0]LogStats: UGameplayTagsManager::ConstructGameplayTagTree: GameplayTagTreeChangedEvent.Broadcast -  0.000 s
[2019.05.28-12.07.21:174][  0]LogInit: Initializing FReadOnlyCVARCache
[2019.05.28-12.07.21:219][  0]LogAIModule: Creating AISystem for world Untitled
[2019.05.28-12.07.21:252][  0]LogInit: XAudio2 using 'Speakers (Realtek High Definition Audio)' : 2 channels at 48 kHz using 32 bits per sample (channel mask 0x3)
[2019.05.28-12.07.21:462][  0]LogInit: FAudioDevice initialized.
[2019.05.28-12.07.21:463][  0]LogNetVersion: Set ProjectVersion to 1.0.0.0. Version Checksum will be recalculated on next use.
[2019.05.28-12.07.21:620][  0]LogDerivedDataCache: Saved boot cache 0.16s 71MB C:/Users/b017403g/AppData/Local/UnrealEngine/4.20/DerivedDataCache/Boot.ddc.
[2019.05.28-12.07.21:696][  0]LogInit: Texture streaming: Enabled
[2019.05.28-12.07.21:745][  0]LogEngineSessionManager: EngineSessionManager initialized
[2019.05.28-12.07.21:771][  0]LogInit: Transaction tracking system initialized
[2019.05.28-12.07.21:821][  0]BlueprintLog: New page: Editor Load
[2019.05.28-12.07.22:094][  0]LocalizationService: Localization service is disabled
[2019.05.28-12.07.22:506][  0]LogCook: Display: Max memory allowance for cook 16384mb min free memory 0mb
[2019.05.28-12.07.22:506][  0]LogCook: Display: Mobile HDR setting 1
[2019.05.28-12.07.22:506][  0]LogGameplayTags: Display: UGameplayTagsManager::DoneAddingNativeTags. DelegateIsBound: 0
[2019.05.28-12.07.22:506][  0]LogStats: UGameplayTagsManager::ConstructGameplayTagTree: ImportINI prefixes -  0.000 s
[2019.05.28-12.07.22:506][  0]LogStats: UGameplayTagsManager::ConstructGameplayTagTree: Construct from data asset -  0.000 s
[2019.05.28-12.07.22:507][  0]LogStats: UGameplayTagsManager::ConstructGameplayTagTree: ImportINI -  0.000 s
[2019.05.28-12.07.22:507][  0]LogStats: UGameplayTagsManager::ConstructGameplayTagTree: GameplayTagTreeChangedEvent.Broadcast -  0.000 s
[2019.05.28-12.07.22:694][  0]LogFileCache: Scanning file cache for directory 'C:/Users/b017403g/Desktop/Collab2019.git/trunk/TheDescent_Collab19/Content/' took 0.06s
[2019.05.28-12.07.22:694][  0]SourceControl: Source control is disabled
[2019.05.28-12.07.22:694][  0]Cmd: MAP LOAD FILE="../../../../../../Users/b017403g/Desktop/Collab2019.git/trunk/TheDescent_Collab19/Content/FirstPersonBP/Maps/FirstPersonExampleMap.umap" TEMPLATE=0 SHOWPROGRESS=1 FEATURELEVEL=3
[2019.05.28-12.07.22:695][  0]LightingResults: New page: Lighting Build
[2019.05.28-12.07.22:700][  0]MapCheck: New page: Map Check
[2019.05.28-12.07.22:700][  0]LightingResults: New page: Lighting Build
[2019.05.28-12.07.24:021][  0]LogBlueprint: Warning: [Compiler CurrentObejctive] Could not find a variable named "Objective" in 'NewDrSkeng_USE_C'.
Make sure 'NewDrSkeng_USE_C' has been compiled for  Set Objective
[2019.05.28-12.07.24:236][  0]LogBlueprint: Error: [Compiler CurrentObejctive] The property associated with  Objective  could not be found in '/Game/Users/Dawid/TestBlueprints/ObjectiveSystem/CurrentObejctive.CurrentObejctive_C'
[2019.05.28-12.07.24:454][  0]LogBlueprint: Warning: [Compiler CurrentObejctive] [0014.28] Compile of CurrentObejctive failed. 1 Fatal Issue(s) 1 Warning(s) [in 564 ms] (/Game/Users/Dawid/TestBlueprints/ObjectiveSystem/CurrentObejctive.CurrentObejctive)
[2019.05.28-12.07.26:682][  0]LogAIModule: Creating AISystem for world FirstPersonExampleMap
[2019.05.28-12.07.26:713][  0]LogEditorServer: Finished looking for orphan Actors (0.000 secs)
[2019.05.28-12.07.26:760][  0]Cmd: MAP CHECKDEP NOCLEARLOG
[2019.05.28-12.07.27:212][  0]MapCheck: Map check complete: 0 Error(s), 0 Warning(s), took 451.949ms to complete.
[2019.05.28-12.07.27:212][  0]LogFileHelpers: Loading map 'FirstPersonExampleMap' took 4.517
[2019.05.28-12.07.27:392][  0]LogSlate: Updating window title bar state: overlay mode, drag disabled, window buttons hidden, title bar hidden
[2019.05.28-12.07.27:405][  0]LogSlate: Updating window title bar state: overlay mode, drag disabled, window buttons hidden, title bar hidden
[2019.05.28-12.07.27:418][  0]LogSlate: Updating window title bar state: overlay mode, drag disabled, window buttons hidden, title bar hidden
[2019.05.28-12.07.27:430][  0]LogSlate: Updating window title bar state: overlay mode, drag disabled, window buttons hidden, title bar hidden
[2019.05.28-12.07.27:446][  0]LogCollectionManager: Loaded 0 collections in 0.005188 seconds
[2019.05.28-12.07.27:515][  0]LogFileCache: Scanning file cache for directory 'C:/Users/b017403g/Desktop/Collab2019.git/trunk/TheDescent_Collab19/Saved/Collections/' took 0.01s
[2019.05.28-12.07.27:515][  0]LogFileCache: Scanning file cache for directory 'C:/Users/b017403g/Desktop/Collab2019.git/trunk/TheDescent_Collab19/Content/Developers/b017403g/Collections/' took 0.01s
[2019.05.28-12.07.27:515][  0]LogFileCache: Scanning file cache for directory 'C:/Users/b017403g/Desktop/Collab2019.git/trunk/TheDescent_Collab19/Content/Collections/' took 0.01s
[2019.05.28-12.07.27:515][  0]LogCollectionManager: Rebuilt the GUID cache for 0 collections in 0.000001 seconds
[2019.05.28-12.07.27:529][  0]LogContentBrowser: Native class hierarchy populated in 0.0139 seconds. Added 2572 classes and 603 folders.
[2019.05.28-12.07.27:546][  0]LogContentBrowser: Native class hierarchy updated for 'WidgetCarousel' in 0.0005 seconds. Added 0 classes and 0 folders.
[2019.05.28-12.07.27:676][  0]LogContentBrowser: Native class hierarchy updated for 'AddContentDialog' in 0.0005 seconds. Added 0 classes and 0 folders.
[2019.05.28-12.07.27:685][  0]LogContentBrowser: Native class hierarchy updated for 'SceneOutliner' in 0.0004 seconds. Added 1 classes and 2 folders.
[2019.05.28-12.07.27:813][  0]LogSlate: Took 0.000435 seconds to synchronously load lazily loaded font '../../../Engine/Content/Slate/Fonts/Roboto-Regular.ttf' (155K)
[2019.05.28-12.07.27:819][  0]LogSlate: Took 0.000329 seconds to synchronously load lazily loaded font '../../../Engine/Content/Slate/Fonts/Roboto-Bold.ttf' (160K)
[2019.05.28-12.07.27:825][  0]LogSlate: Took 0.000339 seconds to synchronously load lazily loaded font '../../../Engine/Content/Editor/Slate/Fonts/FontAwesome.ttf' (139K)
[2019.05.28-12.07.27:931][  0]LogRenderer: Reallocating scene render targets to support 1164x584 Format 10 NumSamples 1 (Frame:1).
[2019.05.28-12.07.28:170][  0]LogContentBrowser: Native class hierarchy updated for 'HierarchicalLODOutliner' in 0.0004 seconds. Added 0 classes and 0 folders.
[2019.05.28-12.07.28:170][  0]LogLoad: (Engine Initialization) Total time: 18.00 seconds
[2019.05.28-12.07.28:170][  0]LogLoad: (Engine Initialization) Total Blueprint compile time: 0.00 seconds
[2019.05.28-12.07.28:182][  0]LogWindowsTextInputMethodSystem: Display: IME system now deactivated.
[2019.05.28-12.07.28:208][  0]LogContentStreaming: Texture pool size now 1000 MB
[2019.05.28-12.07.28:293][  0]LogSlate: Took 0.000334 seconds to synchronously load lazily loaded font '../../../Engine/Content/Slate/Fonts/Roboto-Light.ttf' (167K)
[2019.05.28-12.07.28:440][  3]LogAssetRegistry: Asset discovery search completed in 11.0409 seconds
[2019.05.28-12.07.28:442][  3]LogCollectionManager: Rebuilt the object cache for 0 collections in 0.000000 seconds (found 0 objects)
[2019.05.28-12.07.28:442][  3]LogCollectionManager: Fixed up redirectors for 0 collections in 0.000065 seconds (updated 0 objects)
[2019.05.28-12.07.29:219][ 82]LogSlate: Took 0.000311 seconds to synchronously load lazily loaded font '../../../Engine/Content/Slate/Fonts/Roboto-Light.ttf' (167K)
[2019.05.28-12.07.31:126][303]LogSlate: FSceneViewport::OnFocusLost() reason 0
[2019.05.28-12.07.32:821][503]LogSlate: FSceneViewport::OnFocusLost() reason 0
[2019.05.28-12.07.39:223][205]LogLinker: Warning: Can't find file '/Script/ApexDestruction'
[2019.05.28-12.07.39:223][205]LogLinker: Warning: Can't find file for asset '/Script/ApexDestruction' while loading ../../../../../../Users/b017403g/Desktop/Collab2019.git/trunk/TheDescent_Collab19/Content/Users/JAKUB/Blueprints/Actors/BreakableBoys/ventBreak.uasset.
[2019.05.28-12.07.39:223][205]LoadErrors: Error: /Game/Users/JAKUB/Blueprints/Actors/BreakableBoys/ventBreak : Can't find file for asset. /Script/ApexDestruction
[2019.05.28-12.07.39:227][205]LogLinker: Warning: Can't find file '/Script/ApexDestruction'
[2019.05.28-12.07.39:227][205]LogLinker: Warning: Can't find file for asset '/Script/ApexDestruction' while loading ../../../../../../Users/b017403g/Desktop/Collab2019.git/trunk/TheDescent_Collab19/Content/Users/JAKUB/Blueprints/Actors/BreakableBoys/breakVentTest_DM.uasset.
[2019.05.28-12.07.39:227][205]LoadErrors: Error: /Game/Users/JAKUB/Blueprints/Actors/BreakableBoys/breakVentTest_DM : Can't find file for asset. /Script/ApexDestruction
[2019.05.28-12.07.39:227][205]LogLinker: Warning: Can't find file '/Script/ApexDestruction'
[2019.05.28-12.07.39:227][205]LogLinker: Warning: Can't find file for asset '/Script/ApexDestruction' while loading ../../../../../../Users/b017403g/Desktop/Collab2019.git/trunk/TheDescent_Collab19/Content/Users/JAKUB/Blueprints/Actors/BreakableBoys/breakVentTest_DM.uasset.
[2019.05.28-12.07.39:231][205]LogLinker: Warning: Can't find file '/Script/ApexDestruction'
[2019.05.28-12.07.39:231][205]LogLinker: Warning: Can't find file for asset '/Script/ApexDestruction' while loading ../../../../../../Users/b017403g/Desktop/Collab2019.git/trunk/TheDescent_Collab19/Content/Users/JAKUB/Blueprints/Actors/BreakableBoys/breakVentTest_DM.uasset.
[2019.05.28-12.07.39:232][205]LogLinker: Warning: Can't find file '/Script/ApexDestruction'
[2019.05.28-12.07.39:232][205]LogLinker: Warning: Can't find file for asset '/Script/ApexDestruction' while loading ../../../../../../Users/b017403g/Desktop/Collab2019.git/trunk/TheDescent_Collab19/Content/Users/JAKUB/Blueprints/Actors/BreakableBoys/ventBreak.uasset.
[2019.05.28-12.07.39:232][205]LogLinker: Warning: Can't find file '/Script/ApexDestruction'
[2019.05.28-12.07.39:232][205]LogLinker: Warning: Can't find file for asset '/Script/ApexDestruction' while loading ../../../../../../Users/b017403g/Desktop/Collab2019.git/trunk/TheDescent_Collab19/Content/Users/JAKUB/Blueprints/Actors/BreakableBoys/ventBreak.uasset.
[2019.05.28-12.07.39:232][205]LogLinker: Warning: Unable to load breakVentTest_DM with outer Package /Game/Users/JAKUB/Blueprints/Actors/BreakableBoys/breakVentTest_DM because its class does not exist
[2019.05.28-12.07.39:232][205]LogLinker: Warning: Can't find file '/Script/ApexDestruction'
[2019.05.28-12.07.39:232][205]LogLinker: Warning: Can't find file for asset '/Script/ApexDestruction' while loading ../../../../../../Users/b017403g/Desktop/Collab2019.git/trunk/TheDescent_Collab19/Content/Users/JAKUB/Blueprints/Actors/BreakableBoys/ventBreak.uasset.
[2019.05.28-12.07.39:232][205]LogLinker: Warning: Can't find file '/Script/ApexDestruction'
[2019.05.28-12.07.39:232][205]LogLinker: Warning: Can't find file for asset '/Script/ApexDestruction' while loading ../../../../../../Users/b017403g/Desktop/Collab2019.git/trunk/TheDescent_Collab19/Content/Users/JAKUB/Blueprints/Actors/BreakableBoys/ventBreak.uasset.
[2019.05.28-12.07.39:233][205]LogLinker: Warning: Can't find file '/Script/ApexDestruction'
[2019.05.28-12.07.39:233][205]LogLinker: Warning: Can't find file for asset '/Script/ApexDestruction' while loading ../../../../../../Users/b017403g/Desktop/Collab2019.git/trunk/TheDescent_Collab19/Content/Users/JAKUB/Blueprints/Actors/BreakableBoys/ventBreak.uasset.
[2019.05.28-12.07.39:234][205]LogLinker: Warning: Can't find file '/Script/ApexDestruction'
[2019.05.28-12.07.39:234][205]LogLinker: Warning: Can't find file for asset '/Script/ApexDestruction' while loading ../../../../../../Users/b017403g/Desktop/Collab2019.git/trunk/TheDescent_Collab19/Content/Users/Josh/Weapons/Thwack.uasset.
[2019.05.28-12.07.39:235][205]LoadErrors: Error: /Game/Users/Josh/Weapons/Thwack : Can't find file for asset. /Script/ApexDestruction
[2019.05.28-12.07.39:235][205]LogLinker: Warning: Can't find file '/Script/ApexDestruction'
[2019.05.28-12.07.39:235][205]LogLinker: Warning: Can't find file for asset '/Script/ApexDestruction' while loading ../../../../../../Users/b017403g/Desktop/Collab2019.git/trunk/TheDescent_Collab19/Content/Users/Josh/Weapons/Thwack.uasset.
[2019.05.28-12.07.39:235][205]LogLinker: Warning: Can't find file '/Script/ApexDestruction'
[2019.05.28-12.07.39:235][205]LogLinker: Warning: Can't find file for asset '/Script/ApexDestruction' while loading ../../../../../../Users/b017403g/Desktop/Collab2019.git/trunk/TheDescent_Collab19/Content/Users/Josh/Weapons/Thwack.uasset.
[2019.05.28-12.07.39:236][205]LogLinker: Warning: Can't find file '/Script/ApexDestruction'
[2019.05.28-12.07.39:236][205]LoadErrors: Failed to load /Script/ApexDestruction.DestructibleComponent Referenced by K2Node_VariableGet_1
[2019.05.28-12.07.39:236][205]LogLinker: Warning: Can't find file for asset '/Script/ApexDestruction' while loading ../../../../../../Users/b017403g/Desktop/Collab2019.git/trunk/TheDescent_Collab19/Content/Users/Josh/Weapons/Thwack.uasset.
[2019.05.28-12.07.39:236][205]LogLinker: Warning: Can't find file '/Script/ApexDestruction'
[2019.05.28-12.07.39:236][205]LoadErrors: Failed to load /Script/ApexDestruction.DestructibleComponent Referenced by K2Node_VariableGet_0
[2019.05.28-12.07.39:237][205]LogLinker: Warning: Can't find file for asset '/Script/ApexDestruction' while loading ../../../../../../Users/b017403g/Desktop/Collab2019.git/trunk/TheDescent_Collab19/Content/Users/Josh/Weapons/Thwack.uasset.
[2019.05.28-12.07.39:237][205]LogLinker: Warning: Can't find file '/Script/ApexDestruction'
[2019.05.28-12.07.39:237][205]LoadErrors: Failed to load /Script/ApexDestruction.DestructibleComponent Referenced by K2Node_CallFunction_1
[2019.05.28-12.07.39:237][205]LogLinker: Warning: Can't find file for asset '/Script/ApexDestruction' while loading ../../../../../../Users/b017403g/Desktop/Collab2019.git/trunk/TheDescent_Collab19/Content/Users/Josh/Weapons/Thwack.uasset.
[2019.05.28-12.07.39:237][205]LogLinker: Warning: Can't find file '/Script/ApexDestruction'
[2019.05.28-12.07.39:237][205]LogLinker: Warning: Can't find file for asset '/Script/ApexDestruction' while loading ../../../../../../Users/b017403g/Desktop/Collab2019.git/trunk/TheDescent_Collab19/Content/Users/Josh/Weapons/Thwack.uasset.
[2019.05.28-12.07.39:237][205]LogLinker: Warning: Can't find file '/Script/ApexDestruction'
[2019.05.28-12.07.39:237][205]LoadErrors: Failed to load /Script/ApexDestruction.DestructibleComponent Referenced by K2Node_VariableGet_2
[2019.05.28-12.07.39:237][205]LogLinker: Warning: Can't find file for asset '/Script/ApexDestruction' while loading ../../../../../../Users/b017403g/Desktop/Collab2019.git/trunk/TheDescent_Collab19/Content/Users/Josh/Weapons/Thwack.uasset.
[2019.05.28-12.07.39:237][205]LogLinker: Warning: Can't find file '/Script/ApexDestruction'
[2019.05.28-12.07.39:238][205]LoadErrors: Failed to load /Script/ApexDestruction.DestructibleComponent Referenced by SCS_Node_1
[2019.05.28-12.07.39:238][205]LogLinker: Warning: Can't find file for asset '/Script/ApexDestruction' while loading ../../../../../../Users/b017403g/Desktop/Collab2019.git/trunk/TheDescent_Collab19/Content/Users/Josh/Weapons/Thwack.uasset.
[2019.05.28-12.07.39:238][205]LogLinker: Warning: Can't find file '/Script/ApexDestruction'
[2019.05.28-12.07.39:238][205]LogLinker: Warning: Can't find file for asset '/Script/ApexDestruction' while loading ../../../../../../Users/b017403g/Desktop/Collab2019.git/trunk/TheDescent_Collab19/Content/Users/Josh/Weapons/Thwack.uasset.
[2019.05.28-12.07.39:238][205]LogLinker: Warning: Can't find file '/Script/ApexDestruction'
[2019.05.28-12.07.39:238][205]LogLinker: Warning: Can't find file for asset '/Script/ApexDestruction' while loading ../../../../../../Users/b017403g/Desktop/Collab2019.git/trunk/TheDescent_Collab19/Content/Users/Josh/Weapons/Thwack.uasset.
[2019.05.28-12.07.39:238][205]LogLinker: Warning: Unable to load Destructible_GEN_VARIABLE with outer BlueprintGeneratedClass /Game/Users/JAKUB/Blueprints/Actors/BreakableBoys/ventBreak.ventBreak_C because its class does not exist
[2019.05.28-12.07.39:238][205]LogBlueprint: Warning: [Compiler ventBreak] Component class is not set for 'Destructible' - this component will not be instanced, and additional warnings or errors may occur when compiling Blueprint 'ventBreak'.
[2019.05.28-12.07.39:243][205]LogBlueprint: Error: [Compiler ventBreak] Can't connect pins  Destructible  and  Target : Object Reference is not compatible with Scene Component Object Reference.
[2019.05.28-12.07.39:243][205]LogBlueprint: Warning: [Compiler ventBreak] Could not find a variable named "Destructible" in 'ventBreak_C'.
Make sure 'ventBreak_C' has been compiled for  Get Destructible
[2019.05.28-12.07.39:243][205]LogBlueprint: Error: [Compiler ventBreak] Can't connect pins  Target  and  Destructible : Scene Component Object Reference is not compatible with Object Reference.
[2019.05.28-12.07.39:243][205]LogBlueprint: Error: [Compiler ventBreak] Can't connect pins  Target  and  Destructible : Gameplay Statics Object Reference is not compatible with Object Reference.
[2019.05.28-12.07.39:243][205]LogBlueprint: Warning: [Compiler ventBreak] Input pin  Damage Amount  specifying non-default value no longer exists on node  Apply Damage . Please refresh node or reset pin to default value to remove pin.
[2019.05.28-12.07.39:243][205]LogBlueprint: Error: [Compiler ventBreak] In use pin  Hit Location  no longer exists on node  Apply Damage . Please refresh node or break links to remove pin.
[2019.05.28-12.07.39:243][205]LogBlueprint: Error: [Compiler ventBreak] In use pin  Impulse Dir  no longer exists on node  Apply Damage . Please refresh node or break links to remove pin.
[2019.05.28-12.07.39:243][205]LogBlueprint: Warning: [Compiler ventBreak] Input pin  Impulse Strength  specifying non-default value no longer exists on node  Apply Damage . Please refresh node or reset pin to default value to remove pin.
[2019.05.28-12.07.39:243][205]LogBlueprint: Error: [Compiler ventBreak] Can't connect pins  Destructible  and  Target : Object Reference is not compatible with Gameplay Statics Object Reference.
[2019.05.28-12.07.39:243][205]LogBlueprint: Warning: [Compiler ventBreak] Could not find a variable named "Destructible" in 'ventBreak_C'.
Make sure 'ventBreak_C' has been compiled for  Get Destructible
[2019.05.28-12.07.39:243][205]LogBlueprint: Error: [Compiler ventBreak] Can't connect pins  Target  and  Destructible : Primitive Component Object Reference is not compatible with Object Reference.
[2019.05.28-12.07.39:243][205]LogBlueprint: Error: [Compiler ventBreak] Can't connect pins  Destructible  and  Target : Object Reference is not compatible with Primitive Component Object Reference.
[2019.05.28-12.07.39:244][205]LogBlueprint: Warning: [Compiler ventBreak] Could not find a variable named "Destructible" in 'ventBreak_C'.
Make sure 'ventBreak_C' has been compiled for  Get Destructible
[2019.05.28-12.07.39:244][205]LogBlueprint: Error: [Compiler ventBreak] The property associated with  Destructible  could not be found in '/Game/Users/JAKUB/Blueprints/Actors/BreakableBoys/ventBreak.ventBreak_C'
[2019.05.28-12.07.39:244][205]LogBlueprint: Error: [Compiler ventBreak] The property associated with  Destructible  could not be found in '/Game/Users/JAKUB/Blueprints/Actors/BreakableBoys/ventBreak.ventBreak_C'
[2019.05.28-12.07.39:245][205]LogBlueprint: Error: [Compiler ventBreak] The property associated with  Destructible  could not be found in '/Game/Users/JAKUB/Blueprints/Actors/BreakableBoys/ventBreak.ventBreak_C'
[2019.05.28-12.07.39:245][205]LogBlueprint: Warning: [Compiler ventBreak] [0029.08] Compile of ventBreak failed. 11 Fatal Issue(s) 6 Warning(s) [in 7 ms] (/Game/Users/JAKUB/Blueprints/Actors/BreakableBoys/ventBreak.ventBreak)
[2019.05.28-12.07.40:619][205]LogAIModule: Creating AISystem for world LevelOne
[2019.05.28-12.07.40:625][205]LogMaterial: Warning: Material /Game/Users/James/Materials/Computer/M_MasterComputer.M_MasterComputer needed to have new flag set bUsedWithStaticLighting !
[2019.05.28-12.07.40:655][205]LogMaterial: Display: Missing cached shader map for material M_MasterComputer, compiling. 
[2019.05.28-12.07.40:721][205]MapCheck: Warning: M_MasterComputer Material /Game/Users/James/Materials/Computer/M_MasterComputer.M_MasterComputer was missing the usage flag bUsedWithStaticLighting. If the material asset is not re-saved, it may not render correctly when run outside the editor. Fix
[2019.05.28-12.07.40:731][205]LogShaderCompilers: Display: Shaders left to compile 31
[2019.05.28-12.07.40:731][205]LogShaderCompilers: Display: Shaders left to compile 21
[2019.05.28-12.07.40:731][205]LogShaderCompilers: Display: Shaders left to compile 11
[2019.05.28-12.07.40:731][205]LogShaderCompilers: Display: Shaders left to compile 1
[2019.05.28-12.07.40:787][205]LogAssetEditorManager: Opening Asset editor for World /Game/Users/Niall/Levels/LevelOne.LevelOne
[2019.05.28-12.07.40:830][205]Cmd: MAP LOAD FILE="../../../../../../Users/b017403g/Desktop/Collab2019.git/trunk/TheDescent_Collab19/Content/Users/Niall/Levels/LevelOne.umap" TEMPLATE=0 SHOWPROGRESS=1 FEATURELEVEL=3
[2019.05.28-12.07.40:830][205]LightingResults: New page: Lighting Build
[2019.05.28-12.07.40:832][205]LoadErrors: New page: Loading map: LevelOne.umap
[2019.05.28-12.07.40:835][205]MapCheck: New page: Map Check
[2019.05.28-12.07.40:835][205]LightingResults: New page: Lighting Build
[2019.05.28-12.07.41:172][205]LogEditorServer: Finished looking for orphan Actors (0.000 secs)
[2019.05.28-12.07.41:348][205]Cmd: MAP CHECKDEP NOCLEARLOG
[2019.05.28-12.07.41:858][205]MapCheck: Map check complete: 0 Error(s), 0 Warning(s), took 509.485ms to complete.
[2019.05.28-12.07.41:860][205]LogFileHelpers: Loading map 'LevelOne' took 1.031
[2019.05.28-12.07.41:968][205]LoadErrors: Warning: CreateExport: Failed to load Outer for resource 'AssetImportData': DestructibleMesh /Game/Users/JAKUB/Blueprints/Actors/BreakableBoys/breakVentTest_DM.breakVentTest_DM
[2019.05.28-12.07.44:541][399]LogSlate: Window 'Message Log' being destroyed
[2019.05.28-12.07.44:545][399]LogSlate: Window 'Message Log' being destroyed
[2019.05.28-12.07.51:466][205]LogEditorViewport: Clicking on Actor (LMB): TaserNew_C (TaserNew2)
[2019.05.28-12.08.09:892][347]LogSlate: FSceneViewport::OnFocusLost() reason 0
[2019.05.28-12.08.22:827][852]LogSlate: FSceneViewport::OnFocusLost() reason 0
[2019.05.28-12.08.53:406][458]LogSlate: FSceneViewport::OnFocusLost() reason 2
[2019.05.28-12.08.54:265][542]LogSlate: FSceneViewport::OnFocusLost() reason 2
[2019.05.28-12.08.56:961][542]LogSavePackage: Moving '../../../../../../Users/b017403g/Desktop/Collab2019.git/trunk/TheDescent_Collab19/Saved/LevelOneCB84D31F4E40FA7CAF511DB1CD4B390A.tmp' to '../../../../../../Users/b017403g/Desktop/Collab2019.git/trunk/TheDescent_Collab19/Content/Users/Niall/Levels/LevelOne.umap'
[2019.05.28-12.08.57:064][542]LogFileHelpers: Saving map 'LevelOne' took 2.793
[2019.05.28-12.09.12:198][294]LogSlate: FSceneViewport::OnFocusLost() reason 0
[2019.05.28-12.09.12:848][371]LogTemp: Repeating last play command: Selected Viewport
[2019.05.28-12.09.12:879][371]LogPlayLevel: PlayLevel: No blueprints needed recompiling
[2019.05.28-12.09.14:511][371]LogSlate: Window 'Message' being destroyed
[2019.05.28-12.09.14:528][371]PIE: New page: PIE session: LevelOne (28 May 2019 14:09:14)
[2019.05.28-12.09.14:529][371]LogPlayLevel: Creating play world package: /Game/Users/Niall/Levels/UEDPIE_0_LevelOne
[2019.05.28-12.09.14:581][371]LogPlayLevel: PIE: StaticDuplicateObject took: (0.052362s)
[2019.05.28-12.09.14:582][371]LogAIModule: Creating AISystem for world LevelOne
[2019.05.28-12.09.14:582][371]LogPlayLevel: PIE: World Init took: (0.000772s)
[2019.05.28-12.09.14:582][371]LogPlayLevel: PIE: Created PIE world by copying editor world from /Game/Users/Niall/Levels/LevelOne.LevelOne to /Game/Users/Niall/Levels/UEDPIE_0_LevelOne.LevelOne (0.053400s)
[2019.05.28-12.09.14:627][371]LogInit: XAudio2 using 'Speakers (Realtek High Definition Audio)' : 2 channels at 48 kHz using 32 bits per sample (channel mask 0x3)
[2019.05.28-12.09.14:643][371]LogInit: FAudioDevice initialized.
[2019.05.28-12.09.14:643][371]LogSlate: FSceneViewport::OnFocusLost() reason 2
[2019.05.28-12.09.14:686][371]LogLoad: Game class is 'descentLevelGamemode_C'
[2019.05.28-12.09.14:730][371]LogWorld: Bringing World /Game/Users/Niall/Levels/UEDPIE_0_LevelOne.LevelOne up for play (max tick rate 0) at 2019.05.28-13.09.14
[2019.05.28-12.09.14:735][371]LogWorld: Bringing up level for play took: 0.045378
[2019.05.28-12.09.14:749][371]LogSpawn: Warning: SpawnActor failed because no class was specified
[2019.05.28-12.09.14:775][371]LogContentBrowser: Native class hierarchy updated for 'MovieSceneCapture' in 0.0006 seconds. Added 10 classes and 0 folders.
[2019.05.28-12.09.14:780][371]LogBlueprintUserMessages: [RagdollTest_2] Hello
[2019.05.28-12.09.14:781][371]LogBlueprintUserMessages: [RagdollTest2] Hello
[2019.05.28-12.09.14:786][371]PIE: Play in editor start time for /Game/Users/Niall/Levels/UEDPIE_0_LevelOne 2.116
[2019.05.28-12.09.28:860][ 26]LogBlueprintUserMessages: [TaserNew2_2] taser
[2019.05.28-12.09.35:595][833]LogSlate: Updating window title bar state: overlay mode, drag disabled, window buttons hidden, title bar hidden
[2019.05.28-12.09.35:635][833]LogPlayLevel: Display: Shutting down PIE online subsystems
[2019.05.28-12.09.35:659][833]LogSlate: Updating window title bar state: overlay mode, drag disabled, window buttons hidden, title bar hidden
[2019.05.28-12.09.35:708][835]LogPlayLevel: Display: Destroying online subsystem :Context_6
[2019.05.28-12.10.12:176][187]LogSlate: FSceneViewport::OnFocusLost() reason 0
[2019.05.28-12.10.23:006][433]LogSlate: FSceneViewport::OnFocusLost() reason 0
[2019.05.28-12.16.37:189][293]LogTemp: Repeating last play command: Selected Viewport
[2019.05.28-12.16.37:221][293]LogPlayLevel: PlayLevel: No blueprints needed recompiling
[2019.05.28-12.16.37:221][293]PIE: New page: PIE session: LevelOne (28 May 2019 14:16:37)
[2019.05.28-12.16.37:222][293]LogPlayLevel: Creating play world package: /Game/Users/Niall/Levels/UEDPIE_0_LevelOne
[2019.05.28-12.16.37:275][293]LogPlayLevel: PIE: StaticDuplicateObject took: (0.053138s)
[2019.05.28-12.16.37:275][293]LogAIModule: Creating AISystem for world LevelOne
[2019.05.28-12.16.37:276][293]LogPlayLevel: PIE: World Init took: (0.000763s)
[2019.05.28-12.16.37:276][293]LogPlayLevel: PIE: Created PIE world by copying editor world from /Game/Users/Niall/Levels/LevelOne.LevelOne to /Game/Users/Niall/Levels/UEDPIE_0_LevelOne.LevelOne (0.054103s)
[2019.05.28-12.16.37:315][293]LogInit: XAudio2 using 'Speakers (Realtek High Definition Audio)' : 2 channels at 48 kHz using 32 bits per sample (channel mask 0x3)
[2019.05.28-12.16.37:331][293]LogInit: FAudioDevice initialized.
[2019.05.28-12.16.37:362][293]LogLoad: Game class is 'descentLevelGamemode_C'
[2019.05.28-12.16.37:392][293]LogWorld: Bringing World /Game/Users/Niall/Levels/UEDPIE_0_LevelOne.LevelOne up for play (max tick rate 0) at 2019.05.28-13.16.37
[2019.05.28-12.16.37:394][293]LogWorld: Bringing up level for play took: 0.030697
[2019.05.28-12.16.37:407][293]LogSpawn: Warning: SpawnActor failed because no class was specified
[2019.05.28-12.16.37:410][293]LogBlueprintUserMessages: [RagdollTest_2] Hello
[2019.05.28-12.16.37:411][293]LogBlueprintUserMessages: [RagdollTest2] Hello
[2019.05.28-12.16.37:414][293]PIE: Play in editor start time for /Game/Users/Niall/Levels/UEDPIE_0_LevelOne 0.744
[2019.05.28-12.16.41:049][717]LogSlate: Updating window title bar state: overlay mode, drag disabled, window buttons hidden, title bar hidden
[2019.05.28-12.16.41:091][717]LogPlayLevel: Display: Shutting down PIE online subsystems
[2019.05.28-12.16.41:129][717]LogSlate: Updating window title bar state: overlay mode, drag disabled, window buttons hidden, title bar hidden
[2019.05.28-12.16.41:164][718]LogPlayLevel: Display: Destroying online subsystem :Context_7
[2019.05.28-12.20.36:631][944]LogSlate: FSceneViewport::OnFocusLost() reason 0
[2019.05.28-12.20.36:698][952]LogTemp: Repeating last play command: Selected Viewport
[2019.05.28-12.20.36:729][952]LogPlayLevel: PlayLevel: No blueprints needed recompiling
[2019.05.28-12.20.36:729][952]PIE: New page: PIE session: LevelOne (28 May 2019 14:20:36)
[2019.05.28-12.20.36:729][952]LogPlayLevel: Creating play world package: /Game/Users/Niall/Levels/UEDPIE_0_LevelOne
[2019.05.28-12.20.36:776][952]LogPlayLevel: PIE: StaticDuplicateObject took: (0.046188s)
[2019.05.28-12.20.36:776][952]LogAIModule: Creating AISystem for world LevelOne
[2019.05.28-12.20.36:777][952]LogPlayLevel: PIE: World Init took: (0.000759s)
[2019.05.28-12.20.36:777][952]LogPlayLevel: PIE: Created PIE world by copying editor world from /Game/Users/Niall/Levels/LevelOne.LevelOne to /Game/Users/Niall/Levels/UEDPIE_0_LevelOne.LevelOne (0.047152s)
[2019.05.28-12.20.36:813][952]LogInit: XAudio2 using 'Speakers (Realtek High Definition Audio)' : 2 channels at 48 kHz using 32 bits per sample (channel mask 0x3)
[2019.05.28-12.20.36:828][952]LogInit: FAudioDevice initialized.
[2019.05.28-12.20.36:859][952]LogLoad: Game class is 'descentLevelGamemode_C'
[2019.05.28-12.20.36:874][952]LogWorld: Bringing World /Game/Users/Niall/Levels/UEDPIE_0_LevelOne.LevelOne up for play (max tick rate 0) at 2019.05.28-13.20.36
[2019.05.28-12.20.36:876][952]LogWorld: Bringing up level for play took: 0.016140
[2019.05.28-12.20.36:888][952]LogSpawn: Warning: SpawnActor failed because no class was specified
[2019.05.28-12.20.36:891][952]LogBlueprintUserMessages: [RagdollTest_2] Hello
[2019.05.28-12.20.36:891][952]LogBlueprintUserMessages: [RagdollTest2] Hello
[2019.05.28-12.20.36:893][952]PIE: Play in editor start time for /Game/Users/Niall/Levels/UEDPIE_0_LevelOne 0.222
[2019.05.28-12.20.40:387][361]LogBlueprintUserMessages: [TaserNew2_2] taser
[2019.05.28-12.20.41:088][445]LogBlueprintUserMessages: [TaserNew2_2] taser
[2019.05.28-12.20.41:855][537]LogBlueprintUserMessages: [TaserNew2_2] taser
[2019.05.28-12.20.44:180][816]LogBlueprintUserMessages: [TaserNew2_2] taser
[2019.05.28-12.20.55:853][201]LogSlate: Updating window title bar state: overlay mode, drag disabled, window buttons hidden, title bar hidden
[2019.05.28-12.20.55:893][201]LogPlayLevel: Display: Shutting down PIE online subsystems
[2019.05.28-12.20.55:939][201]LogSlate: Updating window title bar state: overlay mode, drag disabled, window buttons hidden, title bar hidden
[2019.05.28-12.20.55:977][202]LogPlayLevel: Display: Destroying online subsystem :Context_8
[2019.05.28-12.20.59:540][626]LogSlate: FSceneViewport::OnFocusLost() reason 0
[2019.05.28-12.20.59:598][633]LogTemp: Repeating last play command: Selected Viewport
[2019.05.28-12.20.59:628][633]LogPlayLevel: PlayLevel: No blueprints needed recompiling
[2019.05.28-12.20.59:628][633]PIE: New page: PIE session: LevelOne (28 May 2019 14:20:59)
[2019.05.28-12.20.59:628][633]LogPlayLevel: Creating play world package: /Game/Users/Niall/Levels/UEDPIE_0_LevelOne
[2019.05.28-12.20.59:674][633]LogPlayLevel: PIE: StaticDuplicateObject took: (0.044939s)
[2019.05.28-12.20.59:675][633]LogAIModule: Creating AISystem for world LevelOne
[2019.05.28-12.20.59:675][633]LogPlayLevel: PIE: World Init took: (0.000646s)
[2019.05.28-12.20.59:675][633]LogPlayLevel: PIE: Created PIE world by copying editor world from /Game/Users/Niall/Levels/LevelOne.LevelOne to /Game/Users/Niall/Levels/UEDPIE_0_LevelOne.LevelOne (0.045756s)
[2019.05.28-12.20.59:716][633]LogInit: XAudio2 using 'Speakers (Realtek High Definition Audio)' : 2 channels at 48 kHz using 32 bits per sample (channel mask 0x3)
[2019.05.28-12.20.59:730][633]LogInit: FAudioDevice initialized.
[2019.05.28-12.20.59:760][633]LogLoad: Game class is 'descentLevelGamemode_C'
[2019.05.28-12.20.59:785][633]LogWorld: Bringing World /Game/Users/Niall/Levels/UEDPIE_0_LevelOne.LevelOne up for play (max tick rate 0) at 2019.05.28-13.20.59
[2019.05.28-12.20.59:788][633]LogWorld: Bringing up level for play took: 0.026627
[2019.05.28-12.20.59:799][633]LogSpawn: Warning: SpawnActor failed because no class was specified
[2019.05.28-12.20.59:802][633]LogBlueprintUserMessages: [RagdollTest_2] Hello
[2019.05.28-12.20.59:802][633]LogBlueprintUserMessages: [RagdollTest2] Hello
[2019.05.28-12.20.59:805][633]PIE: Play in editor start time for /Game/Users/Niall/Levels/UEDPIE_0_LevelOne 1.133
[2019.05.28-12.21.06:834][461]LogSlate: Updating window title bar state: overlay mode, drag disabled, window buttons hidden, title bar hidden
[2019.05.28-12.21.06:873][461]LogPlayLevel: Display: Shutting down PIE online subsystems
[2019.05.28-12.21.06:925][461]LogSlate: Updating window title bar state: overlay mode, drag disabled, window buttons hidden, title bar hidden
[2019.05.28-12.21.06:971][462]LogPlayLevel: Display: Destroying online subsystem :Context_9
[2019.05.28-12.21.10:314][860]LogSlate: FSceneViewport::OnFocusLost() reason 0
[2019.05.28-12.21.10:390][869]LogTemp: Repeating last play command: Selected Viewport
[2019.05.28-12.21.10:422][869]LogPlayLevel: PlayLevel: No blueprints needed recompiling
[2019.05.28-12.21.10:422][869]PIE: New page: PIE session: LevelOne (28 May 2019 14:21:10)
[2019.05.28-12.21.10:423][869]LogPlayLevel: Creating play world package: /Game/Users/Niall/Levels/UEDPIE_0_LevelOne
[2019.05.28-12.21.10:470][869]LogPlayLevel: PIE: StaticDuplicateObject took: (0.047569s)
[2019.05.28-12.21.10:471][869]LogAIModule: Creating AISystem for world LevelOne
[2019.05.28-12.21.10:471][869]LogPlayLevel: PIE: World Init took: (0.000664s)
[2019.05.28-12.21.10:471][869]LogPlayLevel: PIE: Created PIE world by copying editor world from /Game/Users/Niall/Levels/LevelOne.LevelOne to /Game/Users/Niall/Levels/UEDPIE_0_LevelOne.LevelOne (0.048452s)
[2019.05.28-12.21.10:501][869]LogInit: XAudio2 using 'Speakers (Realtek High Definition Audio)' : 2 channels at 48 kHz using 32 bits per sample (channel mask 0x3)
[2019.05.28-12.21.10:515][869]LogInit: FAudioDevice initialized.
[2019.05.28-12.21.10:545][869]LogLoad: Game class is 'descentLevelGamemode_C'
[2019.05.28-12.21.10:561][869]LogWorld: Bringing World /Game/Users/Niall/Levels/UEDPIE_0_LevelOne.LevelOne up for play (max tick rate 0) at 2019.05.28-13.21.10
[2019.05.28-12.21.10:562][869]LogWorld: Bringing up level for play took: 0.015778
[2019.05.28-12.21.10:575][869]LogSpawn: Warning: SpawnActor failed because no class was specified
[2019.05.28-12.21.10:580][869]LogBlueprintUserMessages: [RagdollTest_2] Hello
[2019.05.28-12.21.10:580][869]LogBlueprintUserMessages: [RagdollTest2] Hello
[2019.05.28-12.21.10:585][869]PIE: Play in editor start time for /Game/Users/Niall/Levels/UEDPIE_0_LevelOne -0.087
[2019.05.28-12.21.17:144][641]LogSlate: Updating window title bar state: overlay mode, drag disabled, window buttons hidden, title bar hidden
[2019.05.28-12.21.17:182][641]LogPlayLevel: Display: Shutting down PIE online subsystems
[2019.05.28-12.21.17:207][641]LogSlate: Updating window title bar state: overlay mode, drag disabled, window buttons hidden, title bar hidden
[2019.05.28-12.21.17:254][643]LogPlayLevel: Display: Destroying online subsystem :Context_10
[2019.05.28-12.21.21:039][ 92]LogSlate: FSceneViewport::OnFocusLost() reason 0
[2019.05.28-12.21.22:056][202]LogAssetEditorManager: Opening Asset editor for Blueprint /Game/Users/JAKUB/Blueprints/PawnsandCharacter/NewDrSkeng_USE.NewDrSkeng_USE
[2019.05.28-12.21.22:528][202]LogEnum: Warning: Enum name collision: 'Objectives::NewEnumerator8' is in both '/Game/Users/Dawid/Backup_21_05_2019/TestBlueprints/ObjectiveSystem/Objectives.Objectives' and '/Game/Users/Dawid/TestBlueprints/ObjectiveSystem/Objectives.Objectives'
[2019.05.28-12.21.22:528][202]LogEnum: Warning: Enum name collision: 'Objectives::NewEnumerator9' is in both '/Game/Users/Dawid/Backup_21_05_2019/TestBlueprints/ObjectiveSystem/Objectives.Objectives' and '/Game/Users/Dawid/TestBlueprints/ObjectiveSystem/Objectives.Objectives'
[2019.05.28-12.21.22:528][202]LogEnum: Warning: Enum name collision: 'Objectives::NewEnumerator10' is in both '/Game/Users/Dawid/Backup_21_05_2019/TestBlueprints/ObjectiveSystem/Objectives.Objectives' and '/Game/Users/Dawid/TestBlueprints/ObjectiveSystem/Objectives.Objectives'
[2019.05.28-12.21.22:528][202]LogEnum: Warning: Enum name collision: 'Objectives::NewEnumerator8' is in both '/Game/Users/Dawid/Backup_21_05_2019/TestBlueprints/ObjectiveSystem/Objectives.Objectives' and '/Game/Users/Dawid/TestBlueprints/ObjectiveSystem/Objectives.Objectives'
[2019.05.28-12.21.22:528][202]LogEnum: Warning: Enum name collision: 'Objectives::NewEnumerator9' is in both '/Game/Users/Dawid/Backup_21_05_2019/TestBlueprints/ObjectiveSystem/Objectives.Objectives' and '/Game/Users/Dawid/TestBlueprints/ObjectiveSystem/Objectives.Objectives'
[2019.05.28-12.21.22:528][202]LogEnum: Warning: Enum name collision: 'Objectives::NewEnumerator10' is in both '/Game/Users/Dawid/Backup_21_05_2019/TestBlueprints/ObjectiveSystem/Objectives.Objectives' and '/Game/Users/Dawid/TestBlueprints/ObjectiveSystem/Objectives.Objectives'
[2019.05.28-12.21.22:532][202]LogEnum: Warning: Enum name collision: 'SubObjectives::NewEnumerator0' is in both '/Game/Users/Dawid/Backup_21_05_2019/TestBlueprints/ObjectiveSystem/SubObjectives.SubObjectives' and '/Game/Users/Dawid/TestBlueprints/ObjectiveSystem/SubObjectives.SubObjectives'
[2019.05.28-12.21.22:532][202]LogEnum: Warning: Enum name collision: 'SubObjectives::NewEnumerator1' is in both '/Game/Users/Dawid/Backup_21_05_2019/TestBlueprints/ObjectiveSystem/SubObjectives.SubObjectives' and '/Game/Users/Dawid/TestBlueprints/ObjectiveSystem/SubObjectives.SubObjectives'
[2019.05.28-12.21.22:532][202]LogEnum: Warning: Enum name collision: 'SubObjectives::NewEnumerator2' is in both '/Game/Users/Dawid/Backup_21_05_2019/TestBlueprints/ObjectiveSystem/SubObjectives.SubObjectives' and '/Game/Users/Dawid/TestBlueprints/ObjectiveSystem/SubObjectives.SubObjectives'
[2019.05.28-12.21.22:532][202]LogEnum: Warning: Enum name collision: 'SubObjectives::NewEnumerator3' is in both '/Game/Users/Dawid/Backup_21_05_2019/TestBlueprints/ObjectiveSystem/SubObjectives.SubObjectives' and '/Game/Users/Dawid/TestBlueprints/ObjectiveSystem/SubObjectives.SubObjectives'
[2019.05.28-12.21.22:532][202]LogEnum: Warning: Enum name collision: 'SubObjectives::NewEnumerator4' is in both '/Game/Users/Dawid/Backup_21_05_2019/TestBlueprints/ObjectiveSystem/SubObjectives.SubObjectives' and '/Game/Users/Dawid/TestBlueprints/ObjectiveSystem/SubObjectives.SubObjectives'
[2019.05.28-12.21.22:532][202]LogEnum: Warning: Enum name collision: 'SubObjectives::NewEnumerator0' is in both '/Game/Users/Dawid/Backup_21_05_2019/TestBlueprints/ObjectiveSystem/SubObjectives.SubObjectives' and '/Game/Users/Dawid/TestBlueprints/ObjectiveSystem/SubObjectives.SubObjectives'
[2019.05.28-12.21.22:532][202]LogEnum: Warning: Enum name collision: 'SubObjectives::NewEnumerator1' is in both '/Game/Users/Dawid/Backup_21_05_2019/TestBlueprints/ObjectiveSystem/SubObjectives.SubObjectives' and '/Game/Users/Dawid/TestBlueprints/ObjectiveSystem/SubObjectives.SubObjectives'
[2019.05.28-12.21.22:532][202]LogEnum: Warning: Enum name collision: 'SubObjectives::NewEnumerator2' is in both '/Game/Users/Dawid/Backup_21_05_2019/TestBlueprints/ObjectiveSystem/SubObjectives.SubObjectives' and '/Game/Users/Dawid/TestBlueprints/ObjectiveSystem/SubObjectives.SubObjectives'
[2019.05.28-12.21.22:533][202]LogEnum: Warning: Enum name collision: 'SubObjectives::NewEnumerator3' is in both '/Game/Users/Dawid/Backup_21_05_2019/TestBlueprints/ObjectiveSystem/SubObjectives.SubObjectives' and '/Game/Users/Dawid/TestBlueprints/ObjectiveSystem/SubObjectives.SubObjectives'
[2019.05.28-12.21.22:533][202]LogEnum: Warning: Enum name collision: 'SubObjectives::NewEnumerator4' is in both '/Game/Users/Dawid/Backup_21_05_2019/TestBlueprints/ObjectiveSystem/SubObjectives.SubObjectives' and '/Game/Users/Dawid/TestBlueprints/ObjectiveSystem/SubObjectives.SubObjectives'
[2019.05.28-12.21.22:577][202]LogContentBrowser: Native class hierarchy updated for 'BlueprintGraph' in 0.0009 seconds. Added 116 classes and 0 folders.
[2019.05.28-12.21.23:741][202]LogSlate: Took 0.000477 seconds to synchronously load lazily loaded font '../../../Engine/Content/Slate/Fonts/Roboto-BoldCondensed.ttf' (158K)
[2019.05.28-12.21.24:427][203]LogSlate: Took 0.000307 seconds to synchronously load lazily loaded font '../../../Engine/Content/Slate/Fonts/Roboto-Italic.ttf' (157K)
[2019.05.28-12.29.17:307][889]LogSlate: Window 'TheDescent_Collab19 - Unreal Editor' being destroyed
[2019.05.28-12.29.17:557][890]Cmd: QUIT_EDITOR
[2019.05.28-12.29.18:367][890]LogWindowsTextInputMethodSystem: Display: IME system now deactivated.
[2019.05.28-12.29.18:396][890]LogExit: Preparing to exit.
[2019.05.28-12.29.19:081][890]LogExit: Editor shut down
[2019.05.28-12.29.19:082][890]LogExit: Transaction tracking system shut down
[2019.05.28-12.29.19:743][890]LogExit: Object subsystem successfully closed.
[2019.05.28-12.29.19:769][890]LogShaderCompilers: Display: Shaders left to compile 0
[2019.05.28-12.29.19:774][890]LogD3D11RHI: Shutdown
[2019.05.28-12.29.19:774][890]LogD3D11RHI: CleanupD3DDevice
[2019.05.28-12.29.19:777][890]LogD3D11RHI: ~FD3D11DynamicRHI
[2019.05.28-12.29.19:815][890]LogModuleManager: Shutting down and abandoning module BlueprintGraph (616)
[2019.05.28-12.29.19:816][890]LogModuleManager: Shutting down and abandoning module MovieSceneCapture (614)
[2019.05.28-12.29.19:816][890]LogModuleManager: Shutting down and abandoning module Voice (612)
[2019.05.28-12.29.19:816][890]LogModuleManager: Shutting down and abandoning module HierarchicalLODOutliner (610)
[2019.05.28-12.29.19:816][890]LogModuleManager: Shutting down and abandoning module SceneOutliner (608)
[2019.05.28-12.29.19:816][890]LogModuleManager: Shutting down and abandoning module AddContentDialog (606)
[2019.05.28-12.29.19:816][890]LogModuleManager: Shutting down and abandoning module WidgetCarousel (605)
[2019.05.28-12.29.19:816][890]LogModuleManager: Shutting down and abandoning module EditorWidgets (602)
[2019.05.28-12.29.19:816][890]LogModuleManager: Shutting down and abandoning module CollectionManager (600)
[2019.05.28-12.29.19:816][890]LogModuleManager: Shutting down and abandoning module StatsViewer (598)
[2019.05.28-12.29.19:816][890]LogModuleManager: Shutting down and abandoning module FoliageEdit (596)
[2019.05.28-12.29.19:816][890]LogModuleManager: Shutting down and abandoning module LandscapeEditor (594)
[2019.05.28-12.29.19:816][890]LogModuleManager: Shutting down and abandoning module MeshPaintMode (592)
[2019.05.28-12.29.19:816][890]LogModuleManager: Shutting down and abandoning module SceneDepthPickerMode (590)
[2019.05.28-12.29.19:816][890]LogModuleManager: Shutting down and abandoning module ActorPickerMode (588)
[2019.05.28-12.29.19:817][890]LogModuleManager: Shutting down and abandoning module GeometryMode (586)
[2019.05.28-12.29.19:817][890]LogModuleManager: Shutting down and abandoning module TextureAlignMode (584)
[2019.05.28-12.29.19:817][890]LogModuleManager: Shutting down and abandoning module BspMode (582)
[2019.05.28-12.29.19:817][890]LogModuleManager: Shutting down and abandoning module PIEPreviewDeviceProfileSelector (580)
[2019.05.28-12.29.19:817][890]LogModuleManager: Shutting down and abandoning module SequenceRecorderSections (578)
[2019.05.28-12.29.19:817][890]LogModuleManager: Shutting down and abandoning module AutomationWorker (576)
[2019.05.28-12.29.19:817][890]LogModuleManager: Shutting down and abandoning module AudioCaptureEditor (574)
[2019.05.28-12.29.19:817][890]LogModuleManager: Shutting down and abandoning module SequenceRecorder (573)
[2019.05.28-12.29.19:817][890]LogModuleManager: Shutting down and abandoning module MatineeToLevelSequence (570)
[2019.05.28-12.29.19:817][890]LogModuleManager: Shutting down and abandoning module LevelSequenceEditor (568)
[2019.05.28-12.29.19:817][890]LogModuleManager: Shutting down and abandoning module PlacementMode (567)
[2019.05.28-12.29.19:817][890]LogModuleManager: Shutting down and abandoning module MaterialEditor (566)
[2019.05.28-12.29.19:817][890]LogModuleManager: Shutting down and abandoning module WmfMediaFactory (562)
[2019.05.28-12.29.19:817][890]LogModuleManager: Shutting down and abandoning module WmfMediaEditor (560)
[2019.05.28-12.29.19:817][890]LogModuleManager: Shutting down and abandoning module MediaPlayerEditor (558)
[2019.05.28-12.29.19:817][890]LogModuleManager: Shutting down and abandoning module OpenExrWrapper (556)
[2019.05.28-12.29.19:817][890]LogModuleManager: Shutting down and abandoning module ImgMediaFactory (554)
[2019.05.28-12.29.19:817][890]LogModuleManager: Shutting down and abandoning module ImgMediaEditor (552)
[2019.05.28-12.29.19:817][890]LogModuleManager: Shutting down and abandoning module AvfMediaFactory (550)
[2019.05.28-12.29.19:817][890]LogModuleManager: Shutting down and abandoning module AvfMediaEditor (548)
[2019.05.28-12.29.19:817][890]LogModuleManager: Shutting down and abandoning module AndroidMediaFactory (546)
[2019.05.28-12.29.19:817][890]LogModuleManager: Shutting down and abandoning module AndroidMediaEditor (544)
[2019.05.28-12.29.19:817][890]LogModuleManager: Shutting down and abandoning module MagicLeapCameraPreviewFactory (542)
[2019.05.28-12.29.19:817][890]LogModuleManager: Shutting down and abandoning module MagicLeapMediaFactory (540)
[2019.05.28-12.29.19:817][890]LogModuleManager: Shutting down and abandoning module MagicLeapMediaEditor (538)
[2019.05.28-12.29.19:817][890]LogModuleManager: Shutting down and abandoning module CharacterAI (536)
[2019.05.28-12.29.19:817][890]LogModuleManager: Shutting down and abandoning module SmartSnapping (534)
[2019.05.28-12.29.19:817][890]LogModuleManager: Shutting down and abandoning module SessionServices (532)
[2019.05.28-12.29.19:817][890]LogModuleManager: Shutting down and abandoning module ViewportSnapping (530)
[2019.05.28-12.29.19:817][890]LogModuleManager: Shutting down and abandoning module ViewportInteraction (528)
[2019.05.28-12.29.19:817][890]LogModuleManager: Shutting down and abandoning module ClothPainter (526)
[2019.05.28-12.29.19:817][890]LogModuleManager: Shutting down and abandoning module SkeletalMeshEditor (525)
[2019.05.28-12.29.19:817][890]LogModuleManager: Shutting down and abandoning module LogVisualizer (522)
[2019.05.28-12.29.19:817][890]LogModuleManager: Shutting down and abandoning module IntroTutorials (520)
[2019.05.28-12.29.19:817][890]LogModuleManager: Shutting down and abandoning module GameProjectGeneration (519)
[2019.05.28-12.29.19:817][890]LogModuleManager: Shutting down and abandoning module LuminPlatformEditor (516)
[2019.05.28-12.29.19:818][890]LogModuleManager: Shutting down and abandoning module IOSPlatformEditor (514)
[2019.05.28-12.29.19:818][890]LogModuleManager: Shutting down and abandoning module HTML5PlatformEditor (512)
[2019.05.28-12.29.19:818][890]LogModuleManager: Shutting down and abandoning module AndroidPlatformEditor (510)
[2019.05.28-12.29.19:818][890]LogModuleManager: Shutting down and abandoning module AndroidDeviceDetection (509)
[2019.05.28-12.29.20:777][890]LogModuleManager: Shutting down and abandoning module WindowsPlatformEditor (506)
[2019.05.28-12.29.20:778][890]LogModuleManager: Shutting down and abandoning module LuminRuntimeSettings (504)
[2019.05.28-12.29.20:778][890]LogModuleManager: Shutting down and abandoning module IOSRuntimeSettings (502)
[2019.05.28-12.29.20:778][890]LogModuleManager: Shutting down and abandoning module AndroidRuntimeSettings (500)
[2019.05.28-12.29.20:778][890]LogModuleManager: Shutting down and abandoning module InputBindingEditor (498)
[2019.05.28-12.29.20:778][890]LogModuleManager: Shutting down and abandoning module MergeActors (496)
[2019.05.28-12.29.20:778][890]LogModuleManager: Shutting down and abandoning module LocalizationDashboard (494)
[2019.05.28-12.29.20:778][890]LogModuleManager: Shutting down and abandoning module LocalizationService (493)
[2019.05.28-12.29.20:778][890]LogModuleManager: Shutting down and abandoning module HardwareTargeting (490)
[2019.05.28-12.29.20:778][890]LogModuleManager: Shutting down and abandoning module DeviceProfileEditor (488)
[2019.05.28-12.29.20:778][890]LogModuleManager: Shutting down and abandoning module UndoHistory (486)
[2019.05.28-12.29.20:778][890]LogModuleManager: Shutting down and abandoning module XmlParser (484)
[2019.05.28-12.29.20:778][890]LogModuleManager: Shutting down and abandoning module Blutility (482)
[2019.05.28-12.29.20:778][890]LogModuleManager: Shutting down and abandoning module ProjectSettingsViewer (480)
[2019.05.28-12.29.20:778][890]LogModuleManager: Shutting down and abandoning module ProjectTargetPlatformEditor (479)
[2019.05.28-12.29.20:779][890]LogModuleManager: Shutting down and abandoning module EditorSettingsViewer (476)
[2019.05.28-12.29.20:779][890]LogModuleManager: Shutting down and abandoning module SettingsEditor (474)
[2019.05.28-12.29.20:779][890]LogModuleManager: Shutting down and abandoning module ProjectLauncher (472)
[2019.05.28-12.29.20:779][890]LogModuleManager: Shutting down and abandoning module SessionFrontend (470)
[2019.05.28-12.29.20:779][890]LogModuleManager: Shutting down and abandoning module ProfilerClient (468)
[2019.05.28-12.29.20:779][890]LogModuleManager: Shutting down and abandoning module DeviceManager (466)
[2019.05.28-12.29.20:779][890]LogModuleManager: Shutting down and abandoning module TargetDeviceServices (465)
[2019.05.28-12.29.20:844][890]LogModuleManager: Shutting down and abandoning module AutomationController (462)
[2019.05.28-12.29.20:844][890]LogModuleManager: Shutting down and abandoning module AutomationWindow (460)
[2019.05.28-12.29.20:844][890]LogModuleManager: Shutting down and abandoning module Layers (458)
[2019.05.28-12.29.20:844][890]LogModuleManager: Shutting down and abandoning module ComponentVisualizers (456)
[2019.05.28-12.29.20:844][890]LogModuleManager: Shutting down and abandoning module DetailCustomizations (454)
[2019.05.28-12.29.20:844][890]LogModuleManager: Shutting down and abandoning module PackagesDialog (452)
[2019.05.28-12.29.20:844][890]LogModuleManager: Shutting down and abandoning module Persona (450)
[2019.05.28-12.29.20:845][890]LogModuleManager: Shutting down and abandoning module AdvancedPreviewScene (449)
[2019.05.28-12.29.20:845][890]LogModuleManager: Shutting down and abandoning module AnimGraph (447)
[2019.05.28-12.29.20:845][890]LogModuleManager: Shutting down and abandoning module Kismet (444)
[2019.05.28-12.29.20:861][890]LogModuleManager: Shutting down and abandoning module GraphEditor (442)
[2019.05.28-12.29.20:861][890]LogModuleManager: Shutting down and abandoning module ClassViewer (440)
[2019.05.28-12.29.20:861][890]LogModuleManager: Shutting down and abandoning module Toolbox (438)
[2019.05.28-12.29.20:861][890]LogModuleManager: Shutting down and abandoning module ModuleUI (436)
[2019.05.28-12.29.20:862][890]LogModuleManager: Shutting down and abandoning module MovieSceneTools (434)
[2019.05.28-12.29.20:862][890]LogModuleManager: Shutting down and abandoning module OutputLog (432)
[2019.05.28-12.29.20:862][890]LogModuleManager: Shutting down and abandoning module GammaUI (430)
[2019.05.28-12.29.20:862][890]LogModuleManager: Shutting down and abandoning module Documentation (428)
[2019.05.28-12.29.20:862][890]LogModuleManager: Shutting down and abandoning module MovieSceneTracks (426)
[2019.05.28-12.29.20:862][890]LogModuleManager: Shutting down and abandoning module MovieScene (424)
[2019.05.28-12.29.20:862][890]LogModuleManager: Shutting down and abandoning module StreamingPauseRendering (422)
[2019.05.28-12.29.20:862][890]LogModuleManager: Shutting down and abandoning module LauncherPlatform (420)
[2019.05.28-12.29.20:862][890]LogModuleManager: Shutting down and abandoning module AnalyticsET (418)
[2019.05.28-12.29.20:862][890]LogModuleManager: Shutting down and abandoning module PortalServices (416)
[2019.05.28-12.29.20:862][890]LogModuleManager: Shutting down and abandoning module PortalRpc (414)
[2019.05.28-12.29.20:862][890]LogModuleManager: Shutting down and abandoning module MessagingRpc (412)
[2019.05.28-12.29.20:862][890]LogModuleManager: Shutting down and abandoning module AIModule (410)
[2019.05.28-12.29.20:862][890]LogModuleManager: Shutting down and abandoning module GameplayDebugger (409)
[2019.05.28-12.29.20:863][890]LogModuleManager: Shutting down and abandoning module AITestSuite (407)
[2019.05.28-12.29.20:863][890]LogModuleManager: Shutting down and abandoning module NavigationSystem (405)
[2019.05.28-12.29.20:863][890]LogModuleManager: Shutting down and abandoning module DesktopPlatform (402)
[2019.05.28-12.29.20:863][890]LogModuleManager: Shutting down and abandoning module ProfilerService (400)
[2019.05.28-12.29.21:093][890]LogModuleManager: Shutting down and abandoning module TaskGraph (398)
[2019.05.28-12.29.21:093][890]LogModuleManager: Shutting down and abandoning module SteamVRController (396)
[2019.05.28-12.29.21:093][890]LogModuleManager: Shutting down and abandoning module ProceduralMeshComponentEditor (394)
[2019.05.28-12.29.21:093][890]LogModuleManager: Shutting down and abandoning module ProceduralMeshComponent (392)
[2019.05.28-12.29.21:093][890]LogModuleManager: Shutting down and abandoning module OculusInput (390)
[2019.05.28-12.29.21:093][890]LogModuleManager: Shutting down and abandoning module MobilePatchingUtils (388)
[2019.05.28-12.29.21:093][890]LogModuleManager: Shutting down and abandoning module EditableMesh (386)
[2019.05.28-12.29.21:093][890]LogModuleManager: Shutting down and abandoning module CustomMeshComponent (384)
[2019.05.28-12.29.21:093][890]LogModuleManager: Shutting down and abandoning module CableComponent (382)
[2019.05.28-12.29.21:093][890]LogModuleManager: Shutting down and abandoning module AudioCapture (380)
[2019.05.28-12.29.21:093][890]LogModuleManager: Shutting down and abandoning module ArchVisCharacter (378)
[2019.05.28-12.29.21:093][890]LogModuleManager: Shutting down and abandoning module AndroidPermission (376)
[2019.05.28-12.29.21:093][890]LogModuleManager: Shutting down and abandoning module NUTUnrealEngine4 (374)
[2019.05.28-12.29.21:094][890]LogModuleManager: Shutting down and abandoning module NetcodeUnitTest (372)
[2019.05.28-12.29.21:094][890]LogModuleManager: Shutting down and abandoning module MediaCompositingEditor (370)
[2019.05.28-12.29.21:094][890]LogModuleManager: Shutting down and abandoning module MediaCompositing (368)
[2019.05.28-12.29.21:094][890]LogModuleManager: Shutting down and abandoning module LinearTimecode (366)
[2019.05.28-12.29.21:094][890]LogModuleManager: Shutting down and abandoning module ImgMedia (364)
[2019.05.28-12.29.21:101][890]LogModuleManager: Shutting down and abandoning module HTML5Networking (362)
[2019.05.28-12.29.21:101][890]LogModuleManager: Shutting down and abandoning module GeometryCacheTracks (360)
[2019.05.28-12.29.21:101][890]LogModuleManager: Shutting down and abandoning module GeometryCacheSequencer (358)
[2019.05.28-12.29.21:101][890]LogModuleManager: Shutting down and abandoning module BackChannel (356)
[2019.05.28-12.29.21:101][890]LogModuleManager: Shutting down and abandoning module AppleVision (354)
[2019.05.28-12.29.21:101][890]LogModuleManager: Shutting down and abandoning module AppleImageUtils (352)
[2019.05.28-12.29.21:101][890]LogModuleManager: Shutting down and abandoning module AlembicImporter (350)
[2019.05.28-12.29.21:101][890]LogModuleManager: Shutting down and abandoning module AlembicLibrary (349)
[2019.05.28-12.29.21:101][890]LogModuleManager: Shutting down and abandoning module GeometryCache (348)
[2019.05.28-12.29.21:101][890]LogModuleManager: Shutting down and abandoning module GeometryCacheEd (347)
[2019.05.28-12.29.21:101][890]LogModuleManager: Shutting down and abandoning module DatasmithContentEditor (342)
[2019.05.28-12.29.21:101][890]LogModuleManager: Shutting down and abandoning module DatasmithContent (340)
[2019.05.28-12.29.21:103][890]LogModuleManager: Shutting down and abandoning module SpeedTreeImporter (338)
[2019.05.28-12.29.21:103][890]LogModuleManager: Shutting down and abandoning module PluginBrowser (336)
[2019.05.28-12.29.21:104][890]LogModuleManager: Shutting down and abandoning module MobileLauncherProfileWizard (334)
[2019.05.28-12.29.21:104][890]LogModuleManager: Shutting down and abandoning module PolygonModeling (332)
[2019.05.28-12.29.21:104][890]LogModuleManager: Shutting down and abandoning module MeshEditor (330)
[2019.05.28-12.29.21:105][890]LogModuleManager: Shutting down and abandoning module CryptoKeysOpenSSL (328)
[2019.05.28-12.29.21:105][890]LogModuleManager: Shutting down and abandoning module CryptoKeys (326)
[2019.05.28-12.29.21:105][890]LogModuleManager: Shutting down and abandoning module VisualStudioSourceCodeAccess (324)
[2019.05.28-12.29.21:105][890]LogModuleManager: Shutting down and abandoning module VisualStudioCodeSourceCodeAccess (322)
[2019.05.28-12.29.21:105][890]LogModuleManager: Shutting down and abandoning module UObjectPlugin (320)
[2019.05.28-12.29.21:105][890]LogModuleManager: Shutting down and abandoning module SubversionSourceControl (318)
[2019.05.28-12.29.21:105][890]LogModuleManager: Shutting down and abandoning module PerforceSourceControl (316)
[2019.05.28-12.29.21:105][890]LogModuleManager: Shutting down and abandoning module GitSourceControl (314)
[2019.05.28-12.29.21:105][890]LogModuleManager: Shutting down and abandoning module SourceControl (313)
[2019.05.28-12.29.21:105][890]LogModuleManager: Shutting down and abandoning module CLionSourceCodeAccess (310)
[2019.05.28-12.29.21:105][890]LogModuleManager: Shutting down and abandoning module LightPropagationVolumeEditor (308)
[2019.05.28-12.29.21:106][890]LogModuleManager: Shutting down and abandoning module PaperTiledImporter (306)
[2019.05.28-12.29.21:106][890]LogModuleManager: Shutting down and abandoning module PaperSpriteSheetImporter (304)
[2019.05.28-12.29.21:106][890]LogModuleManager: Shutting down and abandoning module Paper2DEditor (302)
[2019.05.28-12.29.21:106][890]LogModuleManager: Shutting down and abandoning module MeshPaint (301)
[2019.05.28-12.29.21:106][890]LogModuleManager: Shutting down and abandoning module RuntimePhysXCooking (298)
[2019.05.28-12.29.21:106][890]LogModuleManager: Shutting down and abandoning module PhysXVehiclesEditor (296)
[2019.05.28-12.29.21:106][890]LogModuleManager: Shutting down and abandoning module PhysXVehicles (294)
[2019.05.28-12.29.21:106][890]LogModuleManager: Shutting down and abandoning module OculusEditor (292)
[2019.05.28-12.29.21:106][890]LogModuleManager: Shutting down and abandoning module LocationServicesBPLibrary (290)
[2019.05.28-12.29.21:106][890]LogModuleManager: Shutting down and abandoning module ImmediatePhysicsEditor (288)
[2019.05.28-12.29.21:106][890]LogModuleManager: Shutting down and abandoning module ImmediatePhysics (286)
[2019.05.28-12.29.21:106][890]LogModuleManager: Shutting down and abandoning module ActorSequence (284)
[2019.05.28-12.29.21:106][890]LogModuleManager: Shutting down and abandoning module UdpMessaging (282)
[2019.05.28-12.29.21:207][890]LogModuleManager: Shutting down and abandoning module TcpMessaging (280)
[2019.05.28-12.29.21:308][890]LogModuleManager: Shutting down and abandoning module MagicLeapAudio (278)
[2019.05.28-12.29.21:308][890]LogModuleManager: Shutting down and abandoning module GameplayTagsEditor (276)
[2019.05.28-12.29.21:308][890]LogModuleManager: Shutting down and abandoning module FacialAnimationEditor (274)
[2019.05.28-12.29.21:308][890]LogModuleManager: Shutting down and abandoning module FacialAnimation (272)
[2019.05.28-12.29.21:308][890]LogModuleManager: Shutting down and abandoning module DataValidation (270)
[2019.05.28-12.29.21:308][890]LogModuleManager: Shutting down and abandoning module AssetManagerEditor (268)
[2019.05.28-12.29.21:308][890]LogModuleManager: Shutting down and abandoning module LevelEditor (267)
[2019.05.28-12.29.21:310][890]LogModuleManager: Shutting down and abandoning module PixelInspectorModule (266)
[2019.05.28-12.29.21:310][890]LogModuleManager: Shutting down and abandoning module CommonMenuExtensions (264)
[2019.05.28-12.29.21:310][890]LogModuleManager: Shutting down and abandoning module MainFrame (262)
[2019.05.28-12.29.21:310][890]LogModuleManager: Shutting down and abandoning module HotReload (261)
[2019.05.28-12.29.21:311][890]LogModuleManager: Shutting down and abandoning module ContentBrowser (257)
[2019.05.28-12.29.21:313][890]LogModuleManager: Shutting down and abandoning module TreeMap (255)
[2019.05.28-12.29.21:314][890]LogModuleManager: Shutting down and abandoning module LightPropagationVolumeRuntime (252)
[2019.05.28-12.29.21:314][890]LogModuleManager: Shutting down and abandoning module AISupportModule (250)
[2019.05.28-12.29.21:314][890]LogModuleManager: Shutting down and abandoning module Paper2D (248)
[2019.05.28-12.29.21:314][890]LogModuleManager: Shutting down and abandoning module WindowsMoviePlayer (246)
[2019.05.28-12.29.21:314][890]LogModuleManager: Shutting down and abandoning module WmfMedia (244)
[2019.05.28-12.29.21:316][890]LogModuleManager: Shutting down and abandoning module Media (243)
[2019.05.28-12.29.21:323][890]LogModuleManager: Shutting down and abandoning module PacketHandler (240)
[2019.05.28-12.29.21:323][890]LogModuleManager: Shutting down and abandoning module ClothingSystemEditor (238)
[2019.05.28-12.29.21:323][890]LogModuleManager: Shutting down and abandoning module ClothingSystemRuntime (236)
[2019.05.28-12.29.21:323][890]LogModuleManager: Shutting down and abandoning module MediaAssets (234)
[2019.05.28-12.29.21:323][890]LogModuleManager: Shutting down and abandoning module Overlay (232)
[2019.05.28-12.29.21:323][890]LogModuleManager: Shutting down and abandoning module OverlayEditor (231)
[2019.05.28-12.29.21:323][890]LogModuleManager: Shutting down and abandoning module VREditor (228)
[2019.05.28-12.29.21:323][890]LogModuleManager: Shutting down and abandoning module StringTableEditor (226)
[2019.05.28-12.29.21:323][890]LogModuleManager: Shutting down and abandoning module GameplayTasksEditor (224)
[2019.05.28-12.29.21:323][890]LogModuleManager: Shutting down and abandoning module BehaviorTreeEditor (222)
[2019.05.28-12.29.21:323][890]LogModuleManager: Shutting down and abandoning module FunctionalTesting (220)
[2019.05.28-12.29.21:323][890]LogModuleManager: Shutting down and abandoning module CollisionAnalyzer (218)
[2019.05.28-12.29.21:323][890]LogModuleManager: Shutting down and abandoning module WorkspaceMenuStructure (217)
[2019.05.28-12.29.21:323][890]LogModuleManager: Shutting down and abandoning module UMG (214)
[2019.05.28-12.29.21:323][890]LogModuleManager: Shutting down and abandoning module UMGEditor (213)
[2019.05.28-12.29.21:325][890]LogModuleManager: Shutting down and abandoning module Sequencer (212)
[2019.05.28-12.29.21:325][890]LogModuleManager: Shutting down and abandoning module MessageLog (209)
[2019.05.28-12.29.21:325][890]LogModuleManager: Shutting down and abandoning module SlateReflector (204)
[2019.05.28-12.29.21:325][890]LogModuleManager: Shutting down and abandoning module Slate (202)
[2019.05.28-12.29.21:325][890]LogModuleManager: Shutting down and abandoning module EditorStyle (200)
[2019.05.28-12.29.21:329][890]LogModuleManager: Shutting down and abandoning module MRMesh (198)
[2019.05.28-12.29.21:329][890]LogModuleManager: Shutting down and abandoning module SourceCodeAccess (196)
[2019.05.28-12.29.21:329][890]LogModuleManager: Shutting down and abandoning module HeadMountedDisplay (194)
[2019.05.28-12.29.21:329][890]LogModuleManager: Shutting down and abandoning module XAudio2 (192)
[2019.05.28-12.29.21:329][890]LogModuleManager: Shutting down and abandoning module Networking (190)
[2019.05.28-12.29.21:329][890]LogModuleManager: Shutting down and abandoning module Core (188)
[2019.05.28-12.29.21:329][890]LogModuleManager: Shutting down and abandoning module LevelSequence (186)
[2019.05.28-12.29.21:329][890]LogModuleManager: Shutting down and abandoning module KismetCompiler (184)
[2019.05.28-12.29.21:329][890]LogModuleManager: Shutting down and abandoning module MeshUtilities (182)
[2019.05.28-12.29.21:330][890]LogModuleManager: Shutting down and abandoning module MeshMergeUtilities (181)
[2019.05.28-12.29.21:330][890]LogModuleManager: Shutting down and abandoning module MeshReductionInterface (180)
[2019.05.28-12.29.21:330][890]LogModuleManager: Shutting down and abandoning module SimplygonSwarm (179)
[2019.05.28-12.29.21:330][890]LogModuleManager: Shutting down and abandoning module ProxyLODMeshReduction (177)
[2019.05.28-12.29.21:330][890]LogModuleManager: Shutting down and abandoning module SimplygonMeshReduction (175)
[2019.05.28-12.29.21:330][890]LogModuleManager: Shutting down and abandoning module QuadricMeshReduction (173)
[2019.05.28-12.29.21:330][890]LogModuleManager: Shutting down and abandoning module MaterialBaking (169)
[2019.05.28-12.29.21:330][890]LogModuleManager: Shutting down and abandoning module DirectoryWatcher (165)
[2019.05.28-12.29.21:330][890]LogModuleManager: Shutting down and abandoning module DerivedDataCache (162)
[2019.05.28-12.29.21:344][890]LogDerivedDataCache: Shutdown
[2019.05.28-12.29.21:344][890]LogModuleManager: Shutting down and abandoning module XGEController (160)
[2019.05.28-12.29.21:344][890]LogXGEController: Cleaning working directory: C:/Users/b017403g/AppData/Local/Temp/UnrealXGEWorkingDir/
[2019.05.28-12.29.21:345][890]LogModuleManager: Shutting down and abandoning module TargetPlatform (158)
[2019.05.28-12.29.21:345][890]LogModuleManager: Shutting down and abandoning module VulkanShaderFormat (157)
[2019.05.28-12.29.21:345][890]LogModuleManager: Shutting down and abandoning module ShaderFormatVectorVM (155)
[2019.05.28-12.29.21:345][890]LogModuleManager: Shutting down and abandoning module ShaderFormatOpenGL (153)
[2019.05.28-12.29.21:345][890]LogModuleManager: Shutting down and abandoning module ShaderFormatD3D (151)
[2019.05.28-12.29.21:345][890]LogModuleManager: Shutting down and abandoning module MetalShaderFormat (149)
[2019.05.28-12.29.21:345][890]LogModuleManager: Shutting down and abandoning module TextureFormatUncompressed (147)
[2019.05.28-12.29.21:345][890]LogModuleManager: Shutting down and abandoning module TextureFormatPVR (145)
[2019.05.28-12.29.21:345][890]LogModuleManager: Shutting down and abandoning module TextureFormatDXT (143)
[2019.05.28-12.29.21:345][890]LogModuleManager: Shutting down and abandoning module TextureFormatIntelISPCTexComp (141)
[2019.05.28-12.29.21:346][890]LogModuleManager: Shutting down and abandoning module TextureFormatASTC (139)
[2019.05.28-12.29.21:346][890]LogModuleManager: Shutting down and abandoning module ImageWrapper (138)
[2019.05.28-12.29.21:346][890]LogModuleManager: Shutting down and abandoning module TextureFormatAndroid (135)
[2019.05.28-12.29.21:346][890]LogModuleManager: Shutting down and abandoning module AudioFormatOpus (133)
[2019.05.28-12.29.21:346][890]LogModuleManager: Shutting down and abandoning module AudioFormatOgg (131)
[2019.05.28-12.29.21:346][890]LogModuleManager: Shutting down and abandoning module AudioFormatADPCM (129)
[2019.05.28-12.29.21:346][890]LogModuleManager: Shutting down and abandoning module LuminTargetPlatform (127)
[2019.05.28-12.29.21:346][890]LogModuleManager: Shutting down and abandoning module LinuxTargetPlatform (125)
[2019.05.28-12.29.21:346][890]LogModuleManager: Shutting down and abandoning module LinuxServerTargetPlatform (123)
[2019.05.28-12.29.21:346][890]LogModuleManager: Shutting down and abandoning module LinuxNoEditorTargetPlatform (121)
[2019.05.28-12.29.21:346][890]LogModuleManager: Shutting down and abandoning module LinuxClientTargetPlatform (119)
[2019.05.28-12.29.21:346][890]LogModuleManager: Shutting down and abandoning module TVOSTargetPlatform (117)
[2019.05.28-12.29.21:348][890]LogModuleManager: Shutting down and abandoning module Messaging (115)
[2019.05.28-12.29.21:348][890]LogModuleManager: Shutting down and abandoning module IOSTargetPlatform (113)
[2019.05.28-12.29.21:350][890]LogModuleManager: Shutting down and abandoning module HTML5TargetPlatform (111)
[2019.05.28-12.29.21:350][890]LogModuleManager: Shutting down and abandoning module AndroidTargetPlatform (109)
[2019.05.28-12.29.21:363][890]LogModuleManager: Shutting down and abandoning module WindowsTargetPlatform (107)
[2019.05.28-12.29.21:363][890]LogModuleManager: Shutting down and abandoning module WindowsServerTargetPlatform (105)
[2019.05.28-12.29.21:363][890]LogModuleManager: Shutting down and abandoning module WindowsNoEditorTargetPlatform (103)
[2019.05.28-12.29.21:363][890]LogModuleManager: Shutting down and abandoning module WindowsClientTargetPlatform (101)
[2019.05.28-12.29.21:363][890]LogModuleManager: Shutting down and abandoning module MacTargetPlatform (99)
[2019.05.28-12.29.21:363][890]LogModuleManager: Shutting down and abandoning module MacServerTargetPlatform (97)
[2019.05.28-12.29.21:363][890]LogModuleManager: Shutting down and abandoning module MacNoEditorTargetPlatform (95)
[2019.05.28-12.29.21:363][890]LogModuleManager: Shutting down and abandoning module MacClientTargetPlatform (93)
[2019.05.28-12.29.21:364][890]LogModuleManager: Shutting down and abandoning module AllDesktopTargetPlatform (91)
[2019.05.28-12.29.21:364][890]LogModuleManager: Shutting down and abandoning module InputCore (88)
[2019.05.28-12.29.21:364][890]LogModuleManager: Shutting down and abandoning module Settings (86)
[2019.05.28-12.29.21:364][890]LogModuleManager: Shutting down and abandoning module PhysXCooking (84)
[2019.05.28-12.29.21:364][890]LogModuleManager: Shutting down and abandoning module SteamVR (82)
[2019.05.28-12.29.21:364][890]LogModuleManager: Shutting down and abandoning module OculusHMD (80)
[2019.05.28-12.29.21:364][890]LogModuleManager: Shutting down and abandoning module ExampleDeviceProfileSelector (78)
[2019.05.28-12.29.21:364][890]LogModuleManager: Shutting down and abandoning module LauncherChunkInstaller (76)
[2019.05.28-12.29.21:364][890]LogModuleManager: Shutting down and abandoning module OnlineBlueprintSupport (74)
[2019.05.28-12.29.21:364][890]LogModuleManager: Shutting down and abandoning module OnlineSubsystem (70)
[2019.05.28-12.29.21:365][890]LogModuleManager: Shutting down and abandoning module XMPP (65)
[2019.05.28-12.29.21:366][890]LogModuleManager: Shutting down and abandoning module WebSockets (64)
[2019.05.28-12.29.21:397][890]LogModuleManager: Shutting down and abandoning module HTTP (61)
[2019.05.28-12.29.21:397][890]LogHttp: Display: Http module shutting down, but needs to wait on 1 outstanding Http requests:
[2019.05.28-12.29.21:397][890]LogHttp: Display: 	verb=[POST] url=[https://datarouter.ol.epicgames.com/datarouter/api/v1/public/data?SessionID=%7B127B1163-4307-FFDB-6876-C792B4AEB836%7D&AppID=UEEditor.Rocket.Release&AppVersion=4.20.3-4369336%2B%2B%2BUE4%2BRelease-4.20&UserID=a3eef68e42b53f1066b3c090843c32da%7C%7C96da6f7b-1f7d-4ae3-8fec-5719838ff1c3&AppEnvironment=datacollector-binary&UploadType=eteventstream] status=Processing
[2019.05.28-12.29.21:428][890]LogModuleManager: Shutting down and abandoning module SSL (60)
[2019.05.28-12.29.21:431][890]LogModuleManager: Shutting down and abandoning module MagicLeapEmulator (56)
[2019.05.28-12.29.21:431][890]LogModuleManager: Shutting down and abandoning module MagicLeapPrivileges (54)
[2019.05.28-12.29.21:431][890]LogModuleManager: Shutting down and abandoning module MagicLeapIdentity (52)
[2019.05.28-12.29.21:431][890]LogModuleManager: Shutting down and abandoning module MagicLeapHelperVulkan (50)
[2019.05.28-12.29.21:431][890]LogModuleManager: Shutting down and abandoning module MagicLeapHelperOpenGL (48)
[2019.05.28-12.29.21:431][890]LogModuleManager: Shutting down and abandoning module MagicLeapSecureStorage (46)
[2019.05.28-12.29.21:431][890]LogModuleManager: Shutting down and abandoning module MagicLeapGestures (44)
[2019.05.28-12.29.21:431][890]LogModuleManager: Shutting down and abandoning module MagicLeapEyeTracker (42)
[2019.05.28-12.29.21:431][890]LogModuleManager: Shutting down and abandoning module MagicLeapController (40)
[2019.05.28-12.29.21:432][890]LogSlate: Slate User Destroyed.  User Index 0, Is Virtual User: 0
[2019.05.28-12.29.21:432][890]LogModuleManager: Shutting down and abandoning module MagicLeap (38)
[2019.05.28-12.29.21:432][890]LogModuleManager: Shutting down and abandoning module AnimationModifiers (36)
[2019.05.28-12.29.21:433][890]LogModuleManager: Shutting down and abandoning module PropertyEditor (35)
[2019.05.28-12.29.21:433][890]LogModuleManager: Shutting down and abandoning module AudioEditor (32)
[2019.05.28-12.29.21:433][890]LogModuleManager: Shutting down and abandoning module TextureCompressor (30)
[2019.05.28-12.29.21:433][890]LogModuleManager: Shutting down and abandoning module ShaderCore (28)
[2019.05.28-12.29.21:433][890]LogModuleManager: Shutting down and abandoning module Landscape (26)
[2019.05.28-12.29.21:434][890]LogModuleManager: Shutting down and abandoning module SlateRHIRenderer (24)
[2019.05.28-12.29.21:435][890]LogModuleManager: Shutting down and abandoning module OpenGLDrv (22)
[2019.05.28-12.29.21:435][890]LogModuleManager: Shutting down and abandoning module D3D11RHI (20)
[2019.05.28-12.29.21:435][890]LogModuleManager: Shutting down and abandoning module AnimGraphRuntime (18)
[2019.05.28-12.29.21:435][890]LogModuleManager: Shutting down and abandoning module Renderer (16)
[2019.05.28-12.29.21:435][890]LogModuleManager: Shutting down and abandoning module Engine (14)
[2019.05.28-12.29.21:435][890]LogModuleManager: Shutting down and abandoning module CoreUObject (12)
[2019.05.28-12.29.21:435][890]LogModuleManager: Shutting down and abandoning module NetworkFile (10)
[2019.05.28-12.29.21:435][890]LogModuleManager: Shutting down and abandoning module CookedIterativeFile (8)
[2019.05.28-12.29.21:435][890]LogModuleManager: Shutting down and abandoning module StreamingFile (6)
[2019.05.28-12.29.21:435][890]LogModuleManager: Shutting down and abandoning module SandboxFile (4)
[2019.05.28-12.29.21:435][890]LogModuleManager: Shutting down and abandoning module PakFile (2)
[2019.05.28-12.29.21:450][890]LogExit: Exiting.
[2019.05.28-12.29.21:457][890]Log file closed, 05/28/19 13:29:21
