Log file open, 01/08/19 10:06:29
LogWindows: Failed to load 'aqProf.dll' (GetLastError=126)
LogWindows: File 'aqProf.dll' does not exist
LogWindows: Failed to load 'VSPerf140.dll' (GetLastError=126)
LogWindows: File 'VSPerf140.dll' does not exist
LogWindows: Failed to load 'VtuneApi.dll' (GetLastError=126)
LogWindows: File 'VtuneApi.dll' does not exist
LogWindows: Failed to load 'VtuneApi32e.dll' (GetLastError=126)
LogWindows: File 'VtuneApi32e.dll' does not exist
LogInit: Display: Running engine for game: TheDescent_Collab19
LogPlatformFile: Not using cached read wrapper
LogTaskGraph: Started task graph with 5 named threads and 23 total threads with 3 sets of task threads.
LogStats: Stats thread started at 0.333671
LogD3D11RHI: Loaded GFSDK_Aftermath_Lib.x64.dll
LogICUInternationalization: Display: ICU TimeZone Detection - Raw Offset: +0:00, Platform Override: ''
LogPluginManager: Mounting plugin Paper2D
LogPluginManager: Mounting plugin AISupport
LogPluginManager: Mounting plugin LightPropagationVolume
LogPluginManager: Mounting plugin CLionSourceCodeAccess
LogPluginManager: Mounting plugin CodeLiteSourceCodeAccess
LogPluginManager: Mounting plugin GitSourceControl
LogPluginManager: Mounting plugin KDevelopSourceCodeAccess
LogPluginManager: Mounting plugin NullSourceCodeAccess
LogPluginManager: Mounting plugin PerforceSourceControl
LogPluginManager: Mounting plugin SubversionSourceControl
LogPluginManager: Mounting plugin UObjectPlugin
LogPluginManager: Mounting plugin VisualStudioCodeSourceCodeAccess
LogPluginManager: Mounting plugin VisualStudioSourceCodeAccess
LogPluginManager: Mounting plugin XCodeSourceCodeAccess
LogPluginManager: Mounting plugin AssetManagerEditor
LogPluginManager: Mounting plugin CryptoKeys
LogPluginManager: Mounting plugin DataValidation
LogPluginManager: Mounting plugin FacialAnimation
LogPluginManager: Mounting plugin GameplayTagsEditor
LogPluginManager: Mounting plugin MacGraphicsSwitching
LogPluginManager: Mounting plugin MeshEditor
LogPluginManager: Mounting plugin MobileLauncherProfileWizard
LogPluginManager: Mounting plugin PluginBrowser
LogPluginManager: Mounting plugin SpeedTreeImporter
LogPluginManager: Mounting plugin DatasmithContent
LogPluginManager: Mounting plugin AlembicImporter
LogPluginManager: Mounting plugin AppleImageUtils
LogPluginManager: Mounting plugin AppleVision
LogPluginManager: Mounting plugin BackChannel
LogPluginManager: Mounting plugin CharacterAI
LogPluginManager: Mounting plugin GeometryCache
LogPluginManager: Mounting plugin HTML5Networking
LogPluginManager: Mounting plugin ProxyLODPlugin
LogPluginManager: Mounting plugin MagicLeap
LogPluginManager: Mounting plugin MagicLeapEmulator
LogPluginManager: Mounting plugin MagicLeapMedia
LogPluginManager: Mounting plugin AndroidMedia
LogPluginManager: Mounting plugin AvfMedia
LogPluginManager: Mounting plugin ImgMedia
LogPluginManager: Mounting plugin LinearTimecode
LogPluginManager: Mounting plugin MediaCompositing
LogPluginManager: Mounting plugin MediaPlayerEditor
LogPluginManager: Mounting plugin WmfMedia
LogPluginManager: Mounting plugin TcpMessaging
LogPluginManager: Mounting plugin UdpMessaging
LogPluginManager: Mounting plugin ActorSequence
LogPluginManager: Mounting plugin LevelSequenceEditor
LogPluginManager: Mounting plugin MatineeToLevelSequence
LogPluginManager: Mounting plugin NetcodeUnitTest
LogPluginManager: Mounting plugin NUTUnrealEngine4
LogPluginManager: Mounting plugin OnlineSubsystemGooglePlay
LogPluginManager: Mounting plugin OnlineSubsystemIOS
LogPluginManager: Mounting plugin OnlineSubsystem
LogPluginManager: Mounting plugin OnlineSubsystemNull
LogPluginManager: Mounting plugin OnlineSubsystemUtils
LogPluginManager: Mounting plugin LauncherChunkInstaller
LogPluginManager: Mounting plugin AndroidDeviceProfileSelector
LogPluginManager: Mounting plugin AndroidMoviePlayer
LogPluginManager: Mounting plugin AndroidPermission
LogPluginManager: Mounting plugin AppleMoviePlayer
LogPluginManager: Mounting plugin ArchVisCharacter
LogPluginManager: Mounting plugin AudioCapture
LogPluginManager: Mounting plugin CableComponent
LogPluginManager: Mounting plugin CustomMeshComponent
LogPluginManager: Mounting plugin EditableMesh
LogPluginManager: Mounting plugin ExampleDeviceProfileSelector
LogPluginManager: Mounting plugin GoogleCloudMessaging
LogPluginManager: Mounting plugin ImmediatePhysics
LogPluginManager: Mounting plugin IOSDeviceProfileSelector
LogPluginManager: Mounting plugin LinuxDeviceProfileSelector
LogPluginManager: Mounting plugin LocationServicesBPLibrary
LogPluginManager: Mounting plugin MobilePatchingUtils
LogPluginManager: Mounting plugin OculusVR
LogPluginManager: Plugin shader directory ../../../Engine/Plugins/Runtime/Oculus/OculusVR/Shaders found
LogPluginManager: Mapping shader source directory ../../../Engine/Plugins/Runtime/Oculus/OculusVR/Shaders to virtual directory /Plugin/OculusVR
LogPluginManager: Mounting plugin PhysXVehicles
LogPluginManager: Mounting plugin ProceduralMeshComponent
LogPluginManager: Mounting plugin RuntimePhysXCooking
LogPluginManager: Mounting plugin SteamVR
LogPluginManager: Mounting plugin WindowsMoviePlayer
LogStreaming: Display: Took  0.308s to configure plugins.
LogInit: Using libcurl 7.55.1-DEV
LogInit:  - built for x86_64-pc-win32
LogInit:  - supports SSL with OpenSSL/1.0.2h
LogInit:  - supports HTTP deflate (compression) using libz 1.2.8
LogInit:  - other features:
LogInit:      CURL_VERSION_SSL
LogInit:      CURL_VERSION_LIBZ
LogInit:      CURL_VERSION_IPV6
LogInit:      CURL_VERSION_ASYNCHDNS
LogInit:      CURL_VERSION_LARGEFILE
LogInit:      CURL_VERSION_IDN
LogInit:  CurlRequestOptions (configurable via config and command line):
LogInit:  - bVerifyPeer = false  - Libcurl will NOT verify peer certificate
LogInit:  - bUseHttpProxy = false  - Libcurl will NOT use HTTP proxy
LogInit:  - bDontReuseConnections = false  - Libcurl will reuse connections
LogInit:  - CertBundlePath = nullptr  - Libcurl will use whatever was configured at build time.
LogInit:  - MaxHostConnections = 16  - Libcurl will limit the number of connections to a host
LogInit:  - LocalHostAddr = Default
LogInit:  - BufferSize = 65536
LogInit: WinSock: version 1.1 (2.2), MaxSocks=32767, MaxUdp=65467
LogInit: Build: ++UE4+Release-4.20-CL-4369336
LogInit: Engine Version: 4.20.3-4369336+++UE4+Release-4.20
LogInit: Compatible Engine Version: 4.20.0-4212847+++UE4+Release-4.20
LogInit: Net CL: 4212847
LogInit: OS: Windows 10 (), CPU: Intel(R) Xeon(R) CPU E5-1620 v3 @ 3.50GHz, GPU: NVIDIA GeForce GTX 1070
LogInit: Compiled (64-bit): Sep 17 2018 12:26:19
LogInit: Compiled with Visual C++: 19.13.26129.00
LogInit: Build Configuration: Development
LogInit: Branch Name: ++UE4+Release-4.20
LogInit: Command Line:  
LogInit: Base Directory: C:/Epic/UE4/UE_4.20/Engine/Binaries/Win64/
LogInit: Installed Engine Build: 1
LogDevObjectVersion: Number of dev versions registered: 20
LogDevObjectVersion:   Dev-Blueprints (B0D832E4-1F89-4F0D-ACCF-7EB736FD4AA2): 10
LogDevObjectVersion:   Dev-Build (E1C64328-A22C-4D53-A36C-8E866417BD8C): 0
LogDevObjectVersion:   Dev-Core (375EC13C-06E4-48FB-B500-84F0262A717E): 2
LogDevObjectVersion:   Dev-Editor (E4B068ED-F494-42E9-A231-DA0B2E46BB41): 24
LogDevObjectVersion:   Dev-Framework (CFFC743F-43B0-4480-9391-14DF171D2073): 34
LogDevObjectVersion:   Dev-Mobile (B02B49B5-BB20-44E9-A304-32B752E40360): 2
LogDevObjectVersion:   Dev-Networking (A4E4105C-59A1-49B5-A7C5-40C4547EDFEE): 0
LogDevObjectVersion:   Dev-Online (39C831C9-5AE6-47DC-9A44-9C173E1C8E7C): 0
LogDevObjectVersion:   Dev-Physics (78F01B33-EBEA-4F98-B9B4-84EACCB95AA2): 0
LogDevObjectVersion:   Dev-Platform (6631380F-2D4D-43E0-8009-CF276956A95A): 0
LogDevObjectVersion:   Dev-Rendering (12F88B9F-8875-4AFC-A67C-D90C383ABD29): 26
LogDevObjectVersion:   Dev-Sequencer (7B5AE74C-D270-4C10-A958-57980B212A5A): 9
LogDevObjectVersion:   Dev-VR (D7296918-1DD6-4BDD-9DE2-64A83CC13884): 2
LogDevObjectVersion:   Dev-LoadTimes (C2A15278-BFE7-4AFE-6C17-90FF531DF755): 1
LogDevObjectVersion:   Private-Geometry (6EACA3D4-40EC-4CC1-B786-8BED09428FC5): 3
LogDevObjectVersion:   Dev-AnimPhys (29E575DD-E0A3-4627-9D10-D276232CDCEA): 17
LogDevObjectVersion:   Dev-ReflectionCapture (6B266CEC-1EC7-4B8F-A30B-E4D90942FC07): 1
LogDevObjectVersion:   Dev-Automation (0DF73D61-A23F-47EA-B727-89E90C41499A): 1
LogDevObjectVersion:   FortniteMain (601D1886-AC64-4F84-AA16-D3DE0DEAC7D6): 12
LogDevObjectVersion:   Dev-Enterprise (9DFFBCD6-494F-0158-E221-12823C92A888): 1
LogStreaming: Display: Took  0.007s to delete old logs.
LogInit: Presizing for max 8388607 objects, including 0 objects not considered by GC, pre-allocating 0 bytes for permanent pool.
LogInit: Object subsystem initialized
[2019.01.08-10.06.30:141][  0]LogInit: Selected Device Profile: [Windows]
[2019.01.08-10.06.30:141][  0]LogInit: Applying CVar settings loaded from the selected device profile: [Windows]
[2019.01.08-10.06.30:173][  0]LogHAL: Display: Platform has ~ 16 GB [17092038656 / 17179869184 / 16], which maps to Larger [LargestMinGB=32, LargerMinGB=12, DefaultMinGB=8, SmallerMinGB=6, SmallestMinGB=0)
[2019.01.08-10.06.30:173][  0]LogInit: Setting Device Profile CVar: [[r.Vulkan.UseRealUBs:1]]
[2019.01.08-10.06.30:174][  0]LogInit: Going up to parent DeviceProfile []
[2019.01.08-10.06.30:174][  0]LogInit: Computer: D102-GTR
[2019.01.08-10.06.30:174][  0]LogInit: User: b017403g
[2019.01.08-10.06.30:174][  0]LogInit: CPU Page size=4096, Cores=4
[2019.01.08-10.06.30:174][  0]LogInit: High frequency timer resolution =3.410069 MHz
[2019.01.08-10.06.30:174][  0]LogMemory: Memory total: Physical=15.9GB (16GB approx)
[2019.01.08-10.06.30:174][  0]LogMemory: Platform Memory Stats for Windows
[2019.01.08-10.06.30:174][  0]LogMemory: Process Physical Memory: 100.88 MB used, 100.88 MB peak
[2019.01.08-10.06.30:175][  0]LogMemory: Process Virtual Memory: 89.38 MB used, 89.38 MB peak
[2019.01.08-10.06.30:175][  0]LogMemory: Physical Memory: 4798.66 MB used,  11501.57 MB free, 16300.24 MB total
[2019.01.08-10.06.30:175][  0]LogMemory: Virtual Memory: 4638.84 MB used,  11501.57 MB free, 134217728.00 MB total
[2019.01.08-10.06.30:216][  0]LogInit: Using OS detected language (en-US).
[2019.01.08-10.06.30:216][  0]LogInit: Using OS detected locale (en-GB).
[2019.01.08-10.06.30:221][  0]LogTextLocalizationManager: No specific localization for 'en-US' exists, so the 'en' localization will be used.
[2019.01.08-10.06.30:630][  0]LogStreaming: Display: Took  0.415s to InitEngineTextLocalization.
[2019.01.08-10.06.30:630][  0]LogInit: Setting process to per monitor DPI aware
[2019.01.08-10.06.30:686][  0]LogSlate: New Slate User Created.  User Index 0, Is Virtual User: 0
[2019.01.08-10.06.30:686][  0]LogSlate: Slate User Registered.  User Index 0, Is Virtual User: 0
[2019.01.08-10.06.31:084][  0]LogHMD: Failed to initialize OpenVR with code 110
[2019.01.08-10.06.31:084][  0]LogD3D11RHI: D3D11 adapters:
[2019.01.08-10.06.31:238][  0]LogD3D11RHI:    0. 'NVIDIA GeForce GTX 1070' (Feature Level 11_0)
[2019.01.08-10.06.31:238][  0]LogD3D11RHI:       8088/0/8150 MB DedicatedVideo/DedicatedSystem/SharedSystem, Outputs:2, VendorId:0x10de
[2019.01.08-10.06.31:241][  0]LogD3D11RHI:    1. 'Microsoft Basic Render Driver' (Feature Level 11_0)
[2019.01.08-10.06.31:241][  0]LogD3D11RHI:       0/0/8150 MB DedicatedVideo/DedicatedSystem/SharedSystem, Outputs:0, VendorId:0x1414
[2019.01.08-10.06.31:241][  0]LogD3D11RHI: Chosen D3D11 Adapter: 0
[2019.01.08-10.06.31:250][  0]LogD3D11RHI: Creating new Direct3DDevice
[2019.01.08-10.06.31:250][  0]LogD3D11RHI:     GPU DeviceId: 0x1b81 (for the marketing name, search the web for "GPU Device Id")
[2019.01.08-10.06.31:250][  0]LogWindows: EnumDisplayDevices:
[2019.01.08-10.06.31:250][  0]LogWindows:    0. 'NVIDIA GeForce GTX 1070' (P:0 D:0)
[2019.01.08-10.06.31:251][  0]LogWindows:    1. 'NVIDIA GeForce GTX 1070' (P:0 D:1)
[2019.01.08-10.06.31:251][  0]LogWindows:    2. 'NVIDIA GeForce GTX 1070' (P:1 D:1)
[2019.01.08-10.06.31:251][  0]LogWindows:    3. 'NVIDIA GeForce GTX 1070' (P:0 D:0)
[2019.01.08-10.06.31:252][  0]LogWindows: DebugString: FoundDriverCount:4 
[2019.01.08-10.06.31:252][  0]LogD3D11RHI:     Adapter Name: NVIDIA GeForce GTX 1070
[2019.01.08-10.06.31:252][  0]LogD3D11RHI:   Driver Version: 399.24 (internal:24.21.13.9924, unified:399.24)
[2019.01.08-10.06.31:252][  0]LogD3D11RHI:      Driver Date: 9-5-2018
[2019.01.08-10.06.31:252][  0]LogRHI: Texture pool is 5661 MB (70% of 8088 MB)
[2019.01.08-10.06.31:313][  0]LogD3D11RHI: Async texture creation enabled
[2019.01.08-10.06.31:332][  0]LogD3D11RHI: GPU Timing Frequency: 1000.000000 (Debug: 2 2)
[2019.01.08-10.06.31:431][  0]LogShaderCompilers: Guid format shader working directory is -30 characters bigger than the processId version (../../../../../../Users/b017403g/Desktop/Collab 2019/trunk/TheDescent_Collab19/Intermediate/Shaders/WorkingDirectory/11484/).
[2019.01.08-10.06.31:432][  0]LogShaderCompilers: Cleaned the shader compiler working directory 'C:/Users/b017403g/AppData/Local/Temp/UnrealShaderWorkingDir/475BBAB74D7C67555153029CF18E249E/'.
[2019.01.08-10.06.31:808][  0]LogTemp: Display: Loaded TP AllDesktopTargetPlatform
[2019.01.08-10.06.31:825][  0]LogTemp: Display: Loaded TP MacClientTargetPlatform
[2019.01.08-10.06.31:847][  0]LogTemp: Display: Loaded TP MacNoEditorTargetPlatform
[2019.01.08-10.06.31:866][  0]LogTemp: Display: Loaded TP MacServerTargetPlatform
[2019.01.08-10.06.31:896][  0]LogTemp: Display: Loaded TP MacTargetPlatform
[2019.01.08-10.06.31:920][  0]LogTemp: Display: Loaded TP WindowsClientTargetPlatform
[2019.01.08-10.06.31:944][  0]LogTemp: Display: Loaded TP WindowsNoEditorTargetPlatform
[2019.01.08-10.06.31:971][  0]LogTemp: Display: Loaded TP WindowsServerTargetPlatform
[2019.01.08-10.06.31:982][  0]LogTemp: Display: Loaded TP WindowsTargetPlatform
[2019.01.08-10.06.32:105][  0]LogTemp: Display: Loaded TP AndroidTargetPlatform
[2019.01.08-10.06.32:105][  0]LogTemp: Display: Loaded TP AndroidTargetPlatform
[2019.01.08-10.06.32:105][  0]LogTemp: Display: Loaded TP AndroidTargetPlatform
[2019.01.08-10.06.32:105][  0]LogTemp: Display: Loaded TP AndroidTargetPlatform
[2019.01.08-10.06.32:105][  0]LogTemp: Display: Loaded TP AndroidTargetPlatform
[2019.01.08-10.06.32:105][  0]LogTemp: Display: Loaded TP AndroidTargetPlatform
[2019.01.08-10.06.32:105][  0]LogTemp: Display: Loaded TP AndroidTargetPlatform
[2019.01.08-10.06.32:105][  0]LogTemp: Display: Loaded TP AndroidTargetPlatform
[2019.01.08-10.06.32:105][  0]LogTemp: Display: Loaded TP AndroidTargetPlatform
[2019.01.08-10.06.32:105][  0]LogTemp: Display: Loaded TP AndroidTargetPlatform
[2019.01.08-10.06.32:105][  0]LogTemp: Display: Loaded TP AndroidTargetPlatform
[2019.01.08-10.06.32:105][  0]LogTemp: Display: Loaded TP AndroidTargetPlatform
[2019.01.08-10.06.32:105][  0]LogTemp: Display: Loaded TP AndroidTargetPlatform
[2019.01.08-10.06.32:105][  0]LogTemp: Display: Loaded TP AndroidTargetPlatform
[2019.01.08-10.06.32:105][  0]LogTemp: Display: Loaded TP AndroidTargetPlatform
[2019.01.08-10.06.32:105][  0]LogTemp: Display: Loaded TP AndroidTargetPlatform
[2019.01.08-10.06.32:105][  0]LogTemp: Display: Loaded TP AndroidTargetPlatform
[2019.01.08-10.06.32:105][  0]LogTemp: Display: Loaded TP AndroidTargetPlatform
[2019.01.08-10.06.32:108][  0]LogTemp: Display: Loaded TP HTML5TargetPlatform
[2019.01.08-10.06.32:177][  0]LogTemp: Display: Loaded TP IOSTargetPlatform
[2019.01.08-10.06.32:177][  0]LogTemp: Display: Loaded TP IOSTargetPlatform
[2019.01.08-10.06.32:206][  0]LogTemp: Display: Loaded TP TVOSTargetPlatform
[2019.01.08-10.06.32:206][  0]LogTemp: Display: Loaded TP TVOSTargetPlatform
[2019.01.08-10.06.32:220][  0]LogTemp: Display: Loaded TP LinuxClientTargetPlatform
[2019.01.08-10.06.32:235][  0]LogTemp: Display: Loaded TP LinuxNoEditorTargetPlatform
[2019.01.08-10.06.32:249][  0]LogTemp: Display: Loaded TP LinuxServerTargetPlatform
[2019.01.08-10.06.32:265][  0]LogTemp: Display: Loaded TP LinuxTargetPlatform
[2019.01.08-10.06.32:275][  0]LogTemp: Display: Loaded TP LuminTargetPlatform
[2019.01.08-10.06.32:275][  0]LogTargetPlatformManager: Display: Building Assets For Windows
[2019.01.08-10.06.32:386][  0]LogXGEController: Cleaning working directory: C:/Users/b017403g/AppData/Local/Temp/UnrealXGEWorkingDir/
[2019.01.08-10.06.32:386][  0]LogXGEController: Cannot use XGE Controller as Incredibuild is not installed on this machine.
[2019.01.08-10.06.32:386][  0]LogShaderCompilers: Cannot use XGE Shader Compiler as Incredibuild is not installed on this machine.
[2019.01.08-10.06.32:386][  0]LogShaderCompilers: Display: Using Local Shader Compiler.
[2019.01.08-10.06.33:418][  0]LogDerivedDataCache: Display: Max Cache Size: 512 MB
[2019.01.08-10.06.33:562][  0]LogDerivedDataCache: Loaded boot cache 0.14s 87MB C:/Users/b017403g/AppData/Local/UnrealEngine/4.20/DerivedDataCache/Boot.ddc.
[2019.01.08-10.06.33:564][  0]LogDerivedDataCache: Display: Loaded Boot cache: C:/Users/b017403g/AppData/Local/UnrealEngine/4.20/DerivedDataCache/Boot.ddc
[2019.01.08-10.06.33:564][  0]LogDerivedDataCache: FDerivedDataBackendGraph:  Pak pak cache file ../../../../../../Users/b017403g/Desktop/Collab 2019/trunk/TheDescent_Collab19/DerivedDataCache/DDC.ddp not found, will not use a pak cache.
[2019.01.08-10.06.33:564][  0]LogDerivedDataCache: Unable to find inner node Pak for hierarchical cache Hierarchy.
[2019.01.08-10.06.33:564][  0]LogDerivedDataCache: FDerivedDataBackendGraph:  CompressedPak pak cache file ../../../../../../Users/b017403g/Desktop/Collab 2019/trunk/TheDescent_Collab19/DerivedDataCache/Compressed.ddp not found, will not use a pak cache.
[2019.01.08-10.06.33:564][  0]LogDerivedDataCache: Unable to find inner node CompressedPak for hierarchical cache Hierarchy.
[2019.01.08-10.06.33:577][  0]LogDerivedDataCache: Display: Pak cache opened for reading ../../../Engine/DerivedDataCache/Compressed.ddp.
[2019.01.08-10.06.33:590][  0]LogDerivedDataCache: Using Local data cache path C:/Users/b017403g/AppData/Local/UnrealEngine/Common/DerivedDataCache: Writable
[2019.01.08-10.06.33:590][  0]LogDerivedDataCache: Shared data cache path not found in *engine.ini, will not use an Shared cache.
[2019.01.08-10.06.33:590][  0]LogDerivedDataCache: Unable to find inner node Shared for hierarchical cache Hierarchy.
[2019.01.08-10.06.33:621][  0]LogMaterial: Verifying Global Shaders for PCD3D_SM5
[2019.01.08-10.06.33:622][  0]LogSlate: Using FreeType 2.6.0
[2019.01.08-10.06.33:623][  0]LogSlate: SlateFontServices - WITH_FREETYPE: 1, WITH_HARFBUZZ: 1
[2019.01.08-10.06.33:711][  0]LogAssetRegistry: FAssetRegistry took 0.0276 seconds to start up
[2019.01.08-10.06.34:192][  0]LogInit: Selected Device Profile: [Windows]
[2019.01.08-10.06.34:369][  0]LogSimplygon: Simplygon DLL not present - disabling.
[2019.01.08-10.06.34:375][  0]LogMeshReduction: Using SimplygonSwarm for distributed automatic mesh merging
[2019.01.08-10.06.34:375][  0]LogMeshReduction: Using ProxyLODMeshReduction for automatic mesh merging
[2019.01.08-10.06.34:375][  0]LogMeshReduction: Using QuadricMeshReduction for automatic static mesh reduction
[2019.01.08-10.06.34:375][  0]LogMeshReduction: No automatic skeletal mesh reduction module available
[2019.01.08-10.06.34:403][  0]LogNetVersion: TheDescent_Collab19 1.0.0, NetCL: 4212847, EngineNetVer: 5, GameNetVer: 0 (Checksum: 1358678604)
[2019.01.08-10.06.35:226][  0]LogPackageLocalizationCache: Processed 11 localized package path(s) for 2 prioritized culture(s) in 0.152670 seconds
[2019.01.08-10.06.35:232][  0]LogUObjectArray: 38425 objects as part of root set at end of initial load.
[2019.01.08-10.06.35:232][  0]LogUObjectAllocator: 6690864 out of 0 bytes used by permanent object pool.
[2019.01.08-10.06.35:232][  0]LogUObjectArray: CloseDisregardForGC: 0/0 objects in disregard for GC pool
[2019.01.08-10.06.36:428][  0]LogTcpMessaging: Initializing TcpMessaging bridge
[2019.01.08-10.06.36:445][  0]LogUdpMessaging: Initializing bridge on interface 0.0.0.0:0 to multicast group 230.0.0.1:6666.
[2019.01.08-10.06.36:674][  0]SourceControl: Source control is disabled
[2019.01.08-10.06.36:674][  0]SourceControl: Source control is disabled
[2019.01.08-10.06.36:676][  0]SourceControl: Source control is disabled
[2019.01.08-10.06.36:678][  0]SourceControl: Source control is disabled
[2019.01.08-10.06.36:922][  0]LogAndroidPermission: UAndroidPermissionCallbackProxy::GetInstance
[2019.01.08-10.06.37:029][  0]LogOcInput: OculusInput pre-init called
[2019.01.08-10.06.37:103][  0]LogEngine: Initializing Engine...
[2019.01.08-10.06.37:104][  0]LogHMD: Failed to initialize OpenVR with code 110
[2019.01.08-10.06.37:105][  0]LogStats: UGameplayTagsManager::ConstructGameplayTagTree: ImportINI prefixes -  0.000 s
[2019.01.08-10.06.37:105][  0]LogStats: UGameplayTagsManager::ConstructGameplayTagTree: Construct from data asset -  0.000 s
[2019.01.08-10.06.37:106][  0]LogStats: UGameplayTagsManager::ConstructGameplayTagTree: ImportINI -  0.000 s
[2019.01.08-10.06.37:106][  0]LogStats: UGameplayTagsManager::ConstructGameplayTagTree: GameplayTagTreeChangedEvent.Broadcast -  0.000 s
[2019.01.08-10.06.37:428][  0]LogInit: Initializing FReadOnlyCVARCache
[2019.01.08-10.06.37:458][  0]LogAIModule: Creating AISystem for world Untitled
[2019.01.08-10.06.37:542][  0]LogInit: XAudio2 using 'Speakers (Realtek High Definition Audio)' : 2 channels at 48 kHz using 32 bits per sample (channel mask 0x3)
[2019.01.08-10.06.37:597][  0]LogInit: FAudioDevice initialized.
[2019.01.08-10.06.37:597][  0]LogNetVersion: Set ProjectVersion to 1.0.0.0. Version Checksum will be recalculated on next use.
[2019.01.08-10.06.37:735][  0]LogDerivedDataCache: Saved boot cache 0.14s 87MB C:/Users/b017403g/AppData/Local/UnrealEngine/4.20/DerivedDataCache/Boot.ddc.
[2019.01.08-10.06.37:771][  0]LogInit: Texture streaming: Enabled
[2019.01.08-10.06.37:800][  0]LogEngineSessionManager: EngineSessionManager initialized
[2019.01.08-10.06.37:826][  0]LogInit: Transaction tracking system initialized
[2019.01.08-10.06.37:871][  0]BlueprintLog: New page: Editor Load
[2019.01.08-10.06.38:046][  0]LocalizationService: Localization service is disabled
[2019.01.08-10.06.38:407][  0]LogCook: Display: Max memory allowance for cook 16384mb min free memory 0mb
[2019.01.08-10.06.38:407][  0]LogCook: Display: Mobile HDR setting 1
[2019.01.08-10.06.38:407][  0]LogGameplayTags: Display: UGameplayTagsManager::DoneAddingNativeTags. DelegateIsBound: 0
[2019.01.08-10.06.38:407][  0]LogStats: UGameplayTagsManager::ConstructGameplayTagTree: ImportINI prefixes -  0.000 s
[2019.01.08-10.06.38:407][  0]LogStats: UGameplayTagsManager::ConstructGameplayTagTree: Construct from data asset -  0.000 s
[2019.01.08-10.06.38:407][  0]LogStats: UGameplayTagsManager::ConstructGameplayTagTree: ImportINI -  0.000 s
[2019.01.08-10.06.38:407][  0]LogStats: UGameplayTagsManager::ConstructGameplayTagTree: GameplayTagTreeChangedEvent.Broadcast -  0.000 s
[2019.01.08-10.06.38:592][  0]LogFileCache: Scanning file cache for directory 'C:/Users/b017403g/Desktop/Collab 2019/trunk/TheDescent_Collab19/Content/' took 0.02s
[2019.01.08-10.06.38:592][  0]SourceControl: Source control is disabled
[2019.01.08-10.06.38:592][  0]Cmd: MAP LOAD FILE="../../../../../../Users/b017403g/Desktop/Collab 2019/trunk/TheDescent_Collab19/Content/FirstPersonBP/Maps/FirstPersonExampleMap.umap" TEMPLATE=0 SHOWPROGRESS=1 FEATURELEVEL=3
[2019.01.08-10.06.38:593][  0]LightingResults: New page: Lighting Build
[2019.01.08-10.06.38:598][  0]MapCheck: New page: Map Check
[2019.01.08-10.06.38:598][  0]LightingResults: New page: Lighting Build
[2019.01.08-10.06.39:412][  0]LogAIModule: Creating AISystem for world FirstPersonExampleMap
[2019.01.08-10.06.39:426][  0]LogEditorServer: Finished looking for orphan Actors (0.000 secs)
[2019.01.08-10.06.39:459][  0]Cmd: MAP CHECKDEP NOCLEARLOG
[2019.01.08-10.06.39:741][  0]MapCheck: Map check complete: 0 Error(s), 0 Warning(s), took 281.465ms to complete.
[2019.01.08-10.06.39:741][  0]LogFileHelpers: Loading map 'FirstPersonExampleMap' took 1.148
[2019.01.08-10.06.39:959][  0]LogSlate: Updating window title bar state: overlay mode, drag disabled, window buttons hidden, title bar hidden
[2019.01.08-10.06.39:968][  0]LogSlate: Updating window title bar state: overlay mode, drag disabled, window buttons hidden, title bar hidden
[2019.01.08-10.06.39:977][  0]LogSlate: Updating window title bar state: overlay mode, drag disabled, window buttons hidden, title bar hidden
[2019.01.08-10.06.39:986][  0]LogSlate: Updating window title bar state: overlay mode, drag disabled, window buttons hidden, title bar hidden
[2019.01.08-10.06.39:998][  0]LogCollectionManager: Loaded 0 collections in 0.003842 seconds
[2019.01.08-10.06.40:079][  0]LogFileCache: Scanning file cache for directory 'C:/Users/b017403g/Desktop/Collab 2019/trunk/TheDescent_Collab19/Saved/Collections/' took 0.01s
[2019.01.08-10.06.40:079][  0]LogFileCache: Scanning file cache for directory 'C:/Users/b017403g/Desktop/Collab 2019/trunk/TheDescent_Collab19/Content/Developers/b017403g/Collections/' took 0.01s
[2019.01.08-10.06.40:079][  0]LogFileCache: Scanning file cache for directory 'C:/Users/b017403g/Desktop/Collab 2019/trunk/TheDescent_Collab19/Content/Collections/' took 0.01s
[2019.01.08-10.06.40:079][  0]LogCollectionManager: Rebuilt the GUID cache for 0 collections in 0.000001 seconds
[2019.01.08-10.06.40:093][  0]LogContentBrowser: Native class hierarchy populated in 0.0142 seconds. Added 2572 classes and 603 folders.
[2019.01.08-10.06.40:107][  0]LogContentBrowser: Native class hierarchy updated for 'WidgetCarousel' in 0.0003 seconds. Added 0 classes and 0 folders.
[2019.01.08-10.06.40:212][  0]LogContentBrowser: Native class hierarchy updated for 'AddContentDialog' in 0.0003 seconds. Added 0 classes and 0 folders.
[2019.01.08-10.06.40:223][  0]LogContentBrowser: Native class hierarchy updated for 'SceneOutliner' in 0.0004 seconds. Added 1 classes and 2 folders.
[2019.01.08-10.06.40:242][  0]LogSlate: Took 0.000825 seconds to synchronously load lazily loaded font '../../../Engine/Content/Slate/Fonts/Roboto-Regular.ttf' (155K)
[2019.01.08-10.06.40:245][  0]LogSlate: Took 0.000243 seconds to synchronously load lazily loaded font '../../../Engine/Content/Slate/Fonts/Roboto-Bold.ttf' (160K)
[2019.01.08-10.06.40:251][  0]LogSlate: Took 0.000324 seconds to synchronously load lazily loaded font '../../../Engine/Content/Editor/Slate/Fonts/FontAwesome.ttf' (139K)
[2019.01.08-10.06.40:368][  0]LogRenderer: Reallocating scene render targets to support 1208x576 Format 10 NumSamples 1 (Frame:1).
[2019.01.08-10.06.40:559][  0]LogSlate: FSceneViewport::OnFocusLost() reason 2
[2019.01.08-10.06.40:580][  0]LogSlate: Window 'Tutorials' being destroyed
[2019.01.08-10.06.40:615][  0]LogContentBrowser: Native class hierarchy updated for 'HierarchicalLODOutliner' in 0.0004 seconds. Added 0 classes and 0 folders.
[2019.01.08-10.06.40:615][  0]LogLoad: (Engine Initialization) Total time: 14.55 seconds
[2019.01.08-10.06.40:615][  0]LogLoad: (Engine Initialization) Total Blueprint compile time: 0.00 seconds
[2019.01.08-10.06.40:654][  0]LogContentStreaming: Texture pool size now 1000 MB
[2019.01.08-10.06.40:698][  0]LogSlate: Took 0.000406 seconds to synchronously load lazily loaded font '../../../Engine/Content/Slate/Fonts/Roboto-Light.ttf' (167K)
[2019.01.08-10.06.40:768][  2]LogAssetRegistry: Asset discovery search completed in 7.0800 seconds
[2019.01.08-10.06.40:772][  2]LogCollectionManager: Rebuilt the object cache for 0 collections in 0.000001 seconds (found 0 objects)
[2019.01.08-10.06.40:772][  2]LogCollectionManager: Fixed up redirectors for 0 collections in 0.000099 seconds (updated 0 objects)
[2019.01.08-10.07.23:252][822]LogSlate: FSceneViewport::OnFocusLost() reason 0
[2019.01.08-10.07.23:327][831]LogTemp: Repeating last play command: Selected Viewport
[2019.01.08-10.07.23:345][831]LogBlueprintUserMessages: Early PlayInEditor Detection: Level '/Game/FirstPersonBP/Maps/FirstPersonExampleMap.FirstPersonExampleMap:PersistentLevel' has LevelScriptBlueprint '/Game/FirstPersonBP/Maps/FirstPersonExampleMap.FirstPersonExampleMap:PersistentLevel.FirstPersonExampleMap' with GeneratedClass '/Game/FirstPersonBP/Maps/FirstPersonExampleMap.FirstPersonExampleMap_C' with ClassGeneratedBy '/Game/FirstPersonBP/Maps/FirstPersonExampleMap.FirstPersonExampleMap:PersistentLevel.FirstPersonExampleMap'
[2019.01.08-10.07.23:345][831]LogPlayLevel: PlayLevel: No blueprints needed recompiling
[2019.01.08-10.07.23:358][831]PIE: New page: PIE session: FirstPersonExampleMap (8 Jan 2019 10:07:23)
[2019.01.08-10.07.23:358][831]LogPlayLevel: Creating play world package: /Game/FirstPersonBP/Maps/UEDPIE_0_FirstPersonExampleMap
[2019.01.08-10.07.23:444][831]LogPlayLevel: PIE: StaticDuplicateObject took: (0.086146s)
[2019.01.08-10.07.23:446][831]LogAIModule: Creating AISystem for world FirstPersonExampleMap
[2019.01.08-10.07.23:446][831]LogPlayLevel: PIE: World Init took: (0.001512s)
[2019.01.08-10.07.23:446][831]LogPlayLevel: PIE: Created PIE world by copying editor world from /Game/FirstPersonBP/Maps/FirstPersonExampleMap.FirstPersonExampleMap to /Game/FirstPersonBP/Maps/UEDPIE_0_FirstPersonExampleMap.FirstPersonExampleMap (0.088017s)
[2019.01.08-10.07.23:489][831]LogInit: XAudio2 using 'Speakers (Realtek High Definition Audio)' : 2 channels at 48 kHz using 32 bits per sample (channel mask 0x3)
[2019.01.08-10.07.23:503][831]LogInit: FAudioDevice initialized.
[2019.01.08-10.07.23:546][831]LogLoad: Game class is 'FirstPersonGameMode_C'
[2019.01.08-10.07.23:554][831]LogWorld: Bringing World /Game/FirstPersonBP/Maps/UEDPIE_0_FirstPersonExampleMap.FirstPersonExampleMap up for play (max tick rate 0) at 2019.01.08-10.07.23
[2019.01.08-10.07.23:557][831]LogWorld: Bringing up level for play took: 0.007693
[2019.01.08-10.07.23:595][831]LogContentBrowser: Native class hierarchy updated for 'MovieSceneCapture' in 0.0009 seconds. Added 10 classes and 0 folders.
[2019.01.08-10.07.23:596][831]LogBlueprintUserMessages: [Test_2] SVN WORKING
[2019.01.08-10.07.23:600][831]LogBlueprintUserMessages: [FastAICharacter_2] 100.0
[2019.01.08-10.07.23:600][831]PIE: Play in editor start time for /Game/FirstPersonBP/Maps/UEDPIE_0_FirstPersonExampleMap 0.593
[2019.01.08-10.07.23:601][831]LogBlueprintUserMessages: Late PlayInEditor Detection: Level '/Game/FirstPersonBP/Maps/FirstPersonExampleMap.FirstPersonExampleMap:PersistentLevel' has LevelScriptBlueprint '/Game/FirstPersonBP/Maps/FirstPersonExampleMap.FirstPersonExampleMap:PersistentLevel.FirstPersonExampleMap' with GeneratedClass '/Game/FirstPersonBP/Maps/FirstPersonExampleMap.FirstPersonExampleMap_C' with ClassGeneratedBy '/Game/FirstPersonBP/Maps/FirstPersonExampleMap.FirstPersonExampleMap:PersistentLevel.FirstPersonExampleMap'
[2019.01.08-10.07.25:734][ 73]LogBlueprintUserMessages: [AIAttack_C_0] Damage Dealt: 26.0
[2019.01.08-10.07.26:259][136]LogBlueprintUserMessages: [AIAttack_C_0] Damage Dealt: 16.0
[2019.01.08-10.07.31:870][809]LogBlueprintUserMessages: [AIAttack_C_0] Damage Dealt: 16.0
[2019.01.08-10.07.32:054][831]LogBlueprintUserMessages: Early EndPlayMap Detection: Level '/Game/FirstPersonBP/Maps/FirstPersonExampleMap.FirstPersonExampleMap:PersistentLevel' has LevelScriptBlueprint '/Game/FirstPersonBP/Maps/FirstPersonExampleMap.FirstPersonExampleMap:PersistentLevel.FirstPersonExampleMap' with GeneratedClass '/Game/FirstPersonBP/Maps/FirstPersonExampleMap.FirstPersonExampleMap_C' with ClassGeneratedBy '/Game/FirstPersonBP/Maps/FirstPersonExampleMap.FirstPersonExampleMap:PersistentLevel.FirstPersonExampleMap'
[2019.01.08-10.07.32:054][831]LogSlate: Updating window title bar state: overlay mode, drag disabled, window buttons hidden, title bar hidden
[2019.01.08-10.07.32:089][831]LogPlayLevel: Display: Shutting down PIE online subsystems
[2019.01.08-10.07.32:089][831]LogBlueprintUserMessages: Late EndPlayMap Detection: Level '/Game/FirstPersonBP/Maps/FirstPersonExampleMap.FirstPersonExampleMap:PersistentLevel' has LevelScriptBlueprint '/Game/FirstPersonBP/Maps/FirstPersonExampleMap.FirstPersonExampleMap:PersistentLevel.FirstPersonExampleMap' with GeneratedClass '/Game/FirstPersonBP/Maps/FirstPersonExampleMap.FirstPersonExampleMap_C' with ClassGeneratedBy '/Game/FirstPersonBP/Maps/FirstPersonExampleMap.FirstPersonExampleMap:PersistentLevel.FirstPersonExampleMap'
[2019.01.08-10.07.32:137][831]LogSlate: Updating window title bar state: overlay mode, drag disabled, window buttons hidden, title bar hidden
[2019.01.08-10.07.32:176][832]LogPlayLevel: Display: Destroying online subsystem :Context_1
[2019.01.08-10.07.35:897][270]LogEditorViewport: Clicking on Actor (LMB): StaticMeshActor (BigWall2)
[2019.01.08-10.07.44:880][311]LogSlate: FSceneViewport::OnFocusLost() reason 2
[2019.01.08-10.07.45:432][377]LogTemp: Repeating last play command: Selected Viewport
[2019.01.08-10.07.45:449][377]LogBlueprintUserMessages: Early PlayInEditor Detection: Level '/Game/FirstPersonBP/Maps/FirstPersonExampleMap.FirstPersonExampleMap:PersistentLevel' has LevelScriptBlueprint '/Game/FirstPersonBP/Maps/FirstPersonExampleMap.FirstPersonExampleMap:PersistentLevel.FirstPersonExampleMap' with GeneratedClass '/Game/FirstPersonBP/Maps/FirstPersonExampleMap.FirstPersonExampleMap_C' with ClassGeneratedBy '/Game/FirstPersonBP/Maps/FirstPersonExampleMap.FirstPersonExampleMap:PersistentLevel.FirstPersonExampleMap'
[2019.01.08-10.07.45:449][377]LogPlayLevel: PlayLevel: No blueprints needed recompiling
[2019.01.08-10.07.45:449][377]PIE: New page: PIE session: FirstPersonExampleMap (8 Jan 2019 10:07:45)
[2019.01.08-10.07.45:449][377]LogPlayLevel: Creating play world package: /Game/FirstPersonBP/Maps/UEDPIE_0_FirstPersonExampleMap
[2019.01.08-10.07.45:467][377]LogPlayLevel: PIE: StaticDuplicateObject took: (0.017287s)
[2019.01.08-10.07.45:467][377]LogAIModule: Creating AISystem for world FirstPersonExampleMap
[2019.01.08-10.07.45:467][377]LogPlayLevel: PIE: World Init took: (0.000660s)
[2019.01.08-10.07.45:467][377]LogPlayLevel: PIE: Created PIE world by copying editor world from /Game/FirstPersonBP/Maps/FirstPersonExampleMap.FirstPersonExampleMap to /Game/FirstPersonBP/Maps/UEDPIE_0_FirstPersonExampleMap.FirstPersonExampleMap (0.018076s)
[2019.01.08-10.07.45:502][377]LogInit: XAudio2 using 'Speakers (Realtek High Definition Audio)' : 2 channels at 48 kHz using 32 bits per sample (channel mask 0x3)
[2019.01.08-10.07.45:515][377]LogInit: FAudioDevice initialized.
[2019.01.08-10.07.45:547][377]LogLoad: Game class is 'FirstPersonGameMode_C'
[2019.01.08-10.07.45:549][377]LogWorld: Bringing World /Game/FirstPersonBP/Maps/UEDPIE_0_FirstPersonExampleMap.FirstPersonExampleMap up for play (max tick rate 0) at 2019.01.08-10.07.45
[2019.01.08-10.07.45:550][377]LogWorld: Bringing up level for play took: 0.002605
[2019.01.08-10.07.45:564][377]LogBlueprintUserMessages: [Test_2] SVN WORKING
[2019.01.08-10.07.45:568][377]LogBlueprintUserMessages: [FastAICharacter_2] 100.0
[2019.01.08-10.07.45:568][377]PIE: Play in editor start time for /Game/FirstPersonBP/Maps/UEDPIE_0_FirstPersonExampleMap 0.561
[2019.01.08-10.07.45:568][377]LogBlueprintUserMessages: Late PlayInEditor Detection: Level '/Game/FirstPersonBP/Maps/FirstPersonExampleMap.FirstPersonExampleMap:PersistentLevel' has LevelScriptBlueprint '/Game/FirstPersonBP/Maps/FirstPersonExampleMap.FirstPersonExampleMap:PersistentLevel.FirstPersonExampleMap' with GeneratedClass '/Game/FirstPersonBP/Maps/FirstPersonExampleMap.FirstPersonExampleMap_C' with ClassGeneratedBy '/Game/FirstPersonBP/Maps/FirstPersonExampleMap.FirstPersonExampleMap:PersistentLevel.FirstPersonExampleMap'
[2019.01.08-10.07.56:911][728]LogBlueprintUserMessages: [AIAttack_C_0] Damage Dealt: 24.0
[2019.01.08-10.07.57:844][840]LogBlueprintUserMessages: [AIAttack_C_0] Damage Dealt: 26.0
[2019.01.08-10.08.00:105][111]LogBlueprintUserMessages: [AIAttack_C_0] Damage Dealt: 16.0
[2019.01.08-10.08.00:630][174]LogBlueprintUserMessages: [AIAttack_C_0] Damage Dealt: 13.0
[2019.01.08-10.08.01:155][237]LogBlueprintUserMessages: [AIAttack_C_0] Damage Dealt: 23.0
[2019.01.08-10.08.01:680][300]LogBlueprintUserMessages: [AIAttack_C_0] Damage Dealt: 24.0
[2019.01.08-10.08.02:206][363]LogBlueprintUserMessages: [AIAttack_C_0] Damage Dealt: 15.0
[2019.01.08-10.08.02:731][426]LogBlueprintUserMessages: [AIAttack_C_0] Damage Dealt: 21.0
[2019.01.08-10.08.03:256][489]LogBlueprintUserMessages: [AIAttack_C_0] Damage Dealt: 16.0
[2019.01.08-10.08.03:781][552]LogBlueprintUserMessages: [AIAttack_C_0] Damage Dealt: 23.0
[2019.01.08-10.08.04:307][615]LogBlueprintUserMessages: [AIAttack_C_0] Damage Dealt: 20.0
[2019.01.08-10.08.04:832][678]LogBlueprintUserMessages: [AIAttack_C_0] Damage Dealt: 27.0
[2019.01.08-10.08.05:357][741]LogBlueprintUserMessages: [AIAttack_C_0] Damage Dealt: 23.0
[2019.01.08-10.08.05:882][804]LogBlueprintUserMessages: [AIAttack_C_0] Damage Dealt: 22.0
[2019.01.08-10.08.06:407][867]LogBlueprintUserMessages: [AIAttack_C_0] Damage Dealt: 23.0
[2019.01.08-10.08.06:931][930]LogBlueprintUserMessages: [AIAttack_C_0] Damage Dealt: 16.0
[2019.01.08-10.08.07:456][993]LogBlueprintUserMessages: [AIAttack_C_0] Damage Dealt: 10.0
[2019.01.08-10.08.07:982][ 56]LogBlueprintUserMessages: [AIAttack_C_0] Damage Dealt: 15.0
[2019.01.08-10.08.08:507][119]LogBlueprintUserMessages: [AIAttack_C_0] Damage Dealt: 13.0
[2019.01.08-10.08.09:032][182]LogBlueprintUserMessages: [AIAttack_C_0] Damage Dealt: 20.0
[2019.01.08-10.08.09:557][245]LogBlueprintUserMessages: [AIAttack_C_0] Damage Dealt: 11.0
[2019.01.08-10.08.10:082][308]LogBlueprintUserMessages: [AIAttack_C_0] Damage Dealt: 19.0
[2019.01.08-10.08.10:607][371]LogBlueprintUserMessages: [AIAttack_C_0] Damage Dealt: 15.0
[2019.01.08-10.08.11:132][434]LogBlueprintUserMessages: [AIAttack_C_0] Damage Dealt: 16.0
[2019.01.08-10.08.11:657][497]LogBlueprintUserMessages: [AIAttack_C_0] Damage Dealt: 15.0
[2019.01.08-10.08.12:182][560]LogBlueprintUserMessages: [AIAttack_C_0] Damage Dealt: 14.0
[2019.01.08-10.08.12:707][623]LogBlueprintUserMessages: [AIAttack_C_0] Damage Dealt: 26.0
[2019.01.08-10.08.13:233][686]LogBlueprintUserMessages: [AIAttack_C_0] Damage Dealt: 27.0
[2019.01.08-10.08.13:757][749]LogBlueprintUserMessages: [AIAttack_C_0] Damage Dealt: 29.0
[2019.01.08-10.08.13:891][765]LogBlueprintUserMessages: [AIAttack_C_1] Damage Dealt: 14.0
[2019.01.08-10.08.14:282][812]LogBlueprintUserMessages: [AIAttack_C_0] Damage Dealt: 21.0
[2019.01.08-10.08.14:415][828]LogBlueprintUserMessages: [AIAttack_C_1] Damage Dealt: 24.0
[2019.01.08-10.08.14:808][875]LogBlueprintUserMessages: [AIAttack_C_0] Damage Dealt: 13.0
[2019.01.08-10.08.14:941][891]LogBlueprintUserMessages: [AIAttack_C_1] Damage Dealt: 11.0
[2019.01.08-10.08.15:332][938]LogBlueprintUserMessages: [AIAttack_C_0] Damage Dealt: 27.0
[2019.01.08-10.08.15:466][954]LogBlueprintUserMessages: [AIAttack_C_1] Damage Dealt: 23.0
[2019.01.08-10.08.15:858][  1]LogBlueprintUserMessages: [AIAttack_C_0] Damage Dealt: 29.0
[2019.01.08-10.08.15:992][ 17]LogBlueprintUserMessages: [AIAttack_C_1] Damage Dealt: 19.0
[2019.01.08-10.08.16:384][ 64]LogBlueprintUserMessages: [AIAttack_C_0] Damage Dealt: 15.0
[2019.01.08-10.08.16:516][ 80]LogBlueprintUserMessages: [AIAttack_C_1] Damage Dealt: 13.0
[2019.01.08-10.08.16:909][127]LogBlueprintUserMessages: [AIAttack_C_0] Damage Dealt: 16.0
[2019.01.08-10.08.17:042][143]LogBlueprintUserMessages: [AIAttack_C_1] Damage Dealt: 21.0
[2019.01.08-10.08.17:433][190]LogBlueprintUserMessages: [AIAttack_C_0] Damage Dealt: 27.0
[2019.01.08-10.08.17:566][206]LogBlueprintUserMessages: [AIAttack_C_1] Damage Dealt: 17.0
[2019.01.08-10.08.17:958][253]LogBlueprintUserMessages: [AIAttack_C_0] Damage Dealt: 27.0
[2019.01.08-10.08.18:092][269]LogBlueprintUserMessages: [AIAttack_C_1] Damage Dealt: 24.0
[2019.01.08-10.08.18:483][316]LogBlueprintUserMessages: [AIAttack_C_0] Damage Dealt: 18.0
[2019.01.08-10.08.18:616][332]LogBlueprintUserMessages: [AIAttack_C_1] Damage Dealt: 16.0
[2019.01.08-10.08.19:009][379]LogBlueprintUserMessages: [AIAttack_C_0] Damage Dealt: 11.0
[2019.01.08-10.08.19:143][395]LogBlueprintUserMessages: [AIAttack_C_1] Damage Dealt: 26.0
[2019.01.08-10.08.19:533][442]LogBlueprintUserMessages: [AIAttack_C_0] Damage Dealt: 16.0
[2019.01.08-10.08.19:667][458]LogBlueprintUserMessages: [AIAttack_C_1] Damage Dealt: 16.0
[2019.01.08-10.08.20:058][505]LogBlueprintUserMessages: [AIAttack_C_0] Damage Dealt: 27.0
[2019.01.08-10.08.20:192][521]LogBlueprintUserMessages: [AIAttack_C_1] Damage Dealt: 25.0
[2019.01.08-10.08.20:584][568]LogBlueprintUserMessages: [AIAttack_C_0] Damage Dealt: 10.0
[2019.01.08-10.08.20:718][584]LogBlueprintUserMessages: [AIAttack_C_1] Damage Dealt: 24.0
[2019.01.08-10.08.21:110][631]LogBlueprintUserMessages: [AIAttack_C_0] Damage Dealt: 26.0
[2019.01.08-10.08.21:242][647]LogBlueprintUserMessages: [AIAttack_C_1] Damage Dealt: 21.0
[2019.01.08-10.08.21:634][694]LogBlueprintUserMessages: [AIAttack_C_0] Damage Dealt: 25.0
[2019.01.08-10.08.21:767][710]LogBlueprintUserMessages: [AIAttack_C_1] Damage Dealt: 24.0
[2019.01.08-10.08.22:159][757]LogBlueprintUserMessages: [AIAttack_C_0] Damage Dealt: 18.0
[2019.01.08-10.08.22:292][773]LogBlueprintUserMessages: [AIAttack_C_1] Damage Dealt: 18.0
[2019.01.08-10.08.22:684][820]LogBlueprintUserMessages: [AIAttack_C_0] Damage Dealt: 16.0
[2019.01.08-10.08.22:818][836]LogBlueprintUserMessages: [AIAttack_C_1] Damage Dealt: 26.0
[2019.01.08-10.08.23:210][883]LogBlueprintUserMessages: [AIAttack_C_0] Damage Dealt: 18.0
[2019.01.08-10.08.23:343][899]LogBlueprintUserMessages: [AIAttack_C_1] Damage Dealt: 17.0
[2019.01.08-10.08.23:734][946]LogBlueprintUserMessages: [AIAttack_C_0] Damage Dealt: 26.0
[2019.01.08-10.08.23:868][962]LogBlueprintUserMessages: [AIAttack_C_1] Damage Dealt: 11.0
[2019.01.08-10.08.24:259][  9]LogBlueprintUserMessages: [AIAttack_C_0] Damage Dealt: 10.0
[2019.01.08-10.08.24:393][ 25]LogBlueprintUserMessages: [AIAttack_C_1] Damage Dealt: 23.0
[2019.01.08-10.08.24:785][ 72]LogBlueprintUserMessages: [AIAttack_C_0] Damage Dealt: 15.0
[2019.01.08-10.08.24:919][ 88]LogBlueprintUserMessages: [AIAttack_C_1] Damage Dealt: 15.0
[2019.01.08-10.08.25:310][135]LogBlueprintUserMessages: [AIAttack_C_0] Damage Dealt: 27.0
[2019.01.08-10.08.25:443][151]LogBlueprintUserMessages: [AIAttack_C_1] Damage Dealt: 15.0
[2019.01.08-10.08.25:778][191]LogBlueprintUserMessages: Early EndPlayMap Detection: Level '/Game/FirstPersonBP/Maps/FirstPersonExampleMap.FirstPersonExampleMap:PersistentLevel' has LevelScriptBlueprint '/Game/FirstPersonBP/Maps/FirstPersonExampleMap.FirstPersonExampleMap:PersistentLevel.FirstPersonExampleMap' with GeneratedClass '/Game/FirstPersonBP/Maps/FirstPersonExampleMap.FirstPersonExampleMap_C' with ClassGeneratedBy '/Game/FirstPersonBP/Maps/FirstPersonExampleMap.FirstPersonExampleMap:PersistentLevel.FirstPersonExampleMap'
[2019.01.08-10.08.25:778][191]LogSlate: Updating window title bar state: overlay mode, drag disabled, window buttons hidden, title bar hidden
[2019.01.08-10.08.25:812][191]LogPlayLevel: Display: Shutting down PIE online subsystems
[2019.01.08-10.08.25:813][191]LogBlueprintUserMessages: Late EndPlayMap Detection: Level '/Game/FirstPersonBP/Maps/FirstPersonExampleMap.FirstPersonExampleMap:PersistentLevel' has LevelScriptBlueprint '/Game/FirstPersonBP/Maps/FirstPersonExampleMap.FirstPersonExampleMap:PersistentLevel.FirstPersonExampleMap' with GeneratedClass '/Game/FirstPersonBP/Maps/FirstPersonExampleMap.FirstPersonExampleMap_C' with ClassGeneratedBy '/Game/FirstPersonBP/Maps/FirstPersonExampleMap.FirstPersonExampleMap:PersistentLevel.FirstPersonExampleMap'
[2019.01.08-10.08.25:857][191]LogSlate: Updating window title bar state: overlay mode, drag disabled, window buttons hidden, title bar hidden
[2019.01.08-10.08.25:894][192]LogPlayLevel: Display: Destroying online subsystem :Context_4
[2019.01.08-10.10.56:013][989]LogSlate: FSceneViewport::OnFocusLost() reason 0
[2019.01.08-10.10.56:071][996]LogTemp: Repeating last play command: Selected Viewport
[2019.01.08-10.10.56:090][996]LogBlueprintUserMessages: Early PlayInEditor Detection: Level '/Game/FirstPersonBP/Maps/FirstPersonExampleMap.FirstPersonExampleMap:PersistentLevel' has LevelScriptBlueprint '/Game/FirstPersonBP/Maps/FirstPersonExampleMap.FirstPersonExampleMap:PersistentLevel.FirstPersonExampleMap' with GeneratedClass '/Game/FirstPersonBP/Maps/FirstPersonExampleMap.FirstPersonExampleMap_C' with ClassGeneratedBy '/Game/FirstPersonBP/Maps/FirstPersonExampleMap.FirstPersonExampleMap:PersistentLevel.FirstPersonExampleMap'
[2019.01.08-10.10.56:090][996]LogPlayLevel: PlayLevel: No blueprints needed recompiling
[2019.01.08-10.10.56:090][996]PIE: New page: PIE session: FirstPersonExampleMap (8 Jan 2019 10:10:56)
[2019.01.08-10.10.56:090][996]LogPlayLevel: Creating play world package: /Game/FirstPersonBP/Maps/UEDPIE_0_FirstPersonExampleMap
[2019.01.08-10.10.56:113][996]LogPlayLevel: PIE: StaticDuplicateObject took: (0.023458s)
[2019.01.08-10.10.56:114][996]LogAIModule: Creating AISystem for world FirstPersonExampleMap
[2019.01.08-10.10.56:114][996]LogPlayLevel: PIE: World Init took: (0.000873s)
[2019.01.08-10.10.56:114][996]LogPlayLevel: PIE: Created PIE world by copying editor world from /Game/FirstPersonBP/Maps/FirstPersonExampleMap.FirstPersonExampleMap to /Game/FirstPersonBP/Maps/UEDPIE_0_FirstPersonExampleMap.FirstPersonExampleMap (0.024505s)
[2019.01.08-10.10.56:152][996]LogInit: XAudio2 using 'Speakers (Realtek High Definition Audio)' : 2 channels at 48 kHz using 32 bits per sample (channel mask 0x3)
[2019.01.08-10.10.56:167][996]LogInit: FAudioDevice initialized.
[2019.01.08-10.10.56:197][996]LogLoad: Game class is 'FirstPersonGameMode_C'
[2019.01.08-10.10.56:200][996]LogWorld: Bringing World /Game/FirstPersonBP/Maps/UEDPIE_0_FirstPersonExampleMap.FirstPersonExampleMap up for play (max tick rate 0) at 2019.01.08-10.10.56
[2019.01.08-10.10.56:201][996]LogWorld: Bringing up level for play took: 0.003188
[2019.01.08-10.10.56:215][996]LogBlueprintUserMessages: [Test_2] SVN WORKING
[2019.01.08-10.10.56:216][996]LogBlueprintUserMessages: [FastAICharacter_2] 100.0
[2019.01.08-10.10.56:216][996]PIE: Play in editor start time for /Game/FirstPersonBP/Maps/UEDPIE_0_FirstPersonExampleMap -0.792
[2019.01.08-10.10.56:216][996]LogBlueprintUserMessages: Late PlayInEditor Detection: Level '/Game/FirstPersonBP/Maps/FirstPersonExampleMap.FirstPersonExampleMap:PersistentLevel' has LevelScriptBlueprint '/Game/FirstPersonBP/Maps/FirstPersonExampleMap.FirstPersonExampleMap:PersistentLevel.FirstPersonExampleMap' with GeneratedClass '/Game/FirstPersonBP/Maps/FirstPersonExampleMap.FirstPersonExampleMap_C' with ClassGeneratedBy '/Game/FirstPersonBP/Maps/FirstPersonExampleMap.FirstPersonExampleMap:PersistentLevel.FirstPersonExampleMap'
[2019.01.08-10.11.02:774][775]LogBlueprintUserMessages: [AIAttack_C_0] Damage Dealt: 28.0
[2019.01.08-10.11.05:800][138]LogBlueprintUserMessages: [AIAttack_C_0] Damage Dealt: 28.0
[2019.01.08-10.11.06:325][201]LogBlueprintUserMessages: [AIAttack_C_0] Damage Dealt: 14.0
[2019.01.08-10.11.06:850][264]LogBlueprintUserMessages: [AIAttack_C_0] Damage Dealt: 28.0
[2019.01.08-10.11.07:359][325]LogBlueprintUserMessages: Early EndPlayMap Detection: Level '/Game/FirstPersonBP/Maps/FirstPersonExampleMap.FirstPersonExampleMap:PersistentLevel' has LevelScriptBlueprint '/Game/FirstPersonBP/Maps/FirstPersonExampleMap.FirstPersonExampleMap:PersistentLevel.FirstPersonExampleMap' with GeneratedClass '/Game/FirstPersonBP/Maps/FirstPersonExampleMap.FirstPersonExampleMap_C' with ClassGeneratedBy '/Game/FirstPersonBP/Maps/FirstPersonExampleMap.FirstPersonExampleMap:PersistentLevel.FirstPersonExampleMap'
[2019.01.08-10.11.07:359][325]LogSlate: Updating window title bar state: overlay mode, drag disabled, window buttons hidden, title bar hidden
[2019.01.08-10.11.07:390][325]LogPlayLevel: Display: Shutting down PIE online subsystems
[2019.01.08-10.11.07:390][325]LogBlueprintUserMessages: Late EndPlayMap Detection: Level '/Game/FirstPersonBP/Maps/FirstPersonExampleMap.FirstPersonExampleMap:PersistentLevel' has LevelScriptBlueprint '/Game/FirstPersonBP/Maps/FirstPersonExampleMap.FirstPersonExampleMap:PersistentLevel.FirstPersonExampleMap' with GeneratedClass '/Game/FirstPersonBP/Maps/FirstPersonExampleMap.FirstPersonExampleMap_C' with ClassGeneratedBy '/Game/FirstPersonBP/Maps/FirstPersonExampleMap.FirstPersonExampleMap:PersistentLevel.FirstPersonExampleMap'
[2019.01.08-10.11.07:419][325]LogSlate: Updating window title bar state: overlay mode, drag disabled, window buttons hidden, title bar hidden
[2019.01.08-10.11.07:466][329]LogPlayLevel: Display: Destroying online subsystem :Context_5
[2019.01.08-10.11.30:594][ 51]LogSlate: FSceneViewport::OnFocusLost() reason 0
[2019.01.08-10.11.30:660][ 59]LogTemp: Repeating last play command: Selected Viewport
[2019.01.08-10.11.30:679][ 59]LogBlueprintUserMessages: Early PlayInEditor Detection: Level '/Game/FirstPersonBP/Maps/FirstPersonExampleMap.FirstPersonExampleMap:PersistentLevel' has LevelScriptBlueprint '/Game/FirstPersonBP/Maps/FirstPersonExampleMap.FirstPersonExampleMap:PersistentLevel.FirstPersonExampleMap' with GeneratedClass '/Game/FirstPersonBP/Maps/FirstPersonExampleMap.FirstPersonExampleMap_C' with ClassGeneratedBy '/Game/FirstPersonBP/Maps/FirstPersonExampleMap.FirstPersonExampleMap:PersistentLevel.FirstPersonExampleMap'
[2019.01.08-10.11.30:679][ 59]LogPlayLevel: PlayLevel: No blueprints needed recompiling
[2019.01.08-10.11.30:679][ 59]PIE: New page: PIE session: FirstPersonExampleMap (8 Jan 2019 10:11:30)
[2019.01.08-10.11.30:679][ 59]LogPlayLevel: Creating play world package: /Game/FirstPersonBP/Maps/UEDPIE_0_FirstPersonExampleMap
[2019.01.08-10.11.30:698][ 59]LogPlayLevel: PIE: StaticDuplicateObject took: (0.018755s)
[2019.01.08-10.11.30:699][ 59]LogAIModule: Creating AISystem for world FirstPersonExampleMap
[2019.01.08-10.11.30:700][ 59]LogPlayLevel: PIE: World Init took: (0.001591s)
[2019.01.08-10.11.30:700][ 59]LogPlayLevel: PIE: Created PIE world by copying editor world from /Game/FirstPersonBP/Maps/FirstPersonExampleMap.FirstPersonExampleMap to /Game/FirstPersonBP/Maps/UEDPIE_0_FirstPersonExampleMap.FirstPersonExampleMap (0.020581s)
[2019.01.08-10.11.30:735][ 59]LogInit: XAudio2 using 'Speakers (Realtek High Definition Audio)' : 2 channels at 48 kHz using 32 bits per sample (channel mask 0x3)
[2019.01.08-10.11.30:749][ 59]LogInit: FAudioDevice initialized.
[2019.01.08-10.11.30:777][ 59]LogLoad: Game class is 'FirstPersonGameMode_C'
[2019.01.08-10.11.30:780][ 59]LogWorld: Bringing World /Game/FirstPersonBP/Maps/UEDPIE_0_FirstPersonExampleMap.FirstPersonExampleMap up for play (max tick rate 0) at 2019.01.08-10.11.30
[2019.01.08-10.11.30:780][ 59]LogWorld: Bringing up level for play took: 0.002766
[2019.01.08-10.11.30:794][ 59]LogBlueprintUserMessages: [Test_2] SVN WORKING
[2019.01.08-10.11.30:798][ 59]LogBlueprintUserMessages: [FastAICharacter_2] 100.0
[2019.01.08-10.11.30:798][ 59]PIE: Play in editor start time for /Game/FirstPersonBP/Maps/UEDPIE_0_FirstPersonExampleMap -0.21
[2019.01.08-10.11.30:798][ 59]LogBlueprintUserMessages: Late PlayInEditor Detection: Level '/Game/FirstPersonBP/Maps/FirstPersonExampleMap.FirstPersonExampleMap:PersistentLevel' has LevelScriptBlueprint '/Game/FirstPersonBP/Maps/FirstPersonExampleMap.FirstPersonExampleMap:PersistentLevel.FirstPersonExampleMap' with GeneratedClass '/Game/FirstPersonBP/Maps/FirstPersonExampleMap.FirstPersonExampleMap_C' with ClassGeneratedBy '/Game/FirstPersonBP/Maps/FirstPersonExampleMap.FirstPersonExampleMap:PersistentLevel.FirstPersonExampleMap'
[2019.01.08-10.11.33:595][381]LogBlueprintUserMessages: [AIAttack_C_0] Damage Dealt: 25.0
[2019.01.08-10.11.34:123][444]LogBlueprintUserMessages: [AIAttack_C_0] Damage Dealt: 18.0
[2019.01.08-10.11.34:650][506]LogBlueprintUserMessages: [AIAttack_C_0] Damage Dealt: 13.0
[2019.01.08-10.11.35:180][569]LogBlueprintUserMessages: [AIAttack_C_0] Damage Dealt: 28.0
[2019.01.08-10.11.35:710][631]LogBlueprintUserMessages: [AIAttack_C_0] Damage Dealt: 19.0
[2019.01.08-10.11.36:241][694]LogBlueprintUserMessages: [AIAttack_C_0] Damage Dealt: 22.0
[2019.01.08-10.11.36:766][757]LogBlueprintUserMessages: [AIAttack_C_0] Damage Dealt: 22.0
[2019.01.08-10.11.37:290][820]LogBlueprintUserMessages: [AIAttack_C_0] Damage Dealt: 23.0
[2019.01.08-10.11.37:816][883]LogBlueprintUserMessages: [AIAttack_C_0] Damage Dealt: 24.0
[2019.01.08-10.11.38:343][946]LogBlueprintUserMessages: [AIAttack_C_0] Damage Dealt: 28.0
[2019.01.08-10.11.38:871][  9]LogBlueprintUserMessages: [AIAttack_C_0] Damage Dealt: 29.0
[2019.01.08-10.11.39:398][ 71]LogBlueprintUserMessages: [AIAttack_C_0] Damage Dealt: 15.0
[2019.01.08-10.11.39:922][134]LogBlueprintUserMessages: [AIAttack_C_0] Damage Dealt: 16.0
[2019.01.08-10.11.40:447][197]LogBlueprintUserMessages: [AIAttack_C_0] Damage Dealt: 16.0
[2019.01.08-10.11.40:972][260]LogBlueprintUserMessages: [AIAttack_C_0] Damage Dealt: 25.0
[2019.01.08-10.11.41:498][323]LogBlueprintUserMessages: [AIAttack_C_0] Damage Dealt: 26.0
[2019.01.08-10.11.42:023][386]LogBlueprintUserMessages: [AIAttack_C_0] Damage Dealt: 18.0
[2019.01.08-10.11.42:548][449]LogBlueprintUserMessages: [AIAttack_C_0] Damage Dealt: 27.0
[2019.01.08-10.11.43:074][512]LogBlueprintUserMessages: [AIAttack_C_0] Damage Dealt: 24.0
[2019.01.08-10.11.43:599][575]LogBlueprintUserMessages: [AIAttack_C_0] Damage Dealt: 19.0
[2019.01.08-10.11.44:124][638]LogBlueprintUserMessages: [AIAttack_C_0] Damage Dealt: 29.0
[2019.01.08-10.11.44:649][701]LogBlueprintUserMessages: [AIAttack_C_0] Damage Dealt: 25.0
[2019.01.08-10.11.45:174][764]LogBlueprintUserMessages: [AIAttack_C_0] Damage Dealt: 16.0
[2019.01.08-10.11.45:700][827]LogBlueprintUserMessages: [AIAttack_C_0] Damage Dealt: 27.0
[2019.01.08-10.11.46:225][890]LogBlueprintUserMessages: [AIAttack_C_0] Damage Dealt: 24.0
[2019.01.08-10.11.46:750][953]LogBlueprintUserMessages: [AIAttack_C_0] Damage Dealt: 25.0
[2019.01.08-10.11.47:281][ 16]LogBlueprintUserMessages: [AIAttack_C_0] Damage Dealt: 18.0
[2019.01.08-10.11.47:807][ 79]LogBlueprintUserMessages: [AIAttack_C_0] Damage Dealt: 25.0
[2019.01.08-10.11.48:333][142]LogBlueprintUserMessages: [AIAttack_C_0] Damage Dealt: 22.0
[2019.01.08-10.11.48:858][205]LogBlueprintUserMessages: [AIAttack_C_0] Damage Dealt: 15.0
[2019.01.08-10.11.49:383][268]LogBlueprintUserMessages: [AIAttack_C_0] Damage Dealt: 27.0
[2019.01.08-10.11.49:910][331]LogBlueprintUserMessages: [AIAttack_C_0] Damage Dealt: 11.0
[2019.01.08-10.11.50:437][394]LogBlueprintUserMessages: [AIAttack_C_0] Damage Dealt: 22.0
[2019.01.08-10.11.50:965][457]LogBlueprintUserMessages: [AIAttack_C_0] Damage Dealt: 20.0
[2019.01.08-10.11.51:490][520]LogBlueprintUserMessages: [AIAttack_C_0] Damage Dealt: 19.0
[2019.01.08-10.11.52:015][583]LogBlueprintUserMessages: [AIAttack_C_0] Damage Dealt: 17.0
[2019.01.08-10.11.52:540][646]LogBlueprintUserMessages: [AIAttack_C_0] Damage Dealt: 24.0
[2019.01.08-10.11.53:066][709]LogBlueprintUserMessages: [AIAttack_C_0] Damage Dealt: 17.0
[2019.01.08-10.11.53:592][772]LogBlueprintUserMessages: [AIAttack_C_0] Damage Dealt: 22.0
[2019.01.08-10.11.54:117][835]LogBlueprintUserMessages: [AIAttack_C_0] Damage Dealt: 24.0
[2019.01.08-10.11.54:642][898]LogBlueprintUserMessages: [AIAttack_C_0] Damage Dealt: 20.0
[2019.01.08-10.11.55:169][961]LogBlueprintUserMessages: [AIAttack_C_0] Damage Dealt: 10.0
[2019.01.08-10.11.55:694][ 24]LogBlueprintUserMessages: [AIAttack_C_0] Damage Dealt: 11.0
[2019.01.08-10.11.56:219][ 87]LogBlueprintUserMessages: [AIAttack_C_0] Damage Dealt: 19.0
[2019.01.08-10.11.56:744][150]LogBlueprintUserMessages: [AIAttack_C_0] Damage Dealt: 16.0
[2019.01.08-10.11.57:269][213]LogBlueprintUserMessages: [AIAttack_C_0] Damage Dealt: 25.0
[2019.01.08-10.11.57:794][276]LogBlueprintUserMessages: [AIAttack_C_0] Damage Dealt: 13.0
[2019.01.08-10.11.58:321][339]LogBlueprintUserMessages: [AIAttack_C_0] Damage Dealt: 20.0
[2019.01.08-10.11.58:847][402]LogBlueprintUserMessages: [AIAttack_C_0] Damage Dealt: 18.0
[2019.01.08-10.11.59:371][465]LogBlueprintUserMessages: [AIAttack_C_0] Damage Dealt: 17.0
[2019.01.08-10.11.59:896][528]LogBlueprintUserMessages: [AIAttack_C_0] Damage Dealt: 11.0
[2019.01.08-10.12.00:421][591]LogBlueprintUserMessages: [AIAttack_C_0] Damage Dealt: 26.0
[2019.01.08-10.12.00:947][654]LogBlueprintUserMessages: [AIAttack_C_0] Damage Dealt: 29.0
[2019.01.08-10.12.01:474][717]LogBlueprintUserMessages: [AIAttack_C_0] Damage Dealt: 22.0
[2019.01.08-10.12.02:000][780]LogBlueprintUserMessages: [AIAttack_C_0] Damage Dealt: 13.0
[2019.01.08-10.12.02:529][843]LogBlueprintUserMessages: [AIAttack_C_0] Damage Dealt: 25.0
[2019.01.08-10.12.03:054][906]LogBlueprintUserMessages: [AIAttack_C_0] Damage Dealt: 10.0
[2019.01.08-10.12.03:579][969]LogBlueprintUserMessages: [AIAttack_C_0] Damage Dealt: 13.0
[2019.01.08-10.12.04:104][ 32]LogBlueprintUserMessages: [AIAttack_C_0] Damage Dealt: 10.0
[2019.01.08-10.12.04:637][ 95]LogBlueprintUserMessages: [AIAttack_C_0] Damage Dealt: 14.0
[2019.01.08-10.12.05:162][158]LogBlueprintUserMessages: [AIAttack_C_0] Damage Dealt: 16.0
[2019.01.08-10.12.05:688][221]LogBlueprintUserMessages: [AIAttack_C_0] Damage Dealt: 19.0
[2019.01.08-10.12.06:179][280]LogBlueprintUserMessages: Early EndPlayMap Detection: Level '/Game/FirstPersonBP/Maps/FirstPersonExampleMap.FirstPersonExampleMap:PersistentLevel' has LevelScriptBlueprint '/Game/FirstPersonBP/Maps/FirstPersonExampleMap.FirstPersonExampleMap:PersistentLevel.FirstPersonExampleMap' with GeneratedClass '/Game/FirstPersonBP/Maps/FirstPersonExampleMap.FirstPersonExampleMap_C' with ClassGeneratedBy '/Game/FirstPersonBP/Maps/FirstPersonExampleMap.FirstPersonExampleMap:PersistentLevel.FirstPersonExampleMap'
[2019.01.08-10.12.06:180][280]LogSlate: Updating window title bar state: overlay mode, drag disabled, window buttons hidden, title bar hidden
[2019.01.08-10.12.06:211][280]LogPlayLevel: Display: Shutting down PIE online subsystems
[2019.01.08-10.12.06:211][280]LogBlueprintUserMessages: Late EndPlayMap Detection: Level '/Game/FirstPersonBP/Maps/FirstPersonExampleMap.FirstPersonExampleMap:PersistentLevel' has LevelScriptBlueprint '/Game/FirstPersonBP/Maps/FirstPersonExampleMap.FirstPersonExampleMap:PersistentLevel.FirstPersonExampleMap' with GeneratedClass '/Game/FirstPersonBP/Maps/FirstPersonExampleMap.FirstPersonExampleMap_C' with ClassGeneratedBy '/Game/FirstPersonBP/Maps/FirstPersonExampleMap.FirstPersonExampleMap:PersistentLevel.FirstPersonExampleMap'
[2019.01.08-10.12.06:245][280]LogSlate: Updating window title bar state: overlay mode, drag disabled, window buttons hidden, title bar hidden
[2019.01.08-10.12.06:283][282]LogPlayLevel: Display: Destroying online subsystem :Context_6
[2019.01.08-10.13.14:428][437]LogSlate: FSceneViewport::OnFocusLost() reason 2
[2019.01.08-10.13.16:291][655]LogSlate: Took 0.000253 seconds to synchronously load lazily loaded font '../../../Engine/Content/Slate/Fonts/Roboto-Light.ttf' (167K)
[2019.01.08-10.13.16:293][655]LogSlate: FSceneViewport::OnFocusLost() reason 2
[2019.01.08-10.13.16:821][655]LogSavePackage: Moving '../../../../../../Users/b017403g/Desktop/Collab 2019/trunk/TheDescent_Collab19/Saved/FirstPersonExampleMapA2D435E2452F27180C1811BB70676E45.tmp' to '../../../../../../Users/b017403g/Desktop/Collab 2019/trunk/TheDescent_Collab19/Content/FirstPersonBP/Maps/FirstPersonExampleMap.umap'
[2019.01.08-10.13.16:891][655]LogFileHelpers: Saving map 'FirstPersonExampleMap' took 0.591
[2019.01.08-10.13.22:979][378]LogSlate: FSceneViewport::OnFocusLost() reason 2
[2019.01.08-10.13.22:992][378]LogSlate: Took 0.006088 seconds to synchronously load lazily loaded font '../../../Engine/Content/Slate/Fonts/DroidSansMono.ttf' (77K)
[2019.01.08-10.14.53:792][890]LogSlate: FSceneViewport::OnFocusLost() reason 2
[2019.01.08-10.14.56:067][159]LogSlate: FSceneViewport::OnFocusLost() reason 0
[2019.01.08-10.15.01:974][421]LogSlate: Window 'TheDescent_Collab19 - Unreal Editor' being destroyed
[2019.01.08-10.15.02:169][422]Cmd: QUIT_EDITOR
[2019.01.08-10.15.02:938][422]LogWindowsTextInputMethodSystem: Display: IME system now deactivated.
[2019.01.08-10.15.02:965][422]LogExit: Preparing to exit.
[2019.01.08-10.15.03:772][422]LogExit: Editor shut down
[2019.01.08-10.15.03:772][422]LogExit: Transaction tracking system shut down
[2019.01.08-10.15.04:217][422]LogExit: Object subsystem successfully closed.
[2019.01.08-10.15.04:254][422]LogShaderCompilers: Display: Shaders left to compile 0
[2019.01.08-10.15.04:262][422]LogD3D11RHI: Shutdown
[2019.01.08-10.15.04:262][422]LogD3D11RHI: CleanupD3DDevice
[2019.01.08-10.15.04:265][422]LogD3D11RHI: ~FD3D11DynamicRHI
[2019.01.08-10.15.04:359][422]LogModuleManager: Shutting down and abandoning module MovieSceneCapture (614)
[2019.01.08-10.15.04:359][422]LogModuleManager: Shutting down and abandoning module Voice (612)
[2019.01.08-10.15.04:360][422]LogModuleManager: Shutting down and abandoning module HierarchicalLODOutliner (610)
[2019.01.08-10.15.04:360][422]LogModuleManager: Shutting down and abandoning module SceneOutliner (608)
[2019.01.08-10.15.04:360][422]LogModuleManager: Shutting down and abandoning module AddContentDialog (606)
[2019.01.08-10.15.04:360][422]LogModuleManager: Shutting down and abandoning module WidgetCarousel (605)
[2019.01.08-10.15.04:360][422]LogModuleManager: Shutting down and abandoning module EditorWidgets (602)
[2019.01.08-10.15.04:360][422]LogModuleManager: Shutting down and abandoning module CollectionManager (600)
[2019.01.08-10.15.04:361][422]LogModuleManager: Shutting down and abandoning module StatsViewer (598)
[2019.01.08-10.15.04:361][422]LogModuleManager: Shutting down and abandoning module FoliageEdit (596)
[2019.01.08-10.15.04:361][422]LogModuleManager: Shutting down and abandoning module LandscapeEditor (594)
[2019.01.08-10.15.04:361][422]LogModuleManager: Shutting down and abandoning module MeshPaintMode (592)
[2019.01.08-10.15.04:361][422]LogModuleManager: Shutting down and abandoning module SceneDepthPickerMode (590)
[2019.01.08-10.15.04:361][422]LogModuleManager: Shutting down and abandoning module ActorPickerMode (588)
[2019.01.08-10.15.04:361][422]LogModuleManager: Shutting down and abandoning module GeometryMode (586)
[2019.01.08-10.15.04:361][422]LogModuleManager: Shutting down and abandoning module TextureAlignMode (584)
[2019.01.08-10.15.04:361][422]LogModuleManager: Shutting down and abandoning module BspMode (582)
[2019.01.08-10.15.04:361][422]LogModuleManager: Shutting down and abandoning module PIEPreviewDeviceProfileSelector (580)
[2019.01.08-10.15.04:361][422]LogModuleManager: Shutting down and abandoning module SequenceRecorderSections (578)
[2019.01.08-10.15.04:361][422]LogModuleManager: Shutting down and abandoning module AutomationWorker (576)
[2019.01.08-10.15.04:361][422]LogModuleManager: Shutting down and abandoning module AudioCaptureEditor (574)
[2019.01.08-10.15.04:361][422]LogModuleManager: Shutting down and abandoning module SequenceRecorder (573)
[2019.01.08-10.15.04:361][422]LogModuleManager: Shutting down and abandoning module MatineeToLevelSequence (570)
[2019.01.08-10.15.04:361][422]LogModuleManager: Shutting down and abandoning module LevelSequenceEditor (568)
[2019.01.08-10.15.04:362][422]LogModuleManager: Shutting down and abandoning module PlacementMode (567)
[2019.01.08-10.15.04:362][422]LogModuleManager: Shutting down and abandoning module MaterialEditor (566)
[2019.01.08-10.15.04:362][422]LogModuleManager: Shutting down and abandoning module WmfMediaFactory (562)
[2019.01.08-10.15.04:362][422]LogModuleManager: Shutting down and abandoning module WmfMediaEditor (560)
[2019.01.08-10.15.04:362][422]LogModuleManager: Shutting down and abandoning module MediaPlayerEditor (558)
[2019.01.08-10.15.04:362][422]LogModuleManager: Shutting down and abandoning module OpenExrWrapper (556)
[2019.01.08-10.15.04:362][422]LogModuleManager: Shutting down and abandoning module ImgMediaFactory (554)
[2019.01.08-10.15.04:362][422]LogModuleManager: Shutting down and abandoning module ImgMediaEditor (552)
[2019.01.08-10.15.04:362][422]LogModuleManager: Shutting down and abandoning module AvfMediaFactory (550)
[2019.01.08-10.15.04:362][422]LogModuleManager: Shutting down and abandoning module AvfMediaEditor (548)
[2019.01.08-10.15.04:362][422]LogModuleManager: Shutting down and abandoning module AndroidMediaFactory (546)
[2019.01.08-10.15.04:362][422]LogModuleManager: Shutting down and abandoning module AndroidMediaEditor (544)
[2019.01.08-10.15.04:362][422]LogModuleManager: Shutting down and abandoning module MagicLeapCameraPreviewFactory (542)
[2019.01.08-10.15.04:362][422]LogModuleManager: Shutting down and abandoning module MagicLeapMediaFactory (540)
[2019.01.08-10.15.04:362][422]LogModuleManager: Shutting down and abandoning module MagicLeapMediaEditor (538)
[2019.01.08-10.15.04:362][422]LogModuleManager: Shutting down and abandoning module CharacterAI (536)
[2019.01.08-10.15.04:362][422]LogModuleManager: Shutting down and abandoning module SmartSnapping (534)
[2019.01.08-10.15.04:362][422]LogModuleManager: Shutting down and abandoning module SessionServices (532)
[2019.01.08-10.15.04:362][422]LogModuleManager: Shutting down and abandoning module ViewportSnapping (530)
[2019.01.08-10.15.04:362][422]LogModuleManager: Shutting down and abandoning module ViewportInteraction (528)
[2019.01.08-10.15.04:362][422]LogModuleManager: Shutting down and abandoning module ClothPainter (526)
[2019.01.08-10.15.04:362][422]LogModuleManager: Shutting down and abandoning module SkeletalMeshEditor (525)
[2019.01.08-10.15.04:363][422]LogModuleManager: Shutting down and abandoning module LogVisualizer (522)
[2019.01.08-10.15.04:363][422]LogModuleManager: Shutting down and abandoning module IntroTutorials (520)
[2019.01.08-10.15.04:363][422]LogModuleManager: Shutting down and abandoning module GameProjectGeneration (519)
[2019.01.08-10.15.04:363][422]LogModuleManager: Shutting down and abandoning module LuminPlatformEditor (516)
[2019.01.08-10.15.04:363][422]LogModuleManager: Shutting down and abandoning module IOSPlatformEditor (514)
[2019.01.08-10.15.04:363][422]LogModuleManager: Shutting down and abandoning module HTML5PlatformEditor (512)
[2019.01.08-10.15.04:363][422]LogModuleManager: Shutting down and abandoning module AndroidPlatformEditor (510)
[2019.01.08-10.15.04:363][422]LogModuleManager: Shutting down and abandoning module AndroidDeviceDetection (509)
[2019.01.08-10.15.04:380][422]LogModuleManager: Shutting down and abandoning module WindowsPlatformEditor (506)
[2019.01.08-10.15.04:381][422]LogModuleManager: Shutting down and abandoning module LuminRuntimeSettings (504)
[2019.01.08-10.15.04:381][422]LogModuleManager: Shutting down and abandoning module IOSRuntimeSettings (502)
[2019.01.08-10.15.04:381][422]LogModuleManager: Shutting down and abandoning module AndroidRuntimeSettings (500)
[2019.01.08-10.15.04:381][422]LogModuleManager: Shutting down and abandoning module InputBindingEditor (498)
[2019.01.08-10.15.04:381][422]LogModuleManager: Shutting down and abandoning module MergeActors (496)
[2019.01.08-10.15.04:381][422]LogModuleManager: Shutting down and abandoning module LocalizationDashboard (494)
[2019.01.08-10.15.04:381][422]LogModuleManager: Shutting down and abandoning module LocalizationService (493)
[2019.01.08-10.15.04:381][422]LogModuleManager: Shutting down and abandoning module HardwareTargeting (490)
[2019.01.08-10.15.04:381][422]LogModuleManager: Shutting down and abandoning module DeviceProfileEditor (488)
[2019.01.08-10.15.04:381][422]LogModuleManager: Shutting down and abandoning module UndoHistory (486)
[2019.01.08-10.15.04:381][422]LogModuleManager: Shutting down and abandoning module XmlParser (484)
[2019.01.08-10.15.04:381][422]LogModuleManager: Shutting down and abandoning module Blutility (482)
[2019.01.08-10.15.04:381][422]LogModuleManager: Shutting down and abandoning module ProjectSettingsViewer (480)
[2019.01.08-10.15.04:381][422]LogModuleManager: Shutting down and abandoning module ProjectTargetPlatformEditor (479)
[2019.01.08-10.15.04:382][422]LogModuleManager: Shutting down and abandoning module EditorSettingsViewer (476)
[2019.01.08-10.15.04:382][422]LogModuleManager: Shutting down and abandoning module SettingsEditor (474)
[2019.01.08-10.15.04:382][422]LogModuleManager: Shutting down and abandoning module ProjectLauncher (472)
[2019.01.08-10.15.04:382][422]LogModuleManager: Shutting down and abandoning module SessionFrontend (470)
[2019.01.08-10.15.04:382][422]LogModuleManager: Shutting down and abandoning module ProfilerClient (468)
[2019.01.08-10.15.04:382][422]LogModuleManager: Shutting down and abandoning module DeviceManager (466)
[2019.01.08-10.15.04:382][422]LogModuleManager: Shutting down and abandoning module TargetDeviceServices (465)
[2019.01.08-10.15.04:445][422]LogModuleManager: Shutting down and abandoning module AutomationController (462)
[2019.01.08-10.15.04:445][422]LogModuleManager: Shutting down and abandoning module AutomationWindow (460)
[2019.01.08-10.15.04:445][422]LogModuleManager: Shutting down and abandoning module Layers (458)
[2019.01.08-10.15.04:445][422]LogModuleManager: Shutting down and abandoning module ComponentVisualizers (456)
[2019.01.08-10.15.04:445][422]LogModuleManager: Shutting down and abandoning module DetailCustomizations (454)
[2019.01.08-10.15.04:445][422]LogModuleManager: Shutting down and abandoning module PackagesDialog (452)
[2019.01.08-10.15.04:445][422]LogModuleManager: Shutting down and abandoning module Persona (450)
[2019.01.08-10.15.04:446][422]LogModuleManager: Shutting down and abandoning module AdvancedPreviewScene (449)
[2019.01.08-10.15.04:446][422]LogModuleManager: Shutting down and abandoning module AnimGraph (447)
[2019.01.08-10.15.04:446][422]LogModuleManager: Shutting down and abandoning module Kismet (444)
[2019.01.08-10.15.04:447][422]LogModuleManager: Shutting down and abandoning module GraphEditor (442)
[2019.01.08-10.15.04:447][422]LogModuleManager: Shutting down and abandoning module ClassViewer (440)
[2019.01.08-10.15.04:447][422]LogModuleManager: Shutting down and abandoning module Toolbox (438)
[2019.01.08-10.15.04:447][422]LogModuleManager: Shutting down and abandoning module ModuleUI (436)
[2019.01.08-10.15.04:447][422]LogModuleManager: Shutting down and abandoning module MovieSceneTools (434)
[2019.01.08-10.15.04:447][422]LogModuleManager: Shutting down and abandoning module OutputLog (432)
[2019.01.08-10.15.04:447][422]LogModuleManager: Shutting down and abandoning module GammaUI (430)
[2019.01.08-10.15.04:447][422]LogModuleManager: Shutting down and abandoning module Documentation (428)
[2019.01.08-10.15.04:447][422]LogModuleManager: Shutting down and abandoning module MovieSceneTracks (426)
[2019.01.08-10.15.04:447][422]LogModuleManager: Shutting down and abandoning module MovieScene (424)
[2019.01.08-10.15.04:447][422]LogModuleManager: Shutting down and abandoning module StreamingPauseRendering (422)
[2019.01.08-10.15.04:447][422]LogModuleManager: Shutting down and abandoning module LauncherPlatform (420)
[2019.01.08-10.15.04:448][422]LogModuleManager: Shutting down and abandoning module AnalyticsET (418)
[2019.01.08-10.15.04:448][422]LogModuleManager: Shutting down and abandoning module PortalServices (416)
[2019.01.08-10.15.04:448][422]LogModuleManager: Shutting down and abandoning module PortalRpc (414)
[2019.01.08-10.15.04:448][422]LogModuleManager: Shutting down and abandoning module MessagingRpc (412)
[2019.01.08-10.15.04:448][422]LogModuleManager: Shutting down and abandoning module AIModule (410)
[2019.01.08-10.15.04:448][422]LogModuleManager: Shutting down and abandoning module GameplayDebugger (409)
[2019.01.08-10.15.04:448][422]LogModuleManager: Shutting down and abandoning module AITestSuite (407)
[2019.01.08-10.15.04:448][422]LogModuleManager: Shutting down and abandoning module NavigationSystem (405)
[2019.01.08-10.15.04:448][422]LogModuleManager: Shutting down and abandoning module DesktopPlatform (402)
[2019.01.08-10.15.04:448][422]LogModuleManager: Shutting down and abandoning module ProfilerService (400)
[2019.01.08-10.15.04:606][422]LogModuleManager: Shutting down and abandoning module TaskGraph (398)
[2019.01.08-10.15.04:606][422]LogModuleManager: Shutting down and abandoning module SteamVRController (396)
[2019.01.08-10.15.04:606][422]LogModuleManager: Shutting down and abandoning module ProceduralMeshComponentEditor (394)
[2019.01.08-10.15.04:606][422]LogModuleManager: Shutting down and abandoning module ProceduralMeshComponent (392)
[2019.01.08-10.15.04:606][422]LogModuleManager: Shutting down and abandoning module OculusInput (390)
[2019.01.08-10.15.04:606][422]LogModuleManager: Shutting down and abandoning module MobilePatchingUtils (388)
[2019.01.08-10.15.04:606][422]LogModuleManager: Shutting down and abandoning module EditableMesh (386)
[2019.01.08-10.15.04:606][422]LogModuleManager: Shutting down and abandoning module CustomMeshComponent (384)
[2019.01.08-10.15.04:606][422]LogModuleManager: Shutting down and abandoning module CableComponent (382)
[2019.01.08-10.15.04:606][422]LogModuleManager: Shutting down and abandoning module AudioCapture (380)
[2019.01.08-10.15.04:607][422]LogModuleManager: Shutting down and abandoning module ArchVisCharacter (378)
[2019.01.08-10.15.04:607][422]LogModuleManager: Shutting down and abandoning module AndroidPermission (376)
[2019.01.08-10.15.04:607][422]LogModuleManager: Shutting down and abandoning module NUTUnrealEngine4 (374)
[2019.01.08-10.15.04:607][422]LogModuleManager: Shutting down and abandoning module NetcodeUnitTest (372)
[2019.01.08-10.15.04:607][422]LogModuleManager: Shutting down and abandoning module MediaCompositingEditor (370)
[2019.01.08-10.15.04:607][422]LogModuleManager: Shutting down and abandoning module MediaCompositing (368)
[2019.01.08-10.15.04:607][422]LogModuleManager: Shutting down and abandoning module LinearTimecode (366)
[2019.01.08-10.15.04:607][422]LogModuleManager: Shutting down and abandoning module ImgMedia (364)
[2019.01.08-10.15.04:614][422]LogModuleManager: Shutting down and abandoning module HTML5Networking (362)
[2019.01.08-10.15.04:614][422]LogModuleManager: Shutting down and abandoning module GeometryCacheTracks (360)
[2019.01.08-10.15.04:614][422]LogModuleManager: Shutting down and abandoning module GeometryCacheSequencer (358)
[2019.01.08-10.15.04:614][422]LogModuleManager: Shutting down and abandoning module BackChannel (356)
[2019.01.08-10.15.04:614][422]LogModuleManager: Shutting down and abandoning module AppleVision (354)
[2019.01.08-10.15.04:614][422]LogModuleManager: Shutting down and abandoning module AppleImageUtils (352)
[2019.01.08-10.15.04:614][422]LogModuleManager: Shutting down and abandoning module AlembicImporter (350)
[2019.01.08-10.15.04:614][422]LogModuleManager: Shutting down and abandoning module AlembicLibrary (349)
[2019.01.08-10.15.04:615][422]LogModuleManager: Shutting down and abandoning module GeometryCache (348)
[2019.01.08-10.15.04:615][422]LogModuleManager: Shutting down and abandoning module GeometryCacheEd (347)
[2019.01.08-10.15.04:615][422]LogModuleManager: Shutting down and abandoning module DatasmithContentEditor (342)
[2019.01.08-10.15.04:615][422]LogModuleManager: Shutting down and abandoning module DatasmithContent (340)
[2019.01.08-10.15.04:616][422]LogModuleManager: Shutting down and abandoning module SpeedTreeImporter (338)
[2019.01.08-10.15.04:616][422]LogModuleManager: Shutting down and abandoning module PluginBrowser (336)
[2019.01.08-10.15.04:617][422]LogModuleManager: Shutting down and abandoning module MobileLauncherProfileWizard (334)
[2019.01.08-10.15.04:617][422]LogModuleManager: Shutting down and abandoning module PolygonModeling (332)
[2019.01.08-10.15.04:617][422]LogModuleManager: Shutting down and abandoning module MeshEditor (330)
[2019.01.08-10.15.04:617][422]LogModuleManager: Shutting down and abandoning module CryptoKeysOpenSSL (328)
[2019.01.08-10.15.04:617][422]LogModuleManager: Shutting down and abandoning module CryptoKeys (326)
[2019.01.08-10.15.04:617][422]LogModuleManager: Shutting down and abandoning module VisualStudioSourceCodeAccess (324)
[2019.01.08-10.15.04:617][422]LogModuleManager: Shutting down and abandoning module VisualStudioCodeSourceCodeAccess (322)
[2019.01.08-10.15.04:617][422]LogModuleManager: Shutting down and abandoning module UObjectPlugin (320)
[2019.01.08-10.15.04:617][422]LogModuleManager: Shutting down and abandoning module SubversionSourceControl (318)
[2019.01.08-10.15.04:617][422]LogModuleManager: Shutting down and abandoning module PerforceSourceControl (316)
[2019.01.08-10.15.04:617][422]LogModuleManager: Shutting down and abandoning module GitSourceControl (314)
[2019.01.08-10.15.04:618][422]LogModuleManager: Shutting down and abandoning module SourceControl (313)
[2019.01.08-10.15.04:618][422]LogModuleManager: Shutting down and abandoning module CLionSourceCodeAccess (310)
[2019.01.08-10.15.04:618][422]LogModuleManager: Shutting down and abandoning module LightPropagationVolumeEditor (308)
[2019.01.08-10.15.04:618][422]LogModuleManager: Shutting down and abandoning module PaperTiledImporter (306)
[2019.01.08-10.15.04:618][422]LogModuleManager: Shutting down and abandoning module PaperSpriteSheetImporter (304)
[2019.01.08-10.15.04:618][422]LogModuleManager: Shutting down and abandoning module Paper2DEditor (302)
[2019.01.08-10.15.04:618][422]LogModuleManager: Shutting down and abandoning module MeshPaint (301)
[2019.01.08-10.15.04:618][422]LogModuleManager: Shutting down and abandoning module RuntimePhysXCooking (298)
[2019.01.08-10.15.04:618][422]LogModuleManager: Shutting down and abandoning module PhysXVehiclesEditor (296)
[2019.01.08-10.15.04:618][422]LogModuleManager: Shutting down and abandoning module PhysXVehicles (294)
[2019.01.08-10.15.04:618][422]LogModuleManager: Shutting down and abandoning module OculusEditor (292)
[2019.01.08-10.15.04:618][422]LogModuleManager: Shutting down and abandoning module LocationServicesBPLibrary (290)
[2019.01.08-10.15.04:618][422]LogModuleManager: Shutting down and abandoning module ImmediatePhysicsEditor (288)
[2019.01.08-10.15.04:618][422]LogModuleManager: Shutting down and abandoning module ImmediatePhysics (286)
[2019.01.08-10.15.04:619][422]LogModuleManager: Shutting down and abandoning module ActorSequence (284)
[2019.01.08-10.15.04:619][422]LogModuleManager: Shutting down and abandoning module UdpMessaging (282)
[2019.01.08-10.15.04:719][422]LogModuleManager: Shutting down and abandoning module TcpMessaging (280)
[2019.01.08-10.15.04:820][422]LogModuleManager: Shutting down and abandoning module MagicLeapAudio (278)
[2019.01.08-10.15.04:820][422]LogModuleManager: Shutting down and abandoning module GameplayTagsEditor (276)
[2019.01.08-10.15.04:820][422]LogModuleManager: Shutting down and abandoning module FacialAnimationEditor (274)
[2019.01.08-10.15.04:820][422]LogModuleManager: Shutting down and abandoning module FacialAnimation (272)
[2019.01.08-10.15.04:820][422]LogModuleManager: Shutting down and abandoning module DataValidation (270)
[2019.01.08-10.15.04:820][422]LogModuleManager: Shutting down and abandoning module AssetManagerEditor (268)
[2019.01.08-10.15.04:820][422]LogModuleManager: Shutting down and abandoning module LevelEditor (267)
[2019.01.08-10.15.04:822][422]LogModuleManager: Shutting down and abandoning module PixelInspectorModule (266)
[2019.01.08-10.15.04:822][422]LogModuleManager: Shutting down and abandoning module CommonMenuExtensions (264)
[2019.01.08-10.15.04:822][422]LogModuleManager: Shutting down and abandoning module MainFrame (262)
[2019.01.08-10.15.04:823][422]LogModuleManager: Shutting down and abandoning module HotReload (261)
[2019.01.08-10.15.04:824][422]LogModuleManager: Shutting down and abandoning module ContentBrowser (257)
[2019.01.08-10.15.04:826][422]LogModuleManager: Shutting down and abandoning module TreeMap (255)
[2019.01.08-10.15.04:826][422]LogModuleManager: Shutting down and abandoning module LightPropagationVolumeRuntime (252)
[2019.01.08-10.15.04:826][422]LogModuleManager: Shutting down and abandoning module AISupportModule (250)
[2019.01.08-10.15.04:826][422]LogModuleManager: Shutting down and abandoning module Paper2D (248)
[2019.01.08-10.15.04:826][422]LogModuleManager: Shutting down and abandoning module WindowsMoviePlayer (246)
[2019.01.08-10.15.04:826][422]LogModuleManager: Shutting down and abandoning module WmfMedia (244)
[2019.01.08-10.15.04:829][422]LogModuleManager: Shutting down and abandoning module Media (243)
[2019.01.08-10.15.04:836][422]LogModuleManager: Shutting down and abandoning module PacketHandler (240)
[2019.01.08-10.15.04:836][422]LogModuleManager: Shutting down and abandoning module ClothingSystemEditor (238)
[2019.01.08-10.15.04:836][422]LogModuleManager: Shutting down and abandoning module ClothingSystemRuntime (236)
[2019.01.08-10.15.04:836][422]LogModuleManager: Shutting down and abandoning module MediaAssets (234)
[2019.01.08-10.15.04:836][422]LogModuleManager: Shutting down and abandoning module Overlay (232)
[2019.01.08-10.15.04:836][422]LogModuleManager: Shutting down and abandoning module OverlayEditor (231)
[2019.01.08-10.15.04:836][422]LogModuleManager: Shutting down and abandoning module VREditor (228)
[2019.01.08-10.15.04:836][422]LogModuleManager: Shutting down and abandoning module StringTableEditor (226)
[2019.01.08-10.15.04:836][422]LogModuleManager: Shutting down and abandoning module GameplayTasksEditor (224)
[2019.01.08-10.15.04:836][422]LogModuleManager: Shutting down and abandoning module BehaviorTreeEditor (222)
[2019.01.08-10.15.04:836][422]LogModuleManager: Shutting down and abandoning module FunctionalTesting (220)
[2019.01.08-10.15.04:836][422]LogModuleManager: Shutting down and abandoning module CollisionAnalyzer (218)
[2019.01.08-10.15.04:836][422]LogModuleManager: Shutting down and abandoning module WorkspaceMenuStructure (217)
[2019.01.08-10.15.04:837][422]LogModuleManager: Shutting down and abandoning module UMG (214)
[2019.01.08-10.15.04:837][422]LogModuleManager: Shutting down and abandoning module UMGEditor (213)
[2019.01.08-10.15.04:837][422]LogModuleManager: Shutting down and abandoning module Sequencer (212)
[2019.01.08-10.15.04:837][422]LogModuleManager: Shutting down and abandoning module MessageLog (209)
[2019.01.08-10.15.04:837][422]LogModuleManager: Shutting down and abandoning module SlateReflector (204)
[2019.01.08-10.15.04:837][422]LogModuleManager: Shutting down and abandoning module Slate (202)
[2019.01.08-10.15.04:837][422]LogModuleManager: Shutting down and abandoning module EditorStyle (200)
[2019.01.08-10.15.04:841][422]LogModuleManager: Shutting down and abandoning module MRMesh (198)
[2019.01.08-10.15.04:841][422]LogModuleManager: Shutting down and abandoning module SourceCodeAccess (196)
[2019.01.08-10.15.04:841][422]LogModuleManager: Shutting down and abandoning module HeadMountedDisplay (194)
[2019.01.08-10.15.04:841][422]LogModuleManager: Shutting down and abandoning module XAudio2 (192)
[2019.01.08-10.15.04:841][422]LogModuleManager: Shutting down and abandoning module Networking (190)
[2019.01.08-10.15.04:841][422]LogModuleManager: Shutting down and abandoning module Core (188)
[2019.01.08-10.15.04:841][422]LogModuleManager: Shutting down and abandoning module LevelSequence (186)
[2019.01.08-10.15.04:842][422]LogModuleManager: Shutting down and abandoning module KismetCompiler (184)
[2019.01.08-10.15.04:842][422]LogModuleManager: Shutting down and abandoning module MeshUtilities (182)
[2019.01.08-10.15.04:842][422]LogModuleManager: Shutting down and abandoning module MeshMergeUtilities (181)
[2019.01.08-10.15.04:842][422]LogModuleManager: Shutting down and abandoning module MeshReductionInterface (180)
[2019.01.08-10.15.04:842][422]LogModuleManager: Shutting down and abandoning module SimplygonSwarm (179)
[2019.01.08-10.15.04:842][422]LogModuleManager: Shutting down and abandoning module ProxyLODMeshReduction (177)
[2019.01.08-10.15.04:842][422]LogModuleManager: Shutting down and abandoning module SimplygonMeshReduction (175)
[2019.01.08-10.15.04:842][422]LogModuleManager: Shutting down and abandoning module QuadricMeshReduction (173)
[2019.01.08-10.15.04:842][422]LogModuleManager: Shutting down and abandoning module MaterialBaking (169)
[2019.01.08-10.15.04:842][422]LogModuleManager: Shutting down and abandoning module DirectoryWatcher (165)
[2019.01.08-10.15.04:842][422]LogModuleManager: Shutting down and abandoning module DerivedDataCache (162)
[2019.01.08-10.15.04:915][422]LogDerivedDataCache: Shutdown
[2019.01.08-10.15.04:915][422]LogModuleManager: Shutting down and abandoning module XGEController (160)
[2019.01.08-10.15.04:915][422]LogXGEController: Cleaning working directory: C:/Users/b017403g/AppData/Local/Temp/UnrealXGEWorkingDir/
[2019.01.08-10.15.04:916][422]LogModuleManager: Shutting down and abandoning module TargetPlatform (158)
[2019.01.08-10.15.04:916][422]LogModuleManager: Shutting down and abandoning module VulkanShaderFormat (157)
[2019.01.08-10.15.04:916][422]LogModuleManager: Shutting down and abandoning module ShaderFormatVectorVM (155)
[2019.01.08-10.15.04:916][422]LogModuleManager: Shutting down and abandoning module ShaderFormatOpenGL (153)
[2019.01.08-10.15.04:917][422]LogModuleManager: Shutting down and abandoning module ShaderFormatD3D (151)
[2019.01.08-10.15.04:917][422]LogModuleManager: Shutting down and abandoning module MetalShaderFormat (149)
[2019.01.08-10.15.04:917][422]LogModuleManager: Shutting down and abandoning module TextureFormatUncompressed (147)
[2019.01.08-10.15.04:917][422]LogModuleManager: Shutting down and abandoning module TextureFormatPVR (145)
[2019.01.08-10.15.04:917][422]LogModuleManager: Shutting down and abandoning module TextureFormatDXT (143)
[2019.01.08-10.15.04:917][422]LogModuleManager: Shutting down and abandoning module TextureFormatIntelISPCTexComp (141)
[2019.01.08-10.15.04:917][422]LogModuleManager: Shutting down and abandoning module TextureFormatASTC (139)
[2019.01.08-10.15.04:917][422]LogModuleManager: Shutting down and abandoning module ImageWrapper (138)
[2019.01.08-10.15.04:917][422]LogModuleManager: Shutting down and abandoning module TextureFormatAndroid (135)
[2019.01.08-10.15.04:917][422]LogModuleManager: Shutting down and abandoning module AudioFormatOpus (133)
[2019.01.08-10.15.04:917][422]LogModuleManager: Shutting down and abandoning module AudioFormatOgg (131)
[2019.01.08-10.15.04:917][422]LogModuleManager: Shutting down and abandoning module AudioFormatADPCM (129)
[2019.01.08-10.15.04:917][422]LogModuleManager: Shutting down and abandoning module LuminTargetPlatform (127)
[2019.01.08-10.15.04:917][422]LogModuleManager: Shutting down and abandoning module LinuxTargetPlatform (125)
[2019.01.08-10.15.04:917][422]LogModuleManager: Shutting down and abandoning module LinuxServerTargetPlatform (123)
[2019.01.08-10.15.04:918][422]LogModuleManager: Shutting down and abandoning module LinuxNoEditorTargetPlatform (121)
[2019.01.08-10.15.04:918][422]LogModuleManager: Shutting down and abandoning module LinuxClientTargetPlatform (119)
[2019.01.08-10.15.04:918][422]LogModuleManager: Shutting down and abandoning module TVOSTargetPlatform (117)
[2019.01.08-10.15.04:919][422]LogModuleManager: Shutting down and abandoning module Messaging (115)
[2019.01.08-10.15.04:919][422]LogModuleManager: Shutting down and abandoning module IOSTargetPlatform (113)
[2019.01.08-10.15.04:921][422]LogModuleManager: Shutting down and abandoning module HTML5TargetPlatform (111)
[2019.01.08-10.15.04:921][422]LogModuleManager: Shutting down and abandoning module AndroidTargetPlatform (109)
[2019.01.08-10.15.04:934][422]LogModuleManager: Shutting down and abandoning module WindowsTargetPlatform (107)
[2019.01.08-10.15.04:934][422]LogModuleManager: Shutting down and abandoning module WindowsServerTargetPlatform (105)
[2019.01.08-10.15.04:934][422]LogModuleManager: Shutting down and abandoning module WindowsNoEditorTargetPlatform (103)
[2019.01.08-10.15.04:934][422]LogModuleManager: Shutting down and abandoning module WindowsClientTargetPlatform (101)
[2019.01.08-10.15.04:934][422]LogModuleManager: Shutting down and abandoning module MacTargetPlatform (99)
[2019.01.08-10.15.04:934][422]LogModuleManager: Shutting down and abandoning module MacServerTargetPlatform (97)
[2019.01.08-10.15.04:934][422]LogModuleManager: Shutting down and abandoning module MacNoEditorTargetPlatform (95)
[2019.01.08-10.15.04:934][422]LogModuleManager: Shutting down and abandoning module MacClientTargetPlatform (93)
[2019.01.08-10.15.04:934][422]LogModuleManager: Shutting down and abandoning module AllDesktopTargetPlatform (91)
[2019.01.08-10.15.04:934][422]LogModuleManager: Shutting down and abandoning module InputCore (88)
[2019.01.08-10.15.04:934][422]LogModuleManager: Shutting down and abandoning module Settings (86)
[2019.01.08-10.15.04:934][422]LogModuleManager: Shutting down and abandoning module PhysXCooking (84)
[2019.01.08-10.15.04:934][422]LogModuleManager: Shutting down and abandoning module SteamVR (82)
[2019.01.08-10.15.04:934][422]LogModuleManager: Shutting down and abandoning module OculusHMD (80)
[2019.01.08-10.15.04:934][422]LogModuleManager: Shutting down and abandoning module ExampleDeviceProfileSelector (78)
[2019.01.08-10.15.04:935][422]LogModuleManager: Shutting down and abandoning module LauncherChunkInstaller (76)
[2019.01.08-10.15.04:935][422]LogModuleManager: Shutting down and abandoning module OnlineBlueprintSupport (74)
[2019.01.08-10.15.04:935][422]LogModuleManager: Shutting down and abandoning module OnlineSubsystem (70)
[2019.01.08-10.15.04:936][422]LogModuleManager: Shutting down and abandoning module XMPP (65)
[2019.01.08-10.15.04:936][422]LogModuleManager: Shutting down and abandoning module WebSockets (64)
[2019.01.08-10.15.04:973][422]LogModuleManager: Shutting down and abandoning module HTTP (61)
[2019.01.08-10.15.04:973][422]LogHttp: Display: Http module shutting down, but needs to wait on 1 outstanding Http requests:
[2019.01.08-10.15.04:973][422]LogHttp: Display: 	verb=[POST] url=[https://datarouter.ol.epicgames.com/datarouter/api/v1/public/data?SessionID=%7B040F1537-4062-5F89-AACE-018AF4534182%7D&AppID=UEEditor.Rocket.Release&AppVersion=4.20.3-4369336%2B%2B%2BUE4%2BRelease-4.20&UserID=1046f32f465a610b7a42039e03c46324%7C%7C22df2de3-6c1b-4fe7-9295-eb6e64dadfda&AppEnvironment=datacollector-binary&UploadType=eteventstream] status=Processing
[2019.01.08-10.15.04:997][422]LogModuleManager: Shutting down and abandoning module SSL (60)
[2019.01.08-10.15.04:999][422]LogModuleManager: Shutting down and abandoning module MagicLeapEmulator (56)
[2019.01.08-10.15.04:999][422]LogModuleManager: Shutting down and abandoning module MagicLeapPrivileges (54)
[2019.01.08-10.15.04:999][422]LogModuleManager: Shutting down and abandoning module MagicLeapIdentity (52)
[2019.01.08-10.15.04:999][422]LogModuleManager: Shutting down and abandoning module MagicLeapHelperVulkan (50)
[2019.01.08-10.15.04:999][422]LogModuleManager: Shutting down and abandoning module MagicLeapHelperOpenGL (48)
[2019.01.08-10.15.04:999][422]LogModuleManager: Shutting down and abandoning module MagicLeapSecureStorage (46)
[2019.01.08-10.15.04:999][422]LogModuleManager: Shutting down and abandoning module MagicLeapGestures (44)
[2019.01.08-10.15.05:000][422]LogModuleManager: Shutting down and abandoning module MagicLeapEyeTracker (42)
[2019.01.08-10.15.05:000][422]LogModuleManager: Shutting down and abandoning module MagicLeapController (40)
[2019.01.08-10.15.05:000][422]LogSlate: Slate User Destroyed.  User Index 0, Is Virtual User: 0
[2019.01.08-10.15.05:000][422]LogModuleManager: Shutting down and abandoning module MagicLeap (38)
[2019.01.08-10.15.05:000][422]LogModuleManager: Shutting down and abandoning module AnimationModifiers (36)
[2019.01.08-10.15.05:000][422]LogModuleManager: Shutting down and abandoning module PropertyEditor (35)
[2019.01.08-10.15.05:000][422]LogModuleManager: Shutting down and abandoning module AudioEditor (32)
[2019.01.08-10.15.05:000][422]LogModuleManager: Shutting down and abandoning module TextureCompressor (30)
[2019.01.08-10.15.05:001][422]LogModuleManager: Shutting down and abandoning module ShaderCore (28)
[2019.01.08-10.15.05:001][422]LogModuleManager: Shutting down and abandoning module Landscape (26)
[2019.01.08-10.15.05:001][422]LogModuleManager: Shutting down and abandoning module SlateRHIRenderer (24)
[2019.01.08-10.15.05:002][422]LogModuleManager: Shutting down and abandoning module OpenGLDrv (22)
[2019.01.08-10.15.05:002][422]LogModuleManager: Shutting down and abandoning module D3D11RHI (20)
[2019.01.08-10.15.05:002][422]LogModuleManager: Shutting down and abandoning module AnimGraphRuntime (18)
[2019.01.08-10.15.05:002][422]LogModuleManager: Shutting down and abandoning module Renderer (16)
[2019.01.08-10.15.05:002][422]LogModuleManager: Shutting down and abandoning module Engine (14)
[2019.01.08-10.15.05:002][422]LogModuleManager: Shutting down and abandoning module CoreUObject (12)
[2019.01.08-10.15.05:002][422]LogModuleManager: Shutting down and abandoning module NetworkFile (10)
[2019.01.08-10.15.05:002][422]LogModuleManager: Shutting down and abandoning module CookedIterativeFile (8)
[2019.01.08-10.15.05:002][422]LogModuleManager: Shutting down and abandoning module StreamingFile (6)
[2019.01.08-10.15.05:002][422]LogModuleManager: Shutting down and abandoning module SandboxFile (4)
[2019.01.08-10.15.05:002][422]LogModuleManager: Shutting down and abandoning module PakFile (2)
[2019.01.08-10.15.05:018][422]LogExit: Exiting.
[2019.01.08-10.15.05:028][422]Log file closed, 01/08/19 10:15:05
